<html>
<head>
<title>TestNG:  BM</title>
<link href="../testng.css" rel="stylesheet" type="text/css" />
<link href="../my-testng.css" rel="stylesheet" type="text/css" />

<style type="text/css">
.log { display: none;} 
.stack-trace { display: none;} 
</style>
<script type="text/javascript">
<!--
function flip(e) {
  current = e.style.display;
  if (current == 'block') {
    e.style.display = 'none';
    return 0;
  }
  else {
    e.style.display = 'block';
    return 1;
  }
}

function toggleBox(szDivId, elem, msg1, msg2)
{
  var res = -1;  if (document.getElementById) {
    res = flip(document.getElementById(szDivId));
  }
  else if (document.all) {
    // this is the way old msie versions work
    res = flip(document.all[szDivId]);
  }
  if(elem) {
    if(res == 0) elem.innerHTML = msg1; else elem.innerHTML = msg2;
  }

}

function toggleAllBoxes() {
  if (document.getElementsByTagName) {
    d = document.getElementsByTagName('div');
    for (i = 0; i < d.length; i++) {
      if (d[i].className == 'log') {
        flip(d[i]);
      }
    }
  }
}

// -->
</script>

</head>
<body>
<h2 align='center'>BM</h2><table border='1' align="center">
<tr>
<td>Tests passed/Failed/Skipped:</td><td>53/12/1</td>
</tr><tr>
<td>Started on:</td><td>Thu May 25 11:26:04 IST 2023</td>
</tr>
<tr><td>Total time:</td><td>4840 seconds (4840321 ms)</td>
</tr><tr>
<td>Included groups:</td><td></td>
</tr><tr>
<td>Excluded groups:</td><td></td>
</tr>
</table><p/>
<small><i>(Hover the method name to see the test class name)</i></small><p/>
<table width='100%' border='1' class='invocation-failed'>
<tr><td colspan='4' align='center'><b>FAILED CONFIGURATIONS</b></td></tr>
<tr><td><b>Test method</b></td>
<td width="30%"><b>Exception</b></td>
<td width="10%"><b>Time (seconds)</b></td>
<td><b>Instance</b></td>
</tr>
<tr>
<td title='BookingMaskTestCases.VerifyBookingCancellationAndEnquiryTC42TC43.Logout()'><b>Logout</b><br>Test class: BookingMaskTestCases.VerifyBookingCancellationAndEnquiryTC42TC43</td>
<td><div><pre>org.openqa.selenium.ElementClickInterceptedException: element click intercepted: Element &lt;a data-toggle=&quot;dropdown&quot; aria-haspopup=&quot;true&quot; aria-expanded=&quot;false&quot; class=&quot;p-0 btn&quot;&gt;...&lt;/a&gt; is not clickable at point (1224, 31). Other element would receive the click: &lt;div class=&quot;swal2-container swal2-center swal2-fade swal2-shown&quot; style=&quot;overflow-y: auto;&quot;&gt;...&lt;/div&gt;
  (Session info: chrome=113.0.5672.127)
Build info: version: &apos;4.8.3&apos;, revision: &apos;e5e76298c3&apos;
System info: os.name: &apos;Windows 10&apos;, os.arch: &apos;amd64&apos;, os.version: &apos;10.0&apos;, java.version: &apos;17.0.4.1&apos;
Driver info: org.openqa.selenium.chrome.ChromeDriver
Command: [93aded0bbe9b58eb2d85f5154aa26e7d, clickElement {id=307690A182172C23C697A5FF77823A36_element_20246}]
Capabilities {acceptInsecureCerts: false, browserName: chrome, browserVersion: 113.0.5672.127, chrome: {chromedriverVersion: 113.0.5672.63 (0e1a4471d5ae..., userDataDir: C:\Users\ROHAN~1.PAT\AppDat...}, goog:chromeOptions: {debuggerAddress: localhost:52125}, networkConnectionEnabled: false, pageLoadStrategy: normal, platformName: WINDOWS, proxy: Proxy(), se:cdp: ws://localhost:52125/devtoo..., se:cdpVersion: 113.0.5672.127, setWindowRect: true, strictFileInteractability: false, timeouts: {implicit: 0, pageLoad: 300000, script: 30000}, unhandledPromptBehavior: dismiss and notify, webauthn:extension:credBlob: true, webauthn:extension:largeBlob: true, webauthn:extension:minPinLength: true, webauthn:extension:prf: true, webauthn:virtualAuthenticators: true}
Element: [[ChromeDriver: chrome on WINDOWS (93aded0bbe9b58eb2d85f5154aa26e7d)] -&gt; xpath: //a[@data-toggle=&apos;dropdown&apos;]]
Session ID: 93aded0bbe9b58eb2d85f5154aa26e7d
	at org.openqa.selenium.remote.codec.w3c.W3CHttpResponseCodec.createException(W3CHttpResponseCodec.java:200)
	at org.openqa.selenium.remote.codec.w3c.W3CHttpResponseCodec.decode(W3CHttpResponseCodec.java:133)
	at org.openqa.selenium.remote.codec.w3c.W3CHttpResponseCodec.decode(W3CHttpResponseCodec.java:53)
	at org.openqa.selenium.remote.HttpCommandExecutor.execute(HttpCommandExecutor.java:193)
	at org.openqa.selenium.remote.service.DriverCommandExecutor.invokeExecute(DriverCommandExecutor.java:183)
	at org.openqa.selenium.remote.service.DriverCommandExecutor.execute(DriverCommandExecutor.java:158)
	at org.openqa.selenium.remote.RemoteWebDriver.execute(RemoteWebDriver.java:543)
	at org.openqa.selenium.remote.RemoteWebElement.execute(RemoteWebElement.java:257)
	at org.openqa.selenium.remote.RemoteWebElement.click(RemoteWebElement.java:78)
	at org.openqa.selenium.support.pagefactory.internal.LocatingElementHandler.invoke(LocatingElementHandler.java:52)
	at jdk.proxy2/jdk.proxy2.$Proxy18.click(Unknown Source)
	at POM.bookingMaskPage.ClickOnLogoutButtonOFBookingMask(bookingMaskPage.java:197)
	at BookingMaskTestCases.VerifyBookingCancellationAndEnquiryTC42TC43.Logout(VerifyBookingCancellationAndEnquiryTC42TC43.java:366)
	at java.base/java.util.ArrayList.forEach(ArrayList.java:1511)
... Removed 40 stack frames</pre></div><a href='#' onClick='toggleBox("stack-trace1089328732", this, "Click to show all stack frames", "Click to hide stack frames")'>Click to show all stack frames</a>
<div class='stack-trace' id='stack-trace1089328732'><pre>org.openqa.selenium.ElementClickInterceptedException: element click intercepted: Element &lt;a data-toggle=&quot;dropdown&quot; aria-haspopup=&quot;true&quot; aria-expanded=&quot;false&quot; class=&quot;p-0 btn&quot;&gt;...&lt;/a&gt; is not clickable at point (1224, 31). Other element would receive the click: &lt;div class=&quot;swal2-container swal2-center swal2-fade swal2-shown&quot; style=&quot;overflow-y: auto;&quot;&gt;...&lt;/div&gt;
  (Session info: chrome=113.0.5672.127)
Build info: version: &apos;4.8.3&apos;, revision: &apos;e5e76298c3&apos;
System info: os.name: &apos;Windows 10&apos;, os.arch: &apos;amd64&apos;, os.version: &apos;10.0&apos;, java.version: &apos;17.0.4.1&apos;
Driver info: org.openqa.selenium.chrome.ChromeDriver
Command: [93aded0bbe9b58eb2d85f5154aa26e7d, clickElement {id=307690A182172C23C697A5FF77823A36_element_20246}]
Capabilities {acceptInsecureCerts: false, browserName: chrome, browserVersion: 113.0.5672.127, chrome: {chromedriverVersion: 113.0.5672.63 (0e1a4471d5ae..., userDataDir: C:\Users\ROHAN~1.PAT\AppDat...}, goog:chromeOptions: {debuggerAddress: localhost:52125}, networkConnectionEnabled: false, pageLoadStrategy: normal, platformName: WINDOWS, proxy: Proxy(), se:cdp: ws://localhost:52125/devtoo..., se:cdpVersion: 113.0.5672.127, setWindowRect: true, strictFileInteractability: false, timeouts: {implicit: 0, pageLoad: 300000, script: 30000}, unhandledPromptBehavior: dismiss and notify, webauthn:extension:credBlob: true, webauthn:extension:largeBlob: true, webauthn:extension:minPinLength: true, webauthn:extension:prf: true, webauthn:virtualAuthenticators: true}
Element: [[ChromeDriver: chrome on WINDOWS (93aded0bbe9b58eb2d85f5154aa26e7d)] -&gt; xpath: //a[@data-toggle=&apos;dropdown&apos;]]
Session ID: 93aded0bbe9b58eb2d85f5154aa26e7d
	at java.base/jdk.internal.reflect.NativeConstructorAccessorImpl.newInstance0(Native Method)
	at java.base/jdk.internal.reflect.NativeConstructorAccessorImpl.newInstance(NativeConstructorAccessorImpl.java:77)
	at java.base/jdk.internal.reflect.DelegatingConstructorAccessorImpl.newInstance(DelegatingConstructorAccessorImpl.java:45)
	at java.base/java.lang.reflect.Constructor.newInstanceWithCaller(Constructor.java:499)
	at java.base/java.lang.reflect.Constructor.newInstance(Constructor.java:480)
	at org.openqa.selenium.remote.codec.w3c.W3CHttpResponseCodec.createException(W3CHttpResponseCodec.java:200)
	at org.openqa.selenium.remote.codec.w3c.W3CHttpResponseCodec.decode(W3CHttpResponseCodec.java:133)
	at org.openqa.selenium.remote.codec.w3c.W3CHttpResponseCodec.decode(W3CHttpResponseCodec.java:53)
	at org.openqa.selenium.remote.HttpCommandExecutor.execute(HttpCommandExecutor.java:193)
	at org.openqa.selenium.remote.service.DriverCommandExecutor.invokeExecute(DriverCommandExecutor.java:183)
	at org.openqa.selenium.remote.service.DriverCommandExecutor.execute(DriverCommandExecutor.java:158)
	at org.openqa.selenium.remote.RemoteWebDriver.execute(RemoteWebDriver.java:543)
	at org.openqa.selenium.remote.RemoteWebElement.execute(RemoteWebElement.java:257)
	at org.openqa.selenium.remote.RemoteWebElement.click(RemoteWebElement.java:78)
	at jdk.internal.reflect.GeneratedMethodAccessor2.invoke(Unknown Source)
	at java.base/jdk.internal.reflect.DelegatingMethodAccessorImpl.invoke(DelegatingMethodAccessorImpl.java:43)
	at java.base/java.lang.reflect.Method.invoke(Method.java:568)
	at org.openqa.selenium.support.pagefactory.internal.LocatingElementHandler.invoke(LocatingElementHandler.java:52)
	at jdk.proxy2/jdk.proxy2.$Proxy18.click(Unknown Source)
	at POM.bookingMaskPage.ClickOnLogoutButtonOFBookingMask(bookingMaskPage.java:197)
	at BookingMaskTestCases.VerifyBookingCancellationAndEnquiryTC42TC43.Logout(VerifyBookingCancellationAndEnquiryTC42TC43.java:366)
	at java.base/jdk.internal.reflect.NativeMethodAccessorImpl.invoke0(Native Method)
	at java.base/jdk.internal.reflect.NativeMethodAccessorImpl.invoke(NativeMethodAccessorImpl.java:77)
	at java.base/jdk.internal.reflect.DelegatingMethodAccessorImpl.invoke(DelegatingMethodAccessorImpl.java:43)
	at java.base/java.lang.reflect.Method.invoke(Method.java:568)
	at org.testng.internal.MethodInvocationHelper.invokeMethod(MethodInvocationHelper.java:133)
	at org.testng.internal.MethodInvocationHelper.invokeMethodConsideringTimeout(MethodInvocationHelper.java:62)
	at org.testng.internal.ConfigInvoker.invokeConfigurationMethod(ConfigInvoker.java:385)
	at org.testng.internal.ConfigInvoker.invokeConfigurations(ConfigInvoker.java:321)
	at org.testng.internal.TestInvoker.runConfigMethods(TestInvoker.java:700)
	at org.testng.internal.TestInvoker.runAfterGroupsConfigurations(TestInvoker.java:676)
	at org.testng.internal.TestInvoker.invokeMethod(TestInvoker.java:660)
	at org.testng.internal.TestInvoker.invokeTestMethod(TestInvoker.java:173)
	at org.testng.internal.MethodRunner.runInSequence(MethodRunner.java:46)
	at org.testng.internal.TestInvoker$MethodInvocationAgent.invoke(TestInvoker.java:824)
	at org.testng.internal.TestInvoker.invokeTestMethods(TestInvoker.java:146)
	at org.testng.internal.TestMethodWorker.invokeTestMethods(TestMethodWorker.java:146)
	at org.testng.internal.TestMethodWorker.run(TestMethodWorker.java:128)
	at java.base/java.util.ArrayList.forEach(ArrayList.java:1511)
	at org.testng.TestRunner.privateRun(TestRunner.java:794)
	at org.testng.TestRunner.run(TestRunner.java:596)
	at org.testng.SuiteRunner.runTest(SuiteRunner.java:377)
	at org.testng.SuiteRunner.runSequentially(SuiteRunner.java:371)
	at org.testng.SuiteRunner.privateRun(SuiteRunner.java:332)
	at org.testng.SuiteRunner.run(SuiteRunner.java:276)
	at org.testng.SuiteRunnerWorker.runSuite(SuiteRunnerWorker.java:53)
	at org.testng.SuiteRunnerWorker.run(SuiteRunnerWorker.java:96)
	at org.testng.TestNG.runSuitesSequentially(TestNG.java:1212)
	at org.testng.TestNG.runSuitesLocally(TestNG.java:1134)
	at org.testng.TestNG.runSuites(TestNG.java:1063)
	at org.testng.TestNG.run(TestNG.java:1031)
	at org.testng.remote.AbstractRemoteTestNG.run(AbstractRemoteTestNG.java:115)
	at org.testng.remote.RemoteTestNG.initAndRun(RemoteTestNG.java:251)
	at org.testng.remote.RemoteTestNG.main(RemoteTestNG.java:77)
</pre></div></td>
<td>4</td>
<td>BookingMaskTestCases.VerifyBookingCancellationAndEnquiryTC42TC43@408d971b</td></tr>
<tr>
<td title='BookingMaskTestCases.VerifyModifyBookingToAddAnotherRoomWithSameDateTC27.loginToApp()'><b>loginToApp</b><br>Test class: BookingMaskTestCases.VerifyModifyBookingToAddAnotherRoomWithSameDateTC27<br/>
<a href="#Output-1763294309" onClick='toggleBox("Output-1763294309", this, "Show output", "Hide output");'>Show output</a>

<a href="#Output-1763294309" onClick="toggleAllBoxes();">Show all outputs</a>
<div class='log' id="Output-1763294309">
Valid Username Entered<br/>
Valid Password Entered<br/>
Clicked on Dashboard button<br/>
Select the Falk Tours AG from given list<br/>
Clicked on proceed button<br/>
Clicked on sales dropdown in Dashboard<br/>
Clicked on sales Booking in Dashboard<br/>
Clicked on create Button in sales Booking page<br/>
Select TFT1 in TravelType dropdownList<br/>
Selected HK001 - (TESTING) from dropdown list<br/>
Select Falk Tours AG in CompanyID dropdownList<br/>
Send number of passenger<br/>
Send correct KOS in input field<br/>
Send correct ProductCode in input field<br/>
Send roomcode in input field<br/>
Send correct boardName<br/>
Send Occupancy<br/>
Send bookinglines <br/>
Send Travel from date<br/>
Send Travel To date<br/>
Send Number of passengers<br/>
Click on sendBookingButton after U action code<br/>
Clicked on ViewList<br/>
Clicked on sendTBMcode to verify booking is done or not<br/>
Clicked on Booking listButton<br/>
send TBM code<br/>
Clicked on Booking listButton<br/>
Clicked on edit booking1<br/>
Change booking action to U<br/>
Change No.of pax<br/>
Send correct KOS2 in input field<br/>
Send correct ProductCode in input field<br/>
Send roomcode in input field<br/>
Send correct boardName<br/>
Send Occupancy<br/>
Send bookinglines <br/>
Send Travel from date<br/>
Send Travel To date<br/>
Send Number of passenger<br/>
Click on sendBookingButton after U action code<br/>
</div>
</td>
<td><div><pre>org.openqa.selenium.NoSuchElementException: no such element: Unable to locate element: {&quot;method&quot;:&quot;css selector&quot;,&quot;selector&quot;:&quot;#bookinglines_Price_2&quot;}
  (Session info: chrome=113.0.5672.127)
For documentation on this error, please visit: https://selenium.dev/exceptions/#no_such_element
Build info: version: &apos;4.8.3&apos;, revision: &apos;e5e76298c3&apos;
System info: os.name: &apos;Windows 10&apos;, os.arch: &apos;amd64&apos;, os.version: &apos;10.0&apos;, java.version: &apos;17.0.4.1&apos;
Driver info: org.openqa.selenium.chrome.ChromeDriver
Command: [57d22259e8ed2e8a0ccf01358d9d5406, findElement {using=id, value=bookinglines_Price_2}]
Capabilities {acceptInsecureCerts: false, browserName: chrome, browserVersion: 113.0.5672.127, chrome: {chromedriverVersion: 113.0.5672.63 (0e1a4471d5ae..., userDataDir: C:\Users\ROHAN~1.PAT\AppDat...}, goog:chromeOptions: {debuggerAddress: localhost:51199}, networkConnectionEnabled: false, pageLoadStrategy: normal, platformName: WINDOWS, proxy: Proxy(), se:cdp: ws://localhost:51199/devtoo..., se:cdpVersion: 113.0.5672.127, setWindowRect: true, strictFileInteractability: false, timeouts: {implicit: 0, pageLoad: 300000, script: 30000}, unhandledPromptBehavior: dismiss and notify, webauthn:extension:credBlob: true, webauthn:extension:largeBlob: true, webauthn:extension:minPinLength: true, webauthn:extension:prf: true, webauthn:virtualAuthenticators: true}
Session ID: 57d22259e8ed2e8a0ccf01358d9d5406
	at org.openqa.selenium.remote.codec.w3c.W3CHttpResponseCodec.createException(W3CHttpResponseCodec.java:200)
	at org.openqa.selenium.remote.codec.w3c.W3CHttpResponseCodec.decode(W3CHttpResponseCodec.java:133)
	at org.openqa.selenium.remote.codec.w3c.W3CHttpResponseCodec.decode(W3CHttpResponseCodec.java:53)
	at org.openqa.selenium.remote.HttpCommandExecutor.execute(HttpCommandExecutor.java:193)
	at org.openqa.selenium.remote.service.DriverCommandExecutor.invokeExecute(DriverCommandExecutor.java:183)
	at org.openqa.selenium.remote.service.DriverCommandExecutor.execute(DriverCommandExecutor.java:158)
	at org.openqa.selenium.remote.RemoteWebDriver.execute(RemoteWebDriver.java:543)
	at org.openqa.selenium.remote.ElementLocation$ElementFinder$2.findElement(ElementLocation.java:162)
	at org.openqa.selenium.remote.ElementLocation.findElement(ElementLocation.java:60)
	at org.openqa.selenium.remote.RemoteWebDriver.findElement(RemoteWebDriver.java:352)
	at org.openqa.selenium.remote.RemoteWebDriver.findElement(RemoteWebDriver.java:344)
	at org.openqa.selenium.support.pagefactory.DefaultElementLocator.findElement(DefaultElementLocator.java:70)
	at org.openqa.selenium.support.pagefactory.internal.LocatingElementHandler.invoke(LocatingElementHandler.java:39)
	at jdk.proxy2/jdk.proxy2.$Proxy18.getAttribute(Unknown Source)
	at POM.bookingMaskPage.getPriceFieldValue2(bookingMaskPage.java:540)
	at BookingMaskTestCases.VerifyModifyBookingToAddAnotherRoomWithSameDateTC27.loginToApp(VerifyModifyBookingToAddAnotherRoomWithSameDateTC27.java:224)
	at java.base/java.util.ArrayList.forEach(ArrayList.java:1511)
... Removed 36 stack frames</pre></div><a href='#' onClick='toggleBox("stack-trace1763294309", this, "Click to show all stack frames", "Click to hide stack frames")'>Click to show all stack frames</a>
<div class='stack-trace' id='stack-trace1763294309'><pre>org.openqa.selenium.NoSuchElementException: no such element: Unable to locate element: {&quot;method&quot;:&quot;css selector&quot;,&quot;selector&quot;:&quot;#bookinglines_Price_2&quot;}
  (Session info: chrome=113.0.5672.127)
For documentation on this error, please visit: https://selenium.dev/exceptions/#no_such_element
Build info: version: &apos;4.8.3&apos;, revision: &apos;e5e76298c3&apos;
System info: os.name: &apos;Windows 10&apos;, os.arch: &apos;amd64&apos;, os.version: &apos;10.0&apos;, java.version: &apos;17.0.4.1&apos;
Driver info: org.openqa.selenium.chrome.ChromeDriver
Command: [57d22259e8ed2e8a0ccf01358d9d5406, findElement {using=id, value=bookinglines_Price_2}]
Capabilities {acceptInsecureCerts: false, browserName: chrome, browserVersion: 113.0.5672.127, chrome: {chromedriverVersion: 113.0.5672.63 (0e1a4471d5ae..., userDataDir: C:\Users\ROHAN~1.PAT\AppDat...}, goog:chromeOptions: {debuggerAddress: localhost:51199}, networkConnectionEnabled: false, pageLoadStrategy: normal, platformName: WINDOWS, proxy: Proxy(), se:cdp: ws://localhost:51199/devtoo..., se:cdpVersion: 113.0.5672.127, setWindowRect: true, strictFileInteractability: false, timeouts: {implicit: 0, pageLoad: 300000, script: 30000}, unhandledPromptBehavior: dismiss and notify, webauthn:extension:credBlob: true, webauthn:extension:largeBlob: true, webauthn:extension:minPinLength: true, webauthn:extension:prf: true, webauthn:virtualAuthenticators: true}
Session ID: 57d22259e8ed2e8a0ccf01358d9d5406
	at java.base/jdk.internal.reflect.NativeConstructorAccessorImpl.newInstance0(Native Method)
	at java.base/jdk.internal.reflect.NativeConstructorAccessorImpl.newInstance(NativeConstructorAccessorImpl.java:77)
	at java.base/jdk.internal.reflect.DelegatingConstructorAccessorImpl.newInstance(DelegatingConstructorAccessorImpl.java:45)
	at java.base/java.lang.reflect.Constructor.newInstanceWithCaller(Constructor.java:499)
	at java.base/java.lang.reflect.Constructor.newInstance(Constructor.java:480)
	at org.openqa.selenium.remote.codec.w3c.W3CHttpResponseCodec.createException(W3CHttpResponseCodec.java:200)
	at org.openqa.selenium.remote.codec.w3c.W3CHttpResponseCodec.decode(W3CHttpResponseCodec.java:133)
	at org.openqa.selenium.remote.codec.w3c.W3CHttpResponseCodec.decode(W3CHttpResponseCodec.java:53)
	at org.openqa.selenium.remote.HttpCommandExecutor.execute(HttpCommandExecutor.java:193)
	at org.openqa.selenium.remote.service.DriverCommandExecutor.invokeExecute(DriverCommandExecutor.java:183)
	at org.openqa.selenium.remote.service.DriverCommandExecutor.execute(DriverCommandExecutor.java:158)
	at org.openqa.selenium.remote.RemoteWebDriver.execute(RemoteWebDriver.java:543)
	at org.openqa.selenium.remote.ElementLocation$ElementFinder$2.findElement(ElementLocation.java:162)
	at org.openqa.selenium.remote.ElementLocation.findElement(ElementLocation.java:60)
	at org.openqa.selenium.remote.RemoteWebDriver.findElement(RemoteWebDriver.java:352)
	at org.openqa.selenium.remote.RemoteWebDriver.findElement(RemoteWebDriver.java:344)
	at org.openqa.selenium.support.pagefactory.DefaultElementLocator.findElement(DefaultElementLocator.java:70)
	at org.openqa.selenium.support.pagefactory.internal.LocatingElementHandler.invoke(LocatingElementHandler.java:39)
	at jdk.proxy2/jdk.proxy2.$Proxy18.getAttribute(Unknown Source)
	at POM.bookingMaskPage.getPriceFieldValue2(bookingMaskPage.java:540)
	at BookingMaskTestCases.VerifyModifyBookingToAddAnotherRoomWithSameDateTC27.loginToApp(VerifyModifyBookingToAddAnotherRoomWithSameDateTC27.java:224)
	at java.base/jdk.internal.reflect.NativeMethodAccessorImpl.invoke0(Native Method)
	at java.base/jdk.internal.reflect.NativeMethodAccessorImpl.invoke(NativeMethodAccessorImpl.java:77)
	at java.base/jdk.internal.reflect.DelegatingMethodAccessorImpl.invoke(DelegatingMethodAccessorImpl.java:43)
	at java.base/java.lang.reflect.Method.invoke(Method.java:568)
	at org.testng.internal.MethodInvocationHelper.invokeMethod(MethodInvocationHelper.java:133)
	at org.testng.internal.MethodInvocationHelper.invokeMethodConsideringTimeout(MethodInvocationHelper.java:62)
	at org.testng.internal.ConfigInvoker.invokeConfigurationMethod(ConfigInvoker.java:385)
	at org.testng.internal.ConfigInvoker.invokeConfigurations(ConfigInvoker.java:321)
	at org.testng.internal.TestInvoker.runConfigMethods(TestInvoker.java:700)
	at org.testng.internal.TestInvoker.invokeMethod(TestInvoker.java:527)
	at org.testng.internal.TestInvoker.invokeTestMethod(TestInvoker.java:173)
	at org.testng.internal.MethodRunner.runInSequence(MethodRunner.java:46)
	at org.testng.internal.TestInvoker$MethodInvocationAgent.invoke(TestInvoker.java:824)
	at org.testng.internal.TestInvoker.invokeTestMethods(TestInvoker.java:146)
	at org.testng.internal.TestMethodWorker.invokeTestMethods(TestMethodWorker.java:146)
	at org.testng.internal.TestMethodWorker.run(TestMethodWorker.java:128)
	at java.base/java.util.ArrayList.forEach(ArrayList.java:1511)
	at org.testng.TestRunner.privateRun(TestRunner.java:794)
	at org.testng.TestRunner.run(TestRunner.java:596)
	at org.testng.SuiteRunner.runTest(SuiteRunner.java:377)
	at org.testng.SuiteRunner.runSequentially(SuiteRunner.java:371)
	at org.testng.SuiteRunner.privateRun(SuiteRunner.java:332)
	at org.testng.SuiteRunner.run(SuiteRunner.java:276)
	at org.testng.SuiteRunnerWorker.runSuite(SuiteRunnerWorker.java:53)
	at org.testng.SuiteRunnerWorker.run(SuiteRunnerWorker.java:96)
	at org.testng.TestNG.runSuitesSequentially(TestNG.java:1212)
	at org.testng.TestNG.runSuitesLocally(TestNG.java:1134)
	at org.testng.TestNG.runSuites(TestNG.java:1063)
	at org.testng.TestNG.run(TestNG.java:1031)
	at org.testng.remote.AbstractRemoteTestNG.run(AbstractRemoteTestNG.java:115)
	at org.testng.remote.RemoteTestNG.initAndRun(RemoteTestNG.java:251)
	at org.testng.remote.RemoteTestNG.main(RemoteTestNG.java:77)
</pre></div></td>
<td>131</td>
<td>BookingMaskTestCases.VerifyModifyBookingToAddAnotherRoomWithSameDateTC27@28701274</td></tr>
</table><p>
<table width='100%' border='1' class='invocation-skipped'>
<tr><td colspan='4' align='center'><b>SKIPPED CONFIGURATIONS</b></td></tr>
<tr><td><b>Test method</b></td>
<td width="30%"><b>Exception</b></td>
<td width="10%"><b>Time (seconds)</b></td>
<td><b>Instance</b></td>
</tr>
<tr>
<td title='BookingMaskTestCases.VerifyModifyBookingToAddAnotherRoomWithSameDateTC27.closeBrowser()'><b>closeBrowser</b><br>Test class: BookingMaskTestCases.VerifyModifyBookingToAddAnotherRoomWithSameDateTC27</td>
<td></td>
<td>-1684997639</td>
<td>BookingMaskTestCases.VerifyModifyBookingToAddAnotherRoomWithSameDateTC27@28701274</td></tr>
<tr>
<td title='BookingMaskTestCases.VerifyBookingCancellationAndEnquiryTC42TC43.closeBrowser()'><b>closeBrowser</b><br>Test class: BookingMaskTestCases.VerifyBookingCancellationAndEnquiryTC42TC43</td>
<td></td>
<td>-1684998767</td>
<td>BookingMaskTestCases.VerifyBookingCancellationAndEnquiryTC42TC43@408d971b</td></tr>
<tr>
<td title='BookingMaskTestCases.VerifyModifyBookingToAddAnotherRoomWithSameDateTC27.Logout()'><b>Logout</b><br>Test class: BookingMaskTestCases.VerifyModifyBookingToAddAnotherRoomWithSameDateTC27</td>
<td></td>
<td>-1684997639</td>
<td>BookingMaskTestCases.VerifyModifyBookingToAddAnotherRoomWithSameDateTC27@28701274</td></tr>
</table><p>
<table width='100%' border='1' class='invocation-failed'>
<tr><td colspan='4' align='center'><b>FAILED TESTS</b></td></tr>
<tr><td><b>Test method</b></td>
<td width="30%"><b>Exception</b></td>
<td width="10%"><b>Time (seconds)</b></td>
<td><b>Instance</b></td>
</tr>
<tr>
<td title='BookingMaskTestCases.VerifyBookingCancellationAndEnquiryTC42TC43.validateCancellationPricesWithSA()'><b>validateCancellationPricesWithSA</b><br>Test class: BookingMaskTestCases.VerifyBookingCancellationAndEnquiryTC42TC43<br/>
<a href="#Output-1552157125" onClick='toggleBox("Output-1552157125", this, "Show output", "Hide output");'>Show output</a>

<a href="#Output-1552157125" onClick="toggleAllBoxes();">Show all outputs</a>
<div class='log' id="Output-1552157125">
Select TFT1 in TravelType dropdownList<br/>
Selected HK002 - (code) from dropdown list<br/>
Send Booking action code<br/>
Select Falk Tours AG in CompanyID dropdownList<br/>
Send number of passenger<br/>
Send correct KOS in input field<br/>
Send correct ProductCode in input field<br/>
Send roomcode in input field<br/>
Send correct boardName<br/>
Send Occupancy<br/>
Send TotalPax <br/>
Send Travel from date<br/>
Send Travel To date<br/>
Select Number of passenger<br/>
Click on SendBookingButton<br/>
Clicked on ViewList<br/>
Clicked on SendTBMcode to verify booking is done or not<br/>
Clicked on Booking listButton<br/>
Send TBM code<br/>
Clicked on Booking listButton<br/>
Clicked on edit booking1<br/>
Clicked on SendBookingButton<br/>
Send Modified booking action<br/>
Clicked on SendBookingButton after entering SA action code<br/>
</div>
</td>
<td><div><pre>org.openqa.selenium.NoSuchElementException: no such element: Unable to locate element: {&quot;method&quot;:&quot;css selector&quot;,&quot;selector&quot;:&quot;#bookinglines_Price_1&quot;}
  (Session info: chrome=113.0.5672.127)
For documentation on this error, please visit: https://selenium.dev/exceptions/#no_such_element
Build info: version: &apos;4.8.3&apos;, revision: &apos;e5e76298c3&apos;
System info: os.name: &apos;Windows 10&apos;, os.arch: &apos;amd64&apos;, os.version: &apos;10.0&apos;, java.version: &apos;17.0.4.1&apos;
Driver info: org.openqa.selenium.chrome.ChromeDriver
Command: [93aded0bbe9b58eb2d85f5154aa26e7d, findElement {using=id, value=bookinglines_Price_1}]
Capabilities {acceptInsecureCerts: false, browserName: chrome, browserVersion: 113.0.5672.127, chrome: {chromedriverVersion: 113.0.5672.63 (0e1a4471d5ae..., userDataDir: C:\Users\ROHAN~1.PAT\AppDat...}, goog:chromeOptions: {debuggerAddress: localhost:52125}, networkConnectionEnabled: false, pageLoadStrategy: normal, platformName: WINDOWS, proxy: Proxy(), se:cdp: ws://localhost:52125/devtoo..., se:cdpVersion: 113.0.5672.127, setWindowRect: true, strictFileInteractability: false, timeouts: {implicit: 0, pageLoad: 300000, script: 30000}, unhandledPromptBehavior: dismiss and notify, webauthn:extension:credBlob: true, webauthn:extension:largeBlob: true, webauthn:extension:minPinLength: true, webauthn:extension:prf: true, webauthn:virtualAuthenticators: true}
Session ID: 93aded0bbe9b58eb2d85f5154aa26e7d
	at org.openqa.selenium.remote.codec.w3c.W3CHttpResponseCodec.createException(W3CHttpResponseCodec.java:200)
	at org.openqa.selenium.remote.codec.w3c.W3CHttpResponseCodec.decode(W3CHttpResponseCodec.java:133)
	at org.openqa.selenium.remote.codec.w3c.W3CHttpResponseCodec.decode(W3CHttpResponseCodec.java:53)
	at org.openqa.selenium.remote.HttpCommandExecutor.execute(HttpCommandExecutor.java:193)
	at org.openqa.selenium.remote.service.DriverCommandExecutor.invokeExecute(DriverCommandExecutor.java:183)
	at org.openqa.selenium.remote.service.DriverCommandExecutor.execute(DriverCommandExecutor.java:158)
	at org.openqa.selenium.remote.RemoteWebDriver.execute(RemoteWebDriver.java:543)
	at org.openqa.selenium.remote.ElementLocation$ElementFinder$2.findElement(ElementLocation.java:162)
	at org.openqa.selenium.remote.ElementLocation.findElement(ElementLocation.java:60)
	at org.openqa.selenium.remote.RemoteWebDriver.findElement(RemoteWebDriver.java:352)
	at org.openqa.selenium.remote.RemoteWebDriver.findElement(RemoteWebDriver.java:344)
	at org.openqa.selenium.support.pagefactory.DefaultElementLocator.findElement(DefaultElementLocator.java:70)
	at org.openqa.selenium.support.pagefactory.internal.LocatingElementHandler.invoke(LocatingElementHandler.java:39)
	at jdk.proxy2/jdk.proxy2.$Proxy18.getAttribute(Unknown Source)
	at POM.bookingMaskPage.getPriceFieldValue1(bookingMaskPage.java:475)
	at BookingMaskTestCases.VerifyBookingCancellationAndEnquiryTC42TC43.validateCancellationPricesWithSA(VerifyBookingCancellationAndEnquiryTC42TC43.java:188)
	at java.base/java.util.ArrayList.forEach(ArrayList.java:1511)
... Removed 32 stack frames</pre></div><a href='#' onClick='toggleBox("stack-trace1552157125", this, "Click to show all stack frames", "Click to hide stack frames")'>Click to show all stack frames</a>
<div class='stack-trace' id='stack-trace1552157125'><pre>org.openqa.selenium.NoSuchElementException: no such element: Unable to locate element: {&quot;method&quot;:&quot;css selector&quot;,&quot;selector&quot;:&quot;#bookinglines_Price_1&quot;}
  (Session info: chrome=113.0.5672.127)
For documentation on this error, please visit: https://selenium.dev/exceptions/#no_such_element
Build info: version: &apos;4.8.3&apos;, revision: &apos;e5e76298c3&apos;
System info: os.name: &apos;Windows 10&apos;, os.arch: &apos;amd64&apos;, os.version: &apos;10.0&apos;, java.version: &apos;17.0.4.1&apos;
Driver info: org.openqa.selenium.chrome.ChromeDriver
Command: [93aded0bbe9b58eb2d85f5154aa26e7d, findElement {using=id, value=bookinglines_Price_1}]
Capabilities {acceptInsecureCerts: false, browserName: chrome, browserVersion: 113.0.5672.127, chrome: {chromedriverVersion: 113.0.5672.63 (0e1a4471d5ae..., userDataDir: C:\Users\ROHAN~1.PAT\AppDat...}, goog:chromeOptions: {debuggerAddress: localhost:52125}, networkConnectionEnabled: false, pageLoadStrategy: normal, platformName: WINDOWS, proxy: Proxy(), se:cdp: ws://localhost:52125/devtoo..., se:cdpVersion: 113.0.5672.127, setWindowRect: true, strictFileInteractability: false, timeouts: {implicit: 0, pageLoad: 300000, script: 30000}, unhandledPromptBehavior: dismiss and notify, webauthn:extension:credBlob: true, webauthn:extension:largeBlob: true, webauthn:extension:minPinLength: true, webauthn:extension:prf: true, webauthn:virtualAuthenticators: true}
Session ID: 93aded0bbe9b58eb2d85f5154aa26e7d
	at java.base/jdk.internal.reflect.NativeConstructorAccessorImpl.newInstance0(Native Method)
	at java.base/jdk.internal.reflect.NativeConstructorAccessorImpl.newInstance(NativeConstructorAccessorImpl.java:77)
	at java.base/jdk.internal.reflect.DelegatingConstructorAccessorImpl.newInstance(DelegatingConstructorAccessorImpl.java:45)
	at java.base/java.lang.reflect.Constructor.newInstanceWithCaller(Constructor.java:499)
	at java.base/java.lang.reflect.Constructor.newInstance(Constructor.java:480)
	at org.openqa.selenium.remote.codec.w3c.W3CHttpResponseCodec.createException(W3CHttpResponseCodec.java:200)
	at org.openqa.selenium.remote.codec.w3c.W3CHttpResponseCodec.decode(W3CHttpResponseCodec.java:133)
	at org.openqa.selenium.remote.codec.w3c.W3CHttpResponseCodec.decode(W3CHttpResponseCodec.java:53)
	at org.openqa.selenium.remote.HttpCommandExecutor.execute(HttpCommandExecutor.java:193)
	at org.openqa.selenium.remote.service.DriverCommandExecutor.invokeExecute(DriverCommandExecutor.java:183)
	at org.openqa.selenium.remote.service.DriverCommandExecutor.execute(DriverCommandExecutor.java:158)
	at org.openqa.selenium.remote.RemoteWebDriver.execute(RemoteWebDriver.java:543)
	at org.openqa.selenium.remote.ElementLocation$ElementFinder$2.findElement(ElementLocation.java:162)
	at org.openqa.selenium.remote.ElementLocation.findElement(ElementLocation.java:60)
	at org.openqa.selenium.remote.RemoteWebDriver.findElement(RemoteWebDriver.java:352)
	at org.openqa.selenium.remote.RemoteWebDriver.findElement(RemoteWebDriver.java:344)
	at org.openqa.selenium.support.pagefactory.DefaultElementLocator.findElement(DefaultElementLocator.java:70)
	at org.openqa.selenium.support.pagefactory.internal.LocatingElementHandler.invoke(LocatingElementHandler.java:39)
	at jdk.proxy2/jdk.proxy2.$Proxy18.getAttribute(Unknown Source)
	at POM.bookingMaskPage.getPriceFieldValue1(bookingMaskPage.java:475)
	at BookingMaskTestCases.VerifyBookingCancellationAndEnquiryTC42TC43.validateCancellationPricesWithSA(VerifyBookingCancellationAndEnquiryTC42TC43.java:188)
	at java.base/jdk.internal.reflect.NativeMethodAccessorImpl.invoke0(Native Method)
	at java.base/jdk.internal.reflect.NativeMethodAccessorImpl.invoke(NativeMethodAccessorImpl.java:77)
	at java.base/jdk.internal.reflect.DelegatingMethodAccessorImpl.invoke(DelegatingMethodAccessorImpl.java:43)
	at java.base/java.lang.reflect.Method.invoke(Method.java:568)
	at org.testng.internal.MethodInvocationHelper.invokeMethod(MethodInvocationHelper.java:133)
	at org.testng.internal.TestInvoker.invokeMethod(TestInvoker.java:598)
	at org.testng.internal.TestInvoker.invokeTestMethod(TestInvoker.java:173)
	at org.testng.internal.MethodRunner.runInSequence(MethodRunner.java:46)
	at org.testng.internal.TestInvoker$MethodInvocationAgent.invoke(TestInvoker.java:824)
	at org.testng.internal.TestInvoker.invokeTestMethods(TestInvoker.java:146)
	at org.testng.internal.TestMethodWorker.invokeTestMethods(TestMethodWorker.java:146)
	at org.testng.internal.TestMethodWorker.run(TestMethodWorker.java:128)
	at java.base/java.util.ArrayList.forEach(ArrayList.java:1511)
	at org.testng.TestRunner.privateRun(TestRunner.java:794)
	at org.testng.TestRunner.run(TestRunner.java:596)
	at org.testng.SuiteRunner.runTest(SuiteRunner.java:377)
	at org.testng.SuiteRunner.runSequentially(SuiteRunner.java:371)
	at org.testng.SuiteRunner.privateRun(SuiteRunner.java:332)
	at org.testng.SuiteRunner.run(SuiteRunner.java:276)
	at org.testng.SuiteRunnerWorker.runSuite(SuiteRunnerWorker.java:53)
	at org.testng.SuiteRunnerWorker.run(SuiteRunnerWorker.java:96)
	at org.testng.TestNG.runSuitesSequentially(TestNG.java:1212)
	at org.testng.TestNG.runSuitesLocally(TestNG.java:1134)
	at org.testng.TestNG.runSuites(TestNG.java:1063)
	at org.testng.TestNG.run(TestNG.java:1031)
	at org.testng.remote.AbstractRemoteTestNG.run(AbstractRemoteTestNG.java:115)
	at org.testng.remote.RemoteTestNG.initAndRun(RemoteTestNG.java:251)
	at org.testng.remote.RemoteTestNG.main(RemoteTestNG.java:77)
</pre></div></td>
<td>64</td>
<td>BookingMaskTestCases.VerifyBookingCancellationAndEnquiryTC42TC43@408d971b</td></tr>
<tr>
<td title='BookingMaskTestCases.TCC29TC130FAIL.validateConfirmBookingOFTwoAccommodation()'><b>validateConfirmBookingOFTwoAccommodation</b><br>Test class: BookingMaskTestCases.TCC29TC130FAIL<br/>
<a href="#Output-363140684" onClick='toggleBox("Output-363140684", this, "Show output", "Hide output");'>Show output</a>

<a href="#Output-363140684" onClick="toggleAllBoxes();">Show all outputs</a>
<div class='log' id="Output-363140684">
Select TFT1 in TravelType dropdownList<br/>
Selected HK001 - (TESTING) from dropdown list<br/>
Send Booking action<br/>
Select Falk Tours AG in CompanyID dropdownList<br/>
Send number of passenger<br/>
Send correct KOS in input field<br/>
Send correct ProductCode in input field<br/>
Send roomcode in input field<br/>
Send correct boardName<br/>
Send Occupancy<br/>
Send bookinglines <br/>
Send Travel from date of Season-G<br/>
Send Travel To date of Season-G<br/>
Select Number of passenger<br/>
Send correct KOS in input field<br/>
Send correct ProductCode in input field<br/>
Send roomcode in input field<br/>
Send correct boardName<br/>
Send Occupancy<br/>
Send bookinglines <br/>
Send Travel from date of Season-G<br/>
Send Travel To date of Season-G<br/>
Select Number of passenger<br/>
Click on SendBookingButton<br/>
</div>
</td>
<td><div><pre>org.openqa.selenium.NoSuchElementException: no such element: Unable to locate element: {&quot;method&quot;:&quot;css selector&quot;,&quot;selector&quot;:&quot;#bookinglines_Price_1&quot;}
  (Session info: chrome=113.0.5672.127)
For documentation on this error, please visit: https://selenium.dev/exceptions/#no_such_element
Build info: version: &apos;4.8.3&apos;, revision: &apos;e5e76298c3&apos;
System info: os.name: &apos;Windows 10&apos;, os.arch: &apos;amd64&apos;, os.version: &apos;10.0&apos;, java.version: &apos;17.0.4.1&apos;
Driver info: org.openqa.selenium.chrome.ChromeDriver
Command: [077db20d7a5dd6bb1b9c1ce8d74ab3f2, findElement {using=id, value=bookinglines_Price_1}]
Capabilities {acceptInsecureCerts: false, browserName: chrome, browserVersion: 113.0.5672.127, chrome: {chromedriverVersion: 113.0.5672.63 (0e1a4471d5ae..., userDataDir: C:\Users\ROHAN~1.PAT\AppDat...}, goog:chromeOptions: {debuggerAddress: localhost:52233}, networkConnectionEnabled: false, pageLoadStrategy: normal, platformName: WINDOWS, proxy: Proxy(), se:cdp: ws://localhost:52233/devtoo..., se:cdpVersion: 113.0.5672.127, setWindowRect: true, strictFileInteractability: false, timeouts: {implicit: 0, pageLoad: 300000, script: 30000}, unhandledPromptBehavior: dismiss and notify, webauthn:extension:credBlob: true, webauthn:extension:largeBlob: true, webauthn:extension:minPinLength: true, webauthn:extension:prf: true, webauthn:virtualAuthenticators: true}
Session ID: 077db20d7a5dd6bb1b9c1ce8d74ab3f2
	at org.openqa.selenium.remote.codec.w3c.W3CHttpResponseCodec.createException(W3CHttpResponseCodec.java:200)
	at org.openqa.selenium.remote.codec.w3c.W3CHttpResponseCodec.decode(W3CHttpResponseCodec.java:133)
	at org.openqa.selenium.remote.codec.w3c.W3CHttpResponseCodec.decode(W3CHttpResponseCodec.java:53)
	at org.openqa.selenium.remote.HttpCommandExecutor.execute(HttpCommandExecutor.java:193)
	at org.openqa.selenium.remote.service.DriverCommandExecutor.invokeExecute(DriverCommandExecutor.java:183)
	at org.openqa.selenium.remote.service.DriverCommandExecutor.execute(DriverCommandExecutor.java:158)
	at org.openqa.selenium.remote.RemoteWebDriver.execute(RemoteWebDriver.java:543)
	at org.openqa.selenium.remote.ElementLocation$ElementFinder$2.findElement(ElementLocation.java:162)
	at org.openqa.selenium.remote.ElementLocation.findElement(ElementLocation.java:60)
	at org.openqa.selenium.remote.RemoteWebDriver.findElement(RemoteWebDriver.java:352)
	at org.openqa.selenium.remote.RemoteWebDriver.findElement(RemoteWebDriver.java:344)
	at org.openqa.selenium.support.pagefactory.DefaultElementLocator.findElement(DefaultElementLocator.java:70)
	at org.openqa.selenium.support.pagefactory.internal.LocatingElementHandler.invoke(LocatingElementHandler.java:39)
	at jdk.proxy2/jdk.proxy2.$Proxy18.getAttribute(Unknown Source)
	at POM.bookingMaskPage.getPriceFieldValue1(bookingMaskPage.java:475)
	at BookingMaskTestCases.TCC29TC130FAIL.validateConfirmBookingOFTwoAccommodation(TCC29TC130FAIL.java:190)
	at java.base/java.util.ArrayList.forEach(ArrayList.java:1511)
... Removed 32 stack frames</pre></div><a href='#' onClick='toggleBox("stack-trace363140684", this, "Click to show all stack frames", "Click to hide stack frames")'>Click to show all stack frames</a>
<div class='stack-trace' id='stack-trace363140684'><pre>org.openqa.selenium.NoSuchElementException: no such element: Unable to locate element: {&quot;method&quot;:&quot;css selector&quot;,&quot;selector&quot;:&quot;#bookinglines_Price_1&quot;}
  (Session info: chrome=113.0.5672.127)
For documentation on this error, please visit: https://selenium.dev/exceptions/#no_such_element
Build info: version: &apos;4.8.3&apos;, revision: &apos;e5e76298c3&apos;
System info: os.name: &apos;Windows 10&apos;, os.arch: &apos;amd64&apos;, os.version: &apos;10.0&apos;, java.version: &apos;17.0.4.1&apos;
Driver info: org.openqa.selenium.chrome.ChromeDriver
Command: [077db20d7a5dd6bb1b9c1ce8d74ab3f2, findElement {using=id, value=bookinglines_Price_1}]
Capabilities {acceptInsecureCerts: false, browserName: chrome, browserVersion: 113.0.5672.127, chrome: {chromedriverVersion: 113.0.5672.63 (0e1a4471d5ae..., userDataDir: C:\Users\ROHAN~1.PAT\AppDat...}, goog:chromeOptions: {debuggerAddress: localhost:52233}, networkConnectionEnabled: false, pageLoadStrategy: normal, platformName: WINDOWS, proxy: Proxy(), se:cdp: ws://localhost:52233/devtoo..., se:cdpVersion: 113.0.5672.127, setWindowRect: true, strictFileInteractability: false, timeouts: {implicit: 0, pageLoad: 300000, script: 30000}, unhandledPromptBehavior: dismiss and notify, webauthn:extension:credBlob: true, webauthn:extension:largeBlob: true, webauthn:extension:minPinLength: true, webauthn:extension:prf: true, webauthn:virtualAuthenticators: true}
Session ID: 077db20d7a5dd6bb1b9c1ce8d74ab3f2
	at java.base/jdk.internal.reflect.NativeConstructorAccessorImpl.newInstance0(Native Method)
	at java.base/jdk.internal.reflect.NativeConstructorAccessorImpl.newInstance(NativeConstructorAccessorImpl.java:77)
	at java.base/jdk.internal.reflect.DelegatingConstructorAccessorImpl.newInstance(DelegatingConstructorAccessorImpl.java:45)
	at java.base/java.lang.reflect.Constructor.newInstanceWithCaller(Constructor.java:499)
	at java.base/java.lang.reflect.Constructor.newInstance(Constructor.java:480)
	at org.openqa.selenium.remote.codec.w3c.W3CHttpResponseCodec.createException(W3CHttpResponseCodec.java:200)
	at org.openqa.selenium.remote.codec.w3c.W3CHttpResponseCodec.decode(W3CHttpResponseCodec.java:133)
	at org.openqa.selenium.remote.codec.w3c.W3CHttpResponseCodec.decode(W3CHttpResponseCodec.java:53)
	at org.openqa.selenium.remote.HttpCommandExecutor.execute(HttpCommandExecutor.java:193)
	at org.openqa.selenium.remote.service.DriverCommandExecutor.invokeExecute(DriverCommandExecutor.java:183)
	at org.openqa.selenium.remote.service.DriverCommandExecutor.execute(DriverCommandExecutor.java:158)
	at org.openqa.selenium.remote.RemoteWebDriver.execute(RemoteWebDriver.java:543)
	at org.openqa.selenium.remote.ElementLocation$ElementFinder$2.findElement(ElementLocation.java:162)
	at org.openqa.selenium.remote.ElementLocation.findElement(ElementLocation.java:60)
	at org.openqa.selenium.remote.RemoteWebDriver.findElement(RemoteWebDriver.java:352)
	at org.openqa.selenium.remote.RemoteWebDriver.findElement(RemoteWebDriver.java:344)
	at org.openqa.selenium.support.pagefactory.DefaultElementLocator.findElement(DefaultElementLocator.java:70)
	at org.openqa.selenium.support.pagefactory.internal.LocatingElementHandler.invoke(LocatingElementHandler.java:39)
	at jdk.proxy2/jdk.proxy2.$Proxy18.getAttribute(Unknown Source)
	at POM.bookingMaskPage.getPriceFieldValue1(bookingMaskPage.java:475)
	at BookingMaskTestCases.TCC29TC130FAIL.validateConfirmBookingOFTwoAccommodation(TCC29TC130FAIL.java:190)
	at java.base/jdk.internal.reflect.NativeMethodAccessorImpl.invoke0(Native Method)
	at java.base/jdk.internal.reflect.NativeMethodAccessorImpl.invoke(NativeMethodAccessorImpl.java:77)
	at java.base/jdk.internal.reflect.DelegatingMethodAccessorImpl.invoke(DelegatingMethodAccessorImpl.java:43)
	at java.base/java.lang.reflect.Method.invoke(Method.java:568)
	at org.testng.internal.MethodInvocationHelper.invokeMethod(MethodInvocationHelper.java:133)
	at org.testng.internal.TestInvoker.invokeMethod(TestInvoker.java:598)
	at org.testng.internal.TestInvoker.invokeTestMethod(TestInvoker.java:173)
	at org.testng.internal.MethodRunner.runInSequence(MethodRunner.java:46)
	at org.testng.internal.TestInvoker$MethodInvocationAgent.invoke(TestInvoker.java:824)
	at org.testng.internal.TestInvoker.invokeTestMethods(TestInvoker.java:146)
	at org.testng.internal.TestMethodWorker.invokeTestMethods(TestMethodWorker.java:146)
	at org.testng.internal.TestMethodWorker.run(TestMethodWorker.java:128)
	at java.base/java.util.ArrayList.forEach(ArrayList.java:1511)
	at org.testng.TestRunner.privateRun(TestRunner.java:794)
	at org.testng.TestRunner.run(TestRunner.java:596)
	at org.testng.SuiteRunner.runTest(SuiteRunner.java:377)
	at org.testng.SuiteRunner.runSequentially(SuiteRunner.java:371)
	at org.testng.SuiteRunner.privateRun(SuiteRunner.java:332)
	at org.testng.SuiteRunner.run(SuiteRunner.java:276)
	at org.testng.SuiteRunnerWorker.runSuite(SuiteRunnerWorker.java:53)
	at org.testng.SuiteRunnerWorker.run(SuiteRunnerWorker.java:96)
	at org.testng.TestNG.runSuitesSequentially(TestNG.java:1212)
	at org.testng.TestNG.runSuitesLocally(TestNG.java:1134)
	at org.testng.TestNG.runSuites(TestNG.java:1063)
	at org.testng.TestNG.run(TestNG.java:1031)
	at org.testng.remote.AbstractRemoteTestNG.run(AbstractRemoteTestNG.java:115)
	at org.testng.remote.RemoteTestNG.initAndRun(RemoteTestNG.java:251)
	at org.testng.remote.RemoteTestNG.main(RemoteTestNG.java:77)
</pre></div></td>
<td>31</td>
<td>BookingMaskTestCases.TCC29TC130FAIL@6c6cb480</td></tr>
<tr>
<td title='BookingMaskTestCases.ValidateBookingWithoutSelectingAnyTravelTypeTC48.validateBookingWithoutAnyTravelType()'><b>validateBookingWithoutAnyTravelType</b><br>Test class: BookingMaskTestCases.ValidateBookingWithoutSelectingAnyTravelTypeTC48</td>
<td><div><pre>java.lang.AssertionError: TC failed as Actual message and expected message are not matching  expected [Bitte w채hlen Sie aus den folgenden Reisearten (NFAX, XXXXXX, TFT1, TFT2, XXXXXX, FNTR, FTV, RAL, B2B, TRAV, TEST3, TEST, , , TEST3, Duplicate, Duplicate, RAL, wer_qw, wer_qw, TT)                                                                                                                                              ] but found [Bitte w채hlen Sie aus den folgenden Reisearten (NFAX, XXXXXX, TFT1, TFT2, XXXXXX, FNTR, FTV, RAL, B2B, TRAV, TEST3, TEST, , , TEST3, Duplicate, Duplicate, ALL, RAL)                                                                                                                                                             ]
	at BookingMaskTestCases.ValidateBookingWithoutSelectingAnyTravelTypeTC48.validateBookingWithoutAnyTravelType(ValidateBookingWithoutSelectingAnyTravelTypeTC48.java:156)
	at java.base/java.util.ArrayList.forEach(ArrayList.java:1511)
... Removed 32 stack frames</pre></div><a href='#' onClick='toggleBox("stack-trace478302472", this, "Click to show all stack frames", "Click to hide stack frames")'>Click to show all stack frames</a>
<div class='stack-trace' id='stack-trace478302472'><pre>java.lang.AssertionError: TC failed as Actual message and expected message are not matching  expected [Bitte w채hlen Sie aus den folgenden Reisearten (NFAX, XXXXXX, TFT1, TFT2, XXXXXX, FNTR, FTV, RAL, B2B, TRAV, TEST3, TEST, , , TEST3, Duplicate, Duplicate, RAL, wer_qw, wer_qw, TT)                                                                                                                                              ] but found [Bitte w채hlen Sie aus den folgenden Reisearten (NFAX, XXXXXX, TFT1, TFT2, XXXXXX, FNTR, FTV, RAL, B2B, TRAV, TEST3, TEST, , , TEST3, Duplicate, Duplicate, ALL, RAL)                                                                                                                                                             ]
	at org.testng.Assert.fail(Assert.java:99)
	at org.testng.Assert.failNotEquals(Assert.java:1037)
	at org.testng.Assert.assertEqualsImpl(Assert.java:140)
	at org.testng.Assert.assertEquals(Assert.java:122)
	at org.testng.Assert.assertEquals(Assert.java:629)
	at BookingMaskTestCases.ValidateBookingWithoutSelectingAnyTravelTypeTC48.validateBookingWithoutAnyTravelType(ValidateBookingWithoutSelectingAnyTravelTypeTC48.java:156)
	at java.base/jdk.internal.reflect.NativeMethodAccessorImpl.invoke0(Native Method)
	at java.base/jdk.internal.reflect.NativeMethodAccessorImpl.invoke(NativeMethodAccessorImpl.java:77)
	at java.base/jdk.internal.reflect.DelegatingMethodAccessorImpl.invoke(DelegatingMethodAccessorImpl.java:43)
	at java.base/java.lang.reflect.Method.invoke(Method.java:568)
	at org.testng.internal.MethodInvocationHelper.invokeMethod(MethodInvocationHelper.java:133)
	at org.testng.internal.TestInvoker.invokeMethod(TestInvoker.java:598)
	at org.testng.internal.TestInvoker.invokeTestMethod(TestInvoker.java:173)
	at org.testng.internal.MethodRunner.runInSequence(MethodRunner.java:46)
	at org.testng.internal.TestInvoker$MethodInvocationAgent.invoke(TestInvoker.java:824)
	at org.testng.internal.TestInvoker.invokeTestMethods(TestInvoker.java:146)
	at org.testng.internal.TestMethodWorker.invokeTestMethods(TestMethodWorker.java:146)
	at org.testng.internal.TestMethodWorker.run(TestMethodWorker.java:128)
	at java.base/java.util.ArrayList.forEach(ArrayList.java:1511)
	at org.testng.TestRunner.privateRun(TestRunner.java:794)
	at org.testng.TestRunner.run(TestRunner.java:596)
	at org.testng.SuiteRunner.runTest(SuiteRunner.java:377)
	at org.testng.SuiteRunner.runSequentially(SuiteRunner.java:371)
	at org.testng.SuiteRunner.privateRun(SuiteRunner.java:332)
	at org.testng.SuiteRunner.run(SuiteRunner.java:276)
	at org.testng.SuiteRunnerWorker.runSuite(SuiteRunnerWorker.java:53)
	at org.testng.SuiteRunnerWorker.run(SuiteRunnerWorker.java:96)
	at org.testng.TestNG.runSuitesSequentially(TestNG.java:1212)
	at org.testng.TestNG.runSuitesLocally(TestNG.java:1134)
	at org.testng.TestNG.runSuites(TestNG.java:1063)
	at org.testng.TestNG.run(TestNG.java:1031)
	at org.testng.remote.AbstractRemoteTestNG.run(AbstractRemoteTestNG.java:115)
	at org.testng.remote.RemoteTestNG.initAndRun(RemoteTestNG.java:251)
	at org.testng.remote.RemoteTestNG.main(RemoteTestNG.java:77)
</pre></div></td>
<td>0</td>
<td>BookingMaskTestCases.ValidateBookingWithoutSelectingAnyTravelTypeTC48@78691363</td></tr>
<tr>
<td title='BookingMaskTestCases.VerifyTravelDateNotInAnySeason_TC87.validateErrorMsgDatesOutOfSeason()'><b>validateErrorMsgDatesOutOfSeason</b><br>Test class: BookingMaskTestCases.VerifyTravelDateNotInAnySeason_TC87</td>
<td><div><pre>java.lang.AssertionError: expected [false] but found [true]
	at BookingMaskTestCases.VerifyTravelDateNotInAnySeason_TC87.validateErrorMsgDatesOutOfSeason(VerifyTravelDateNotInAnySeason_TC87.java:130)
	at java.base/java.util.ArrayList.forEach(ArrayList.java:1511)
... Removed 33 stack frames</pre></div><a href='#' onClick='toggleBox("stack-trace1666947575", this, "Click to show all stack frames", "Click to hide stack frames")'>Click to show all stack frames</a>
<div class='stack-trace' id='stack-trace1666947575'><pre>java.lang.AssertionError: expected [false] but found [true]
	at org.testng.Assert.fail(Assert.java:99)
	at org.testng.Assert.failNotEquals(Assert.java:1037)
	at org.testng.Assert.assertEqualsImpl(Assert.java:140)
	at org.testng.Assert.assertEquals(Assert.java:122)
	at org.testng.Assert.assertEquals(Assert.java:819)
	at org.testng.Assert.assertEquals(Assert.java:829)
	at BookingMaskTestCases.VerifyTravelDateNotInAnySeason_TC87.validateErrorMsgDatesOutOfSeason(VerifyTravelDateNotInAnySeason_TC87.java:130)
	at java.base/jdk.internal.reflect.NativeMethodAccessorImpl.invoke0(Native Method)
	at java.base/jdk.internal.reflect.NativeMethodAccessorImpl.invoke(NativeMethodAccessorImpl.java:77)
	at java.base/jdk.internal.reflect.DelegatingMethodAccessorImpl.invoke(DelegatingMethodAccessorImpl.java:43)
	at java.base/java.lang.reflect.Method.invoke(Method.java:568)
	at org.testng.internal.MethodInvocationHelper.invokeMethod(MethodInvocationHelper.java:133)
	at org.testng.internal.TestInvoker.invokeMethod(TestInvoker.java:598)
	at org.testng.internal.TestInvoker.invokeTestMethod(TestInvoker.java:173)
	at org.testng.internal.MethodRunner.runInSequence(MethodRunner.java:46)
	at org.testng.internal.TestInvoker$MethodInvocationAgent.invoke(TestInvoker.java:824)
	at org.testng.internal.TestInvoker.invokeTestMethods(TestInvoker.java:146)
	at org.testng.internal.TestMethodWorker.invokeTestMethods(TestMethodWorker.java:146)
	at org.testng.internal.TestMethodWorker.run(TestMethodWorker.java:128)
	at java.base/java.util.ArrayList.forEach(ArrayList.java:1511)
	at org.testng.TestRunner.privateRun(TestRunner.java:794)
	at org.testng.TestRunner.run(TestRunner.java:596)
	at org.testng.SuiteRunner.runTest(SuiteRunner.java:377)
	at org.testng.SuiteRunner.runSequentially(SuiteRunner.java:371)
	at org.testng.SuiteRunner.privateRun(SuiteRunner.java:332)
	at org.testng.SuiteRunner.run(SuiteRunner.java:276)
	at org.testng.SuiteRunnerWorker.runSuite(SuiteRunnerWorker.java:53)
	at org.testng.SuiteRunnerWorker.run(SuiteRunnerWorker.java:96)
	at org.testng.TestNG.runSuitesSequentially(TestNG.java:1212)
	at org.testng.TestNG.runSuitesLocally(TestNG.java:1134)
	at org.testng.TestNG.runSuites(TestNG.java:1063)
	at org.testng.TestNG.run(TestNG.java:1031)
	at org.testng.remote.AbstractRemoteTestNG.run(AbstractRemoteTestNG.java:115)
	at org.testng.remote.RemoteTestNG.initAndRun(RemoteTestNG.java:251)
	at org.testng.remote.RemoteTestNG.main(RemoteTestNG.java:77)
</pre></div></td>
<td>0</td>
<td>BookingMaskTestCases.VerifyTravelDateNotInAnySeason_TC87@6b2ea799</td></tr>
<tr>
<td title='BookingMaskTestCases.VerifyBookingWithMismatchPaxAndOCCTC50.validateBookingWitMismatchPaxAndOCC()'><b>validateBookingWitMismatchPaxAndOCC</b><br>Test class: BookingMaskTestCases.VerifyBookingWithMismatchPaxAndOCCTC50</td>
<td><div><pre>java.lang.AssertionError: Test Case Failed as actual and expected Messages are not matching expected [error message] but found [TESTING                                                                                                                                                                                                                                                                                                                                                                                                                                                                                                                                                                                                                                                                                                                                                                                                                                                                                                                                                                                         ]
	at BookingMaskTestCases.VerifyBookingWithMismatchPaxAndOCCTC50.validateBookingWitMismatchPaxAndOCC(VerifyBookingWithMismatchPaxAndOCCTC50.java:162)
	at java.base/java.util.ArrayList.forEach(ArrayList.java:1511)
... Removed 32 stack frames</pre></div><a href='#' onClick='toggleBox("stack-trace1789175625", this, "Click to show all stack frames", "Click to hide stack frames")'>Click to show all stack frames</a>
<div class='stack-trace' id='stack-trace1789175625'><pre>java.lang.AssertionError: Test Case Failed as actual and expected Messages are not matching expected [error message] but found [TESTING                                                                                                                                                                                                                                                                                                                                                                                                                                                                                                                                                                                                                                                                                                                                                                                                                                                                                                                                                                                         ]
	at org.testng.Assert.fail(Assert.java:99)
	at org.testng.Assert.failNotEquals(Assert.java:1037)
	at org.testng.Assert.assertEqualsImpl(Assert.java:140)
	at org.testng.Assert.assertEquals(Assert.java:122)
	at org.testng.Assert.assertEquals(Assert.java:629)
	at BookingMaskTestCases.VerifyBookingWithMismatchPaxAndOCCTC50.validateBookingWitMismatchPaxAndOCC(VerifyBookingWithMismatchPaxAndOCCTC50.java:162)
	at java.base/jdk.internal.reflect.NativeMethodAccessorImpl.invoke0(Native Method)
	at java.base/jdk.internal.reflect.NativeMethodAccessorImpl.invoke(NativeMethodAccessorImpl.java:77)
	at java.base/jdk.internal.reflect.DelegatingMethodAccessorImpl.invoke(DelegatingMethodAccessorImpl.java:43)
	at java.base/java.lang.reflect.Method.invoke(Method.java:568)
	at org.testng.internal.MethodInvocationHelper.invokeMethod(MethodInvocationHelper.java:133)
	at org.testng.internal.TestInvoker.invokeMethod(TestInvoker.java:598)
	at org.testng.internal.TestInvoker.invokeTestMethod(TestInvoker.java:173)
	at org.testng.internal.MethodRunner.runInSequence(MethodRunner.java:46)
	at org.testng.internal.TestInvoker$MethodInvocationAgent.invoke(TestInvoker.java:824)
	at org.testng.internal.TestInvoker.invokeTestMethods(TestInvoker.java:146)
	at org.testng.internal.TestMethodWorker.invokeTestMethods(TestMethodWorker.java:146)
	at org.testng.internal.TestMethodWorker.run(TestMethodWorker.java:128)
	at java.base/java.util.ArrayList.forEach(ArrayList.java:1511)
	at org.testng.TestRunner.privateRun(TestRunner.java:794)
	at org.testng.TestRunner.run(TestRunner.java:596)
	at org.testng.SuiteRunner.runTest(SuiteRunner.java:377)
	at org.testng.SuiteRunner.runSequentially(SuiteRunner.java:371)
	at org.testng.SuiteRunner.privateRun(SuiteRunner.java:332)
	at org.testng.SuiteRunner.run(SuiteRunner.java:276)
	at org.testng.SuiteRunnerWorker.runSuite(SuiteRunnerWorker.java:53)
	at org.testng.SuiteRunnerWorker.run(SuiteRunnerWorker.java:96)
	at org.testng.TestNG.runSuitesSequentially(TestNG.java:1212)
	at org.testng.TestNG.runSuitesLocally(TestNG.java:1134)
	at org.testng.TestNG.runSuites(TestNG.java:1063)
	at org.testng.TestNG.run(TestNG.java:1031)
	at org.testng.remote.AbstractRemoteTestNG.run(AbstractRemoteTestNG.java:115)
	at org.testng.remote.RemoteTestNG.initAndRun(RemoteTestNG.java:251)
	at org.testng.remote.RemoteTestNG.main(RemoteTestNG.java:77)
</pre></div></td>
<td>0</td>
<td>BookingMaskTestCases.VerifyBookingWithMismatchPaxAndOCCTC50@41d477ed</td></tr>
<tr>
<td title='BookingMaskTestCases.VerifyBookingCancellationAndEnquiryTC42TC43.validateCancellationPricesWithS()'><b>validateCancellationPricesWithS</b><br>Test class: BookingMaskTestCases.VerifyBookingCancellationAndEnquiryTC42TC43<br/>
<a href="#Output-235493350" onClick='toggleBox("Output-235493350", this, "Show output", "Hide output");'>Show output</a>

<a href="#Output-235493350" onClick="toggleAllBoxes();">Show all outputs</a>
<div class='log' id="Output-235493350">
Select TFT1 in TravelType dropdownList<br/>
Selected HK002 - (code) from dropdown list<br/>
Send Booking action<br/>
Select Falk Tours AG in CompanyID dropdownList<br/>
Send number of passenger<br/>
Send correct KOS in input field<br/>
Send correct ProductCode in input field<br/>
Send roomcode in input field<br/>
Send correct boardName<br/>
Send Occupancy<br/>
Send bookinglines <br/>
Send Travel from dates<br/>
Send Travel To date<br/>
Select Number of passenger<br/>
Click on sendBookingButton<br/>
Clicked on ViewList<br/>
Clicked on SendTBMcode to verify booking is done or not<br/>
Clicked on Booking listButton<br/>
Send TBM code<br/>
Clicked on Booking listButton<br/>
Clicked on edit booking1<br/>
Click on SendBookingButton<br/>
Send Modified booking action<br/>
Click on sendBookingButton after entering SA action code<br/>
</div>
</td>
<td><div><pre>org.openqa.selenium.NoSuchElementException: no such element: Unable to locate element: {&quot;method&quot;:&quot;css selector&quot;,&quot;selector&quot;:&quot;#bookinglines_Price_1&quot;}
  (Session info: chrome=113.0.5672.127)
For documentation on this error, please visit: https://selenium.dev/exceptions/#no_such_element
Build info: version: &apos;4.8.3&apos;, revision: &apos;e5e76298c3&apos;
System info: os.name: &apos;Windows 10&apos;, os.arch: &apos;amd64&apos;, os.version: &apos;10.0&apos;, java.version: &apos;17.0.4.1&apos;
Driver info: org.openqa.selenium.chrome.ChromeDriver
Command: [93aded0bbe9b58eb2d85f5154aa26e7d, findElement {using=id, value=bookinglines_Price_1}]
Capabilities {acceptInsecureCerts: false, browserName: chrome, browserVersion: 113.0.5672.127, chrome: {chromedriverVersion: 113.0.5672.63 (0e1a4471d5ae..., userDataDir: C:\Users\ROHAN~1.PAT\AppDat...}, goog:chromeOptions: {debuggerAddress: localhost:52125}, networkConnectionEnabled: false, pageLoadStrategy: normal, platformName: WINDOWS, proxy: Proxy(), se:cdp: ws://localhost:52125/devtoo..., se:cdpVersion: 113.0.5672.127, setWindowRect: true, strictFileInteractability: false, timeouts: {implicit: 0, pageLoad: 300000, script: 30000}, unhandledPromptBehavior: dismiss and notify, webauthn:extension:credBlob: true, webauthn:extension:largeBlob: true, webauthn:extension:minPinLength: true, webauthn:extension:prf: true, webauthn:virtualAuthenticators: true}
Session ID: 93aded0bbe9b58eb2d85f5154aa26e7d
	at org.openqa.selenium.remote.codec.w3c.W3CHttpResponseCodec.createException(W3CHttpResponseCodec.java:200)
	at org.openqa.selenium.remote.codec.w3c.W3CHttpResponseCodec.decode(W3CHttpResponseCodec.java:133)
	at org.openqa.selenium.remote.codec.w3c.W3CHttpResponseCodec.decode(W3CHttpResponseCodec.java:53)
	at org.openqa.selenium.remote.HttpCommandExecutor.execute(HttpCommandExecutor.java:193)
	at org.openqa.selenium.remote.service.DriverCommandExecutor.invokeExecute(DriverCommandExecutor.java:183)
	at org.openqa.selenium.remote.service.DriverCommandExecutor.execute(DriverCommandExecutor.java:158)
	at org.openqa.selenium.remote.RemoteWebDriver.execute(RemoteWebDriver.java:543)
	at org.openqa.selenium.remote.ElementLocation$ElementFinder$2.findElement(ElementLocation.java:162)
	at org.openqa.selenium.remote.ElementLocation.findElement(ElementLocation.java:60)
	at org.openqa.selenium.remote.RemoteWebDriver.findElement(RemoteWebDriver.java:352)
	at org.openqa.selenium.remote.RemoteWebDriver.findElement(RemoteWebDriver.java:344)
	at org.openqa.selenium.support.pagefactory.DefaultElementLocator.findElement(DefaultElementLocator.java:70)
	at org.openqa.selenium.support.pagefactory.internal.LocatingElementHandler.invoke(LocatingElementHandler.java:39)
	at jdk.proxy2/jdk.proxy2.$Proxy18.getAttribute(Unknown Source)
	at POM.bookingMaskPage.getPriceFieldValue1(bookingMaskPage.java:475)
	at BookingMaskTestCases.VerifyBookingCancellationAndEnquiryTC42TC43.validateCancellationPricesWithS(VerifyBookingCancellationAndEnquiryTC42TC43.java:329)
	at java.base/java.util.ArrayList.forEach(ArrayList.java:1511)
... Removed 32 stack frames</pre></div><a href='#' onClick='toggleBox("stack-trace235493350", this, "Click to show all stack frames", "Click to hide stack frames")'>Click to show all stack frames</a>
<div class='stack-trace' id='stack-trace235493350'><pre>org.openqa.selenium.NoSuchElementException: no such element: Unable to locate element: {&quot;method&quot;:&quot;css selector&quot;,&quot;selector&quot;:&quot;#bookinglines_Price_1&quot;}
  (Session info: chrome=113.0.5672.127)
For documentation on this error, please visit: https://selenium.dev/exceptions/#no_such_element
Build info: version: &apos;4.8.3&apos;, revision: &apos;e5e76298c3&apos;
System info: os.name: &apos;Windows 10&apos;, os.arch: &apos;amd64&apos;, os.version: &apos;10.0&apos;, java.version: &apos;17.0.4.1&apos;
Driver info: org.openqa.selenium.chrome.ChromeDriver
Command: [93aded0bbe9b58eb2d85f5154aa26e7d, findElement {using=id, value=bookinglines_Price_1}]
Capabilities {acceptInsecureCerts: false, browserName: chrome, browserVersion: 113.0.5672.127, chrome: {chromedriverVersion: 113.0.5672.63 (0e1a4471d5ae..., userDataDir: C:\Users\ROHAN~1.PAT\AppDat...}, goog:chromeOptions: {debuggerAddress: localhost:52125}, networkConnectionEnabled: false, pageLoadStrategy: normal, platformName: WINDOWS, proxy: Proxy(), se:cdp: ws://localhost:52125/devtoo..., se:cdpVersion: 113.0.5672.127, setWindowRect: true, strictFileInteractability: false, timeouts: {implicit: 0, pageLoad: 300000, script: 30000}, unhandledPromptBehavior: dismiss and notify, webauthn:extension:credBlob: true, webauthn:extension:largeBlob: true, webauthn:extension:minPinLength: true, webauthn:extension:prf: true, webauthn:virtualAuthenticators: true}
Session ID: 93aded0bbe9b58eb2d85f5154aa26e7d
	at java.base/jdk.internal.reflect.NativeConstructorAccessorImpl.newInstance0(Native Method)
	at java.base/jdk.internal.reflect.NativeConstructorAccessorImpl.newInstance(NativeConstructorAccessorImpl.java:77)
	at java.base/jdk.internal.reflect.DelegatingConstructorAccessorImpl.newInstance(DelegatingConstructorAccessorImpl.java:45)
	at java.base/java.lang.reflect.Constructor.newInstanceWithCaller(Constructor.java:499)
	at java.base/java.lang.reflect.Constructor.newInstance(Constructor.java:480)
	at org.openqa.selenium.remote.codec.w3c.W3CHttpResponseCodec.createException(W3CHttpResponseCodec.java:200)
	at org.openqa.selenium.remote.codec.w3c.W3CHttpResponseCodec.decode(W3CHttpResponseCodec.java:133)
	at org.openqa.selenium.remote.codec.w3c.W3CHttpResponseCodec.decode(W3CHttpResponseCodec.java:53)
	at org.openqa.selenium.remote.HttpCommandExecutor.execute(HttpCommandExecutor.java:193)
	at org.openqa.selenium.remote.service.DriverCommandExecutor.invokeExecute(DriverCommandExecutor.java:183)
	at org.openqa.selenium.remote.service.DriverCommandExecutor.execute(DriverCommandExecutor.java:158)
	at org.openqa.selenium.remote.RemoteWebDriver.execute(RemoteWebDriver.java:543)
	at org.openqa.selenium.remote.ElementLocation$ElementFinder$2.findElement(ElementLocation.java:162)
	at org.openqa.selenium.remote.ElementLocation.findElement(ElementLocation.java:60)
	at org.openqa.selenium.remote.RemoteWebDriver.findElement(RemoteWebDriver.java:352)
	at org.openqa.selenium.remote.RemoteWebDriver.findElement(RemoteWebDriver.java:344)
	at org.openqa.selenium.support.pagefactory.DefaultElementLocator.findElement(DefaultElementLocator.java:70)
	at org.openqa.selenium.support.pagefactory.internal.LocatingElementHandler.invoke(LocatingElementHandler.java:39)
	at jdk.proxy2/jdk.proxy2.$Proxy18.getAttribute(Unknown Source)
	at POM.bookingMaskPage.getPriceFieldValue1(bookingMaskPage.java:475)
	at BookingMaskTestCases.VerifyBookingCancellationAndEnquiryTC42TC43.validateCancellationPricesWithS(VerifyBookingCancellationAndEnquiryTC42TC43.java:329)
	at java.base/jdk.internal.reflect.NativeMethodAccessorImpl.invoke0(Native Method)
	at java.base/jdk.internal.reflect.NativeMethodAccessorImpl.invoke(NativeMethodAccessorImpl.java:77)
	at java.base/jdk.internal.reflect.DelegatingMethodAccessorImpl.invoke(DelegatingMethodAccessorImpl.java:43)
	at java.base/java.lang.reflect.Method.invoke(Method.java:568)
	at org.testng.internal.MethodInvocationHelper.invokeMethod(MethodInvocationHelper.java:133)
	at org.testng.internal.TestInvoker.invokeMethod(TestInvoker.java:598)
	at org.testng.internal.TestInvoker.invokeTestMethod(TestInvoker.java:173)
	at org.testng.internal.MethodRunner.runInSequence(MethodRunner.java:46)
	at org.testng.internal.TestInvoker$MethodInvocationAgent.invoke(TestInvoker.java:824)
	at org.testng.internal.TestInvoker.invokeTestMethods(TestInvoker.java:146)
	at org.testng.internal.TestMethodWorker.invokeTestMethods(TestMethodWorker.java:146)
	at org.testng.internal.TestMethodWorker.run(TestMethodWorker.java:128)
	at java.base/java.util.ArrayList.forEach(ArrayList.java:1511)
	at org.testng.TestRunner.privateRun(TestRunner.java:794)
	at org.testng.TestRunner.run(TestRunner.java:596)
	at org.testng.SuiteRunner.runTest(SuiteRunner.java:377)
	at org.testng.SuiteRunner.runSequentially(SuiteRunner.java:371)
	at org.testng.SuiteRunner.privateRun(SuiteRunner.java:332)
	at org.testng.SuiteRunner.run(SuiteRunner.java:276)
	at org.testng.SuiteRunnerWorker.runSuite(SuiteRunnerWorker.java:53)
	at org.testng.SuiteRunnerWorker.run(SuiteRunnerWorker.java:96)
	at org.testng.TestNG.runSuitesSequentially(TestNG.java:1212)
	at org.testng.TestNG.runSuitesLocally(TestNG.java:1134)
	at org.testng.TestNG.runSuites(TestNG.java:1063)
	at org.testng.TestNG.run(TestNG.java:1031)
	at org.testng.remote.AbstractRemoteTestNG.run(AbstractRemoteTestNG.java:115)
	at org.testng.remote.RemoteTestNG.initAndRun(RemoteTestNG.java:251)
	at org.testng.remote.RemoteTestNG.main(RemoteTestNG.java:77)
</pre></div></td>
<td>63</td>
<td>BookingMaskTestCases.VerifyBookingCancellationAndEnquiryTC42TC43@408d971b</td></tr>
<tr>
<td title='BookingMaskTestCases.VerifyTravelDateIsEndOfSeasonB_TC85.validatePriceForEndDayOfSeasonB()'><b>validatePriceForEndDayOfSeasonB</b><br>Test class: BookingMaskTestCases.VerifyTravelDateIsEndOfSeasonB_TC85</td>
<td><div><pre>java.lang.AssertionError: Test Case Failed as actual &amp; expected Price are not matching expected [888.00] but found [1776.00]
	at BookingMaskTestCases.VerifyTravelDateIsEndOfSeasonB_TC85.validatePriceForEndDayOfSeasonB(VerifyTravelDateIsEndOfSeasonB_TC85.java:134)
	at java.base/java.util.ArrayList.forEach(ArrayList.java:1511)
... Removed 32 stack frames</pre></div><a href='#' onClick='toggleBox("stack-trace1667399890", this, "Click to show all stack frames", "Click to hide stack frames")'>Click to show all stack frames</a>
<div class='stack-trace' id='stack-trace1667399890'><pre>java.lang.AssertionError: Test Case Failed as actual &amp; expected Price are not matching expected [888.00] but found [1776.00]
	at org.testng.Assert.fail(Assert.java:99)
	at org.testng.Assert.failNotEquals(Assert.java:1037)
	at org.testng.Assert.assertEqualsImpl(Assert.java:140)
	at org.testng.Assert.assertEquals(Assert.java:122)
	at org.testng.Assert.assertEquals(Assert.java:629)
	at BookingMaskTestCases.VerifyTravelDateIsEndOfSeasonB_TC85.validatePriceForEndDayOfSeasonB(VerifyTravelDateIsEndOfSeasonB_TC85.java:134)
	at java.base/jdk.internal.reflect.NativeMethodAccessorImpl.invoke0(Native Method)
	at java.base/jdk.internal.reflect.NativeMethodAccessorImpl.invoke(NativeMethodAccessorImpl.java:77)
	at java.base/jdk.internal.reflect.DelegatingMethodAccessorImpl.invoke(DelegatingMethodAccessorImpl.java:43)
	at java.base/java.lang.reflect.Method.invoke(Method.java:568)
	at org.testng.internal.MethodInvocationHelper.invokeMethod(MethodInvocationHelper.java:133)
	at org.testng.internal.TestInvoker.invokeMethod(TestInvoker.java:598)
	at org.testng.internal.TestInvoker.invokeTestMethod(TestInvoker.java:173)
	at org.testng.internal.MethodRunner.runInSequence(MethodRunner.java:46)
	at org.testng.internal.TestInvoker$MethodInvocationAgent.invoke(TestInvoker.java:824)
	at org.testng.internal.TestInvoker.invokeTestMethods(TestInvoker.java:146)
	at org.testng.internal.TestMethodWorker.invokeTestMethods(TestMethodWorker.java:146)
	at org.testng.internal.TestMethodWorker.run(TestMethodWorker.java:128)
	at java.base/java.util.ArrayList.forEach(ArrayList.java:1511)
	at org.testng.TestRunner.privateRun(TestRunner.java:794)
	at org.testng.TestRunner.run(TestRunner.java:596)
	at org.testng.SuiteRunner.runTest(SuiteRunner.java:377)
	at org.testng.SuiteRunner.runSequentially(SuiteRunner.java:371)
	at org.testng.SuiteRunner.privateRun(SuiteRunner.java:332)
	at org.testng.SuiteRunner.run(SuiteRunner.java:276)
	at org.testng.SuiteRunnerWorker.runSuite(SuiteRunnerWorker.java:53)
	at org.testng.SuiteRunnerWorker.run(SuiteRunnerWorker.java:96)
	at org.testng.TestNG.runSuitesSequentially(TestNG.java:1212)
	at org.testng.TestNG.runSuitesLocally(TestNG.java:1134)
	at org.testng.TestNG.runSuites(TestNG.java:1063)
	at org.testng.TestNG.run(TestNG.java:1031)
	at org.testng.remote.AbstractRemoteTestNG.run(AbstractRemoteTestNG.java:115)
	at org.testng.remote.RemoteTestNG.initAndRun(RemoteTestNG.java:251)
	at org.testng.remote.RemoteTestNG.main(RemoteTestNG.java:77)
</pre></div></td>
<td>0</td>
<td>BookingMaskTestCases.VerifyTravelDateIsEndOfSeasonB_TC85@51399530</td></tr>
<tr>
<td title='BookingMaskTestCases.VerifyModifyBookingWithActionCodeUXTC44.validateModifyBookingWithActionCodeUX()'><b>validateModifyBookingWithActionCodeUX</b><br>Test class: BookingMaskTestCases.VerifyModifyBookingWithActionCodeUXTC44<br/>
<a href="#Output-1438524936" onClick='toggleBox("Output-1438524936", this, "Show output", "Hide output");'>Show output</a>

<a href="#Output-1438524936" onClick="toggleAllBoxes();">Show all outputs</a>
<div class='log' id="Output-1438524936">
Select TFT1 in TravelType dropdownList<br/>
Select HK001 - (TESTING) from dropdown list<br/>
Select Falk Tours AG in CompanyID dropdownList<br/>
Send number of passenger<br/>
Send correct KOS in input field<br/>
Send correct ProductCode in input field<br/>
Send roomcode in input field<br/>
Send correct boardName<br/>
Send Occupancy<br/>
Send bookinglines <br/>
Send Travel from date for Season-G<br/>
Send Travel To date for Season-G<br/>
Send Number of passenger<br/>
Click on sendBookingButton after U action code<br/>
Clicked on ViewList<br/>
Clicked on sendTBMcode to verify booking is done or not<br/>
Clicked on Booking listButton<br/>
Send TBM code<br/>
Clicked on Booking listButton<br/>
Clicked on edit booking1<br/>
Change Booking action yo UA<br/>
Send Modified Travel To date<br/>
Change Booking Action yo UX<br/>
Click on sendBookingButton after U action code<br/>
</div>
</td>
<td><div><pre>org.openqa.selenium.ElementClickInterceptedException: element click intercepted: Element &lt;a href=&quot;/SalesBooking&quot; class=&quot;btn-shadow btn btn-success&quot;&gt;...&lt;/a&gt; is not clickable at point (1189, 16). Other element would receive the click: &lt;div class=&quot;app-header-right&quot;&gt;...&lt;/div&gt;
  (Session info: chrome=113.0.5672.127)
Build info: version: &apos;4.8.3&apos;, revision: &apos;e5e76298c3&apos;
System info: os.name: &apos;Windows 10&apos;, os.arch: &apos;amd64&apos;, os.version: &apos;10.0&apos;, java.version: &apos;17.0.4.1&apos;
Driver info: org.openqa.selenium.chrome.ChromeDriver
Command: [45cbdedc22b58b042480135ae60bd591, clickElement {id=3B8B5FD9EF3281C6992337B555F216FE_element_7461}]
Capabilities {acceptInsecureCerts: false, browserName: chrome, browserVersion: 113.0.5672.127, chrome: {chromedriverVersion: 113.0.5672.63 (0e1a4471d5ae..., userDataDir: C:\Users\ROHAN~1.PAT\AppDat...}, goog:chromeOptions: {debuggerAddress: localhost:49758}, networkConnectionEnabled: false, pageLoadStrategy: normal, platformName: WINDOWS, proxy: Proxy(), se:cdp: ws://localhost:49758/devtoo..., se:cdpVersion: 113.0.5672.127, setWindowRect: true, strictFileInteractability: false, timeouts: {implicit: 0, pageLoad: 300000, script: 30000}, unhandledPromptBehavior: dismiss and notify, webauthn:extension:credBlob: true, webauthn:extension:largeBlob: true, webauthn:extension:minPinLength: true, webauthn:extension:prf: true, webauthn:virtualAuthenticators: true}
Element: [[ChromeDriver: chrome on WINDOWS (45cbdedc22b58b042480135ae60bd591)] -&gt; xpath: //a[@class=&apos;btn-shadow btn btn-success&apos;]]
Session ID: 45cbdedc22b58b042480135ae60bd591
	at org.openqa.selenium.remote.codec.w3c.W3CHttpResponseCodec.createException(W3CHttpResponseCodec.java:200)
	at org.openqa.selenium.remote.codec.w3c.W3CHttpResponseCodec.decode(W3CHttpResponseCodec.java:133)
	at org.openqa.selenium.remote.codec.w3c.W3CHttpResponseCodec.decode(W3CHttpResponseCodec.java:53)
	at org.openqa.selenium.remote.HttpCommandExecutor.execute(HttpCommandExecutor.java:193)
	at org.openqa.selenium.remote.service.DriverCommandExecutor.invokeExecute(DriverCommandExecutor.java:183)
	at org.openqa.selenium.remote.service.DriverCommandExecutor.execute(DriverCommandExecutor.java:158)
	at org.openqa.selenium.remote.RemoteWebDriver.execute(RemoteWebDriver.java:543)
	at org.openqa.selenium.remote.RemoteWebElement.execute(RemoteWebElement.java:257)
	at org.openqa.selenium.remote.RemoteWebElement.click(RemoteWebElement.java:78)
	at org.openqa.selenium.support.pagefactory.internal.LocatingElementHandler.invoke(LocatingElementHandler.java:52)
	at jdk.proxy2/jdk.proxy2.$Proxy18.click(Unknown Source)
	at POM.bookingMaskPage.clickOnViewList(bookingMaskPage.java:252)
	at BookingMaskTestCases.VerifyModifyBookingWithActionCodeUXTC44.validateModifyBookingWithActionCodeUX(VerifyModifyBookingWithActionCodeUXTC44.java:218)
	at java.base/java.util.ArrayList.forEach(ArrayList.java:1511)
... Removed 35 stack frames</pre></div><a href='#' onClick='toggleBox("stack-trace1438524936", this, "Click to show all stack frames", "Click to hide stack frames")'>Click to show all stack frames</a>
<div class='stack-trace' id='stack-trace1438524936'><pre>org.openqa.selenium.ElementClickInterceptedException: element click intercepted: Element &lt;a href=&quot;/SalesBooking&quot; class=&quot;btn-shadow btn btn-success&quot;&gt;...&lt;/a&gt; is not clickable at point (1189, 16). Other element would receive the click: &lt;div class=&quot;app-header-right&quot;&gt;...&lt;/div&gt;
  (Session info: chrome=113.0.5672.127)
Build info: version: &apos;4.8.3&apos;, revision: &apos;e5e76298c3&apos;
System info: os.name: &apos;Windows 10&apos;, os.arch: &apos;amd64&apos;, os.version: &apos;10.0&apos;, java.version: &apos;17.0.4.1&apos;
Driver info: org.openqa.selenium.chrome.ChromeDriver
Command: [45cbdedc22b58b042480135ae60bd591, clickElement {id=3B8B5FD9EF3281C6992337B555F216FE_element_7461}]
Capabilities {acceptInsecureCerts: false, browserName: chrome, browserVersion: 113.0.5672.127, chrome: {chromedriverVersion: 113.0.5672.63 (0e1a4471d5ae..., userDataDir: C:\Users\ROHAN~1.PAT\AppDat...}, goog:chromeOptions: {debuggerAddress: localhost:49758}, networkConnectionEnabled: false, pageLoadStrategy: normal, platformName: WINDOWS, proxy: Proxy(), se:cdp: ws://localhost:49758/devtoo..., se:cdpVersion: 113.0.5672.127, setWindowRect: true, strictFileInteractability: false, timeouts: {implicit: 0, pageLoad: 300000, script: 30000}, unhandledPromptBehavior: dismiss and notify, webauthn:extension:credBlob: true, webauthn:extension:largeBlob: true, webauthn:extension:minPinLength: true, webauthn:extension:prf: true, webauthn:virtualAuthenticators: true}
Element: [[ChromeDriver: chrome on WINDOWS (45cbdedc22b58b042480135ae60bd591)] -&gt; xpath: //a[@class=&apos;btn-shadow btn btn-success&apos;]]
Session ID: 45cbdedc22b58b042480135ae60bd591
	at java.base/jdk.internal.reflect.NativeConstructorAccessorImpl.newInstance0(Native Method)
	at java.base/jdk.internal.reflect.NativeConstructorAccessorImpl.newInstance(NativeConstructorAccessorImpl.java:77)
	at java.base/jdk.internal.reflect.DelegatingConstructorAccessorImpl.newInstance(DelegatingConstructorAccessorImpl.java:45)
	at java.base/java.lang.reflect.Constructor.newInstanceWithCaller(Constructor.java:499)
	at java.base/java.lang.reflect.Constructor.newInstance(Constructor.java:480)
	at org.openqa.selenium.remote.codec.w3c.W3CHttpResponseCodec.createException(W3CHttpResponseCodec.java:200)
	at org.openqa.selenium.remote.codec.w3c.W3CHttpResponseCodec.decode(W3CHttpResponseCodec.java:133)
	at org.openqa.selenium.remote.codec.w3c.W3CHttpResponseCodec.decode(W3CHttpResponseCodec.java:53)
	at org.openqa.selenium.remote.HttpCommandExecutor.execute(HttpCommandExecutor.java:193)
	at org.openqa.selenium.remote.service.DriverCommandExecutor.invokeExecute(DriverCommandExecutor.java:183)
	at org.openqa.selenium.remote.service.DriverCommandExecutor.execute(DriverCommandExecutor.java:158)
	at org.openqa.selenium.remote.RemoteWebDriver.execute(RemoteWebDriver.java:543)
	at org.openqa.selenium.remote.RemoteWebElement.execute(RemoteWebElement.java:257)
	at org.openqa.selenium.remote.RemoteWebElement.click(RemoteWebElement.java:78)
	at jdk.internal.reflect.GeneratedMethodAccessor2.invoke(Unknown Source)
	at java.base/jdk.internal.reflect.DelegatingMethodAccessorImpl.invoke(DelegatingMethodAccessorImpl.java:43)
	at java.base/java.lang.reflect.Method.invoke(Method.java:568)
	at org.openqa.selenium.support.pagefactory.internal.LocatingElementHandler.invoke(LocatingElementHandler.java:52)
	at jdk.proxy2/jdk.proxy2.$Proxy18.click(Unknown Source)
	at POM.bookingMaskPage.clickOnViewList(bookingMaskPage.java:252)
	at BookingMaskTestCases.VerifyModifyBookingWithActionCodeUXTC44.validateModifyBookingWithActionCodeUX(VerifyModifyBookingWithActionCodeUXTC44.java:218)
	at java.base/jdk.internal.reflect.NativeMethodAccessorImpl.invoke0(Native Method)
	at java.base/jdk.internal.reflect.NativeMethodAccessorImpl.invoke(NativeMethodAccessorImpl.java:77)
	at java.base/jdk.internal.reflect.DelegatingMethodAccessorImpl.invoke(DelegatingMethodAccessorImpl.java:43)
	at java.base/java.lang.reflect.Method.invoke(Method.java:568)
	at org.testng.internal.MethodInvocationHelper.invokeMethod(MethodInvocationHelper.java:133)
	at org.testng.internal.TestInvoker.invokeMethod(TestInvoker.java:598)
	at org.testng.internal.TestInvoker.invokeTestMethod(TestInvoker.java:173)
	at org.testng.internal.MethodRunner.runInSequence(MethodRunner.java:46)
	at org.testng.internal.TestInvoker$MethodInvocationAgent.invoke(TestInvoker.java:824)
	at org.testng.internal.TestInvoker.invokeTestMethods(TestInvoker.java:146)
	at org.testng.internal.TestMethodWorker.invokeTestMethods(TestMethodWorker.java:146)
	at org.testng.internal.TestMethodWorker.run(TestMethodWorker.java:128)
	at java.base/java.util.ArrayList.forEach(ArrayList.java:1511)
	at org.testng.TestRunner.privateRun(TestRunner.java:794)
	at org.testng.TestRunner.run(TestRunner.java:596)
	at org.testng.SuiteRunner.runTest(SuiteRunner.java:377)
	at org.testng.SuiteRunner.runSequentially(SuiteRunner.java:371)
	at org.testng.SuiteRunner.privateRun(SuiteRunner.java:332)
	at org.testng.SuiteRunner.run(SuiteRunner.java:276)
	at org.testng.SuiteRunnerWorker.runSuite(SuiteRunnerWorker.java:53)
	at org.testng.SuiteRunnerWorker.run(SuiteRunnerWorker.java:96)
	at org.testng.TestNG.runSuitesSequentially(TestNG.java:1212)
	at org.testng.TestNG.runSuitesLocally(TestNG.java:1134)
	at org.testng.TestNG.runSuites(TestNG.java:1063)
	at org.testng.TestNG.run(TestNG.java:1031)
	at org.testng.remote.AbstractRemoteTestNG.run(AbstractRemoteTestNG.java:115)
	at org.testng.remote.RemoteTestNG.initAndRun(RemoteTestNG.java:251)
	at org.testng.remote.RemoteTestNG.main(RemoteTestNG.java:77)
</pre></div></td>
<td>66</td>
<td>BookingMaskTestCases.VerifyModifyBookingWithActionCodeUXTC44@1bb5a082</td></tr>
<tr>
<td title='BookingMaskTestCases.VerifyBookingWithSameRoomAndDifferentDates_TC31.validatePriceForDifferentDates()'><b>validatePriceForDifferentDates</b><br>Test class: BookingMaskTestCases.VerifyBookingWithSameRoomAndDifferentDates_TC31</td>
<td><div><pre>org.openqa.selenium.NoSuchElementException: no such element: Unable to locate element: {&quot;method&quot;:&quot;css selector&quot;,&quot;selector&quot;:&quot;#bookinglines_Price_1&quot;}
  (Session info: chrome=113.0.5672.127)
For documentation on this error, please visit: https://selenium.dev/exceptions/#no_such_element
Build info: version: &apos;4.8.3&apos;, revision: &apos;e5e76298c3&apos;
System info: os.name: &apos;Windows 10&apos;, os.arch: &apos;amd64&apos;, os.version: &apos;10.0&apos;, java.version: &apos;17.0.4.1&apos;
Driver info: org.openqa.selenium.chrome.ChromeDriver
Command: [d142e5cb45c0be17424b9a9d2f0dc7d9, findElement {using=id, value=bookinglines_Price_1}]
Capabilities {acceptInsecureCerts: false, browserName: chrome, browserVersion: 113.0.5672.127, chrome: {chromedriverVersion: 113.0.5672.63 (0e1a4471d5ae..., userDataDir: C:\Users\ROHAN~1.PAT\AppDat...}, goog:chromeOptions: {debuggerAddress: localhost:52065}, networkConnectionEnabled: false, pageLoadStrategy: normal, platformName: WINDOWS, proxy: Proxy(), se:cdp: ws://localhost:52065/devtoo..., se:cdpVersion: 113.0.5672.127, setWindowRect: true, strictFileInteractability: false, timeouts: {implicit: 0, pageLoad: 300000, script: 30000}, unhandledPromptBehavior: dismiss and notify, webauthn:extension:credBlob: true, webauthn:extension:largeBlob: true, webauthn:extension:minPinLength: true, webauthn:extension:prf: true, webauthn:virtualAuthenticators: true}
Session ID: d142e5cb45c0be17424b9a9d2f0dc7d9
	at org.openqa.selenium.remote.codec.w3c.W3CHttpResponseCodec.createException(W3CHttpResponseCodec.java:200)
	at org.openqa.selenium.remote.codec.w3c.W3CHttpResponseCodec.decode(W3CHttpResponseCodec.java:133)
	at org.openqa.selenium.remote.codec.w3c.W3CHttpResponseCodec.decode(W3CHttpResponseCodec.java:53)
	at org.openqa.selenium.remote.HttpCommandExecutor.execute(HttpCommandExecutor.java:193)
	at org.openqa.selenium.remote.service.DriverCommandExecutor.invokeExecute(DriverCommandExecutor.java:183)
	at org.openqa.selenium.remote.service.DriverCommandExecutor.execute(DriverCommandExecutor.java:158)
	at org.openqa.selenium.remote.RemoteWebDriver.execute(RemoteWebDriver.java:543)
	at org.openqa.selenium.remote.ElementLocation$ElementFinder$2.findElement(ElementLocation.java:162)
	at org.openqa.selenium.remote.ElementLocation.findElement(ElementLocation.java:60)
	at org.openqa.selenium.remote.RemoteWebDriver.findElement(RemoteWebDriver.java:352)
	at org.openqa.selenium.remote.RemoteWebDriver.findElement(RemoteWebDriver.java:344)
	at org.openqa.selenium.support.pagefactory.DefaultElementLocator.findElement(DefaultElementLocator.java:70)
	at org.openqa.selenium.support.pagefactory.internal.LocatingElementHandler.invoke(LocatingElementHandler.java:39)
	at jdk.proxy2/jdk.proxy2.$Proxy18.getAttribute(Unknown Source)
	at POM.bookingMaskPage.getPriceFieldValue1(bookingMaskPage.java:475)
	at BookingMaskTestCases.VerifyBookingWithSameRoomAndDifferentDates_TC31.validatePriceForDifferentDates(VerifyBookingWithSameRoomAndDifferentDates_TC31.java:208)
	at java.base/java.util.ArrayList.forEach(ArrayList.java:1511)
... Removed 32 stack frames</pre></div><a href='#' onClick='toggleBox("stack-trace2041811877", this, "Click to show all stack frames", "Click to hide stack frames")'>Click to show all stack frames</a>
<div class='stack-trace' id='stack-trace2041811877'><pre>org.openqa.selenium.NoSuchElementException: no such element: Unable to locate element: {&quot;method&quot;:&quot;css selector&quot;,&quot;selector&quot;:&quot;#bookinglines_Price_1&quot;}
  (Session info: chrome=113.0.5672.127)
For documentation on this error, please visit: https://selenium.dev/exceptions/#no_such_element
Build info: version: &apos;4.8.3&apos;, revision: &apos;e5e76298c3&apos;
System info: os.name: &apos;Windows 10&apos;, os.arch: &apos;amd64&apos;, os.version: &apos;10.0&apos;, java.version: &apos;17.0.4.1&apos;
Driver info: org.openqa.selenium.chrome.ChromeDriver
Command: [d142e5cb45c0be17424b9a9d2f0dc7d9, findElement {using=id, value=bookinglines_Price_1}]
Capabilities {acceptInsecureCerts: false, browserName: chrome, browserVersion: 113.0.5672.127, chrome: {chromedriverVersion: 113.0.5672.63 (0e1a4471d5ae..., userDataDir: C:\Users\ROHAN~1.PAT\AppDat...}, goog:chromeOptions: {debuggerAddress: localhost:52065}, networkConnectionEnabled: false, pageLoadStrategy: normal, platformName: WINDOWS, proxy: Proxy(), se:cdp: ws://localhost:52065/devtoo..., se:cdpVersion: 113.0.5672.127, setWindowRect: true, strictFileInteractability: false, timeouts: {implicit: 0, pageLoad: 300000, script: 30000}, unhandledPromptBehavior: dismiss and notify, webauthn:extension:credBlob: true, webauthn:extension:largeBlob: true, webauthn:extension:minPinLength: true, webauthn:extension:prf: true, webauthn:virtualAuthenticators: true}
Session ID: d142e5cb45c0be17424b9a9d2f0dc7d9
	at java.base/jdk.internal.reflect.NativeConstructorAccessorImpl.newInstance0(Native Method)
	at java.base/jdk.internal.reflect.NativeConstructorAccessorImpl.newInstance(NativeConstructorAccessorImpl.java:77)
	at java.base/jdk.internal.reflect.DelegatingConstructorAccessorImpl.newInstance(DelegatingConstructorAccessorImpl.java:45)
	at java.base/java.lang.reflect.Constructor.newInstanceWithCaller(Constructor.java:499)
	at java.base/java.lang.reflect.Constructor.newInstance(Constructor.java:480)
	at org.openqa.selenium.remote.codec.w3c.W3CHttpResponseCodec.createException(W3CHttpResponseCodec.java:200)
	at org.openqa.selenium.remote.codec.w3c.W3CHttpResponseCodec.decode(W3CHttpResponseCodec.java:133)
	at org.openqa.selenium.remote.codec.w3c.W3CHttpResponseCodec.decode(W3CHttpResponseCodec.java:53)
	at org.openqa.selenium.remote.HttpCommandExecutor.execute(HttpCommandExecutor.java:193)
	at org.openqa.selenium.remote.service.DriverCommandExecutor.invokeExecute(DriverCommandExecutor.java:183)
	at org.openqa.selenium.remote.service.DriverCommandExecutor.execute(DriverCommandExecutor.java:158)
	at org.openqa.selenium.remote.RemoteWebDriver.execute(RemoteWebDriver.java:543)
	at org.openqa.selenium.remote.ElementLocation$ElementFinder$2.findElement(ElementLocation.java:162)
	at org.openqa.selenium.remote.ElementLocation.findElement(ElementLocation.java:60)
	at org.openqa.selenium.remote.RemoteWebDriver.findElement(RemoteWebDriver.java:352)
	at org.openqa.selenium.remote.RemoteWebDriver.findElement(RemoteWebDriver.java:344)
	at org.openqa.selenium.support.pagefactory.DefaultElementLocator.findElement(DefaultElementLocator.java:70)
	at org.openqa.selenium.support.pagefactory.internal.LocatingElementHandler.invoke(LocatingElementHandler.java:39)
	at jdk.proxy2/jdk.proxy2.$Proxy18.getAttribute(Unknown Source)
	at POM.bookingMaskPage.getPriceFieldValue1(bookingMaskPage.java:475)
	at BookingMaskTestCases.VerifyBookingWithSameRoomAndDifferentDates_TC31.validatePriceForDifferentDates(VerifyBookingWithSameRoomAndDifferentDates_TC31.java:208)
	at java.base/jdk.internal.reflect.NativeMethodAccessorImpl.invoke0(Native Method)
	at java.base/jdk.internal.reflect.NativeMethodAccessorImpl.invoke(NativeMethodAccessorImpl.java:77)
	at java.base/jdk.internal.reflect.DelegatingMethodAccessorImpl.invoke(DelegatingMethodAccessorImpl.java:43)
	at java.base/java.lang.reflect.Method.invoke(Method.java:568)
	at org.testng.internal.MethodInvocationHelper.invokeMethod(MethodInvocationHelper.java:133)
	at org.testng.internal.TestInvoker.invokeMethod(TestInvoker.java:598)
	at org.testng.internal.TestInvoker.invokeTestMethod(TestInvoker.java:173)
	at org.testng.internal.MethodRunner.runInSequence(MethodRunner.java:46)
	at org.testng.internal.TestInvoker$MethodInvocationAgent.invoke(TestInvoker.java:824)
	at org.testng.internal.TestInvoker.invokeTestMethods(TestInvoker.java:146)
	at org.testng.internal.TestMethodWorker.invokeTestMethods(TestMethodWorker.java:146)
	at org.testng.internal.TestMethodWorker.run(TestMethodWorker.java:128)
	at java.base/java.util.ArrayList.forEach(ArrayList.java:1511)
	at org.testng.TestRunner.privateRun(TestRunner.java:794)
	at org.testng.TestRunner.run(TestRunner.java:596)
	at org.testng.SuiteRunner.runTest(SuiteRunner.java:377)
	at org.testng.SuiteRunner.runSequentially(SuiteRunner.java:371)
	at org.testng.SuiteRunner.privateRun(SuiteRunner.java:332)
	at org.testng.SuiteRunner.run(SuiteRunner.java:276)
	at org.testng.SuiteRunnerWorker.runSuite(SuiteRunnerWorker.java:53)
	at org.testng.SuiteRunnerWorker.run(SuiteRunnerWorker.java:96)
	at org.testng.TestNG.runSuitesSequentially(TestNG.java:1212)
	at org.testng.TestNG.runSuitesLocally(TestNG.java:1134)
	at org.testng.TestNG.runSuites(TestNG.java:1063)
	at org.testng.TestNG.run(TestNG.java:1031)
	at org.testng.remote.AbstractRemoteTestNG.run(AbstractRemoteTestNG.java:115)
	at org.testng.remote.RemoteTestNG.initAndRun(RemoteTestNG.java:251)
	at org.testng.remote.RemoteTestNG.main(RemoteTestNG.java:77)
</pre></div></td>
<td>20</td>
<td>BookingMaskTestCases.VerifyBookingWithSameRoomAndDifferentDates_TC31@557caf28</td></tr>
<tr>
<td title='BookingMaskTestCases.TCC29TC130FAIL.validateConfirmBoOkingOFTwoAccommodationWithU()'><b>validateConfirmBoOkingOFTwoAccommodationWithU</b><br>Test class: BookingMaskTestCases.TCC29TC130FAIL<br/>
<a href="#Output-715951249" onClick='toggleBox("Output-715951249", this, "Show output", "Hide output");'>Show output</a>

<a href="#Output-715951249" onClick="toggleAllBoxes();">Show all outputs</a>
<div class='log' id="Output-715951249">
Select TFT1 in TravelType dropdownList<br/>
Selected HK001 - (TESTING) from dropdown list<br/>
Send Booking Action<br/>
Select Falk Tours AG in CompanyID dropdownList<br/>
Send number of passenger<br/>
Send correct KOS in input field<br/>
Send correct ProductCode in input field<br/>
Send roomcode in input field<br/>
Send correct boardName<br/>
Send Occupancy<br/>
Send bookinglines <br/>
Send Travel from date of Season-G<br/>
Send Travel To date of Season-G<br/>
Select Number of passenger<br/>
Click on SendBookingButton<br/>
Clicked on ViewList<br/>
Clicked on sendTBMcode to verify booking is done or not<br/>
Clicked on Booking listButton<br/>
Send TBM code<br/>
Clicked on Booking listButton<br/>
Clicked on edit booking1<br/>
Send correct KOS in input field<br/>
Send correct ProductCode in input field<br/>
Send roomcode in input field<br/>
Send correct boardName<br/>
Send Occupancy<br/>
Send bookinglines <br/>
Send Travel from date of Season-G<br/>
Send Travel To date of Season-G<br/>
Select Number of passenger<br/>
Click on Send booking button<br/>
</div>
</td>
<td><div><pre>org.openqa.selenium.NoSuchElementException: no such element: Unable to locate element: {&quot;method&quot;:&quot;css selector&quot;,&quot;selector&quot;:&quot;#bookinglines_Price_1&quot;}
  (Session info: chrome=113.0.5672.127)
For documentation on this error, please visit: https://selenium.dev/exceptions/#no_such_element
Build info: version: &apos;4.8.3&apos;, revision: &apos;e5e76298c3&apos;
System info: os.name: &apos;Windows 10&apos;, os.arch: &apos;amd64&apos;, os.version: &apos;10.0&apos;, java.version: &apos;17.0.4.1&apos;
Driver info: org.openqa.selenium.chrome.ChromeDriver
Command: [077db20d7a5dd6bb1b9c1ce8d74ab3f2, findElement {using=id, value=bookinglines_Price_1}]
Capabilities {acceptInsecureCerts: false, browserName: chrome, browserVersion: 113.0.5672.127, chrome: {chromedriverVersion: 113.0.5672.63 (0e1a4471d5ae..., userDataDir: C:\Users\ROHAN~1.PAT\AppDat...}, goog:chromeOptions: {debuggerAddress: localhost:52233}, networkConnectionEnabled: false, pageLoadStrategy: normal, platformName: WINDOWS, proxy: Proxy(), se:cdp: ws://localhost:52233/devtoo..., se:cdpVersion: 113.0.5672.127, setWindowRect: true, strictFileInteractability: false, timeouts: {implicit: 0, pageLoad: 300000, script: 30000}, unhandledPromptBehavior: dismiss and notify, webauthn:extension:credBlob: true, webauthn:extension:largeBlob: true, webauthn:extension:minPinLength: true, webauthn:extension:prf: true, webauthn:virtualAuthenticators: true}
Session ID: 077db20d7a5dd6bb1b9c1ce8d74ab3f2
	at org.openqa.selenium.remote.codec.w3c.W3CHttpResponseCodec.createException(W3CHttpResponseCodec.java:200)
	at org.openqa.selenium.remote.codec.w3c.W3CHttpResponseCodec.decode(W3CHttpResponseCodec.java:133)
	at org.openqa.selenium.remote.codec.w3c.W3CHttpResponseCodec.decode(W3CHttpResponseCodec.java:53)
	at org.openqa.selenium.remote.HttpCommandExecutor.execute(HttpCommandExecutor.java:193)
	at org.openqa.selenium.remote.service.DriverCommandExecutor.invokeExecute(DriverCommandExecutor.java:183)
	at org.openqa.selenium.remote.service.DriverCommandExecutor.execute(DriverCommandExecutor.java:158)
	at org.openqa.selenium.remote.RemoteWebDriver.execute(RemoteWebDriver.java:543)
	at org.openqa.selenium.remote.ElementLocation$ElementFinder$2.findElement(ElementLocation.java:162)
	at org.openqa.selenium.remote.ElementLocation.findElement(ElementLocation.java:60)
	at org.openqa.selenium.remote.RemoteWebDriver.findElement(RemoteWebDriver.java:352)
	at org.openqa.selenium.remote.RemoteWebDriver.findElement(RemoteWebDriver.java:344)
	at org.openqa.selenium.support.pagefactory.DefaultElementLocator.findElement(DefaultElementLocator.java:70)
	at org.openqa.selenium.support.pagefactory.internal.LocatingElementHandler.invoke(LocatingElementHandler.java:39)
	at jdk.proxy2/jdk.proxy2.$Proxy18.getAttribute(Unknown Source)
	at POM.bookingMaskPage.getPriceFieldValue1(bookingMaskPage.java:475)
	at BookingMaskTestCases.TCC29TC130FAIL.validateConfirmBoOkingOFTwoAccommodationWithU(TCC29TC130FAIL.java:360)
	at java.base/java.util.ArrayList.forEach(ArrayList.java:1511)
... Removed 32 stack frames</pre></div><a href='#' onClick='toggleBox("stack-trace715951249", this, "Click to show all stack frames", "Click to hide stack frames")'>Click to show all stack frames</a>
<div class='stack-trace' id='stack-trace715951249'><pre>org.openqa.selenium.NoSuchElementException: no such element: Unable to locate element: {&quot;method&quot;:&quot;css selector&quot;,&quot;selector&quot;:&quot;#bookinglines_Price_1&quot;}
  (Session info: chrome=113.0.5672.127)
For documentation on this error, please visit: https://selenium.dev/exceptions/#no_such_element
Build info: version: &apos;4.8.3&apos;, revision: &apos;e5e76298c3&apos;
System info: os.name: &apos;Windows 10&apos;, os.arch: &apos;amd64&apos;, os.version: &apos;10.0&apos;, java.version: &apos;17.0.4.1&apos;
Driver info: org.openqa.selenium.chrome.ChromeDriver
Command: [077db20d7a5dd6bb1b9c1ce8d74ab3f2, findElement {using=id, value=bookinglines_Price_1}]
Capabilities {acceptInsecureCerts: false, browserName: chrome, browserVersion: 113.0.5672.127, chrome: {chromedriverVersion: 113.0.5672.63 (0e1a4471d5ae..., userDataDir: C:\Users\ROHAN~1.PAT\AppDat...}, goog:chromeOptions: {debuggerAddress: localhost:52233}, networkConnectionEnabled: false, pageLoadStrategy: normal, platformName: WINDOWS, proxy: Proxy(), se:cdp: ws://localhost:52233/devtoo..., se:cdpVersion: 113.0.5672.127, setWindowRect: true, strictFileInteractability: false, timeouts: {implicit: 0, pageLoad: 300000, script: 30000}, unhandledPromptBehavior: dismiss and notify, webauthn:extension:credBlob: true, webauthn:extension:largeBlob: true, webauthn:extension:minPinLength: true, webauthn:extension:prf: true, webauthn:virtualAuthenticators: true}
Session ID: 077db20d7a5dd6bb1b9c1ce8d74ab3f2
	at java.base/jdk.internal.reflect.NativeConstructorAccessorImpl.newInstance0(Native Method)
	at java.base/jdk.internal.reflect.NativeConstructorAccessorImpl.newInstance(NativeConstructorAccessorImpl.java:77)
	at java.base/jdk.internal.reflect.DelegatingConstructorAccessorImpl.newInstance(DelegatingConstructorAccessorImpl.java:45)
	at java.base/java.lang.reflect.Constructor.newInstanceWithCaller(Constructor.java:499)
	at java.base/java.lang.reflect.Constructor.newInstance(Constructor.java:480)
	at org.openqa.selenium.remote.codec.w3c.W3CHttpResponseCodec.createException(W3CHttpResponseCodec.java:200)
	at org.openqa.selenium.remote.codec.w3c.W3CHttpResponseCodec.decode(W3CHttpResponseCodec.java:133)
	at org.openqa.selenium.remote.codec.w3c.W3CHttpResponseCodec.decode(W3CHttpResponseCodec.java:53)
	at org.openqa.selenium.remote.HttpCommandExecutor.execute(HttpCommandExecutor.java:193)
	at org.openqa.selenium.remote.service.DriverCommandExecutor.invokeExecute(DriverCommandExecutor.java:183)
	at org.openqa.selenium.remote.service.DriverCommandExecutor.execute(DriverCommandExecutor.java:158)
	at org.openqa.selenium.remote.RemoteWebDriver.execute(RemoteWebDriver.java:543)
	at org.openqa.selenium.remote.ElementLocation$ElementFinder$2.findElement(ElementLocation.java:162)
	at org.openqa.selenium.remote.ElementLocation.findElement(ElementLocation.java:60)
	at org.openqa.selenium.remote.RemoteWebDriver.findElement(RemoteWebDriver.java:352)
	at org.openqa.selenium.remote.RemoteWebDriver.findElement(RemoteWebDriver.java:344)
	at org.openqa.selenium.support.pagefactory.DefaultElementLocator.findElement(DefaultElementLocator.java:70)
	at org.openqa.selenium.support.pagefactory.internal.LocatingElementHandler.invoke(LocatingElementHandler.java:39)
	at jdk.proxy2/jdk.proxy2.$Proxy18.getAttribute(Unknown Source)
	at POM.bookingMaskPage.getPriceFieldValue1(bookingMaskPage.java:475)
	at BookingMaskTestCases.TCC29TC130FAIL.validateConfirmBoOkingOFTwoAccommodationWithU(TCC29TC130FAIL.java:360)
	at java.base/jdk.internal.reflect.NativeMethodAccessorImpl.invoke0(Native Method)
	at java.base/jdk.internal.reflect.NativeMethodAccessorImpl.invoke(NativeMethodAccessorImpl.java:77)
	at java.base/jdk.internal.reflect.DelegatingMethodAccessorImpl.invoke(DelegatingMethodAccessorImpl.java:43)
	at java.base/java.lang.reflect.Method.invoke(Method.java:568)
	at org.testng.internal.MethodInvocationHelper.invokeMethod(MethodInvocationHelper.java:133)
	at org.testng.internal.TestInvoker.invokeMethod(TestInvoker.java:598)
	at org.testng.internal.TestInvoker.invokeTestMethod(TestInvoker.java:173)
	at org.testng.internal.MethodRunner.runInSequence(MethodRunner.java:46)
	at org.testng.internal.TestInvoker$MethodInvocationAgent.invoke(TestInvoker.java:824)
	at org.testng.internal.TestInvoker.invokeTestMethods(TestInvoker.java:146)
	at org.testng.internal.TestMethodWorker.invokeTestMethods(TestMethodWorker.java:146)
	at org.testng.internal.TestMethodWorker.run(TestMethodWorker.java:128)
	at java.base/java.util.ArrayList.forEach(ArrayList.java:1511)
	at org.testng.TestRunner.privateRun(TestRunner.java:794)
	at org.testng.TestRunner.run(TestRunner.java:596)
	at org.testng.SuiteRunner.runTest(SuiteRunner.java:377)
	at org.testng.SuiteRunner.runSequentially(SuiteRunner.java:371)
	at org.testng.SuiteRunner.privateRun(SuiteRunner.java:332)
	at org.testng.SuiteRunner.run(SuiteRunner.java:276)
	at org.testng.SuiteRunnerWorker.runSuite(SuiteRunnerWorker.java:53)
	at org.testng.SuiteRunnerWorker.run(SuiteRunnerWorker.java:96)
	at org.testng.TestNG.runSuitesSequentially(TestNG.java:1212)
	at org.testng.TestNG.runSuitesLocally(TestNG.java:1134)
	at org.testng.TestNG.runSuites(TestNG.java:1063)
	at org.testng.TestNG.run(TestNG.java:1031)
	at org.testng.remote.AbstractRemoteTestNG.run(AbstractRemoteTestNG.java:115)
	at org.testng.remote.RemoteTestNG.initAndRun(RemoteTestNG.java:251)
	at org.testng.remote.RemoteTestNG.main(RemoteTestNG.java:77)
</pre></div></td>
<td>75</td>
<td>BookingMaskTestCases.TCC29TC130FAIL@6c6cb480</td></tr>
<tr>
<td title='BookingMaskTestCases.VerifyEnteringTravelFromBeforeContract_TC13.validateMessageOnBMpage()'><b>validateMessageOnBMpage</b><br>Test class: BookingMaskTestCases.VerifyEnteringTravelFromBeforeContract_TC13</td>
<td><div><pre>java.lang.AssertionError: expected [false] but found [true]
	at BookingMaskTestCases.VerifyEnteringTravelFromBeforeContract_TC13.validateMessageOnBMpage(VerifyEnteringTravelFromBeforeContract_TC13.java:150)
	at java.base/java.util.ArrayList.forEach(ArrayList.java:1511)
... Removed 33 stack frames</pre></div><a href='#' onClick='toggleBox("stack-trace1676113305", this, "Click to show all stack frames", "Click to hide stack frames")'>Click to show all stack frames</a>
<div class='stack-trace' id='stack-trace1676113305'><pre>java.lang.AssertionError: expected [false] but found [true]
	at org.testng.Assert.fail(Assert.java:99)
	at org.testng.Assert.failNotEquals(Assert.java:1037)
	at org.testng.Assert.assertEqualsImpl(Assert.java:140)
	at org.testng.Assert.assertEquals(Assert.java:122)
	at org.testng.Assert.assertEquals(Assert.java:819)
	at org.testng.Assert.assertEquals(Assert.java:829)
	at BookingMaskTestCases.VerifyEnteringTravelFromBeforeContract_TC13.validateMessageOnBMpage(VerifyEnteringTravelFromBeforeContract_TC13.java:150)
	at java.base/jdk.internal.reflect.NativeMethodAccessorImpl.invoke0(Native Method)
	at java.base/jdk.internal.reflect.NativeMethodAccessorImpl.invoke(NativeMethodAccessorImpl.java:77)
	at java.base/jdk.internal.reflect.DelegatingMethodAccessorImpl.invoke(DelegatingMethodAccessorImpl.java:43)
	at java.base/java.lang.reflect.Method.invoke(Method.java:568)
	at org.testng.internal.MethodInvocationHelper.invokeMethod(MethodInvocationHelper.java:133)
	at org.testng.internal.TestInvoker.invokeMethod(TestInvoker.java:598)
	at org.testng.internal.TestInvoker.invokeTestMethod(TestInvoker.java:173)
	at org.testng.internal.MethodRunner.runInSequence(MethodRunner.java:46)
	at org.testng.internal.TestInvoker$MethodInvocationAgent.invoke(TestInvoker.java:824)
	at org.testng.internal.TestInvoker.invokeTestMethods(TestInvoker.java:146)
	at org.testng.internal.TestMethodWorker.invokeTestMethods(TestMethodWorker.java:146)
	at org.testng.internal.TestMethodWorker.run(TestMethodWorker.java:128)
	at java.base/java.util.ArrayList.forEach(ArrayList.java:1511)
	at org.testng.TestRunner.privateRun(TestRunner.java:794)
	at org.testng.TestRunner.run(TestRunner.java:596)
	at org.testng.SuiteRunner.runTest(SuiteRunner.java:377)
	at org.testng.SuiteRunner.runSequentially(SuiteRunner.java:371)
	at org.testng.SuiteRunner.privateRun(SuiteRunner.java:332)
	at org.testng.SuiteRunner.run(SuiteRunner.java:276)
	at org.testng.SuiteRunnerWorker.runSuite(SuiteRunnerWorker.java:53)
	at org.testng.SuiteRunnerWorker.run(SuiteRunnerWorker.java:96)
	at org.testng.TestNG.runSuitesSequentially(TestNG.java:1212)
	at org.testng.TestNG.runSuitesLocally(TestNG.java:1134)
	at org.testng.TestNG.runSuites(TestNG.java:1063)
	at org.testng.TestNG.run(TestNG.java:1031)
	at org.testng.remote.AbstractRemoteTestNG.run(AbstractRemoteTestNG.java:115)
	at org.testng.remote.RemoteTestNG.initAndRun(RemoteTestNG.java:251)
	at org.testng.remote.RemoteTestNG.main(RemoteTestNG.java:77)
</pre></div></td>
<td>0</td>
<td>BookingMaskTestCases.VerifyEnteringTravelFromBeforeContract_TC13@62379589</td></tr>
<tr>
<td title='BookingMaskTestCases.VerifyTravelDateStartWithSeasonCandEndsOutOfanySeason_TC86.validateErrorMsgOnBM()'><b>validateErrorMsgOnBM</b><br>Test class: BookingMaskTestCases.VerifyTravelDateStartWithSeasonCandEndsOutOfanySeason_TC86</td>
<td><div><pre>java.lang.AssertionError: Test Case Failed as actual &amp; expected Price are not matching expected [Ung체ltige Reisedauer.                                                                                                                                                                                                                                                                                                                                                                                                                                                                                                                                                                                                               ] but found [Kontingent nicht mehr verf체gbar.                                                                                                                                                                                                                                                                                                ]
	at BookingMaskTestCases.VerifyTravelDateStartWithSeasonCandEndsOutOfanySeason_TC86.validateErrorMsgOnBM(VerifyTravelDateStartWithSeasonCandEndsOutOfanySeason_TC86.java:130)
	at java.base/java.util.ArrayList.forEach(ArrayList.java:1511)
... Removed 32 stack frames</pre></div><a href='#' onClick='toggleBox("stack-trace1644327549", this, "Click to show all stack frames", "Click to hide stack frames")'>Click to show all stack frames</a>
<div class='stack-trace' id='stack-trace1644327549'><pre>java.lang.AssertionError: Test Case Failed as actual &amp; expected Price are not matching expected [Ung체ltige Reisedauer.                                                                                                                                                                                                                                                                                                                                                                                                                                                                                                                                                                                                               ] but found [Kontingent nicht mehr verf체gbar.                                                                                                                                                                                                                                                                                                ]
	at org.testng.Assert.fail(Assert.java:99)
	at org.testng.Assert.failNotEquals(Assert.java:1037)
	at org.testng.Assert.assertEqualsImpl(Assert.java:140)
	at org.testng.Assert.assertEquals(Assert.java:122)
	at org.testng.Assert.assertEquals(Assert.java:629)
	at BookingMaskTestCases.VerifyTravelDateStartWithSeasonCandEndsOutOfanySeason_TC86.validateErrorMsgOnBM(VerifyTravelDateStartWithSeasonCandEndsOutOfanySeason_TC86.java:130)
	at java.base/jdk.internal.reflect.NativeMethodAccessorImpl.invoke0(Native Method)
	at java.base/jdk.internal.reflect.NativeMethodAccessorImpl.invoke(NativeMethodAccessorImpl.java:77)
	at java.base/jdk.internal.reflect.DelegatingMethodAccessorImpl.invoke(DelegatingMethodAccessorImpl.java:43)
	at java.base/java.lang.reflect.Method.invoke(Method.java:568)
	at org.testng.internal.MethodInvocationHelper.invokeMethod(MethodInvocationHelper.java:133)
	at org.testng.internal.TestInvoker.invokeMethod(TestInvoker.java:598)
	at org.testng.internal.TestInvoker.invokeTestMethod(TestInvoker.java:173)
	at org.testng.internal.MethodRunner.runInSequence(MethodRunner.java:46)
	at org.testng.internal.TestInvoker$MethodInvocationAgent.invoke(TestInvoker.java:824)
	at org.testng.internal.TestInvoker.invokeTestMethods(TestInvoker.java:146)
	at org.testng.internal.TestMethodWorker.invokeTestMethods(TestMethodWorker.java:146)
	at org.testng.internal.TestMethodWorker.run(TestMethodWorker.java:128)
	at java.base/java.util.ArrayList.forEach(ArrayList.java:1511)
	at org.testng.TestRunner.privateRun(TestRunner.java:794)
	at org.testng.TestRunner.run(TestRunner.java:596)
	at org.testng.SuiteRunner.runTest(SuiteRunner.java:377)
	at org.testng.SuiteRunner.runSequentially(SuiteRunner.java:371)
	at org.testng.SuiteRunner.privateRun(SuiteRunner.java:332)
	at org.testng.SuiteRunner.run(SuiteRunner.java:276)
	at org.testng.SuiteRunnerWorker.runSuite(SuiteRunnerWorker.java:53)
	at org.testng.SuiteRunnerWorker.run(SuiteRunnerWorker.java:96)
	at org.testng.TestNG.runSuitesSequentially(TestNG.java:1212)
	at org.testng.TestNG.runSuitesLocally(TestNG.java:1134)
	at org.testng.TestNG.runSuites(TestNG.java:1063)
	at org.testng.TestNG.run(TestNG.java:1031)
	at org.testng.remote.AbstractRemoteTestNG.run(AbstractRemoteTestNG.java:115)
	at org.testng.remote.RemoteTestNG.initAndRun(RemoteTestNG.java:251)
	at org.testng.remote.RemoteTestNG.main(RemoteTestNG.java:77)
</pre></div></td>
<td>0</td>
<td>BookingMaskTestCases.VerifyTravelDateStartWithSeasonCandEndsOutOfanySeason_TC86@74235045</td></tr>
</table><p>
<table width='100%' border='1' class='invocation-passed'>
<tr><td colspan='4' align='center'><b>PASSED TESTS</b></td></tr>
<tr><td><b>Test method</b></td>
<td width="30%"><b>Exception</b></td>
<td width="10%"><b>Time (seconds)</b></td>
<td><b>Instance</b></td>
</tr>
<tr>
<td title='BookingMaskTestCases.VerifyTravelDateOutofContract_TC88.validateMsgForOutOfContractDates()'><b>validateMsgForOutOfContractDates</b><br>Test class: BookingMaskTestCases.VerifyTravelDateOutofContract_TC88<br/>
<a href="#Output-1532926301" onClick='toggleBox("Output-1532926301", this, "Show output", "Hide output");'>Show output</a>

<a href="#Output-1532926301" onClick="toggleAllBoxes();">Show all outputs</a>
<div class='log' id="Output-1532926301">
Validating Actual message Kontingent nicht mehr verf체gbar.                                                                                                                                                                                                                                                                                                 and Expected message Kontingent nicht mehr verf체gbar.                                                                                                                                                                                                                                                                                                                                                                                                                                                                                                                                                                                                         <br/>
</div>
</td>
<td></td>
<td>0</td>
<td>BookingMaskTestCases.VerifyTravelDateOutofContract_TC88@411f53a0</td></tr>
<tr>
<td title='BookingMaskTestCases.VerifyBookingInquiryWithBlankTravelFromAndTravelToDate_TC05.validateBookingInquiryWithBlankTravelFromANDTravelToDateOnBM()'><b>validateBookingInquiryWithBlankTravelFromANDTravelToDateOnBM</b><br>Test class: BookingMaskTestCases.VerifyBookingInquiryWithBlankTravelFromAndTravelToDate_TC05<br/>
<a href="#Output-1329504187" onClick='toggleBox("Output-1329504187", this, "Show output", "Hide output");'>Show output</a>

<a href="#Output-1329504187" onClick="toggleAllBoxes();">Show all outputs</a>
<div class='log' id="Output-1329504187">
Validating actual Error message Travel From and Travel To date not proper. and Expected Error Message Travel From and Travel To date not proper.<br/>
</div>
</td>
<td></td>
<td>0</td>
<td>BookingMaskTestCases.VerifyBookingInquiryWithBlankTravelFromAndTravelToDate_TC05@55182842</td></tr>
<tr>
<td title='BookingMaskTestCases.VerifyRoomOccupancyLimitTC54ToTC57.validateOccupancyMinLimitNotSatisfied()'><b>validateOccupancyMinLimitNotSatisfied</b><br>Test class: BookingMaskTestCases.VerifyRoomOccupancyLimitTC54ToTC57<br/>
<a href="#Output-147625413" onClick='toggleBox("Output-147625413", this, "Show output", "Hide output");'>Show output</a>

<a href="#Output-147625413" onClick="toggleAllBoxes();">Show all outputs</a>
<div class='log' id="Output-147625413">
Select TFT1 in TravelType dropdownList<br/>
Selected HK001 - (TESTING) from dropdown list<br/>
Selected room 808 from dropdown<br/>
Select Falk Tours AG in CompanyID dropdownList<br/>
Send number of passenger<br/>
Send correct KOS in input field<br/>
Send correct ProductCode in input field<br/>
Send roomcode in input field<br/>
Send correct boardName<br/>
Send Occupancy<br/>
Send bookinglines <br/>
Send Travel from date<br/>
Send Travel To date<br/>
Send Number of passenger<br/>
click on sendBookingButton<br/>
Validating Actual message Room Occupancy is not matched.                                                                                                                                                                                                                                                                                                   and Expected message Room Occupancy is not matched.                                                                                                                                                                                                                                                                                                                                                                                                                                                                                                                                                                                                                                                                                                                                                                                                                                                                                    <br/>
</div>
</td>
<td></td>
<td>14</td>
<td>BookingMaskTestCases.VerifyRoomOccupancyLimitTC54ToTC57@5fe94a96</td></tr>
<tr>
<td title='BookingMaskTestCases.VerifyTravelDateInBetweenSeasonA_TC79.validatePriceInBetweenSeasonA()'><b>validatePriceInBetweenSeasonA</b><br>Test class: BookingMaskTestCases.VerifyTravelDateInBetweenSeasonA_TC79<br/>
<a href="#Output-522340009" onClick='toggleBox("Output-522340009", this, "Show output", "Hide output");'>Show output</a>

<a href="#Output-522340009" onClick="toggleAllBoxes();">Show all outputs</a>
<div class='log' id="Output-522340009">
Validating Actual price is 2220.00 and Expected Price is 2220.00<br/>
</div>
</td>
<td></td>
<td>0</td>
<td>BookingMaskTestCases.VerifyTravelDateInBetweenSeasonA_TC79@618b19ad</td></tr>
<tr>
<td title='BookingMaskTestCases.CreateBookingForTwoPersonAndTwoRoom_TC34.validatePriceForTwoPersonTwoRooms()'><b>validatePriceForTwoPersonTwoRooms</b><br>Test class: BookingMaskTestCases.CreateBookingForTwoPersonAndTwoRoom_TC34<br/>
<a href="#Output-1584360547" onClick='toggleBox("Output-1584360547", this, "Show output", "Hide output");'>Show output</a>

<a href="#Output-1584360547" onClick="toggleAllBoxes();">Show all outputs</a>
<div class='log' id="Output-1584360547">
Validating Actual price for Season-H is 2444.00 and Expected Price for Season-H is 2444.00<br/>
Validating Actual price for season-H is 2444.00 and Expected Price for Season-H is 2444.00<br/>
</div>
</td>
<td></td>
<td>0</td>
<td>BookingMaskTestCases.CreateBookingForTwoPersonAndTwoRoom_TC34@3c46e67a</td></tr>
<tr>
<td title='BookingMaskTestCases.VerifyBookingByEditingTravelTypeTC47.validateBookingWithFNTRTravelType()'><b>validateBookingWithFNTRTravelType</b><br>Test class: BookingMaskTestCases.VerifyBookingByEditingTravelTypeTC47<br/>
<a href="#Output-1737729180" onClick='toggleBox("Output-1737729180", this, "Show output", "Hide output");'>Show output</a>

<a href="#Output-1737729180" onClick="toggleAllBoxes();">Show all outputs</a>
<div class='log' id="Output-1737729180">
Validating Actual message Bitte pr체fen Sie den angegebenen Leistungscode.                                                                                                                                                                                                                                                                                  and Expected message Bitte pr체fen Sie den angegebenen Leistungscode.                                                                                                                                                                                                                                                                                 <br/>
</div>
</td>
<td></td>
<td>0</td>
<td>BookingMaskTestCases.VerifyBookingByEditingTravelTypeTC47@3590fc5b</td></tr>
<tr>
<td title='BookingMaskTestCases.VerifyEnteringTravelDaysNoInTravelToField_TC10.validatePriceField()'><b>validatePriceField</b><br>Test class: BookingMaskTestCases.VerifyEnteringTravelDaysNoInTravelToField_TC10<br/>
<a href="#Output-1501091434" onClick='toggleBox("Output-1501091434", this, "Show output", "Hide output");'>Show output</a>

<a href="#Output-1501091434" onClick="toggleAllBoxes();">Show all outputs</a>
<div class='log' id="Output-1501091434">
Validating Actual price 12000.00 and Expected Price 12000.00<br/>
</div>
</td>
<td></td>
<td>0</td>
<td>BookingMaskTestCases.VerifyEnteringTravelDaysNoInTravelToField_TC10@4afcd809</td></tr>
<tr>
<td title='BookingMaskTestCases.VerifyTravelDateInBetweenSeasonB_TC81.validatePriceInBetweenSeasonB()'><b>validatePriceInBetweenSeasonB</b><br>Test class: BookingMaskTestCases.VerifyTravelDateInBetweenSeasonB_TC81<br/>
<a href="#Output-2000719443" onClick='toggleBox("Output-2000719443", this, "Show output", "Hide output");'>Show output</a>

<a href="#Output-2000719443" onClick="toggleAllBoxes();">Show all outputs</a>
<div class='log' id="Output-2000719443">
Validating Actual price is 4440.00 and Expected Price is 4440.00<br/>
</div>
</td>
<td></td>
<td>0</td>
<td>BookingMaskTestCases.VerifyTravelDateInBetweenSeasonB_TC81@2d3379b4</td></tr>
<tr>
<td title='BookingMaskTestCases.VerifyCreateBookingForOnePerson_TC32.validatePriceWithOnePersonField()'><b>validatePriceWithOnePersonField</b><br>Test class: BookingMaskTestCases.VerifyCreateBookingForOnePerson_TC32<br/>
<a href="#Output-436510103" onClick='toggleBox("Output-436510103", this, "Show output", "Hide output");'>Show output</a>

<a href="#Output-436510103" onClick="toggleAllBoxes();">Show all outputs</a>
<div class='log' id="Output-436510103">
Validating Actual price 667.00 and Expected Price 667.00<br/>
</div>
</td>
<td></td>
<td>0</td>
<td>BookingMaskTestCases.VerifyCreateBookingForOnePerson_TC32@1d296da</td></tr>
<tr>
<td title='BookingMaskTestCases.VerifyRoomOccupancyLimitTC62ToTC65.validateMismatchInAllFieldsErrorMsg()'><b>validateMismatchInAllFieldsErrorMsg</b><br>Test class: BookingMaskTestCases.VerifyRoomOccupancyLimitTC62ToTC65<br/>
<a href="#Output-553541866" onClick='toggleBox("Output-553541866", this, "Show output", "Hide output");'>Show output</a>

<a href="#Output-553541866" onClick="toggleAllBoxes();">Show all outputs</a>
<div class='log' id="Output-553541866">
Select TFT1 in TravelType dropdownList<br/>
Selected HK001 - (TESTING) from dropdown list<br/>
Selected room 808 from dropdown<br/>
Select Falk Tours AG in CompanyID dropdownList<br/>
Send Action code<br/>
Send number of passenger<br/>
Send correct KOS in input field<br/>
Send correct ProductCode in input field<br/>
Send roomcode in input field<br/>
Send correct boardName<br/>
Send Occupancy<br/>
Send bookinglines <br/>
Send Travel from date<br/>
Send Travel To date<br/>
Send Number of passenger<br/>
Click on sendBookingButton<br/>
Validating Actual message Room occupancy is incorrect.                                                                                                                                                                                                                                                                                                     and Expected message Room occupancy is incorrect.                                                                                                                                                                                                                                                                                                    <br/>
</div>
</td>
<td></td>
<td>19</td>
<td>BookingMaskTestCases.VerifyRoomOccupancyLimitTC62ToTC65@639c2c1d</td></tr>
<tr>
<td title='BookingMaskTestCases.VerifyCreateBookingForFivePerson_TC37.validatePriceWithFivePerson()'><b>validatePriceWithFivePerson</b><br>Test class: BookingMaskTestCases.VerifyCreateBookingForFivePerson_TC37<br/>
<a href="#Output-881047190" onClick='toggleBox("Output-881047190", this, "Show output", "Hide output");'>Show output</a>

<a href="#Output-881047190" onClick="toggleAllBoxes();">Show all outputs</a>
<div class='log' id="Output-881047190">
Validating Actual price 3335.00 and Expected Price 3335.00<br/>
</div>
</td>
<td></td>
<td>0</td>
<td>BookingMaskTestCases.VerifyCreateBookingForFivePerson_TC37@7c7a06ec</td></tr>
<tr>
<td title='BookingMaskTestCases.VerifyModifyBookingWithTravelToDateDecrease_TC20.validatePriceByDecreasingTravelToDate()'><b>validatePriceByDecreasingTravelToDate</b><br>Test class: BookingMaskTestCases.VerifyModifyBookingWithTravelToDateDecrease_TC20<br/>
<a href="#Output-1358323680" onClick='toggleBox("Output-1358323680", this, "Show output", "Hide output");'>Show output</a>

<a href="#Output-1358323680" onClick="toggleAllBoxes();">Show all outputs</a>
<div class='log' id="Output-1358323680">
Validating Actual price 8888.00 and Expected Price 8888.00<br/>
</div>
</td>
<td></td>
<td>0</td>
<td>BookingMaskTestCases.VerifyModifyBookingWithTravelToDateDecrease_TC20@71d44a3</td></tr>
<tr>
<td title='BookingMaskTestCases.VerifyCreateBookingForThreePerson_TC35.validatePriceWithThreePerson()'><b>validatePriceWithThreePerson</b><br>Test class: BookingMaskTestCases.VerifyCreateBookingForThreePerson_TC35<br/>
<a href="#Output-1304947536" onClick='toggleBox("Output-1304947536", this, "Show output", "Hide output");'>Show output</a>

<a href="#Output-1304947536" onClick="toggleAllBoxes();">Show all outputs</a>
<div class='log' id="Output-1304947536">
Validating Actual price 2001.00 and Expected Price 2001.00<br/>
</div>
</td>
<td></td>
<td>0</td>
<td>BookingMaskTestCases.VerifyCreateBookingForThreePerson_TC35@776aec5c</td></tr>
<tr>
<td title='BookingMaskTestCases.VerifyTravelDateInBetweenSeasonC_TC82.validatePriceInBetweenSeasonC()'><b>validatePriceInBetweenSeasonC</b><br>Test class: BookingMaskTestCases.VerifyTravelDateInBetweenSeasonC_TC82<br/>
<a href="#Output-1538723886" onClick='toggleBox("Output-1538723886", this, "Show output", "Hide output");'>Show output</a>

<a href="#Output-1538723886" onClick="toggleAllBoxes();">Show all outputs</a>
<div class='log' id="Output-1538723886">
Validating Actual price is 6670.00 and Expected Price is 6670.00<br/>
</div>
</td>
<td></td>
<td>0</td>
<td>BookingMaskTestCases.VerifyTravelDateInBetweenSeasonC_TC82@30c15d8b</td></tr>
<tr>
<td title='BookingMaskTestCases.VerifyRoomOccupancyLimitTC58ToTC61.validateOccupancyMaxLimitCross()'><b>validateOccupancyMaxLimitCross</b><br>Test class: BookingMaskTestCases.VerifyRoomOccupancyLimitTC58ToTC61<br/>
<a href="#Output-1272901445" onClick='toggleBox("Output-1272901445", this, "Show output", "Hide output");'>Show output</a>

<a href="#Output-1272901445" onClick="toggleAllBoxes();">Show all outputs</a>
<div class='log' id="Output-1272901445">
Select TFT1 in TravelType dropdownList<br/>
Selected HK001 - (TESTING) from dropdown list<br/>
Selected room 808 from dropdown<br/>
Select Falk Tours AG in CompanyID dropdownList<br/>
Send number of passenger<br/>
Send correct KOS in input field<br/>
Send correct ProductCode in input field<br/>
Send roomcode in input field<br/>
Send correct boardName<br/>
Send Occupancy<br/>
Send bookinglines <br/>
Send Travel from date<br/>
Send Travel To date<br/>
Send Number of passenger<br/>
Click on sendBookingButton <br/>
Validating Actual message Room occupancy is incorrect.                                                                                                                                                                                                                                                                                                     and Expected message Room occupancy is incorrect.                                                                                                                                                                                                                                                                                                    <br/>
</div>
</td>
<td></td>
<td>15</td>
<td>BookingMaskTestCases.VerifyRoomOccupancyLimitTC58ToTC61@443118b0</td></tr>
<tr>
<td title='BookingMaskTestCases.VerifyBookingInquiryWithBlankTravelFromDate_TC04.validateBookingInquiryWithBlankTravelFromDate()'><b>validateBookingInquiryWithBlankTravelFromDate</b><br>Test class: BookingMaskTestCases.VerifyBookingInquiryWithBlankTravelFromDate_TC04<br/>
<a href="#Output-602120831" onClick='toggleBox("Output-602120831", this, "Show output", "Hide output");'>Show output</a>

<a href="#Output-602120831" onClick="toggleAllBoxes();">Show all outputs</a>
<div class='log' id="Output-602120831">
Validating actual Error message Travel From and Travel To date not proper. and Expected Error Message Travel From and Travel To date not proper.<br/>
</div>
</td>
<td></td>
<td>0</td>
<td>BookingMaskTestCases.VerifyBookingInquiryWithBlankTravelFromDate_TC04@76505305</td></tr>
<tr>
<td title='BookingMaskTestCases.VerifyRoomOccupancyLimitTC62ToTC65.validateMismatchInPassengerFieldErrorMsg()'><b>validateMismatchInPassengerFieldErrorMsg</b><br>Test class: BookingMaskTestCases.VerifyRoomOccupancyLimitTC62ToTC65<br/>
<a href="#Output-232379385" onClick='toggleBox("Output-232379385", this, "Show output", "Hide output");'>Show output</a>

<a href="#Output-232379385" onClick="toggleAllBoxes();">Show all outputs</a>
<div class='log' id="Output-232379385">
Select TFT1 in TravelType dropdownList<br/>
Selected HK001 - (TESTING) from dropdown list<br/>
Selected room 808 from dropdown<br/>
Select Falk Tours AG in CompanyID dropdownList<br/>
Send Booking action<br/>
Send number of passenger<br/>
Send correct KOS in input field<br/>
Send correct ProductCode in input field<br/>
Send roomcode in input field<br/>
Send correct boardName<br/>
Send Occupancy<br/>
Send bookinglines <br/>
Send Travel from date<br/>
Send Travel To date<br/>
Send Number of passenger<br/>
Click on sendBookingButton <br/>
Validating Actual message Room Occupancy is not matched.                                                                                                                                                                                                                                                                                                   and Expected message Room Occupancy is not matched.                                                                                                                                                                                                                                                                                                                                                                                                                                                                                                                                                                                                                                                                                                                                                                                                                                                                                   <br/>
</div>
</td>
<td></td>
<td>15</td>
<td>BookingMaskTestCases.VerifyRoomOccupancyLimitTC62ToTC65@639c2c1d</td></tr>
<tr>
<td title='BookingMaskTestCases.VerifyModifyBookingByEditingBothTravelFromAndToDateTC23.validatePriceByEditingBothTravelFromAndToDate()'><b>validatePriceByEditingBothTravelFromAndToDate</b><br>Test class: BookingMaskTestCases.VerifyModifyBookingByEditingBothTravelFromAndToDateTC23<br/>
<a href="#Output-1569179823" onClick='toggleBox("Output-1569179823", this, "Show output", "Hide output");'>Show output</a>

<a href="#Output-1569179823" onClick="toggleAllBoxes();">Show all outputs</a>
<div class='log' id="Output-1569179823">
Validating Actual price with changing travel date is 1776.00 and Expected Price with changing travel date is 1776.00<br/>
</div>
</td>
<td></td>
<td>0</td>
<td>BookingMaskTestCases.VerifyModifyBookingByEditingBothTravelFromAndToDateTC23@7b98f307</td></tr>
<tr>
<td title='BookingMaskTestCases.VerifyTravelDateIncludeSeasonBandC_TC84.validateTravelDateBetweenBandC()'><b>validateTravelDateBetweenBandC</b><br>Test class: BookingMaskTestCases.VerifyTravelDateIncludeSeasonBandC_TC84<br/>
<a href="#Output-825332760" onClick='toggleBox("Output-825332760", this, "Show output", "Hide output");'>Show output</a>

<a href="#Output-825332760" onClick="toggleAllBoxes();">Show all outputs</a>
<div class='log' id="Output-825332760">
Validating Actual price is 2222.00 and Expected Price is 2222.00<br/>
</div>
</td>
<td></td>
<td>0</td>
<td>BookingMaskTestCases.VerifyTravelDateIncludeSeasonBandC_TC84@5e0e82ae</td></tr>
<tr>
<td title='BookingMaskTestCases.VerifyBookingforSeasonA_TC14.validatePriceForSeasonA()'><b>validatePriceForSeasonA</b><br>Test class: BookingMaskTestCases.VerifyBookingforSeasonA_TC14<br/>
<a href="#Output-47971575" onClick='toggleBox("Output-47971575", this, "Show output", "Hide output");'>Show output</a>

<a href="#Output-47971575" onClick="toggleAllBoxes();">Show all outputs</a>
<div class='log' id="Output-47971575">
Validating Actual price 13320.00 and Expected Price 13320.00<br/>
</div>
</td>
<td></td>
<td>0</td>
<td>BookingMaskTestCases.VerifyBookingforSeasonA_TC14@368f2016</td></tr>
<tr>
<td title='BookingMaskTestCases.VerifyRoomOccupancyLimitTC54ToTC57.validateOccupancyMinLimitCross()'><b>validateOccupancyMinLimitCross</b><br>Test class: BookingMaskTestCases.VerifyRoomOccupancyLimitTC54ToTC57<br/>
<a href="#Output-1592919391" onClick='toggleBox("Output-1592919391", this, "Show output", "Hide output");'>Show output</a>

<a href="#Output-1592919391" onClick="toggleAllBoxes();">Show all outputs</a>
<div class='log' id="Output-1592919391">
Select TFT1 in TravelType dropdownList<br/>
Selected HK001 - (TESTING) from dropdown list<br/>
Selected room 808 from dropdown<br/>
Select Falk Tours AG in CompanyID dropdownList<br/>
Send Booking action<br/>
Send number of passenger<br/>
Send correct KOS in input field<br/>
Send correct ProductCode in input field<br/>
Send roomcode in input field<br/>
Send correct boardName<br/>
Send Occupancy<br/>
Send bookinglines <br/>
Send Travel from date<br/>
Send Travel To date<br/>
Select Number of passenger<br/>
click on sendBookingButton<br/>
Validating Actual message Room occupancy is incorrect.                                                                                                                                                                                                                                                                                                     and Expected message Room occupancy is incorrect.                                                                                                                                                                                                                                                                                                    <br/>
</div>
</td>
<td></td>
<td>21</td>
<td>BookingMaskTestCases.VerifyRoomOccupancyLimitTC54ToTC57@5fe94a96</td></tr>
<tr>
<td title='BookingMaskTestCases.VerifyOriginalBookingAfterModifyInquiryTC17.validateOriginalBookingWithUA()'><b>validateOriginalBookingWithUA</b><br>Test class: BookingMaskTestCases.VerifyOriginalBookingAfterModifyInquiryTC17<br/>
<a href="#Output-463064874" onClick='toggleBox("Output-463064874", this, "Show output", "Hide output");'>Show output</a>

<a href="#Output-463064874" onClick="toggleAllBoxes();">Show all outputs</a>
<div class='log' id="Output-463064874">
Validating Actual price for Season-G is 266640.00 and Expected Price for Season-G is 266640.00<br/>
Validating Actual No. of Pax is 2 and Expected No.of Pax is 2<br/>
</div>
</td>
<td></td>
<td>0</td>
<td>BookingMaskTestCases.VerifyOriginalBookingAfterModifyInquiryTC17@36fc695d</td></tr>
<tr>
<td title='BookingMaskTestCases.VerifyBookingModifyEnquiry_TC16.validatepriceFieldWithChangeInBookingAction()'><b>validatepriceFieldWithChangeInBookingAction</b><br>Test class: BookingMaskTestCases.VerifyBookingModifyEnquiry_TC16<br/>
<a href="#Output-1839813660" onClick='toggleBox("Output-1839813660", this, "Show output", "Hide output");'>Show output</a>

<a href="#Output-1839813660" onClick="toggleAllBoxes();">Show all outputs</a>
<div class='log' id="Output-1839813660">
Validating Actual price for Season-G  533280.00 and Expected Price for Season-G with UA action code is 533280.00<br/>
</div>
</td>
<td></td>
<td>0</td>
<td>BookingMaskTestCases.VerifyBookingModifyEnquiry_TC16@5656be13</td></tr>
<tr>
<td title='BookingMaskTestCases.VerifyTravelDateStartOfSeasonA_TC78.validateSeasonAPrice()'><b>validateSeasonAPrice</b><br>Test class: BookingMaskTestCases.VerifyTravelDateStartOfSeasonA_TC78<br/>
<a href="#Output-304177439" onClick='toggleBox("Output-304177439", this, "Show output", "Hide output");'>Show output</a>

<a href="#Output-304177439" onClick="toggleAllBoxes();">Show all outputs</a>
<div class='log' id="Output-304177439">
Validating Actual price 444.00 and Expected Price 444.00<br/>
</div>
</td>
<td></td>
<td>0</td>
<td>BookingMaskTestCases.VerifyTravelDateStartOfSeasonA_TC78@765d7657</td></tr>
<tr>
<td title='BookingMaskTestCases.VerifyBookingWithTravelFromAndTravelToSameDate_TC07.validateTravelFromAndTravelToSameDatePopUpMessageonBM()'><b>validateTravelFromAndTravelToSameDatePopUpMessageonBM</b><br>Test class: BookingMaskTestCases.VerifyBookingWithTravelFromAndTravelToSameDate_TC07<br/>
<a href="#Output-1011587727" onClick='toggleBox("Output-1011587727", this, "Show output", "Hide output");'>Show output</a>

<a href="#Output-1011587727" onClick="toggleAllBoxes();">Show all outputs</a>
<div class='log' id="Output-1011587727">
Validating Actual Message Travel From should be less than Travel To date. and Expected Message Travel From should be less than Travel To date.<br/>
</div>
</td>
<td></td>
<td>0</td>
<td>BookingMaskTestCases.VerifyBookingWithTravelFromAndTravelToSameDate_TC07@33d512c1</td></tr>
<tr>
<td title='BookingMaskTestCases.VerifyRoomOccupancyLimitTC58ToTC61.validateOccupancyMinLimitCross()'><b>validateOccupancyMinLimitCross</b><br>Test class: BookingMaskTestCases.VerifyRoomOccupancyLimitTC58ToTC61<br/>
<a href="#Output-253115359" onClick='toggleBox("Output-253115359", this, "Show output", "Hide output");'>Show output</a>

<a href="#Output-253115359" onClick="toggleAllBoxes();">Show all outputs</a>
<div class='log' id="Output-253115359">
Select TFT1 in TravelType dropdownList<br/>
Selected HK001 - (TESTING) from dropdown list<br/>
Selected room 808 from dropdown<br/>
Select Falk Tours AG in CompanyID dropdownList<br/>
Send Booking Action<br/>
Send number of passenger<br/>
Send correct KOS in input field<br/>
Send correct ProductCode in input field<br/>
Send roomcode in input field<br/>
Send correct boardName<br/>
Send Occupancy<br/>
Send bookinglines <br/>
Send Travel from date<br/>
Send Travel To date<br/>
Send Number of passenger<br/>
Click on SendBookingButton <br/>
Validating Actual message Room occupancy is incorrect.                                                                                                                                                                                                                                                                                                     and Expected message Room occupancy is incorrect.                                                                                                                                                                                                                                                                                                    <br/>
</div>
</td>
<td></td>
<td>15</td>
<td>BookingMaskTestCases.VerifyRoomOccupancyLimitTC58ToTC61@443118b0</td></tr>
<tr>
<td title='BookingMaskTestCases.VerifyModifyBookingWithActionCodeUAandUTC38ToTC39.validateConfirmModifyBookingWithU()'><b>validateConfirmModifyBookingWithU</b><br>Test class: BookingMaskTestCases.VerifyModifyBookingWithActionCodeUAandUTC38ToTC39<br/>
<a href="#Output-918664461" onClick='toggleBox("Output-918664461", this, "Show output", "Hide output");'>Show output</a>

<a href="#Output-918664461" onClick="toggleAllBoxes();">Show all outputs</a>
<div class='log' id="Output-918664461">
Select TFT1 in TravelType dropdownList<br/>
Selected HK001 - (TESTING) from dropdown list<br/>
Select Falk Tours AG in CompanyID dropdownList<br/>
Send number of passenger<br/>
Send correct KOS in input field<br/>
Send correct ProductCode in input field<br/>
Send roomcode in input field<br/>
Send correct boardName<br/>
Send Occupancy<br/>
Send bookinglines <br/>
Send Travel from date for Season-G<br/>
Send Travel To date for Season-G<br/>
Send Number of passenger<br/>
Click on sendBookingButton after U action code<br/>
Clicked on ViewList<br/>
Clicked on sendTBMcode to verify booking is done or not<br/>
Clicked on Booking listButton<br/>
Send TBM code<br/>
Clicked on Booking listButton<br/>
Clicked on edit booking1<br/>
Change Booking action yo UA<br/>
Send Modified Travel To date<br/>
Click on sendBookingButton after U action code<br/>
Clicked on ViewList<br/>
Clicked on sendTBMcode to verify booking is done or not<br/>
Clicked on Booking listButton<br/>
Send TBM code<br/>
Clicked on Booking listButton<br/>
Validating Expected ReservationNo 473487492/02 and Actual ReservationNo is 473487492/02<br/>
Validating Actual price 4000.00 and Expected Price 4000.00<br/>
</div>
</td>
<td></td>
<td>111</td>
<td>BookingMaskTestCases.VerifyModifyBookingWithActionCodeUAandUTC38ToTC39@397fbdb</td></tr>
<tr>
<td title='BookingMaskTestCases.VerifyBookingModificationWithTravelToDateIncrease_TC19.validatePriceWithTravelToDateIncrease()'><b>validatePriceWithTravelToDateIncrease</b><br>Test class: BookingMaskTestCases.VerifyBookingModificationWithTravelToDateIncrease_TC19<br/>
<a href="#Output-307531674" onClick='toggleBox("Output-307531674", this, "Show output", "Hide output");'>Show output</a>

<a href="#Output-307531674" onClick="toggleAllBoxes();">Show all outputs</a>
<div class='log' id="Output-307531674">
Validating Actual Price with increased travel to date  266640.00 and Expected Price with increase in date is 266640.00<br/>
</div>
</td>
<td></td>
<td>0</td>
<td>BookingMaskTestCases.VerifyBookingModificationWithTravelToDateIncrease_TC19@235834f2</td></tr>
<tr>
<td title='BookingMaskTestCases.VerifyModifyBookingToDateOutOfContractTC24.validateErrorMessageForOutOfContractDates()'><b>validateErrorMessageForOutOfContractDates</b><br>Test class: BookingMaskTestCases.VerifyModifyBookingToDateOutOfContractTC24<br/>
<a href="#Output-1297439621" onClick='toggleBox("Output-1297439621", this, "Show output", "Hide output");'>Show output</a>

<a href="#Output-1297439621" onClick="toggleAllBoxes();">Show all outputs</a>
<div class='log' id="Output-1297439621">
Validating Actual message Kontingent nicht mehr verf체gbar.                                                                                                                                                                                                                                                                                                 and Expected message Kontingent nicht mehr verf체gbar.                                                                                                                                                                                                                                                                                                <br/>
</div>
</td>
<td></td>
<td>0</td>
<td>BookingMaskTestCases.VerifyModifyBookingToDateOutOfContractTC24@59474f18</td></tr>
<tr>
<td title='BookingMaskTestCases.VerifyRoomOccupancyLimitTC62ToTC65.validateMismatchInOCCFieldErrorMsg()'><b>validateMismatchInOCCFieldErrorMsg</b><br>Test class: BookingMaskTestCases.VerifyRoomOccupancyLimitTC62ToTC65<br/>
<a href="#Output-520018606" onClick='toggleBox("Output-520018606", this, "Show output", "Hide output");'>Show output</a>

<a href="#Output-520018606" onClick="toggleAllBoxes();">Show all outputs</a>
<div class='log' id="Output-520018606">
Select TFT1 in TravelType dropdownList<br/>
Selected HK001 - (TESTING) from dropdown list<br/>
Selected room 808 from dropdown<br/>
Select Falk Tours AG in CompanyID dropdownList<br/>
Send Booking action<br/>
Send number of passenger<br/>
Send correct KOS in input field<br/>
Send correct ProductCode in input field<br/>
Send roomcode in input field<br/>
Send correct boardName<br/>
Send Occupancy<br/>
Send bookinglines <br/>
Send Travel from date<br/>
Send Travel To date<br/>
Send Number of passenger<br/>
Click on sendBookingButton<br/>
Validating Actual message Room Occupancy is not matched.                                                                                                                                                                                                                                                                                                   and Expected message Room Occupancy is not matched.                                                                                                                                                                                                                                                                                                                                                                                                                                                                                                                                                                                                                                                                                                                                                                                                                                                                                   <br/>
</div>
</td>
<td></td>
<td>15</td>
<td>BookingMaskTestCases.VerifyRoomOccupancyLimitTC62ToTC65@639c2c1d</td></tr>
<tr>
<td title='BookingMaskTestCases.VerifyCreateBookingForThreePersonThreeRooms_TC36.validatePriceForThreePersonThreeRoom()'><b>validatePriceForThreePersonThreeRoom</b><br>Test class: BookingMaskTestCases.VerifyCreateBookingForThreePersonThreeRooms_TC36<br/>
<a href="#Output-1486120772" onClick='toggleBox("Output-1486120772", this, "Show output", "Hide output");'>Show output</a>

<a href="#Output-1486120772" onClick="toggleAllBoxes();">Show all outputs</a>
<div class='log' id="Output-1486120772">
Validating Actual price for Season-H is 2444.00 and Expected Price for Season-H is2444.00<br/>
Validating Actual price for Season-H is 2444.00 and Expected Price for Season-H is 2444.00<br/>
Validating Actual price for Season-H is 2444.00 and Expected Price for Season-H is 2444.00<br/>
</div>
</td>
<td></td>
<td>1</td>
<td>BookingMaskTestCases.VerifyCreateBookingForThreePersonThreeRooms_TC36@5b7a5baa</td></tr>
<tr>
<td title='BookingMaskTestCases.VerifyBookingModificationWithEditOccupancyTC18.validateBookingByEditingOccupancyWithU()'><b>validateBookingByEditingOccupancyWithU</b><br>Test class: BookingMaskTestCases.VerifyBookingModificationWithEditOccupancyTC18<br/>
<a href="#Output-719699252" onClick='toggleBox("Output-719699252", this, "Show output", "Hide output");'>Show output</a>

<a href="#Output-719699252" onClick="toggleAllBoxes();">Show all outputs</a>
<div class='log' id="Output-719699252">
Validating Actual ReservationNo 493185626/02 and Expected ReservationNo is 493185626/02<br/>
Validating Actual price 533280.00 and Expected Price 533280.00<br/>
</div>
</td>
<td></td>
<td>0</td>
<td>BookingMaskTestCases.VerifyBookingModificationWithEditOccupancyTC18@3270d194</td></tr>
<tr>
<td title='BookingMaskTestCases.VerifyModifyBookingTC21andTC22.validateBookingByDecreasingDuration()'><b>validateBookingByDecreasingDuration</b><br>Test class: BookingMaskTestCases.VerifyModifyBookingTC21andTC22<br/>
<a href="#Output-156057756" onClick='toggleBox("Output-156057756", this, "Show output", "Hide output");'>Show output</a>

<a href="#Output-156057756" onClick="toggleAllBoxes();">Show all outputs</a>
<div class='log' id="Output-156057756">
Select TFT1 in TravelType dropdownList<br/>
Selected HK001 - (TESTING) from dropdown list<br/>
Send Booking Action<br/>
Select Falk Tours AG in CompanyID dropdownList<br/>
Send number of passenger<br/>
Send correct KOS in input field<br/>
Send correct ProductCode in input field<br/>
Send roomcode in input field<br/>
Send correct boardName<br/>
Send Occupancy<br/>
Send bookinglines <br/>
Send Travel from date<br/>
Send Travel To date<br/>
Send Number of passenger<br/>
Click on SendBookingButton<br/>
Clicked on ViewList<br/>
Clicked on SendTBMcode to verify booking is done or not<br/>
Clicked on Booking listButton<br/>
Send TBM code<br/>
Clicked on Booking listButton<br/>
Clicked on edit booking1<br/>
Change Booking action to U<br/>
Send Modifified Travel from date<br/>
Click on sendBookingButton after U action code<br/>
Clicked on ViewList<br/>
Clicked on SendTBMcode to verify booking is done or not<br/>
Clicked on Booking listButton<br/>
Validating Actual price 17776.00 and Expected Price 17776.00<br/>
Validating Actual ReservationNo 885347548/02 and Expected ReservationNo is 885347548/02<br/>
</div>
</td>
<td></td>
<td>76</td>
<td>BookingMaskTestCases.VerifyModifyBookingTC21andTC22@515c6049</td></tr>
<tr>
<td title='BookingMaskTestCases.VerifyCreateNewBookingInquiry_TC01.validatePriceFieldWithBookingInquiry()'><b>validatePriceFieldWithBookingInquiry</b><br>Test class: BookingMaskTestCases.VerifyCreateNewBookingInquiry_TC01<br/>
<a href="#Output-430545916" onClick='toggleBox("Output-430545916", this, "Show output", "Hide output");'>Show output</a>

<a href="#Output-430545916" onClick="toggleAllBoxes();">Show all outputs</a>
<div class='log' id="Output-430545916">
Validating Actual price for Season-H for 1 day is4888.00 and Expected Price 4888.00<br/>
</div>
</td>
<td></td>
<td>0</td>
<td>BookingMaskTestCases.VerifyCreateNewBookingInquiry_TC01@175c2241</td></tr>
<tr>
<td title='BookingMaskTestCases.VerifyBookingInquiryWithBlankTravelToDate_TC03.validateBookingInquiryWithBlankTravelToDate()'><b>validateBookingInquiryWithBlankTravelToDate</b><br>Test class: BookingMaskTestCases.VerifyBookingInquiryWithBlankTravelToDate_TC03<br/>
<a href="#Output-1981924343" onClick='toggleBox("Output-1981924343", this, "Show output", "Hide output");'>Show output</a>

<a href="#Output-1981924343" onClick="toggleAllBoxes();">Show all outputs</a>
<div class='log' id="Output-1981924343">
Validating actual Error message Travel From and Travel To date not proper. and Expected Error Message Travel From and Travel To date not proper.<br/>
</div>
</td>
<td></td>
<td>0</td>
<td>BookingMaskTestCases.VerifyBookingInquiryWithBlankTravelToDate_TC03@73a1e9a9</td></tr>
<tr>
<td title='BookingMaskTestCases.VerifyTravelToDateLessThanTravelFromDate_TC08.validateTravelToDateLessThanTravelFromDatePopUpMessageonBM()'><b>validateTravelToDateLessThanTravelFromDatePopUpMessageonBM</b><br>Test class: BookingMaskTestCases.VerifyTravelToDateLessThanTravelFromDate_TC08<br/>
<a href="#Output-1915216881" onClick='toggleBox("Output-1915216881", this, "Show output", "Hide output");'>Show output</a>

<a href="#Output-1915216881" onClick="toggleAllBoxes();">Show all outputs</a>
<div class='log' id="Output-1915216881">
Validating Actual Message Travel From should be less than Travel To date. and Expected Message Travel From should be less than Travel To date.<br/>
</div>
</td>
<td></td>
<td>0</td>
<td>BookingMaskTestCases.VerifyTravelToDateLessThanTravelFromDate_TC08@4802796d</td></tr>
<tr>
<td title='BookingMaskTestCases.VerifyModifyBookingTC21andTC22.validateBookingByIncreasingDuration()'><b>validateBookingByIncreasingDuration</b><br>Test class: BookingMaskTestCases.VerifyModifyBookingTC21andTC22<br/>
<a href="#Output-438533755" onClick='toggleBox("Output-438533755", this, "Show output", "Hide output");'>Show output</a>

<a href="#Output-438533755" onClick="toggleAllBoxes();">Show all outputs</a>
<div class='log' id="Output-438533755">
Select TFT1 in TravelType dropdownList<br/>
Selected HK001 - (TESTING) from dropdown list<br/>
Send Booking Action<br/>
Select Falk Tours AG in CompanyID dropdownList<br/>
Send number of passenger<br/>
Send correct KOS in input field<br/>
Send correct ProductCode in input field<br/>
Send roomcode in input field<br/>
Send correct boardName<br/>
Send Occupancy<br/>
Send bookinglines <br/>
Send Travel from date From Season-B<br/>
Send Travel To date From Season-B<br/>
Send Number of passenger<br/>
Click on SendBookingButton<br/>
Clicked on ViewList<br/>
Clicked on SendTBMcode to verify booking is done or not<br/>
Clicked on Booking listButton<br/>
Send TBM code<br/>
Clicked on Booking listButton<br/>
Clicked on edit booking1<br/>
Send Modifified Travel From date<br/>
Click on sendBookingButton after U action code<br/>
Clicked on ViewList<br/>
Clicked on SendTBMcode to verify booking is done or not<br/>
Clicked on Booking listButton<br/>
Validating Actual price 8888.00 and Expected Price 8888.00<br/>
Validating Actual ReservationNo 782141976/02 and Expected ReservationNo is 782141976/02<br/>
</div>
</td>
<td></td>
<td>69</td>
<td>BookingMaskTestCases.VerifyModifyBookingTC21andTC22@515c6049</td></tr>
<tr>
<td title='BookingMaskTestCases.VerifyModifyBookingToAddAnotherRoomWithDifferentDateTC28.validateTotalPriceWithDifferentDates()'><b>validateTotalPriceWithDifferentDates</b><br>Test class: BookingMaskTestCases.VerifyModifyBookingToAddAnotherRoomWithDifferentDateTC28<br/>
<a href="#Output-803622332" onClick='toggleBox("Output-803622332", this, "Show output", "Hide output");'>Show output</a>

<a href="#Output-803622332" onClick="toggleAllBoxes();">Show all outputs</a>
<div class='log' id="Output-803622332">
Validating Actual price for Room1 is 266640.00 and Expected Price for Room1 is 266640.00<br/>
Validating Actual price for Room2 is 9776.00 and Expected Price for Room2 is 9776.00<br/>
Validating Total price for both Room is 276416 and Expected total price for both room is 276416<br/>
</div>
</td>
<td></td>
<td>0</td>
<td>BookingMaskTestCases.VerifyModifyBookingToAddAnotherRoomWithDifferentDateTC28@13c9d689</td></tr>
<tr>
<td title='BookingMaskTestCases.VerifyTravelDatesOutOfContract_TC11.validateMessageOnBMwithDatesOutOfContract()'><b>validateMessageOnBMwithDatesOutOfContract</b><br>Test class: BookingMaskTestCases.VerifyTravelDatesOutOfContract_TC11<br/>
<a href="#Output-2035392652" onClick='toggleBox("Output-2035392652", this, "Show output", "Hide output");'>Show output</a>

<a href="#Output-2035392652" onClick="toggleAllBoxes();">Show all outputs</a>
<div class='log' id="Output-2035392652">
Validating Actual message Kontingent nicht mehr verf체gbar.                                                                                                                                                                                                                                                                                                 and Expected message Kontingent nicht mehr verf체gbar.                                                                                                                                                                                                                                                                                                                                                                                                                                                                                                                                                                                       <br/>
</div>
</td>
<td></td>
<td>0</td>
<td>BookingMaskTestCases.VerifyTravelDatesOutOfContract_TC11@34123d65</td></tr>
<tr>
<td title='BookingMaskTestCases.VerifySeasonAEndDateANDseasonBstartDate_TC83.validatePriceForSeasonAendANDSeasonBstartDate()'><b>validatePriceForSeasonAendANDSeasonBstartDate</b><br>Test class: BookingMaskTestCases.VerifySeasonAEndDateANDseasonBstartDate_TC83<br/>
<a href="#Output-1612958077" onClick='toggleBox("Output-1612958077", this, "Show output", "Hide output");'>Show output</a>

<a href="#Output-1612958077" onClick="toggleAllBoxes();">Show all outputs</a>
<div class='log' id="Output-1612958077">
Validating Actual price 444.00 and Expected Price 444.00<br/>
</div>
</td>
<td></td>
<td>0</td>
<td>BookingMaskTestCases.VerifySeasonAEndDateANDseasonBstartDate_TC83@2b71e916</td></tr>
<tr>
<td title='BookingMaskTestCases.VerifyBookingforSeasonB_TC15.validatePriceForSeasonB()'><b>validatePriceForSeasonB</b><br>Test class: BookingMaskTestCases.VerifyBookingforSeasonB_TC15<br/>
<a href="#Output-1287328228" onClick='toggleBox("Output-1287328228", this, "Show output", "Hide output");'>Show output</a>

<a href="#Output-1287328228" onClick="toggleAllBoxes();">Show all outputs</a>
<div class='log' id="Output-1287328228">
Validating Actual price for Season-B 24864.00 and Expected Price for Season-B 24864.00<br/>
</div>
</td>
<td></td>
<td>0</td>
<td>BookingMaskTestCases.VerifyBookingforSeasonB_TC15@4218d6a3</td></tr>
<tr>
<td title='BookingMaskTestCases.VerifyModifyBookingWithActionCodeUAandUTC38ToTC39.validateModifyBookingInquiryWithUA()'><b>validateModifyBookingInquiryWithUA</b><br>Test class: BookingMaskTestCases.VerifyModifyBookingWithActionCodeUAandUTC38ToTC39<br/>
<a href="#Output-571390959" onClick='toggleBox("Output-571390959", this, "Show output", "Hide output");'>Show output</a>

<a href="#Output-571390959" onClick="toggleAllBoxes();">Show all outputs</a>
<div class='log' id="Output-571390959">
Select TFT1 in TravelType dropdownList<br/>
Selected HK001 - (TESTING) from dropdown list<br/>
Select Falk Tours AG in CompanyID dropdownList<br/>
Send number of passenger<br/>
Send correct KOS in input field<br/>
Send correct ProductCode in input field<br/>
Send roomcode in input field<br/>
Send correct boardName<br/>
Send Occupancy<br/>
Send bookinglines <br/>
Send Travel from date for Season-G<br/>
Send Travel To date for Season-G<br/>
Send Number of passenger<br/>
Click on sendBookingButton after U action code<br/>
Clicked on ViewList<br/>
Clicked on sendTBMcode to verify booking is done or not<br/>
Clicked on Booking listButton<br/>
Send TBM code<br/>
Clicked on Booking listButton<br/>
Clicked on edit booking1<br/>
Change Booking action yo UA<br/>
Send Modified Travel To date<br/>
Click on sendBookingButton after U action code<br/>
Clicked on ViewList<br/>
Clicked on sendTBMcode to verify booking is done or not<br/>
Clicked on Booking listButton<br/>
Send TBM code<br/>
Clicked on Booking listButton<br/>
Validating Expected ReservationNo 291715379/01 and Actual ReservationNo is 291715379/01<br/>
Validating Actual price 4000.00 and Expected Price 4000.00<br/>
</div>
</td>
<td></td>
<td>107</td>
<td>BookingMaskTestCases.VerifyModifyBookingWithActionCodeUAandUTC38ToTC39@397fbdb</td></tr>
<tr>
<td title='BookingMaskTestCases.VerifyTravelDateIsEndDateOfSeasonA_TC80.validatePriceAtEndDateOfSeasonA()'><b>validatePriceAtEndDateOfSeasonA</b><br>Test class: BookingMaskTestCases.VerifyTravelDateIsEndDateOfSeasonA_TC80<br/>
<a href="#Output-1088254140" onClick='toggleBox("Output-1088254140", this, "Show output", "Hide output");'>Show output</a>

<a href="#Output-1088254140" onClick="toggleAllBoxes();">Show all outputs</a>
<div class='log' id="Output-1088254140">
Validating Actual price 444.00 and Expected Price 444.00<br/>
</div>
</td>
<td></td>
<td>0</td>
<td>BookingMaskTestCases.VerifyTravelDateIsEndDateOfSeasonA_TC80@6771beb3</td></tr>
<tr>
<td title='BookingMaskTestCases.VerifyRoomOccupancyLimitTC58ToTC61.validateOccupancyMinLimitNotSatisfield1()'><b>validateOccupancyMinLimitNotSatisfield1</b><br>Test class: BookingMaskTestCases.VerifyRoomOccupancyLimitTC58ToTC61<br/>
<a href="#Output-156323251" onClick='toggleBox("Output-156323251", this, "Show output", "Hide output");'>Show output</a>

<a href="#Output-156323251" onClick="toggleAllBoxes();">Show all outputs</a>
<div class='log' id="Output-156323251">
Select TFT1 in TravelType dropdownList<br/>
Selected HK001 - (TESTING) from dropdown list<br/>
Selected room 808 from dropdown<br/>
Select Falk Tours AG in CompanyID dropdownList<br/>
Send Booking action<br/>
Send number of passenger<br/>
Send correct KOS in input field<br/>
Send correct ProductCode in input field<br/>
Send roomcode in input field<br/>
Send correct boardName<br/>
Send Occupancy<br/>
Send bookinglines <br/>
Send Travel from date<br/>
Send Travel To date<br/>
Send Number of passenger<br/>
Click on sendBookingButton <br/>
Validating Actual message Room occupancy is incorrect.                                                                                                                                                                                                                                                                                                     and Expected message Room occupancy is incorrect.                                                                                                                                                                                                                                                                                                    <br/>
</div>
</td>
<td></td>
<td>13</td>
<td>BookingMaskTestCases.VerifyRoomOccupancyLimitTC58ToTC61@443118b0</td></tr>
<tr>
<td title='BookingMaskTestCases.VerifyRoomOccupancyLimitTC58ToTC61.validateOccupancyMinLimitNotSatisfield2()'><b>validateOccupancyMinLimitNotSatisfield2</b><br>Test class: BookingMaskTestCases.VerifyRoomOccupancyLimitTC58ToTC61<br/>
<a href="#Output-1140006545" onClick='toggleBox("Output-1140006545", this, "Show output", "Hide output");'>Show output</a>

<a href="#Output-1140006545" onClick="toggleAllBoxes();">Show all outputs</a>
<div class='log' id="Output-1140006545">
Select TFT1 in TravelType dropdownList<br/>
Selected HK001 - (TESTING) from dropdown list<br/>
Selected room 808 from dropdown<br/>
Select Falk Tours AG in CompanyID dropdownList<br/>
Send Booking action<br/>
Send number of passenger<br/>
Send correct KOS in input field<br/>
Send correct ProductCode in input field<br/>
Send roomcode in input field<br/>
Send correct boardName<br/>
Send Occupancy<br/>
Send bookinglines <br/>
Send Travel from date<br/>
Send Travel To date<br/>
Send Number of passenger<br/>
Click on sendBookingButton <br/>
Validating Actual message Room Occupancy is not matched.                                                                                                                                                                                                                                                                                                   and Expected message Room Occupancy is not matched.                                                                                                                                                                                                                                                                                                                                                                                                                                                                                                                                                                                                                                                                                                                                                                                                                                                                                    <br/>
</div>
</td>
<td></td>
<td>14</td>
<td>BookingMaskTestCases.VerifyRoomOccupancyLimitTC58ToTC61@443118b0</td></tr>
<tr>
<td title='BookingMaskTestCases.VerifyRoomOccupancyLimitTC62ToTC65.validateMismatchInNOofPaxFieldErrorMsg()'><b>validateMismatchInNOofPaxFieldErrorMsg</b><br>Test class: BookingMaskTestCases.VerifyRoomOccupancyLimitTC62ToTC65<br/>
<a href="#Output-1777086980" onClick='toggleBox("Output-1777086980", this, "Show output", "Hide output");'>Show output</a>

<a href="#Output-1777086980" onClick="toggleAllBoxes();">Show all outputs</a>
<div class='log' id="Output-1777086980">
Select TFT1 in TravelType dropdownList<br/>
Selected HK001 - (TESTING) from dropdown list<br/>
Selected room 808 from dropdown<br/>
Select Falk Tours AG in CompanyID dropdownList<br/>
Send Booking Action<br/>
Send number of passenger<br/>
Send correct KOS in input field<br/>
Send correct ProductCode in input field<br/>
Send roomcode in input field<br/>
Send correct boardName<br/>
Send Occupancy<br/>
Send bookinglines <br/>
Send Travel from date<br/>
Send Travel To date<br/>
Send Number of passenger<br/>
Click on sendBookingButton<br/>
Validating Actual message Room Occupancy is not matched.                                                                                                                                                                                                                                                                                                   and Expected message Room Occupancy is not matched.                                                                                                                                                                                                                                                                                                                                                                                                                                                                                                                                                                                                                                                                                                                                                                                                                                                                                   <br/>
</div>
</td>
<td></td>
<td>14</td>
<td>BookingMaskTestCases.VerifyRoomOccupancyLimitTC62ToTC65@639c2c1d</td></tr>
<tr>
<td title='BookingMaskTestCases.VerifyConfirmBookingWithB_TC02.validateReservationNoField()'><b>validateReservationNoField</b><br>Test class: BookingMaskTestCases.VerifyConfirmBookingWithB_TC02<br/>
<a href="#Output-1715803181" onClick='toggleBox("Output-1715803181", this, "Show output", "Hide output");'>Show output</a>

<a href="#Output-1715803181" onClick="toggleAllBoxes();">Show all outputs</a>
<div class='log' id="Output-1715803181">
Validating Expected ReservationNo 199489127/01 and Actual ReservationNo is 199489127/01<br/>
</div>
</td>
<td></td>
<td>0</td>
<td>BookingMaskTestCases.VerifyConfirmBookingWithB_TC02@75d4a5c2</td></tr>
<tr>
<td title='BookingMaskTestCases.VerifyModifyBookingByChangingRoomCodeTC25.validatePriceByChangingRoomcode()'><b>validatePriceByChangingRoomcode</b><br>Test class: BookingMaskTestCases.VerifyModifyBookingByChangingRoomCodeTC25<br/>
<a href="#Output-973660027" onClick='toggleBox("Output-973660027", this, "Show output", "Hide output");'>Show output</a>

<a href="#Output-973660027" onClick="toggleAllBoxes();">Show all outputs</a>
<div class='log' id="Output-973660027">
Validating Actual price 93360.00 and Expected Price 93360.00<br/>
</div>
</td>
<td></td>
<td>0</td>
<td>BookingMaskTestCases.VerifyModifyBookingByChangingRoomCodeTC25@3754a4bf</td></tr>
<tr>
<td title='BookingMaskTestCases.VerifyRoomOccupancyLimitTC54ToTC57.validateOccupancyMaxLimitNotSatisfied()'><b>validateOccupancyMaxLimitNotSatisfied</b><br>Test class: BookingMaskTestCases.VerifyRoomOccupancyLimitTC54ToTC57<br/>
<a href="#Output-1655080274" onClick='toggleBox("Output-1655080274", this, "Show output", "Hide output");'>Show output</a>

<a href="#Output-1655080274" onClick="toggleAllBoxes();">Show all outputs</a>
<div class='log' id="Output-1655080274">
Select TFT1 in TravelType dropdownList<br/>
Selected HK001 - (TESTING) from dropdown list<br/>
Selected room 808 from dropdown<br/>
Select Falk Tours AG in CompanyID dropdownList<br/>
Send number of passenger<br/>
Send correct KOS in input field<br/>
Send correct ProductCode in input field<br/>
Send roomcode in input field<br/>
Send correct boardName<br/>
Send Occupancy<br/>
Send bookinglines <br/>
Send Travel from date<br/>
Send Travel To date<br/>
Send Number of passenger<br/>
click on sendBookingButton <br/>
Validating Actual message Room occupancy is incorrect.                                                                                                                                                                                                                                                                                                     and Expected message Room occupancy is incorrect.                                                                                                                                                                                                                                                                                                    <br/>
</div>
</td>
<td></td>
<td>16</td>
<td>BookingMaskTestCases.VerifyRoomOccupancyLimitTC54ToTC57@5fe94a96</td></tr>
<tr>
<td title='BookingMaskTestCases.VerifyTravelDateEndingOutOfContract_TC12.validateMessageOnBMpage()'><b>validateMessageOnBMpage</b><br>Test class: BookingMaskTestCases.VerifyTravelDateEndingOutOfContract_TC12<br/>
<a href="#Output-354878928" onClick='toggleBox("Output-354878928", this, "Show output", "Hide output");'>Show output</a>

<a href="#Output-354878928" onClick="toggleAllBoxes();">Show all outputs</a>
<div class='log' id="Output-354878928">
Validating Actual message is Kontingent nicht mehr verf체gbar.                                                                                                                                                                                                                                                                                                 and Expected message is Kontingent nicht mehr verf체gbar.                                                                                                                                                                                                                                                                                                                                                                                                                                                                                                                                                                                       <br/>
</div>
</td>
<td></td>
<td>0</td>
<td>BookingMaskTestCases.VerifyTravelDateEndingOutOfContract_TC12@3e694b3f</td></tr>
<tr>
<td title='BookingMaskTestCases.VerifyRoomOccupancyLimitTC54ToTC57.validateOccupancyMaxLimitCross()'><b>validateOccupancyMaxLimitCross</b><br>Test class: BookingMaskTestCases.VerifyRoomOccupancyLimitTC54ToTC57<br/>
<a href="#Output-761509273" onClick='toggleBox("Output-761509273", this, "Show output", "Hide output");'>Show output</a>

<a href="#Output-761509273" onClick="toggleAllBoxes();">Show all outputs</a>
<div class='log' id="Output-761509273">
Select TFT1 in TravelType dropdownList<br/>
Selected HK001 - (TESTING) from dropdown list<br/>
Selected room 808 from dropdown<br/>
Select Falk Tours AG in CompanyID dropdownList<br/>
Send number of passenger<br/>
Send correct KOS in input field<br/>
Send correct ProductCode in input field<br/>
Send roomcode in input field<br/>
Send correct boardName<br/>
Send Occupancy<br/>
Send bookinglines <br/>
Send Travel from date<br/>
Send Travel To date<br/>
Send Number of passenger<br/>
click on sendBookingButton<br/>
Validating Actual message Room occupancy is incorrect.                                                                                                                                                                                                                                                                                                     and Expected message Room occupancy is incorrect.                                                                                                                                                                                                                                                                                                    <br/>
</div>
</td>
<td></td>
<td>23</td>
<td>BookingMaskTestCases.VerifyRoomOccupancyLimitTC54ToTC57@5fe94a96</td></tr>
<tr>
<td title='BookingMaskTestCases.VerifyModifyBookingToInvalidRoomCodeTC26.validateBookingBySendingInvalidRoomcode()'><b>validateBookingBySendingInvalidRoomcode</b><br>Test class: BookingMaskTestCases.VerifyModifyBookingToInvalidRoomCodeTC26<br/>
<a href="#Output-324352814" onClick='toggleBox("Output-324352814", this, "Show output", "Hide output");'>Show output</a>

<a href="#Output-324352814" onClick="toggleAllBoxes();">Show all outputs</a>
<div class='log' id="Output-324352814">
Validating Actual message Bitte pr체fen Sie den angegebenen Zimmerscode..                                                                                                                                                                                                                                                                                   and Expected message Bitte pr체fen Sie den angegebenen Zimmerscode..                                                                                                                                                                                                                                                                                  <br/>
</div>
</td>
<td></td>
<td>0</td>
<td>BookingMaskTestCases.VerifyModifyBookingToInvalidRoomCodeTC26@65fb9ffc</td></tr>
<tr>
<td title='BookingMaskTestCases.VerifyCreateBookingWithTwoPerson_TC33.validatePriceWithTwoPerson()'><b>validatePriceWithTwoPerson</b><br>Test class: BookingMaskTestCases.VerifyCreateBookingWithTwoPerson_TC33<br/>
<a href="#Output-1123338504" onClick='toggleBox("Output-1123338504", this, "Show output", "Hide output");'>Show output</a>

<a href="#Output-1123338504" onClick="toggleAllBoxes();">Show all outputs</a>
<div class='log' id="Output-1123338504">
Validating Actual price 1334.00 and Expected Price 1334.00<br/>
</div>
</td>
<td></td>
<td>0</td>
<td>BookingMaskTestCases.VerifyCreateBookingWithTwoPerson_TC33@5bf0d49</td></tr>
</table><p>
<table width='100%' border='1' class='invocation-skipped'>
<tr><td colspan='4' align='center'><b>SKIPPED TESTS</b></td></tr>
<tr><td><b>Test method</b></td>
<td width="30%"><b>Exception</b></td>
<td width="10%"><b>Time (seconds)</b></td>
<td><b>Instance</b></td>
</tr>
<tr>
<td title='BookingMaskTestCases.VerifyModifyBookingToAddAnotherRoomWithSameDateTC27.validateBookingAndTotalPriceofBothRooms()'><b>validateBookingAndTotalPriceofBothRooms</b><br>Test class: BookingMaskTestCases.VerifyModifyBookingToAddAnotherRoomWithSameDateTC27</td>
<td><div><pre>org.openqa.selenium.NoSuchElementException: no such element: Unable to locate element: {&quot;method&quot;:&quot;css selector&quot;,&quot;selector&quot;:&quot;#bookinglines_Price_2&quot;}
  (Session info: chrome=113.0.5672.127)
For documentation on this error, please visit: https://selenium.dev/exceptions/#no_such_element
Build info: version: &apos;4.8.3&apos;, revision: &apos;e5e76298c3&apos;
System info: os.name: &apos;Windows 10&apos;, os.arch: &apos;amd64&apos;, os.version: &apos;10.0&apos;, java.version: &apos;17.0.4.1&apos;
Driver info: org.openqa.selenium.chrome.ChromeDriver
Command: [57d22259e8ed2e8a0ccf01358d9d5406, findElement {using=id, value=bookinglines_Price_2}]
Capabilities {acceptInsecureCerts: false, browserName: chrome, browserVersion: 113.0.5672.127, chrome: {chromedriverVersion: 113.0.5672.63 (0e1a4471d5ae..., userDataDir: C:\Users\ROHAN~1.PAT\AppDat...}, goog:chromeOptions: {debuggerAddress: localhost:51199}, networkConnectionEnabled: false, pageLoadStrategy: normal, platformName: WINDOWS, proxy: Proxy(), se:cdp: ws://localhost:51199/devtoo..., se:cdpVersion: 113.0.5672.127, setWindowRect: true, strictFileInteractability: false, timeouts: {implicit: 0, pageLoad: 300000, script: 30000}, unhandledPromptBehavior: dismiss and notify, webauthn:extension:credBlob: true, webauthn:extension:largeBlob: true, webauthn:extension:minPinLength: true, webauthn:extension:prf: true, webauthn:virtualAuthenticators: true}
Session ID: 57d22259e8ed2e8a0ccf01358d9d5406
	at org.openqa.selenium.remote.codec.w3c.W3CHttpResponseCodec.createException(W3CHttpResponseCodec.java:200)
	at org.openqa.selenium.remote.codec.w3c.W3CHttpResponseCodec.decode(W3CHttpResponseCodec.java:133)
	at org.openqa.selenium.remote.codec.w3c.W3CHttpResponseCodec.decode(W3CHttpResponseCodec.java:53)
	at org.openqa.selenium.remote.HttpCommandExecutor.execute(HttpCommandExecutor.java:193)
	at org.openqa.selenium.remote.service.DriverCommandExecutor.invokeExecute(DriverCommandExecutor.java:183)
	at org.openqa.selenium.remote.service.DriverCommandExecutor.execute(DriverCommandExecutor.java:158)
	at org.openqa.selenium.remote.RemoteWebDriver.execute(RemoteWebDriver.java:543)
	at org.openqa.selenium.remote.ElementLocation$ElementFinder$2.findElement(ElementLocation.java:162)
	at org.openqa.selenium.remote.ElementLocation.findElement(ElementLocation.java:60)
	at org.openqa.selenium.remote.RemoteWebDriver.findElement(RemoteWebDriver.java:352)
	at org.openqa.selenium.remote.RemoteWebDriver.findElement(RemoteWebDriver.java:344)
	at org.openqa.selenium.support.pagefactory.DefaultElementLocator.findElement(DefaultElementLocator.java:70)
	at org.openqa.selenium.support.pagefactory.internal.LocatingElementHandler.invoke(LocatingElementHandler.java:39)
	at jdk.proxy2/jdk.proxy2.$Proxy18.getAttribute(Unknown Source)
	at POM.bookingMaskPage.getPriceFieldValue2(bookingMaskPage.java:540)
	at BookingMaskTestCases.VerifyModifyBookingToAddAnotherRoomWithSameDateTC27.loginToApp(VerifyModifyBookingToAddAnotherRoomWithSameDateTC27.java:224)
	at java.base/java.util.ArrayList.forEach(ArrayList.java:1511)
... Removed 36 stack frames</pre></div><a href='#' onClick='toggleBox("stack-trace1575752622", this, "Click to show all stack frames", "Click to hide stack frames")'>Click to show all stack frames</a>
<div class='stack-trace' id='stack-trace1575752622'><pre>org.openqa.selenium.NoSuchElementException: no such element: Unable to locate element: {&quot;method&quot;:&quot;css selector&quot;,&quot;selector&quot;:&quot;#bookinglines_Price_2&quot;}
  (Session info: chrome=113.0.5672.127)
For documentation on this error, please visit: https://selenium.dev/exceptions/#no_such_element
Build info: version: &apos;4.8.3&apos;, revision: &apos;e5e76298c3&apos;
System info: os.name: &apos;Windows 10&apos;, os.arch: &apos;amd64&apos;, os.version: &apos;10.0&apos;, java.version: &apos;17.0.4.1&apos;
Driver info: org.openqa.selenium.chrome.ChromeDriver
Command: [57d22259e8ed2e8a0ccf01358d9d5406, findElement {using=id, value=bookinglines_Price_2}]
Capabilities {acceptInsecureCerts: false, browserName: chrome, browserVersion: 113.0.5672.127, chrome: {chromedriverVersion: 113.0.5672.63 (0e1a4471d5ae..., userDataDir: C:\Users\ROHAN~1.PAT\AppDat...}, goog:chromeOptions: {debuggerAddress: localhost:51199}, networkConnectionEnabled: false, pageLoadStrategy: normal, platformName: WINDOWS, proxy: Proxy(), se:cdp: ws://localhost:51199/devtoo..., se:cdpVersion: 113.0.5672.127, setWindowRect: true, strictFileInteractability: false, timeouts: {implicit: 0, pageLoad: 300000, script: 30000}, unhandledPromptBehavior: dismiss and notify, webauthn:extension:credBlob: true, webauthn:extension:largeBlob: true, webauthn:extension:minPinLength: true, webauthn:extension:prf: true, webauthn:virtualAuthenticators: true}
Session ID: 57d22259e8ed2e8a0ccf01358d9d5406
	at java.base/jdk.internal.reflect.NativeConstructorAccessorImpl.newInstance0(Native Method)
	at java.base/jdk.internal.reflect.NativeConstructorAccessorImpl.newInstance(NativeConstructorAccessorImpl.java:77)
	at java.base/jdk.internal.reflect.DelegatingConstructorAccessorImpl.newInstance(DelegatingConstructorAccessorImpl.java:45)
	at java.base/java.lang.reflect.Constructor.newInstanceWithCaller(Constructor.java:499)
	at java.base/java.lang.reflect.Constructor.newInstance(Constructor.java:480)
	at org.openqa.selenium.remote.codec.w3c.W3CHttpResponseCodec.createException(W3CHttpResponseCodec.java:200)
	at org.openqa.selenium.remote.codec.w3c.W3CHttpResponseCodec.decode(W3CHttpResponseCodec.java:133)
	at org.openqa.selenium.remote.codec.w3c.W3CHttpResponseCodec.decode(W3CHttpResponseCodec.java:53)
	at org.openqa.selenium.remote.HttpCommandExecutor.execute(HttpCommandExecutor.java:193)
	at org.openqa.selenium.remote.service.DriverCommandExecutor.invokeExecute(DriverCommandExecutor.java:183)
	at org.openqa.selenium.remote.service.DriverCommandExecutor.execute(DriverCommandExecutor.java:158)
	at org.openqa.selenium.remote.RemoteWebDriver.execute(RemoteWebDriver.java:543)
	at org.openqa.selenium.remote.ElementLocation$ElementFinder$2.findElement(ElementLocation.java:162)
	at org.openqa.selenium.remote.ElementLocation.findElement(ElementLocation.java:60)
	at org.openqa.selenium.remote.RemoteWebDriver.findElement(RemoteWebDriver.java:352)
	at org.openqa.selenium.remote.RemoteWebDriver.findElement(RemoteWebDriver.java:344)
	at org.openqa.selenium.support.pagefactory.DefaultElementLocator.findElement(DefaultElementLocator.java:70)
	at org.openqa.selenium.support.pagefactory.internal.LocatingElementHandler.invoke(LocatingElementHandler.java:39)
	at jdk.proxy2/jdk.proxy2.$Proxy18.getAttribute(Unknown Source)
	at POM.bookingMaskPage.getPriceFieldValue2(bookingMaskPage.java:540)
	at BookingMaskTestCases.VerifyModifyBookingToAddAnotherRoomWithSameDateTC27.loginToApp(VerifyModifyBookingToAddAnotherRoomWithSameDateTC27.java:224)
	at java.base/jdk.internal.reflect.NativeMethodAccessorImpl.invoke0(Native Method)
	at java.base/jdk.internal.reflect.NativeMethodAccessorImpl.invoke(NativeMethodAccessorImpl.java:77)
	at java.base/jdk.internal.reflect.DelegatingMethodAccessorImpl.invoke(DelegatingMethodAccessorImpl.java:43)
	at java.base/java.lang.reflect.Method.invoke(Method.java:568)
	at org.testng.internal.MethodInvocationHelper.invokeMethod(MethodInvocationHelper.java:133)
	at org.testng.internal.MethodInvocationHelper.invokeMethodConsideringTimeout(MethodInvocationHelper.java:62)
	at org.testng.internal.ConfigInvoker.invokeConfigurationMethod(ConfigInvoker.java:385)
	at org.testng.internal.ConfigInvoker.invokeConfigurations(ConfigInvoker.java:321)
	at org.testng.internal.TestInvoker.runConfigMethods(TestInvoker.java:700)
	at org.testng.internal.TestInvoker.invokeMethod(TestInvoker.java:527)
	at org.testng.internal.TestInvoker.invokeTestMethod(TestInvoker.java:173)
	at org.testng.internal.MethodRunner.runInSequence(MethodRunner.java:46)
	at org.testng.internal.TestInvoker$MethodInvocationAgent.invoke(TestInvoker.java:824)
	at org.testng.internal.TestInvoker.invokeTestMethods(TestInvoker.java:146)
	at org.testng.internal.TestMethodWorker.invokeTestMethods(TestMethodWorker.java:146)
	at org.testng.internal.TestMethodWorker.run(TestMethodWorker.java:128)
	at java.base/java.util.ArrayList.forEach(ArrayList.java:1511)
	at org.testng.TestRunner.privateRun(TestRunner.java:794)
	at org.testng.TestRunner.run(TestRunner.java:596)
	at org.testng.SuiteRunner.runTest(SuiteRunner.java:377)
	at org.testng.SuiteRunner.runSequentially(SuiteRunner.java:371)
	at org.testng.SuiteRunner.privateRun(SuiteRunner.java:332)
	at org.testng.SuiteRunner.run(SuiteRunner.java:276)
	at org.testng.SuiteRunnerWorker.runSuite(SuiteRunnerWorker.java:53)
	at org.testng.SuiteRunnerWorker.run(SuiteRunnerWorker.java:96)
	at org.testng.TestNG.runSuitesSequentially(TestNG.java:1212)
	at org.testng.TestNG.runSuitesLocally(TestNG.java:1134)
	at org.testng.TestNG.runSuites(TestNG.java:1063)
	at org.testng.TestNG.run(TestNG.java:1031)
	at org.testng.remote.AbstractRemoteTestNG.run(AbstractRemoteTestNG.java:115)
	at org.testng.remote.RemoteTestNG.initAndRun(RemoteTestNG.java:251)
	at org.testng.remote.RemoteTestNG.main(RemoteTestNG.java:77)
</pre></div></td>
<td>0</td>
<td>BookingMaskTestCases.VerifyModifyBookingToAddAnotherRoomWithSameDateTC27@28701274</td></tr>
</table><p>
</body>
</html>