<?xml version="1.0" encoding="UTF-8"?>
<!-- Generated by org.testng.reporters.JUnitXMLReporter -->
<testsuite ignored="0" hostname="DGIT-0099" failures="12" tests="66" name="BM" time="4840.321" errors="0" timestamp="2023-05-25T12:46:44 IST">
  <testcase classname="BookingMaskTestCases.VerifyModifyBookingToAddAnotherRoomWithSameDateTC27" name="@BeforeMethod loginToApp" time="131.169">
    <failure type="org.openqa.selenium.NoSuchElementException" message="no such element: Unable to locate element: {&amp;quot;method&amp;quot;:&amp;quot;css selector&amp;quot;,&amp;quot;selector&amp;quot;:&amp;quot;#bookinglines_Price_2&amp;quot;}
  (Session info: chrome=113.0.5672.127)
For documentation on this error, please visit: https://selenium.dev/exceptions/#no_such_element
Build info: version: &amp;apos;4.8.3&amp;apos;, revision: &amp;apos;e5e76298c3&amp;apos;
System info: os.name: &amp;apos;Windows 10&amp;apos;, os.arch: &amp;apos;amd64&amp;apos;, os.version: &amp;apos;10.0&amp;apos;, java.version: &amp;apos;17.0.4.1&amp;apos;
Driver info: org.openqa.selenium.chrome.ChromeDriver
Command: [57d22259e8ed2e8a0ccf01358d9d5406, findElement {using=id, value=bookinglines_Price_2}]
Capabilities {acceptInsecureCerts: false, browserName: chrome, browserVersion: 113.0.5672.127, chrome: {chromedriverVersion: 113.0.5672.63 (0e1a4471d5ae..., userDataDir: C:\Users\ROHAN~1.PAT\AppDat...}, goog:chromeOptions: {debuggerAddress: localhost:51199}, networkConnectionEnabled: false, pageLoadStrategy: normal, platformName: WINDOWS, proxy: Proxy(), se:cdp: ws://localhost:51199/devtoo..., se:cdpVersion: 113.0.5672.127, setWindowRect: true, strictFileInteractability: false, timeouts: {implicit: 0, pageLoad: 300000, script: 30000}, unhandledPromptBehavior: dismiss and notify, webauthn:extension:credBlob: true, webauthn:extension:largeBlob: true, webauthn:extension:minPinLength: true, webauthn:extension:prf: true, webauthn:virtualAuthenticators: true}
Session ID: 57d22259e8ed2e8a0ccf01358d9d5406">
      <![CDATA[org.openqa.selenium.NoSuchElementException: no such element: Unable to locate element: {"method":"css selector","selector":"#bookinglines_Price_2"}
  (Session info: chrome=113.0.5672.127)
For documentation on this error, please visit: https://selenium.dev/exceptions/#no_such_element
Build info: version: '4.8.3', revision: 'e5e76298c3'
System info: os.name: 'Windows 10', os.arch: 'amd64', os.version: '10.0', java.version: '17.0.4.1'
Driver info: org.openqa.selenium.chrome.ChromeDriver
Command: [57d22259e8ed2e8a0ccf01358d9d5406, findElement {using=id, value=bookinglines_Price_2}]
Capabilities {acceptInsecureCerts: false, browserName: chrome, browserVersion: 113.0.5672.127, chrome: {chromedriverVersion: 113.0.5672.63 (0e1a4471d5ae..., userDataDir: C:\Users\ROHAN~1.PAT\AppDat...}, goog:chromeOptions: {debuggerAddress: localhost:51199}, networkConnectionEnabled: false, pageLoadStrategy: normal, platformName: WINDOWS, proxy: Proxy(), se:cdp: ws://localhost:51199/devtoo..., se:cdpVersion: 113.0.5672.127, setWindowRect: true, strictFileInteractability: false, timeouts: {implicit: 0, pageLoad: 300000, script: 30000}, unhandledPromptBehavior: dismiss and notify, webauthn:extension:credBlob: true, webauthn:extension:largeBlob: true, webauthn:extension:minPinLength: true, webauthn:extension:prf: true, webauthn:virtualAuthenticators: true}
Session ID: 57d22259e8ed2e8a0ccf01358d9d5406
at org.openqa.selenium.remote.codec.w3c.W3CHttpResponseCodec.createException(W3CHttpResponseCodec.java:200)
at org.openqa.selenium.remote.codec.w3c.W3CHttpResponseCodec.decode(W3CHttpResponseCodec.java:133)
at org.openqa.selenium.remote.codec.w3c.W3CHttpResponseCodec.decode(W3CHttpResponseCodec.java:53)
at org.openqa.selenium.remote.HttpCommandExecutor.execute(HttpCommandExecutor.java:193)
at org.openqa.selenium.remote.service.DriverCommandExecutor.invokeExecute(DriverCommandExecutor.java:183)
at org.openqa.selenium.remote.service.DriverCommandExecutor.execute(DriverCommandExecutor.java:158)
at org.openqa.selenium.remote.RemoteWebDriver.execute(RemoteWebDriver.java:543)
at org.openqa.selenium.remote.ElementLocation$ElementFinder$2.findElement(ElementLocation.java:162)
at org.openqa.selenium.remote.ElementLocation.findElement(ElementLocation.java:60)
at org.openqa.selenium.remote.RemoteWebDriver.findElement(RemoteWebDriver.java:352)
at org.openqa.selenium.remote.RemoteWebDriver.findElement(RemoteWebDriver.java:344)
at org.openqa.selenium.support.pagefactory.DefaultElementLocator.findElement(DefaultElementLocator.java:70)
at org.openqa.selenium.support.pagefactory.internal.LocatingElementHandler.invoke(LocatingElementHandler.java:39)
at jdk.proxy2/jdk.proxy2.$Proxy18.getAttribute(Unknown Source)
at POM.bookingMaskPage.getPriceFieldValue2(bookingMaskPage.java:540)
at BookingMaskTestCases.VerifyModifyBookingToAddAnotherRoomWithSameDateTC27.loginToApp(VerifyModifyBookingToAddAnotherRoomWithSameDateTC27.java:224)
at java.base/java.util.ArrayList.forEach(ArrayList.java:1511)
... Removed 36 stack frames]]>
    </failure>
  </testcase> <!-- @BeforeMethod loginToApp -->
  <testcase classname="BookingMaskTestCases.VerifyModifyBookingToAddAnotherRoomWithSameDateTC27" name="@AfterMethod Logout" time="-1.68499763958E9">
    <skipped/>
  </testcase> <!-- @AfterMethod Logout -->
  <testcase classname="BookingMaskTestCases.VerifyModifyBookingToAddAnotherRoomWithSameDateTC27" name="@AfterClass closeBrowser" time="-1.68499763958E9">
    <skipped/>
  </testcase> <!-- @AfterClass closeBrowser -->
  <testcase classname="BookingMaskTestCases.VerifyBookingCancellationAndEnquiryTC42TC43" name="@AfterMethod Logout" time="4.117">
    <failure type="org.openqa.selenium.ElementClickInterceptedException" message="element click intercepted: Element &amp;lt;a data-toggle=&amp;quot;dropdown&amp;quot; aria-haspopup=&amp;quot;true&amp;quot; aria-expanded=&amp;quot;false&amp;quot; class=&amp;quot;p-0 btn&amp;quot;&amp;gt;...&amp;lt;/a&amp;gt; is not clickable at point (1224, 31). Other element would receive the click: &amp;lt;div class=&amp;quot;swal2-container swal2-center swal2-fade swal2-shown&amp;quot; style=&amp;quot;overflow-y: auto;&amp;quot;&amp;gt;...&amp;lt;/div&amp;gt;
  (Session info: chrome=113.0.5672.127)
Build info: version: &amp;apos;4.8.3&amp;apos;, revision: &amp;apos;e5e76298c3&amp;apos;
System info: os.name: &amp;apos;Windows 10&amp;apos;, os.arch: &amp;apos;amd64&amp;apos;, os.version: &amp;apos;10.0&amp;apos;, java.version: &amp;apos;17.0.4.1&amp;apos;
Driver info: org.openqa.selenium.chrome.ChromeDriver
Command: [93aded0bbe9b58eb2d85f5154aa26e7d, clickElement {id=307690A182172C23C697A5FF77823A36_element_20246}]
Capabilities {acceptInsecureCerts: false, browserName: chrome, browserVersion: 113.0.5672.127, chrome: {chromedriverVersion: 113.0.5672.63 (0e1a4471d5ae..., userDataDir: C:\Users\ROHAN~1.PAT\AppDat...}, goog:chromeOptions: {debuggerAddress: localhost:52125}, networkConnectionEnabled: false, pageLoadStrategy: normal, platformName: WINDOWS, proxy: Proxy(), se:cdp: ws://localhost:52125/devtoo..., se:cdpVersion: 113.0.5672.127, setWindowRect: true, strictFileInteractability: false, timeouts: {implicit: 0, pageLoad: 300000, script: 30000}, unhandledPromptBehavior: dismiss and notify, webauthn:extension:credBlob: true, webauthn:extension:largeBlob: true, webauthn:extension:minPinLength: true, webauthn:extension:prf: true, webauthn:virtualAuthenticators: true}
Element: [[ChromeDriver: chrome on WINDOWS (93aded0bbe9b58eb2d85f5154aa26e7d)] -&amp;gt; xpath: //a[@data-toggle=&amp;apos;dropdown&amp;apos;]]
Session ID: 93aded0bbe9b58eb2d85f5154aa26e7d">
      <![CDATA[org.openqa.selenium.ElementClickInterceptedException: element click intercepted: Element <a data-toggle="dropdown" aria-haspopup="true" aria-expanded="false" class="p-0 btn">...</a> is not clickable at point (1224, 31). Other element would receive the click: <div class="swal2-container swal2-center swal2-fade swal2-shown" style="overflow-y: auto;">...</div>
  (Session info: chrome=113.0.5672.127)
Build info: version: '4.8.3', revision: 'e5e76298c3'
System info: os.name: 'Windows 10', os.arch: 'amd64', os.version: '10.0', java.version: '17.0.4.1'
Driver info: org.openqa.selenium.chrome.ChromeDriver
Command: [93aded0bbe9b58eb2d85f5154aa26e7d, clickElement {id=307690A182172C23C697A5FF77823A36_element_20246}]
Capabilities {acceptInsecureCerts: false, browserName: chrome, browserVersion: 113.0.5672.127, chrome: {chromedriverVersion: 113.0.5672.63 (0e1a4471d5ae..., userDataDir: C:\Users\ROHAN~1.PAT\AppDat...}, goog:chromeOptions: {debuggerAddress: localhost:52125}, networkConnectionEnabled: false, pageLoadStrategy: normal, platformName: WINDOWS, proxy: Proxy(), se:cdp: ws://localhost:52125/devtoo..., se:cdpVersion: 113.0.5672.127, setWindowRect: true, strictFileInteractability: false, timeouts: {implicit: 0, pageLoad: 300000, script: 30000}, unhandledPromptBehavior: dismiss and notify, webauthn:extension:credBlob: true, webauthn:extension:largeBlob: true, webauthn:extension:minPinLength: true, webauthn:extension:prf: true, webauthn:virtualAuthenticators: true}
Element: [[ChromeDriver: chrome on WINDOWS (93aded0bbe9b58eb2d85f5154aa26e7d)] -> xpath: //a[@data-toggle='dropdown']]
Session ID: 93aded0bbe9b58eb2d85f5154aa26e7d
at org.openqa.selenium.remote.codec.w3c.W3CHttpResponseCodec.createException(W3CHttpResponseCodec.java:200)
at org.openqa.selenium.remote.codec.w3c.W3CHttpResponseCodec.decode(W3CHttpResponseCodec.java:133)
at org.openqa.selenium.remote.codec.w3c.W3CHttpResponseCodec.decode(W3CHttpResponseCodec.java:53)
at org.openqa.selenium.remote.HttpCommandExecutor.execute(HttpCommandExecutor.java:193)
at org.openqa.selenium.remote.service.DriverCommandExecutor.invokeExecute(DriverCommandExecutor.java:183)
at org.openqa.selenium.remote.service.DriverCommandExecutor.execute(DriverCommandExecutor.java:158)
at org.openqa.selenium.remote.RemoteWebDriver.execute(RemoteWebDriver.java:543)
at org.openqa.selenium.remote.RemoteWebElement.execute(RemoteWebElement.java:257)
at org.openqa.selenium.remote.RemoteWebElement.click(RemoteWebElement.java:78)
at org.openqa.selenium.support.pagefactory.internal.LocatingElementHandler.invoke(LocatingElementHandler.java:52)
at jdk.proxy2/jdk.proxy2.$Proxy18.click(Unknown Source)
at POM.bookingMaskPage.ClickOnLogoutButtonOFBookingMask(bookingMaskPage.java:197)
at BookingMaskTestCases.VerifyBookingCancellationAndEnquiryTC42TC43.Logout(VerifyBookingCancellationAndEnquiryTC42TC43.java:366)
at java.base/java.util.ArrayList.forEach(ArrayList.java:1511)
... Removed 40 stack frames]]>
    </failure>
  </testcase> <!-- @AfterMethod Logout -->
  <testcase classname="BookingMaskTestCases.VerifyBookingCancellationAndEnquiryTC42TC43" name="@AfterClass closeBrowser" time="-1.684998767636E9">
    <skipped/>
  </testcase> <!-- @AfterClass closeBrowser -->
  <testcase classname="BookingMaskTestCases.VerifyBookingforSeasonA_TC14" name="validatePriceForSeasonA" time="0.171"/>
  <testcase classname="BookingMaskTestCases.VerifyBookingInquiryWithBlankTravelFromAndTravelToDate_TC05" name="validateBookingInquiryWithBlankTravelFromANDTravelToDateOnBM" time="0.137"/>
  <testcase classname="BookingMaskTestCases.VerifyBookingModificationWithEditOccupancyTC18" name="validateBookingByEditingOccupancyWithU" time="0.114"/>
  <testcase classname="BookingMaskTestCases.VerifyBookingModificationWithTravelToDateIncrease_TC19" name="validatePriceWithTravelToDateIncrease" time="0.132"/>
  <testcase classname="BookingMaskTestCases.VerifyBookingModifyEnquiry_TC16" name="validatepriceFieldWithChangeInBookingAction" time="0.615"/>
  <testcase classname="BookingMaskTestCases.VerifyBookingforSeasonB_TC15" name="validatePriceForSeasonB" time="0.184"/>
  <testcase classname="BookingMaskTestCases.VerifyBookingInquiryWithBlankTravelFromDate_TC04" name="validateBookingInquiryWithBlankTravelFromDate" time="0.109"/>
  <testcase classname="BookingMaskTestCases.VerifyBookingInquiryWithBlankTravelToDate_TC03" name="validateBookingInquiryWithBlankTravelToDate" time="0.088"/>
  <testcase classname="BookingMaskTestCases.VerifyModifyBookingWithTravelToDateDecrease_TC20" name="validatePriceByDecreasingTravelToDate" time="0.096"/>
  <testcase classname="BookingMaskTestCases.VerifyModifyBookingByEditingBothTravelFromAndToDateTC23" name="validatePriceByEditingBothTravelFromAndToDate" time="0.118"/>
  <testcase classname="BookingMaskTestCases.VerifyTravelToDateLessThanTravelFromDate_TC08" name="validateTravelToDateLessThanTravelFromDatePopUpMessageonBM" time="0.118"/>
  <testcase classname="BookingMaskTestCases.VerifyTravelDatesOutOfContract_TC11" name="validateMessageOnBMwithDatesOutOfContract" time="0.1"/>
  <testcase classname="BookingMaskTestCases.VerifyModifyBookingToDateOutOfContractTC24" name="validateErrorMessageForOutOfContractDates" time="0.126"/>
  <testcase classname="BookingMaskTestCases.VerifyModifyBookingToInvalidRoomCodeTC26" name="validateBookingBySendingInvalidRoomcode" time="0.1"/>
  <testcase classname="BookingMaskTestCases.VerifyTravelDateEndingOutOfContract_TC12" name="validateMessageOnBMpage" time="0.111"/>
  <testcase classname="BookingMaskTestCases.VerifyModifyBookingWithActionCodeUXTC44" name="validateModifyBookingWithActionCodeUX" time="66.908">
    <failure type="org.openqa.selenium.ElementClickInterceptedException" message="element click intercepted: Element &amp;lt;a href=&amp;quot;/SalesBooking&amp;quot; class=&amp;quot;btn-shadow btn btn-success&amp;quot;&amp;gt;...&amp;lt;/a&amp;gt; is not clickable at point (1189, 16). Other element would receive the click: &amp;lt;div class=&amp;quot;app-header-right&amp;quot;&amp;gt;...&amp;lt;/div&amp;gt;
  (Session info: chrome=113.0.5672.127)
Build info: version: &amp;apos;4.8.3&amp;apos;, revision: &amp;apos;e5e76298c3&amp;apos;
System info: os.name: &amp;apos;Windows 10&amp;apos;, os.arch: &amp;apos;amd64&amp;apos;, os.version: &amp;apos;10.0&amp;apos;, java.version: &amp;apos;17.0.4.1&amp;apos;
Driver info: org.openqa.selenium.chrome.ChromeDriver
Command: [45cbdedc22b58b042480135ae60bd591, clickElement {id=3B8B5FD9EF3281C6992337B555F216FE_element_7461}]
Capabilities {acceptInsecureCerts: false, browserName: chrome, browserVersion: 113.0.5672.127, chrome: {chromedriverVersion: 113.0.5672.63 (0e1a4471d5ae..., userDataDir: C:\Users\ROHAN~1.PAT\AppDat...}, goog:chromeOptions: {debuggerAddress: localhost:49758}, networkConnectionEnabled: false, pageLoadStrategy: normal, platformName: WINDOWS, proxy: Proxy(), se:cdp: ws://localhost:49758/devtoo..., se:cdpVersion: 113.0.5672.127, setWindowRect: true, strictFileInteractability: false, timeouts: {implicit: 0, pageLoad: 300000, script: 30000}, unhandledPromptBehavior: dismiss and notify, webauthn:extension:credBlob: true, webauthn:extension:largeBlob: true, webauthn:extension:minPinLength: true, webauthn:extension:prf: true, webauthn:virtualAuthenticators: true}
Element: [[ChromeDriver: chrome on WINDOWS (45cbdedc22b58b042480135ae60bd591)] -&amp;gt; xpath: //a[@class=&amp;apos;btn-shadow btn btn-success&amp;apos;]]
Session ID: 45cbdedc22b58b042480135ae60bd591">
      <![CDATA[org.openqa.selenium.ElementClickInterceptedException: element click intercepted: Element <a href="/SalesBooking" class="btn-shadow btn btn-success">...</a> is not clickable at point (1189, 16). Other element would receive the click: <div class="app-header-right">...</div>
  (Session info: chrome=113.0.5672.127)
Build info: version: '4.8.3', revision: 'e5e76298c3'
System info: os.name: 'Windows 10', os.arch: 'amd64', os.version: '10.0', java.version: '17.0.4.1'
Driver info: org.openqa.selenium.chrome.ChromeDriver
Command: [45cbdedc22b58b042480135ae60bd591, clickElement {id=3B8B5FD9EF3281C6992337B555F216FE_element_7461}]
Capabilities {acceptInsecureCerts: false, browserName: chrome, browserVersion: 113.0.5672.127, chrome: {chromedriverVersion: 113.0.5672.63 (0e1a4471d5ae..., userDataDir: C:\Users\ROHAN~1.PAT\AppDat...}, goog:chromeOptions: {debuggerAddress: localhost:49758}, networkConnectionEnabled: false, pageLoadStrategy: normal, platformName: WINDOWS, proxy: Proxy(), se:cdp: ws://localhost:49758/devtoo..., se:cdpVersion: 113.0.5672.127, setWindowRect: true, strictFileInteractability: false, timeouts: {implicit: 0, pageLoad: 300000, script: 30000}, unhandledPromptBehavior: dismiss and notify, webauthn:extension:credBlob: true, webauthn:extension:largeBlob: true, webauthn:extension:minPinLength: true, webauthn:extension:prf: true, webauthn:virtualAuthenticators: true}
Element: [[ChromeDriver: chrome on WINDOWS (45cbdedc22b58b042480135ae60bd591)] -> xpath: //a[@class='btn-shadow btn btn-success']]
Session ID: 45cbdedc22b58b042480135ae60bd591
at org.openqa.selenium.remote.codec.w3c.W3CHttpResponseCodec.createException(W3CHttpResponseCodec.java:200)
at org.openqa.selenium.remote.codec.w3c.W3CHttpResponseCodec.decode(W3CHttpResponseCodec.java:133)
at org.openqa.selenium.remote.codec.w3c.W3CHttpResponseCodec.decode(W3CHttpResponseCodec.java:53)
at org.openqa.selenium.remote.HttpCommandExecutor.execute(HttpCommandExecutor.java:193)
at org.openqa.selenium.remote.service.DriverCommandExecutor.invokeExecute(DriverCommandExecutor.java:183)
at org.openqa.selenium.remote.service.DriverCommandExecutor.execute(DriverCommandExecutor.java:158)
at org.openqa.selenium.remote.RemoteWebDriver.execute(RemoteWebDriver.java:543)
at org.openqa.selenium.remote.RemoteWebElement.execute(RemoteWebElement.java:257)
at org.openqa.selenium.remote.RemoteWebElement.click(RemoteWebElement.java:78)
at org.openqa.selenium.support.pagefactory.internal.LocatingElementHandler.invoke(LocatingElementHandler.java:52)
at jdk.proxy2/jdk.proxy2.$Proxy18.click(Unknown Source)
at POM.bookingMaskPage.clickOnViewList(bookingMaskPage.java:252)
at BookingMaskTestCases.VerifyModifyBookingWithActionCodeUXTC44.validateModifyBookingWithActionCodeUX(VerifyModifyBookingWithActionCodeUXTC44.java:218)
at java.base/java.util.ArrayList.forEach(ArrayList.java:1511)
... Removed 35 stack frames]]>
    </failure>
  </testcase> <!-- validateModifyBookingWithActionCodeUX -->
  <testcase classname="BookingMaskTestCases.ValidateBookingWithoutSelectingAnyTravelTypeTC48" name="validateBookingWithoutAnyTravelType" time="0.068">
    <failure type="java.lang.AssertionError" message="TC failed as Actual message and expected message are not matching  expected [Bitte wählen Sie aus den folgenden Reisearten (NFAX, XXXXXX, TFT1, TFT2, XXXXXX, FNTR, FTV, RAL, B2B, TRAV, TEST3, TEST, , , TEST3, Duplicate, Duplicate, RAL, wer_qw, wer_qw, TT)                                                                                                                                              ] but found [Bitte wählen Sie aus den folgenden Reisearten (NFAX, XXXXXX, TFT1, TFT2, XXXXXX, FNTR, FTV, RAL, B2B, TRAV, TEST3, TEST, , , TEST3, Duplicate, Duplicate, ALL, RAL)                                                                                                                                                             ]">
      <![CDATA[java.lang.AssertionError: TC failed as Actual message and expected message are not matching  expected [Bitte wählen Sie aus den folgenden Reisearten (NFAX, XXXXXX, TFT1, TFT2, XXXXXX, FNTR, FTV, RAL, B2B, TRAV, TEST3, TEST, , , TEST3, Duplicate, Duplicate, RAL, wer_qw, wer_qw, TT)                                                                                                                                              ] but found [Bitte wählen Sie aus den folgenden Reisearten (NFAX, XXXXXX, TFT1, TFT2, XXXXXX, FNTR, FTV, RAL, B2B, TRAV, TEST3, TEST, , , TEST3, Duplicate, Duplicate, ALL, RAL)                                                                                                                                                             ]
at BookingMaskTestCases.ValidateBookingWithoutSelectingAnyTravelTypeTC48.validateBookingWithoutAnyTravelType(ValidateBookingWithoutSelectingAnyTravelTypeTC48.java:156)
at java.base/java.util.ArrayList.forEach(ArrayList.java:1511)
... Removed 32 stack frames]]>
    </failure>
  </testcase> <!-- validateBookingWithoutAnyTravelType -->
  <testcase classname="BookingMaskTestCases.VerifyBookingWithMismatchPaxAndOCCTC50" name="validateBookingWitMismatchPaxAndOCC" time="0.068">
    <failure type="java.lang.AssertionError" message="Test Case Failed as actual and expected Messages are not matching expected [error message] but found [TESTING                                                                                                                                                                                                                                                                                                                                                                                                                                                                                                                                                                                                                                                                                                                                                                                                                                                                                                                                                                                         ]">
      <![CDATA[java.lang.AssertionError: Test Case Failed as actual and expected Messages are not matching expected [error message] but found [TESTING                                                                                                                                                                                                                                                                                                                                                                                                                                                                                                                                                                                                                                                                                                                                                                                                                                                                                                                                                                                         ]
at BookingMaskTestCases.VerifyBookingWithMismatchPaxAndOCCTC50.validateBookingWitMismatchPaxAndOCC(VerifyBookingWithMismatchPaxAndOCCTC50.java:162)
at java.base/java.util.ArrayList.forEach(ArrayList.java:1511)
... Removed 32 stack frames]]>
    </failure>
  </testcase> <!-- validateBookingWitMismatchPaxAndOCC -->
  <testcase classname="BookingMaskTestCases.VerifyBookingByEditingTravelTypeTC47" name="validateBookingWithFNTRTravelType" time="0.136"/>
  <testcase classname="BookingMaskTestCases.VerifyModifyBookingWithActionCodeUAandUTC38ToTC39" name="validateModifyBookingInquiryWithUA" time="107.358"/>
  <testcase classname="BookingMaskTestCases.VerifyModifyBookingWithActionCodeUAandUTC38ToTC39" name="validateConfirmModifyBookingWithU" time="111.012"/>
  <testcase classname="BookingMaskTestCases.VerifyBookingWithTravelFromAndTravelToSameDate_TC07" name="validateTravelFromAndTravelToSameDatePopUpMessageonBM" time="0.106"/>
  <testcase classname="BookingMaskTestCases.VerifyModifyBookingTC21andTC22" name="validateBookingByDecreasingDuration" time="76.531"/>
  <testcase classname="BookingMaskTestCases.VerifyModifyBookingTC21andTC22" name="validateBookingByIncreasingDuration" time="69.237"/>
  <testcase classname="BookingMaskTestCases.VerifyRoomOccupancyLimitTC62ToTC65" name="validateMismatchInAllFieldsErrorMsg" time="19.14"/>
  <testcase classname="BookingMaskTestCases.VerifyRoomOccupancyLimitTC62ToTC65" name="validateMismatchInNOofPaxFieldErrorMsg" time="14.766"/>
  <testcase classname="BookingMaskTestCases.VerifyRoomOccupancyLimitTC62ToTC65" name="validateMismatchInPassengerFieldErrorMsg" time="15.196"/>
  <testcase classname="BookingMaskTestCases.VerifyRoomOccupancyLimitTC62ToTC65" name="validateMismatchInOCCFieldErrorMsg" time="15.551"/>
  <testcase classname="BookingMaskTestCases.VerifyRoomOccupancyLimitTC54ToTC57" name="validateOccupancyMinLimitCross" time="21.914"/>
  <testcase classname="BookingMaskTestCases.VerifyRoomOccupancyLimitTC54ToTC57" name="validateOccupancyMaxLimitCross" time="23.425"/>
  <testcase classname="BookingMaskTestCases.VerifyRoomOccupancyLimitTC54ToTC57" name="validateOccupancyMinLimitNotSatisfied" time="14.084"/>
  <testcase classname="BookingMaskTestCases.VerifyRoomOccupancyLimitTC54ToTC57" name="validateOccupancyMaxLimitNotSatisfied" time="16.464"/>
  <testcase classname="BookingMaskTestCases.VerifyRoomOccupancyLimitTC58ToTC61" name="validateOccupancyMinLimitNotSatisfield1" time="13.096"/>
  <testcase classname="BookingMaskTestCases.VerifyRoomOccupancyLimitTC58ToTC61" name="validateOccupancyMinLimitNotSatisfield2" time="14.968"/>
  <testcase classname="BookingMaskTestCases.VerifyRoomOccupancyLimitTC58ToTC61" name="validateOccupancyMaxLimitCross" time="15.689"/>
  <testcase classname="BookingMaskTestCases.VerifyRoomOccupancyLimitTC58ToTC61" name="validateOccupancyMinLimitCross" time="15.895"/>
  <testcase classname="BookingMaskTestCases.VerifyTravelDateStartOfSeasonA_TC78" name="validateSeasonAPrice" time="0.103"/>
  <testcase classname="BookingMaskTestCases.VerifyTravelDateStartWithSeasonCandEndsOutOfanySeason_TC86" name="validateErrorMsgOnBM" time="0.053">
    <failure type="java.lang.AssertionError" message="Test Case Failed as actual &amp;amp; expected Price are not matching expected [Ungültige Reisedauer.                                                                                                                                                                                                                                                                                                                                                                                                                                                                                                                                                                                                               ] but found [Kontingent nicht mehr verfügbar.                                                                                                                                                                                                                                                                                                ]">
      <![CDATA[java.lang.AssertionError: Test Case Failed as actual & expected Price are not matching expected [Ungültige Reisedauer.                                                                                                                                                                                                                                                                                                                                                                                                                                                                                                                                                                                                               ] but found [Kontingent nicht mehr verfügbar.                                                                                                                                                                                                                                                                                                ]
at BookingMaskTestCases.VerifyTravelDateStartWithSeasonCandEndsOutOfanySeason_TC86.validateErrorMsgOnBM(VerifyTravelDateStartWithSeasonCandEndsOutOfanySeason_TC86.java:130)
at java.base/java.util.ArrayList.forEach(ArrayList.java:1511)
... Removed 32 stack frames]]>
    </failure>
  </testcase> <!-- validateErrorMsgOnBM -->
  <testcase classname="BookingMaskTestCases.VerifyTravelDateInBetweenSeasonA_TC79" name="validatePriceInBetweenSeasonA" time="0.104"/>
  <testcase classname="BookingMaskTestCases.VerifyTravelDateInBetweenSeasonB_TC81" name="validatePriceInBetweenSeasonB" time="0.105"/>
  <testcase classname="BookingMaskTestCases.VerifyTravelDateInBetweenSeasonC_TC82" name="validatePriceInBetweenSeasonC" time="0.131"/>
  <testcase classname="BookingMaskTestCases.VerifyTravelDateIncludeSeasonBandC_TC84" name="validateTravelDateBetweenBandC" time="0.121"/>
  <testcase classname="BookingMaskTestCases.VerifyTravelDateIsEndDateOfSeasonA_TC80" name="validatePriceAtEndDateOfSeasonA" time="0.201"/>
  <testcase classname="BookingMaskTestCases.VerifyTravelDateIsEndOfSeasonB_TC85" name="validatePriceForEndDayOfSeasonB" time="0.058">
    <failure type="java.lang.AssertionError" message="Test Case Failed as actual &amp;amp; expected Price are not matching expected [888.00] but found [1776.00]">
      <![CDATA[java.lang.AssertionError: Test Case Failed as actual & expected Price are not matching expected [888.00] but found [1776.00]
at BookingMaskTestCases.VerifyTravelDateIsEndOfSeasonB_TC85.validatePriceForEndDayOfSeasonB(VerifyTravelDateIsEndOfSeasonB_TC85.java:134)
at java.base/java.util.ArrayList.forEach(ArrayList.java:1511)
... Removed 32 stack frames]]>
    </failure>
  </testcase> <!-- validatePriceForEndDayOfSeasonB -->
  <testcase classname="BookingMaskTestCases.VerifyTravelDateNotInAnySeason_TC87" name="validateErrorMsgDatesOutOfSeason" time="0.05">
    <failure type="java.lang.AssertionError" message="expected [false] but found [true]">
      <![CDATA[java.lang.AssertionError: expected [false] but found [true]
at BookingMaskTestCases.VerifyTravelDateNotInAnySeason_TC87.validateErrorMsgDatesOutOfSeason(VerifyTravelDateNotInAnySeason_TC87.java:130)
at java.base/java.util.ArrayList.forEach(ArrayList.java:1511)
... Removed 33 stack frames]]>
    </failure>
  </testcase> <!-- validateErrorMsgDatesOutOfSeason -->
  <testcase classname="BookingMaskTestCases.VerifyTravelDateOutofContract_TC88" name="validateMsgForOutOfContractDates" time="0.117"/>
  <testcase classname="BookingMaskTestCases.VerifySeasonAEndDateANDseasonBstartDate_TC83" name="validatePriceForSeasonAendANDSeasonBstartDate" time="0.139"/>
  <testcase classname="BookingMaskTestCases.VerifyOriginalBookingAfterModifyInquiryTC17" name="validateOriginalBookingWithUA" time="0.205"/>
  <testcase classname="BookingMaskTestCases.VerifyModifyBookingToAddAnotherRoomWithSameDateTC27" name="validateBookingAndTotalPriceofBothRooms" time="0.0">
    <skipped/>
  </testcase> <!-- validateBookingAndTotalPriceofBothRooms -->
  <testcase classname="BookingMaskTestCases.VerifyModifyBookingToAddAnotherRoomWithDifferentDateTC28" name="validateTotalPriceWithDifferentDates" time="0.288"/>
  <testcase classname="BookingMaskTestCases.VerifyModifyBookingByChangingRoomCodeTC25" name="validatePriceByChangingRoomcode" time="0.114"/>
  <testcase classname="BookingMaskTestCases.VerifyEnteringTravelFromBeforeContract_TC13" name="validateMessageOnBMpage" time="0.06">
    <failure type="java.lang.AssertionError" message="expected [false] but found [true]">
      <![CDATA[java.lang.AssertionError: expected [false] but found [true]
at BookingMaskTestCases.VerifyEnteringTravelFromBeforeContract_TC13.validateMessageOnBMpage(VerifyEnteringTravelFromBeforeContract_TC13.java:150)
at java.base/java.util.ArrayList.forEach(ArrayList.java:1511)
... Removed 33 stack frames]]>
    </failure>
  </testcase> <!-- validateMessageOnBMpage -->
  <testcase classname="BookingMaskTestCases.VerifyEnteringTravelDaysNoInTravelToField_TC10" name="validatePriceField" time="0.111"/>
  <testcase classname="BookingMaskTestCases.VerifyCreateNewBookingInquiry_TC01" name="validatePriceFieldWithBookingInquiry" time="0.115"/>
  <testcase classname="BookingMaskTestCases.VerifyCreateBookingWithTwoPerson_TC33" name="validatePriceWithTwoPerson" time="0.128"/>
  <testcase classname="BookingMaskTestCases.VerifyCreateBookingForThreePersonThreeRooms_TC36" name="validatePriceForThreePersonThreeRoom" time="1.133"/>
  <testcase classname="BookingMaskTestCases.VerifyCreateBookingForThreePerson_TC35" name="validatePriceWithThreePerson" time="0.122"/>
  <testcase classname="BookingMaskTestCases.VerifyCreateBookingForOnePerson_TC32" name="validatePriceWithOnePersonField" time="0.109"/>
  <testcase classname="BookingMaskTestCases.VerifyCreateBookingForFivePerson_TC37" name="validatePriceWithFivePerson" time="0.106"/>
  <testcase classname="BookingMaskTestCases.VerifyConfirmBookingWithB_TC02" name="validateReservationNoField" time="0.042"/>
  <testcase classname="BookingMaskTestCases.VerifyBookingWithSameRoomAndDifferentDates_TC31" name="validatePriceForDifferentDates" time="20.065">
    <failure type="org.openqa.selenium.NoSuchElementException" message="no such element: Unable to locate element: {&amp;quot;method&amp;quot;:&amp;quot;css selector&amp;quot;,&amp;quot;selector&amp;quot;:&amp;quot;#bookinglines_Price_1&amp;quot;}
  (Session info: chrome=113.0.5672.127)
For documentation on this error, please visit: https://selenium.dev/exceptions/#no_such_element
Build info: version: &amp;apos;4.8.3&amp;apos;, revision: &amp;apos;e5e76298c3&amp;apos;
System info: os.name: &amp;apos;Windows 10&amp;apos;, os.arch: &amp;apos;amd64&amp;apos;, os.version: &amp;apos;10.0&amp;apos;, java.version: &amp;apos;17.0.4.1&amp;apos;
Driver info: org.openqa.selenium.chrome.ChromeDriver
Command: [d142e5cb45c0be17424b9a9d2f0dc7d9, findElement {using=id, value=bookinglines_Price_1}]
Capabilities {acceptInsecureCerts: false, browserName: chrome, browserVersion: 113.0.5672.127, chrome: {chromedriverVersion: 113.0.5672.63 (0e1a4471d5ae..., userDataDir: C:\Users\ROHAN~1.PAT\AppDat...}, goog:chromeOptions: {debuggerAddress: localhost:52065}, networkConnectionEnabled: false, pageLoadStrategy: normal, platformName: WINDOWS, proxy: Proxy(), se:cdp: ws://localhost:52065/devtoo..., se:cdpVersion: 113.0.5672.127, setWindowRect: true, strictFileInteractability: false, timeouts: {implicit: 0, pageLoad: 300000, script: 30000}, unhandledPromptBehavior: dismiss and notify, webauthn:extension:credBlob: true, webauthn:extension:largeBlob: true, webauthn:extension:minPinLength: true, webauthn:extension:prf: true, webauthn:virtualAuthenticators: true}
Session ID: d142e5cb45c0be17424b9a9d2f0dc7d9">
      <![CDATA[org.openqa.selenium.NoSuchElementException: no such element: Unable to locate element: {"method":"css selector","selector":"#bookinglines_Price_1"}
  (Session info: chrome=113.0.5672.127)
For documentation on this error, please visit: https://selenium.dev/exceptions/#no_such_element
Build info: version: '4.8.3', revision: 'e5e76298c3'
System info: os.name: 'Windows 10', os.arch: 'amd64', os.version: '10.0', java.version: '17.0.4.1'
Driver info: org.openqa.selenium.chrome.ChromeDriver
Command: [d142e5cb45c0be17424b9a9d2f0dc7d9, findElement {using=id, value=bookinglines_Price_1}]
Capabilities {acceptInsecureCerts: false, browserName: chrome, browserVersion: 113.0.5672.127, chrome: {chromedriverVersion: 113.0.5672.63 (0e1a4471d5ae..., userDataDir: C:\Users\ROHAN~1.PAT\AppDat...}, goog:chromeOptions: {debuggerAddress: localhost:52065}, networkConnectionEnabled: false, pageLoadStrategy: normal, platformName: WINDOWS, proxy: Proxy(), se:cdp: ws://localhost:52065/devtoo..., se:cdpVersion: 113.0.5672.127, setWindowRect: true, strictFileInteractability: false, timeouts: {implicit: 0, pageLoad: 300000, script: 30000}, unhandledPromptBehavior: dismiss and notify, webauthn:extension:credBlob: true, webauthn:extension:largeBlob: true, webauthn:extension:minPinLength: true, webauthn:extension:prf: true, webauthn:virtualAuthenticators: true}
Session ID: d142e5cb45c0be17424b9a9d2f0dc7d9
at org.openqa.selenium.remote.codec.w3c.W3CHttpResponseCodec.createException(W3CHttpResponseCodec.java:200)
at org.openqa.selenium.remote.codec.w3c.W3CHttpResponseCodec.decode(W3CHttpResponseCodec.java:133)
at org.openqa.selenium.remote.codec.w3c.W3CHttpResponseCodec.decode(W3CHttpResponseCodec.java:53)
at org.openqa.selenium.remote.HttpCommandExecutor.execute(HttpCommandExecutor.java:193)
at org.openqa.selenium.remote.service.DriverCommandExecutor.invokeExecute(DriverCommandExecutor.java:183)
at org.openqa.selenium.remote.service.DriverCommandExecutor.execute(DriverCommandExecutor.java:158)
at org.openqa.selenium.remote.RemoteWebDriver.execute(RemoteWebDriver.java:543)
at org.openqa.selenium.remote.ElementLocation$ElementFinder$2.findElement(ElementLocation.java:162)
at org.openqa.selenium.remote.ElementLocation.findElement(ElementLocation.java:60)
at org.openqa.selenium.remote.RemoteWebDriver.findElement(RemoteWebDriver.java:352)
at org.openqa.selenium.remote.RemoteWebDriver.findElement(RemoteWebDriver.java:344)
at org.openqa.selenium.support.pagefactory.DefaultElementLocator.findElement(DefaultElementLocator.java:70)
at org.openqa.selenium.support.pagefactory.internal.LocatingElementHandler.invoke(LocatingElementHandler.java:39)
at jdk.proxy2/jdk.proxy2.$Proxy18.getAttribute(Unknown Source)
at POM.bookingMaskPage.getPriceFieldValue1(bookingMaskPage.java:475)
at BookingMaskTestCases.VerifyBookingWithSameRoomAndDifferentDates_TC31.validatePriceForDifferentDates(VerifyBookingWithSameRoomAndDifferentDates_TC31.java:208)
at java.base/java.util.ArrayList.forEach(ArrayList.java:1511)
... Removed 32 stack frames]]>
    </failure>
  </testcase> <!-- validatePriceForDifferentDates -->
  <testcase classname="BookingMaskTestCases.VerifyBookingCancellationAndEnquiryTC42TC43" name="validateCancellationPricesWithSA" time="64.591">
    <failure type="org.openqa.selenium.NoSuchElementException" message="no such element: Unable to locate element: {&amp;quot;method&amp;quot;:&amp;quot;css selector&amp;quot;,&amp;quot;selector&amp;quot;:&amp;quot;#bookinglines_Price_1&amp;quot;}
  (Session info: chrome=113.0.5672.127)
For documentation on this error, please visit: https://selenium.dev/exceptions/#no_such_element
Build info: version: &amp;apos;4.8.3&amp;apos;, revision: &amp;apos;e5e76298c3&amp;apos;
System info: os.name: &amp;apos;Windows 10&amp;apos;, os.arch: &amp;apos;amd64&amp;apos;, os.version: &amp;apos;10.0&amp;apos;, java.version: &amp;apos;17.0.4.1&amp;apos;
Driver info: org.openqa.selenium.chrome.ChromeDriver
Command: [93aded0bbe9b58eb2d85f5154aa26e7d, findElement {using=id, value=bookinglines_Price_1}]
Capabilities {acceptInsecureCerts: false, browserName: chrome, browserVersion: 113.0.5672.127, chrome: {chromedriverVersion: 113.0.5672.63 (0e1a4471d5ae..., userDataDir: C:\Users\ROHAN~1.PAT\AppDat...}, goog:chromeOptions: {debuggerAddress: localhost:52125}, networkConnectionEnabled: false, pageLoadStrategy: normal, platformName: WINDOWS, proxy: Proxy(), se:cdp: ws://localhost:52125/devtoo..., se:cdpVersion: 113.0.5672.127, setWindowRect: true, strictFileInteractability: false, timeouts: {implicit: 0, pageLoad: 300000, script: 30000}, unhandledPromptBehavior: dismiss and notify, webauthn:extension:credBlob: true, webauthn:extension:largeBlob: true, webauthn:extension:minPinLength: true, webauthn:extension:prf: true, webauthn:virtualAuthenticators: true}
Session ID: 93aded0bbe9b58eb2d85f5154aa26e7d">
      <![CDATA[org.openqa.selenium.NoSuchElementException: no such element: Unable to locate element: {"method":"css selector","selector":"#bookinglines_Price_1"}
  (Session info: chrome=113.0.5672.127)
For documentation on this error, please visit: https://selenium.dev/exceptions/#no_such_element
Build info: version: '4.8.3', revision: 'e5e76298c3'
System info: os.name: 'Windows 10', os.arch: 'amd64', os.version: '10.0', java.version: '17.0.4.1'
Driver info: org.openqa.selenium.chrome.ChromeDriver
Command: [93aded0bbe9b58eb2d85f5154aa26e7d, findElement {using=id, value=bookinglines_Price_1}]
Capabilities {acceptInsecureCerts: false, browserName: chrome, browserVersion: 113.0.5672.127, chrome: {chromedriverVersion: 113.0.5672.63 (0e1a4471d5ae..., userDataDir: C:\Users\ROHAN~1.PAT\AppDat...}, goog:chromeOptions: {debuggerAddress: localhost:52125}, networkConnectionEnabled: false, pageLoadStrategy: normal, platformName: WINDOWS, proxy: Proxy(), se:cdp: ws://localhost:52125/devtoo..., se:cdpVersion: 113.0.5672.127, setWindowRect: true, strictFileInteractability: false, timeouts: {implicit: 0, pageLoad: 300000, script: 30000}, unhandledPromptBehavior: dismiss and notify, webauthn:extension:credBlob: true, webauthn:extension:largeBlob: true, webauthn:extension:minPinLength: true, webauthn:extension:prf: true, webauthn:virtualAuthenticators: true}
Session ID: 93aded0bbe9b58eb2d85f5154aa26e7d
at org.openqa.selenium.remote.codec.w3c.W3CHttpResponseCodec.createException(W3CHttpResponseCodec.java:200)
at org.openqa.selenium.remote.codec.w3c.W3CHttpResponseCodec.decode(W3CHttpResponseCodec.java:133)
at org.openqa.selenium.remote.codec.w3c.W3CHttpResponseCodec.decode(W3CHttpResponseCodec.java:53)
at org.openqa.selenium.remote.HttpCommandExecutor.execute(HttpCommandExecutor.java:193)
at org.openqa.selenium.remote.service.DriverCommandExecutor.invokeExecute(DriverCommandExecutor.java:183)
at org.openqa.selenium.remote.service.DriverCommandExecutor.execute(DriverCommandExecutor.java:158)
at org.openqa.selenium.remote.RemoteWebDriver.execute(RemoteWebDriver.java:543)
at org.openqa.selenium.remote.ElementLocation$ElementFinder$2.findElement(ElementLocation.java:162)
at org.openqa.selenium.remote.ElementLocation.findElement(ElementLocation.java:60)
at org.openqa.selenium.remote.RemoteWebDriver.findElement(RemoteWebDriver.java:352)
at org.openqa.selenium.remote.RemoteWebDriver.findElement(RemoteWebDriver.java:344)
at org.openqa.selenium.support.pagefactory.DefaultElementLocator.findElement(DefaultElementLocator.java:70)
at org.openqa.selenium.support.pagefactory.internal.LocatingElementHandler.invoke(LocatingElementHandler.java:39)
at jdk.proxy2/jdk.proxy2.$Proxy18.getAttribute(Unknown Source)
at POM.bookingMaskPage.getPriceFieldValue1(bookingMaskPage.java:475)
at BookingMaskTestCases.VerifyBookingCancellationAndEnquiryTC42TC43.validateCancellationPricesWithSA(VerifyBookingCancellationAndEnquiryTC42TC43.java:188)
at java.base/java.util.ArrayList.forEach(ArrayList.java:1511)
... Removed 32 stack frames]]>
    </failure>
  </testcase> <!-- validateCancellationPricesWithSA -->
  <testcase classname="BookingMaskTestCases.VerifyBookingCancellationAndEnquiryTC42TC43" name="validateCancellationPricesWithS" time="63.225">
    <failure type="org.openqa.selenium.NoSuchElementException" message="no such element: Unable to locate element: {&amp;quot;method&amp;quot;:&amp;quot;css selector&amp;quot;,&amp;quot;selector&amp;quot;:&amp;quot;#bookinglines_Price_1&amp;quot;}
  (Session info: chrome=113.0.5672.127)
For documentation on this error, please visit: https://selenium.dev/exceptions/#no_such_element
Build info: version: &amp;apos;4.8.3&amp;apos;, revision: &amp;apos;e5e76298c3&amp;apos;
System info: os.name: &amp;apos;Windows 10&amp;apos;, os.arch: &amp;apos;amd64&amp;apos;, os.version: &amp;apos;10.0&amp;apos;, java.version: &amp;apos;17.0.4.1&amp;apos;
Driver info: org.openqa.selenium.chrome.ChromeDriver
Command: [93aded0bbe9b58eb2d85f5154aa26e7d, findElement {using=id, value=bookinglines_Price_1}]
Capabilities {acceptInsecureCerts: false, browserName: chrome, browserVersion: 113.0.5672.127, chrome: {chromedriverVersion: 113.0.5672.63 (0e1a4471d5ae..., userDataDir: C:\Users\ROHAN~1.PAT\AppDat...}, goog:chromeOptions: {debuggerAddress: localhost:52125}, networkConnectionEnabled: false, pageLoadStrategy: normal, platformName: WINDOWS, proxy: Proxy(), se:cdp: ws://localhost:52125/devtoo..., se:cdpVersion: 113.0.5672.127, setWindowRect: true, strictFileInteractability: false, timeouts: {implicit: 0, pageLoad: 300000, script: 30000}, unhandledPromptBehavior: dismiss and notify, webauthn:extension:credBlob: true, webauthn:extension:largeBlob: true, webauthn:extension:minPinLength: true, webauthn:extension:prf: true, webauthn:virtualAuthenticators: true}
Session ID: 93aded0bbe9b58eb2d85f5154aa26e7d">
      <![CDATA[org.openqa.selenium.NoSuchElementException: no such element: Unable to locate element: {"method":"css selector","selector":"#bookinglines_Price_1"}
  (Session info: chrome=113.0.5672.127)
For documentation on this error, please visit: https://selenium.dev/exceptions/#no_such_element
Build info: version: '4.8.3', revision: 'e5e76298c3'
System info: os.name: 'Windows 10', os.arch: 'amd64', os.version: '10.0', java.version: '17.0.4.1'
Driver info: org.openqa.selenium.chrome.ChromeDriver
Command: [93aded0bbe9b58eb2d85f5154aa26e7d, findElement {using=id, value=bookinglines_Price_1}]
Capabilities {acceptInsecureCerts: false, browserName: chrome, browserVersion: 113.0.5672.127, chrome: {chromedriverVersion: 113.0.5672.63 (0e1a4471d5ae..., userDataDir: C:\Users\ROHAN~1.PAT\AppDat...}, goog:chromeOptions: {debuggerAddress: localhost:52125}, networkConnectionEnabled: false, pageLoadStrategy: normal, platformName: WINDOWS, proxy: Proxy(), se:cdp: ws://localhost:52125/devtoo..., se:cdpVersion: 113.0.5672.127, setWindowRect: true, strictFileInteractability: false, timeouts: {implicit: 0, pageLoad: 300000, script: 30000}, unhandledPromptBehavior: dismiss and notify, webauthn:extension:credBlob: true, webauthn:extension:largeBlob: true, webauthn:extension:minPinLength: true, webauthn:extension:prf: true, webauthn:virtualAuthenticators: true}
Session ID: 93aded0bbe9b58eb2d85f5154aa26e7d
at org.openqa.selenium.remote.codec.w3c.W3CHttpResponseCodec.createException(W3CHttpResponseCodec.java:200)
at org.openqa.selenium.remote.codec.w3c.W3CHttpResponseCodec.decode(W3CHttpResponseCodec.java:133)
at org.openqa.selenium.remote.codec.w3c.W3CHttpResponseCodec.decode(W3CHttpResponseCodec.java:53)
at org.openqa.selenium.remote.HttpCommandExecutor.execute(HttpCommandExecutor.java:193)
at org.openqa.selenium.remote.service.DriverCommandExecutor.invokeExecute(DriverCommandExecutor.java:183)
at org.openqa.selenium.remote.service.DriverCommandExecutor.execute(DriverCommandExecutor.java:158)
at org.openqa.selenium.remote.RemoteWebDriver.execute(RemoteWebDriver.java:543)
at org.openqa.selenium.remote.ElementLocation$ElementFinder$2.findElement(ElementLocation.java:162)
at org.openqa.selenium.remote.ElementLocation.findElement(ElementLocation.java:60)
at org.openqa.selenium.remote.RemoteWebDriver.findElement(RemoteWebDriver.java:352)
at org.openqa.selenium.remote.RemoteWebDriver.findElement(RemoteWebDriver.java:344)
at org.openqa.selenium.support.pagefactory.DefaultElementLocator.findElement(DefaultElementLocator.java:70)
at org.openqa.selenium.support.pagefactory.internal.LocatingElementHandler.invoke(LocatingElementHandler.java:39)
at jdk.proxy2/jdk.proxy2.$Proxy18.getAttribute(Unknown Source)
at POM.bookingMaskPage.getPriceFieldValue1(bookingMaskPage.java:475)
at BookingMaskTestCases.VerifyBookingCancellationAndEnquiryTC42TC43.validateCancellationPricesWithS(VerifyBookingCancellationAndEnquiryTC42TC43.java:329)
at java.base/java.util.ArrayList.forEach(ArrayList.java:1511)
... Removed 32 stack frames]]>
    </failure>
  </testcase> <!-- validateCancellationPricesWithS -->
  <testcase classname="BookingMaskTestCases.TCC29TC130FAIL" name="validateConfirmBookingOFTwoAccommodation" time="31.987">
    <failure type="org.openqa.selenium.NoSuchElementException" message="no such element: Unable to locate element: {&amp;quot;method&amp;quot;:&amp;quot;css selector&amp;quot;,&amp;quot;selector&amp;quot;:&amp;quot;#bookinglines_Price_1&amp;quot;}
  (Session info: chrome=113.0.5672.127)
For documentation on this error, please visit: https://selenium.dev/exceptions/#no_such_element
Build info: version: &amp;apos;4.8.3&amp;apos;, revision: &amp;apos;e5e76298c3&amp;apos;
System info: os.name: &amp;apos;Windows 10&amp;apos;, os.arch: &amp;apos;amd64&amp;apos;, os.version: &amp;apos;10.0&amp;apos;, java.version: &amp;apos;17.0.4.1&amp;apos;
Driver info: org.openqa.selenium.chrome.ChromeDriver
Command: [077db20d7a5dd6bb1b9c1ce8d74ab3f2, findElement {using=id, value=bookinglines_Price_1}]
Capabilities {acceptInsecureCerts: false, browserName: chrome, browserVersion: 113.0.5672.127, chrome: {chromedriverVersion: 113.0.5672.63 (0e1a4471d5ae..., userDataDir: C:\Users\ROHAN~1.PAT\AppDat...}, goog:chromeOptions: {debuggerAddress: localhost:52233}, networkConnectionEnabled: false, pageLoadStrategy: normal, platformName: WINDOWS, proxy: Proxy(), se:cdp: ws://localhost:52233/devtoo..., se:cdpVersion: 113.0.5672.127, setWindowRect: true, strictFileInteractability: false, timeouts: {implicit: 0, pageLoad: 300000, script: 30000}, unhandledPromptBehavior: dismiss and notify, webauthn:extension:credBlob: true, webauthn:extension:largeBlob: true, webauthn:extension:minPinLength: true, webauthn:extension:prf: true, webauthn:virtualAuthenticators: true}
Session ID: 077db20d7a5dd6bb1b9c1ce8d74ab3f2">
      <![CDATA[org.openqa.selenium.NoSuchElementException: no such element: Unable to locate element: {"method":"css selector","selector":"#bookinglines_Price_1"}
  (Session info: chrome=113.0.5672.127)
For documentation on this error, please visit: https://selenium.dev/exceptions/#no_such_element
Build info: version: '4.8.3', revision: 'e5e76298c3'
System info: os.name: 'Windows 10', os.arch: 'amd64', os.version: '10.0', java.version: '17.0.4.1'
Driver info: org.openqa.selenium.chrome.ChromeDriver
Command: [077db20d7a5dd6bb1b9c1ce8d74ab3f2, findElement {using=id, value=bookinglines_Price_1}]
Capabilities {acceptInsecureCerts: false, browserName: chrome, browserVersion: 113.0.5672.127, chrome: {chromedriverVersion: 113.0.5672.63 (0e1a4471d5ae..., userDataDir: C:\Users\ROHAN~1.PAT\AppDat...}, goog:chromeOptions: {debuggerAddress: localhost:52233}, networkConnectionEnabled: false, pageLoadStrategy: normal, platformName: WINDOWS, proxy: Proxy(), se:cdp: ws://localhost:52233/devtoo..., se:cdpVersion: 113.0.5672.127, setWindowRect: true, strictFileInteractability: false, timeouts: {implicit: 0, pageLoad: 300000, script: 30000}, unhandledPromptBehavior: dismiss and notify, webauthn:extension:credBlob: true, webauthn:extension:largeBlob: true, webauthn:extension:minPinLength: true, webauthn:extension:prf: true, webauthn:virtualAuthenticators: true}
Session ID: 077db20d7a5dd6bb1b9c1ce8d74ab3f2
at org.openqa.selenium.remote.codec.w3c.W3CHttpResponseCodec.createException(W3CHttpResponseCodec.java:200)
at org.openqa.selenium.remote.codec.w3c.W3CHttpResponseCodec.decode(W3CHttpResponseCodec.java:133)
at org.openqa.selenium.remote.codec.w3c.W3CHttpResponseCodec.decode(W3CHttpResponseCodec.java:53)
at org.openqa.selenium.remote.HttpCommandExecutor.execute(HttpCommandExecutor.java:193)
at org.openqa.selenium.remote.service.DriverCommandExecutor.invokeExecute(DriverCommandExecutor.java:183)
at org.openqa.selenium.remote.service.DriverCommandExecutor.execute(DriverCommandExecutor.java:158)
at org.openqa.selenium.remote.RemoteWebDriver.execute(RemoteWebDriver.java:543)
at org.openqa.selenium.remote.ElementLocation$ElementFinder$2.findElement(ElementLocation.java:162)
at org.openqa.selenium.remote.ElementLocation.findElement(ElementLocation.java:60)
at org.openqa.selenium.remote.RemoteWebDriver.findElement(RemoteWebDriver.java:352)
at org.openqa.selenium.remote.RemoteWebDriver.findElement(RemoteWebDriver.java:344)
at org.openqa.selenium.support.pagefactory.DefaultElementLocator.findElement(DefaultElementLocator.java:70)
at org.openqa.selenium.support.pagefactory.internal.LocatingElementHandler.invoke(LocatingElementHandler.java:39)
at jdk.proxy2/jdk.proxy2.$Proxy18.getAttribute(Unknown Source)
at POM.bookingMaskPage.getPriceFieldValue1(bookingMaskPage.java:475)
at BookingMaskTestCases.TCC29TC130FAIL.validateConfirmBookingOFTwoAccommodation(TCC29TC130FAIL.java:190)
at java.base/java.util.ArrayList.forEach(ArrayList.java:1511)
... Removed 32 stack frames]]>
    </failure>
  </testcase> <!-- validateConfirmBookingOFTwoAccommodation -->
  <testcase classname="BookingMaskTestCases.TCC29TC130FAIL" name="validateConfirmBoOkingOFTwoAccommodationWithU" time="75.641">
    <failure type="org.openqa.selenium.NoSuchElementException" message="no such element: Unable to locate element: {&amp;quot;method&amp;quot;:&amp;quot;css selector&amp;quot;,&amp;quot;selector&amp;quot;:&amp;quot;#bookinglines_Price_1&amp;quot;}
  (Session info: chrome=113.0.5672.127)
For documentation on this error, please visit: https://selenium.dev/exceptions/#no_such_element
Build info: version: &amp;apos;4.8.3&amp;apos;, revision: &amp;apos;e5e76298c3&amp;apos;
System info: os.name: &amp;apos;Windows 10&amp;apos;, os.arch: &amp;apos;amd64&amp;apos;, os.version: &amp;apos;10.0&amp;apos;, java.version: &amp;apos;17.0.4.1&amp;apos;
Driver info: org.openqa.selenium.chrome.ChromeDriver
Command: [077db20d7a5dd6bb1b9c1ce8d74ab3f2, findElement {using=id, value=bookinglines_Price_1}]
Capabilities {acceptInsecureCerts: false, browserName: chrome, browserVersion: 113.0.5672.127, chrome: {chromedriverVersion: 113.0.5672.63 (0e1a4471d5ae..., userDataDir: C:\Users\ROHAN~1.PAT\AppDat...}, goog:chromeOptions: {debuggerAddress: localhost:52233}, networkConnectionEnabled: false, pageLoadStrategy: normal, platformName: WINDOWS, proxy: Proxy(), se:cdp: ws://localhost:52233/devtoo..., se:cdpVersion: 113.0.5672.127, setWindowRect: true, strictFileInteractability: false, timeouts: {implicit: 0, pageLoad: 300000, script: 30000}, unhandledPromptBehavior: dismiss and notify, webauthn:extension:credBlob: true, webauthn:extension:largeBlob: true, webauthn:extension:minPinLength: true, webauthn:extension:prf: true, webauthn:virtualAuthenticators: true}
Session ID: 077db20d7a5dd6bb1b9c1ce8d74ab3f2">
      <![CDATA[org.openqa.selenium.NoSuchElementException: no such element: Unable to locate element: {"method":"css selector","selector":"#bookinglines_Price_1"}
  (Session info: chrome=113.0.5672.127)
For documentation on this error, please visit: https://selenium.dev/exceptions/#no_such_element
Build info: version: '4.8.3', revision: 'e5e76298c3'
System info: os.name: 'Windows 10', os.arch: 'amd64', os.version: '10.0', java.version: '17.0.4.1'
Driver info: org.openqa.selenium.chrome.ChromeDriver
Command: [077db20d7a5dd6bb1b9c1ce8d74ab3f2, findElement {using=id, value=bookinglines_Price_1}]
Capabilities {acceptInsecureCerts: false, browserName: chrome, browserVersion: 113.0.5672.127, chrome: {chromedriverVersion: 113.0.5672.63 (0e1a4471d5ae..., userDataDir: C:\Users\ROHAN~1.PAT\AppDat...}, goog:chromeOptions: {debuggerAddress: localhost:52233}, networkConnectionEnabled: false, pageLoadStrategy: normal, platformName: WINDOWS, proxy: Proxy(), se:cdp: ws://localhost:52233/devtoo..., se:cdpVersion: 113.0.5672.127, setWindowRect: true, strictFileInteractability: false, timeouts: {implicit: 0, pageLoad: 300000, script: 30000}, unhandledPromptBehavior: dismiss and notify, webauthn:extension:credBlob: true, webauthn:extension:largeBlob: true, webauthn:extension:minPinLength: true, webauthn:extension:prf: true, webauthn:virtualAuthenticators: true}
Session ID: 077db20d7a5dd6bb1b9c1ce8d74ab3f2
at org.openqa.selenium.remote.codec.w3c.W3CHttpResponseCodec.createException(W3CHttpResponseCodec.java:200)
at org.openqa.selenium.remote.codec.w3c.W3CHttpResponseCodec.decode(W3CHttpResponseCodec.java:133)
at org.openqa.selenium.remote.codec.w3c.W3CHttpResponseCodec.decode(W3CHttpResponseCodec.java:53)
at org.openqa.selenium.remote.HttpCommandExecutor.execute(HttpCommandExecutor.java:193)
at org.openqa.selenium.remote.service.DriverCommandExecutor.invokeExecute(DriverCommandExecutor.java:183)
at org.openqa.selenium.remote.service.DriverCommandExecutor.execute(DriverCommandExecutor.java:158)
at org.openqa.selenium.remote.RemoteWebDriver.execute(RemoteWebDriver.java:543)
at org.openqa.selenium.remote.ElementLocation$ElementFinder$2.findElement(ElementLocation.java:162)
at org.openqa.selenium.remote.ElementLocation.findElement(ElementLocation.java:60)
at org.openqa.selenium.remote.RemoteWebDriver.findElement(RemoteWebDriver.java:352)
at org.openqa.selenium.remote.RemoteWebDriver.findElement(RemoteWebDriver.java:344)
at org.openqa.selenium.support.pagefactory.DefaultElementLocator.findElement(DefaultElementLocator.java:70)
at org.openqa.selenium.support.pagefactory.internal.LocatingElementHandler.invoke(LocatingElementHandler.java:39)
at jdk.proxy2/jdk.proxy2.$Proxy18.getAttribute(Unknown Source)
at POM.bookingMaskPage.getPriceFieldValue1(bookingMaskPage.java:475)
at BookingMaskTestCases.TCC29TC130FAIL.validateConfirmBoOkingOFTwoAccommodationWithU(TCC29TC130FAIL.java:360)
at java.base/java.util.ArrayList.forEach(ArrayList.java:1511)
... Removed 32 stack frames]]>
    </failure>
  </testcase> <!-- validateConfirmBoOkingOFTwoAccommodationWithU -->
  <testcase classname="BookingMaskTestCases.CreateBookingForTwoPersonAndTwoRoom_TC34" name="validatePriceForTwoPersonTwoRooms" time="0.322"/>
</testsuite> <!-- BM -->
