<?xml version="1.0" encoding="UTF-8"?>
<!-- Generated by org.testng.reporters.JUnitXMLReporter -->
<testsuite ignored="0" hostname="DGIT-0099" failures="9" tests="66" name="BM" time="4934.52" errors="0" timestamp="2023-05-26T12:56:27 IST">
  <testcase classname="BookingMaskTestCases.VerifyModifyBookingWithActionCodeUAandUTC38ToTC39" name="@AfterMethod Logout" time="4.057">
    <failure type="org.openqa.selenium.ElementClickInterceptedException" message="element click intercepted: Element &amp;lt;a data-toggle=&amp;quot;dropdown&amp;quot; aria-haspopup=&amp;quot;true&amp;quot; aria-expanded=&amp;quot;false&amp;quot; class=&amp;quot;p-0 btn&amp;quot;&amp;gt;...&amp;lt;/a&amp;gt; is not clickable at point (1224, 31). Other element would receive the click: &amp;lt;div class=&amp;quot;swal2-container swal2-center swal2-fade swal2-shown&amp;quot; style=&amp;quot;overflow-y: auto;&amp;quot;&amp;gt;...&amp;lt;/div&amp;gt;
  (Session info: chrome=113.0.5672.127)
Build info: version: &amp;apos;4.8.3&amp;apos;, revision: &amp;apos;e5e76298c3&amp;apos;
System info: os.name: &amp;apos;Windows 10&amp;apos;, os.arch: &amp;apos;amd64&amp;apos;, os.version: &amp;apos;10.0&amp;apos;, java.version: &amp;apos;17.0.4.1&amp;apos;
Driver info: org.openqa.selenium.chrome.ChromeDriver
Command: [e5d3112c6913bb948ff1564b6125340c, clickElement {id=C81930A5D06BEAD8D409CB4EA7531499_element_7097}]
Capabilities {acceptInsecureCerts: false, browserName: chrome, browserVersion: 113.0.5672.127, chrome: {chromedriverVersion: 113.0.5672.63 (0e1a4471d5ae..., userDataDir: C:\Users\ROHAN~1.PAT\AppDat...}, goog:chromeOptions: {debuggerAddress: localhost:61289}, networkConnectionEnabled: false, pageLoadStrategy: normal, platformName: WINDOWS, proxy: Proxy(), se:cdp: ws://localhost:61289/devtoo..., se:cdpVersion: 113.0.5672.127, setWindowRect: true, strictFileInteractability: false, timeouts: {implicit: 0, pageLoad: 300000, script: 30000}, unhandledPromptBehavior: dismiss and notify, webauthn:extension:credBlob: true, webauthn:extension:largeBlob: true, webauthn:extension:minPinLength: true, webauthn:extension:prf: true, webauthn:virtualAuthenticators: true}
Element: [[ChromeDriver: chrome on WINDOWS (e5d3112c6913bb948ff1564b6125340c)] -&amp;gt; xpath: //a[@data-toggle=&amp;apos;dropdown&amp;apos;]]
Session ID: e5d3112c6913bb948ff1564b6125340c">
      <![CDATA[org.openqa.selenium.ElementClickInterceptedException: element click intercepted: Element <a data-toggle="dropdown" aria-haspopup="true" aria-expanded="false" class="p-0 btn">...</a> is not clickable at point (1224, 31). Other element would receive the click: <div class="swal2-container swal2-center swal2-fade swal2-shown" style="overflow-y: auto;">...</div>
  (Session info: chrome=113.0.5672.127)
Build info: version: '4.8.3', revision: 'e5e76298c3'
System info: os.name: 'Windows 10', os.arch: 'amd64', os.version: '10.0', java.version: '17.0.4.1'
Driver info: org.openqa.selenium.chrome.ChromeDriver
Command: [e5d3112c6913bb948ff1564b6125340c, clickElement {id=C81930A5D06BEAD8D409CB4EA7531499_element_7097}]
Capabilities {acceptInsecureCerts: false, browserName: chrome, browserVersion: 113.0.5672.127, chrome: {chromedriverVersion: 113.0.5672.63 (0e1a4471d5ae..., userDataDir: C:\Users\ROHAN~1.PAT\AppDat...}, goog:chromeOptions: {debuggerAddress: localhost:61289}, networkConnectionEnabled: false, pageLoadStrategy: normal, platformName: WINDOWS, proxy: Proxy(), se:cdp: ws://localhost:61289/devtoo..., se:cdpVersion: 113.0.5672.127, setWindowRect: true, strictFileInteractability: false, timeouts: {implicit: 0, pageLoad: 300000, script: 30000}, unhandledPromptBehavior: dismiss and notify, webauthn:extension:credBlob: true, webauthn:extension:largeBlob: true, webauthn:extension:minPinLength: true, webauthn:extension:prf: true, webauthn:virtualAuthenticators: true}
Element: [[ChromeDriver: chrome on WINDOWS (e5d3112c6913bb948ff1564b6125340c)] -> xpath: //a[@data-toggle='dropdown']]
Session ID: e5d3112c6913bb948ff1564b6125340c
at org.openqa.selenium.remote.codec.w3c.W3CHttpResponseCodec.createException(W3CHttpResponseCodec.java:200)
at org.openqa.selenium.remote.codec.w3c.W3CHttpResponseCodec.decode(W3CHttpResponseCodec.java:133)
at org.openqa.selenium.remote.codec.w3c.W3CHttpResponseCodec.decode(W3CHttpResponseCodec.java:53)
at org.openqa.selenium.remote.HttpCommandExecutor.execute(HttpCommandExecutor.java:193)
at org.openqa.selenium.remote.service.DriverCommandExecutor.invokeExecute(DriverCommandExecutor.java:183)
at org.openqa.selenium.remote.service.DriverCommandExecutor.execute(DriverCommandExecutor.java:158)
at org.openqa.selenium.remote.RemoteWebDriver.execute(RemoteWebDriver.java:543)
at org.openqa.selenium.remote.RemoteWebElement.execute(RemoteWebElement.java:257)
at org.openqa.selenium.remote.RemoteWebElement.click(RemoteWebElement.java:78)
at org.openqa.selenium.support.pagefactory.internal.LocatingElementHandler.invoke(LocatingElementHandler.java:52)
at jdk.proxy2/jdk.proxy2.$Proxy18.click(Unknown Source)
at POM.bookingMaskPage.ClickOnLogoutButtonOFBookingMask(bookingMaskPage.java:197)
at BookingMaskTestCases.VerifyModifyBookingWithActionCodeUAandUTC38ToTC39.Logout(VerifyModifyBookingWithActionCodeUAandUTC38ToTC39.java:376)
at java.base/java.util.ArrayList.forEach(ArrayList.java:1511)
... Removed 40 stack frames]]>
    </failure>
  </testcase> <!-- @AfterMethod Logout -->
  <testcase classname="BookingMaskTestCases.VerifyModifyBookingWithActionCodeUAandUTC38ToTC39" name="@BeforeMethod loginToApp" time="-1.685082758806E9">
    <skipped/>
  </testcase> <!-- @BeforeMethod loginToApp -->
  <testcase classname="BookingMaskTestCases.VerifyModifyBookingWithActionCodeUAandUTC38ToTC39" name="@AfterMethod Logout" time="-1.68508275881E9">
    <skipped/>
  </testcase> <!-- @AfterMethod Logout -->
  <testcase classname="BookingMaskTestCases.VerifyModifyBookingWithActionCodeUAandUTC38ToTC39" name="@AfterClass closeBrowser" time="-1.685082758811E9">
    <skipped/>
  </testcase> <!-- @AfterClass closeBrowser -->
  <testcase classname="BookingMaskTestCases.VerifyModifyBookingToAddAnotherRoomWithDifferentDateTC28" name="@BeforeMethod loginToApp" time="133.437">
    <failure type="org.openqa.selenium.ScriptTimeoutException" message="script timeout
  (Session info: chrome=113.0.5672.127)
Build info: version: &amp;apos;4.8.3&amp;apos;, revision: &amp;apos;e5e76298c3&amp;apos;
System info: os.name: &amp;apos;Windows 10&amp;apos;, os.arch: &amp;apos;amd64&amp;apos;, os.version: &amp;apos;10.0&amp;apos;, java.version: &amp;apos;17.0.4.1&amp;apos;
Driver info: org.openqa.selenium.chrome.ChromeDriver
Command: [1c863cde87a0baf1b2ddcafe950ecfdf, executeScript {script=arguments[0].click();, args=[{ELEMENT=F5F53B4467389AAA778439294B001CC7_element_7642, element-6066-11e4-a52e-4f735466cecf=F5F53B4467389AAA778439294B001CC7_element_7642}]}]
Capabilities {acceptInsecureCerts: false, browserName: chrome, browserVersion: 113.0.5672.127, chrome: {chromedriverVersion: 113.0.5672.63 (0e1a4471d5ae..., userDataDir: C:\Users\ROHAN~1.PAT\AppDat...}, goog:chromeOptions: {debuggerAddress: localhost:62919}, networkConnectionEnabled: false, pageLoadStrategy: normal, platformName: WINDOWS, proxy: Proxy(), se:cdp: ws://localhost:62919/devtoo..., se:cdpVersion: 113.0.5672.127, setWindowRect: true, strictFileInteractability: false, timeouts: {implicit: 0, pageLoad: 300000, script: 30000}, unhandledPromptBehavior: dismiss and notify, webauthn:extension:credBlob: true, webauthn:extension:largeBlob: true, webauthn:extension:minPinLength: true, webauthn:extension:prf: true, webauthn:virtualAuthenticators: true}
Session ID: 1c863cde87a0baf1b2ddcafe950ecfdf">
      <![CDATA[org.openqa.selenium.ScriptTimeoutException: script timeout
  (Session info: chrome=113.0.5672.127)
Build info: version: '4.8.3', revision: 'e5e76298c3'
System info: os.name: 'Windows 10', os.arch: 'amd64', os.version: '10.0', java.version: '17.0.4.1'
Driver info: org.openqa.selenium.chrome.ChromeDriver
Command: [1c863cde87a0baf1b2ddcafe950ecfdf, executeScript {script=arguments[0].click();, args=[{ELEMENT=F5F53B4467389AAA778439294B001CC7_element_7642, element-6066-11e4-a52e-4f735466cecf=F5F53B4467389AAA778439294B001CC7_element_7642}]}]
Capabilities {acceptInsecureCerts: false, browserName: chrome, browserVersion: 113.0.5672.127, chrome: {chromedriverVersion: 113.0.5672.63 (0e1a4471d5ae..., userDataDir: C:\Users\ROHAN~1.PAT\AppDat...}, goog:chromeOptions: {debuggerAddress: localhost:62919}, networkConnectionEnabled: false, pageLoadStrategy: normal, platformName: WINDOWS, proxy: Proxy(), se:cdp: ws://localhost:62919/devtoo..., se:cdpVersion: 113.0.5672.127, setWindowRect: true, strictFileInteractability: false, timeouts: {implicit: 0, pageLoad: 300000, script: 30000}, unhandledPromptBehavior: dismiss and notify, webauthn:extension:credBlob: true, webauthn:extension:largeBlob: true, webauthn:extension:minPinLength: true, webauthn:extension:prf: true, webauthn:virtualAuthenticators: true}
Session ID: 1c863cde87a0baf1b2ddcafe950ecfdf
at org.openqa.selenium.remote.codec.w3c.W3CHttpResponseCodec.createException(W3CHttpResponseCodec.java:200)
at org.openqa.selenium.remote.codec.w3c.W3CHttpResponseCodec.decode(W3CHttpResponseCodec.java:133)
at org.openqa.selenium.remote.codec.w3c.W3CHttpResponseCodec.decode(W3CHttpResponseCodec.java:53)
at org.openqa.selenium.remote.HttpCommandExecutor.execute(HttpCommandExecutor.java:193)
at org.openqa.selenium.remote.service.DriverCommandExecutor.invokeExecute(DriverCommandExecutor.java:183)
at org.openqa.selenium.remote.service.DriverCommandExecutor.execute(DriverCommandExecutor.java:158)
at org.openqa.selenium.remote.RemoteWebDriver.execute(RemoteWebDriver.java:543)
at org.openqa.selenium.remote.RemoteWebDriver.executeScript(RemoteWebDriver.java:480)
at utility.UtilityClass.clickUsingJSE(UtilityClass.java:165)
at BookingMaskTestCases.VerifyModifyBookingToAddAnotherRoomWithDifferentDateTC28.loginToApp(VerifyModifyBookingToAddAnotherRoomWithDifferentDateTC28.java:222)
at java.base/java.util.ArrayList.forEach(ArrayList.java:1511)
... Removed 36 stack frames]]>
    </failure>
  </testcase> <!-- @BeforeMethod loginToApp -->
  <testcase classname="BookingMaskTestCases.VerifyModifyBookingToAddAnotherRoomWithDifferentDateTC28" name="@AfterMethod Logout" time="-1.685084699168E9">
    <skipped/>
  </testcase> <!-- @AfterMethod Logout -->
  <testcase classname="BookingMaskTestCases.VerifyModifyBookingToAddAnotherRoomWithDifferentDateTC28" name="@AfterClass closeBrowser" time="-1.685084699168E9">
    <skipped/>
  </testcase> <!-- @AfterClass closeBrowser -->
  <testcase classname="BookingMaskTestCases.VerifyBookingWithSameRoomAndDifferentDates_TC31" name="@BeforeMethod loginToApp" time="93.279">
    <failure type="org.openqa.selenium.StaleElementReferenceException" message="stale element reference: stale element not found
  (Session info: chrome=113.0.5672.127)
For documentation on this error, please visit: https://selenium.dev/exceptions/#stale_element_reference
Build info: version: &amp;apos;4.8.3&amp;apos;, revision: &amp;apos;e5e76298c3&amp;apos;
System info: os.name: &amp;apos;Windows 10&amp;apos;, os.arch: &amp;apos;amd64&amp;apos;, os.version: &amp;apos;10.0&amp;apos;, java.version: &amp;apos;17.0.4.1&amp;apos;
Driver info: org.openqa.selenium.chrome.ChromeDriver
Command: [b1496e6762812c24fe854eb47579ab23, executeScript {script=arguments[0].click();, args=[{ELEMENT=156206BC71E025BA311D809AACC1B460_element_2057, element-6066-11e4-a52e-4f735466cecf=156206BC71E025BA311D809AACC1B460_element_2057}]}]
Capabilities {acceptInsecureCerts: false, browserName: chrome, browserVersion: 113.0.5672.127, chrome: {chromedriverVersion: 113.0.5672.63 (0e1a4471d5ae..., userDataDir: C:\Users\ROHAN~1.PAT\AppDat...}, goog:chromeOptions: {debuggerAddress: localhost:63625}, networkConnectionEnabled: false, pageLoadStrategy: normal, platformName: WINDOWS, proxy: Proxy(), se:cdp: ws://localhost:63625/devtoo..., se:cdpVersion: 113.0.5672.127, setWindowRect: true, strictFileInteractability: false, timeouts: {implicit: 0, pageLoad: 300000, script: 30000}, unhandledPromptBehavior: dismiss and notify, webauthn:extension:credBlob: true, webauthn:extension:largeBlob: true, webauthn:extension:minPinLength: true, webauthn:extension:prf: true, webauthn:virtualAuthenticators: true}
Session ID: b1496e6762812c24fe854eb47579ab23">
      <![CDATA[org.openqa.selenium.StaleElementReferenceException: stale element reference: stale element not found
  (Session info: chrome=113.0.5672.127)
For documentation on this error, please visit: https://selenium.dev/exceptions/#stale_element_reference
Build info: version: '4.8.3', revision: 'e5e76298c3'
System info: os.name: 'Windows 10', os.arch: 'amd64', os.version: '10.0', java.version: '17.0.4.1'
Driver info: org.openqa.selenium.chrome.ChromeDriver
Command: [b1496e6762812c24fe854eb47579ab23, executeScript {script=arguments[0].click();, args=[{ELEMENT=156206BC71E025BA311D809AACC1B460_element_2057, element-6066-11e4-a52e-4f735466cecf=156206BC71E025BA311D809AACC1B460_element_2057}]}]
Capabilities {acceptInsecureCerts: false, browserName: chrome, browserVersion: 113.0.5672.127, chrome: {chromedriverVersion: 113.0.5672.63 (0e1a4471d5ae..., userDataDir: C:\Users\ROHAN~1.PAT\AppDat...}, goog:chromeOptions: {debuggerAddress: localhost:63625}, networkConnectionEnabled: false, pageLoadStrategy: normal, platformName: WINDOWS, proxy: Proxy(), se:cdp: ws://localhost:63625/devtoo..., se:cdpVersion: 113.0.5672.127, setWindowRect: true, strictFileInteractability: false, timeouts: {implicit: 0, pageLoad: 300000, script: 30000}, unhandledPromptBehavior: dismiss and notify, webauthn:extension:credBlob: true, webauthn:extension:largeBlob: true, webauthn:extension:minPinLength: true, webauthn:extension:prf: true, webauthn:virtualAuthenticators: true}
Session ID: b1496e6762812c24fe854eb47579ab23
at org.openqa.selenium.remote.codec.w3c.W3CHttpResponseCodec.createException(W3CHttpResponseCodec.java:200)
at org.openqa.selenium.remote.codec.w3c.W3CHttpResponseCodec.decode(W3CHttpResponseCodec.java:133)
at org.openqa.selenium.remote.codec.w3c.W3CHttpResponseCodec.decode(W3CHttpResponseCodec.java:53)
at org.openqa.selenium.remote.HttpCommandExecutor.execute(HttpCommandExecutor.java:193)
at org.openqa.selenium.remote.service.DriverCommandExecutor.invokeExecute(DriverCommandExecutor.java:183)
at org.openqa.selenium.remote.service.DriverCommandExecutor.execute(DriverCommandExecutor.java:158)
at org.openqa.selenium.remote.RemoteWebDriver.execute(RemoteWebDriver.java:543)
at org.openqa.selenium.remote.RemoteWebDriver.executeScript(RemoteWebDriver.java:480)
at utility.UtilityClass.clickUsingJSE(UtilityClass.java:165)
at BookingMaskTestCases.VerifyBookingWithSameRoomAndDifferentDates_TC31.loginToApp(VerifyBookingWithSameRoomAndDifferentDates_TC31.java:197)
at java.base/java.util.ArrayList.forEach(ArrayList.java:1511)
... Removed 36 stack frames]]>
    </failure>
  </testcase> <!-- @BeforeMethod loginToApp -->
  <testcase classname="BookingMaskTestCases.VerifyBookingWithSameRoomAndDifferentDates_TC31" name="@AfterMethod Logout" time="-1.685085527669E9">
    <skipped/>
  </testcase> <!-- @AfterMethod Logout -->
  <testcase classname="BookingMaskTestCases.VerifyBookingWithSameRoomAndDifferentDates_TC31" name="@AfterClass closeBrowser" time="-1.685085527669E9">
    <skipped/>
  </testcase> <!-- @AfterClass closeBrowser -->
  <testcase classname="BookingMaskTestCases.VerifyBookingforSeasonA_TC14" name="validatePriceForSeasonA" time="0.179"/>
  <testcase classname="BookingMaskTestCases.VerifyBookingInquiryWithBlankTravelFromAndTravelToDate_TC05" name="validateBookingInquiryWithBlankTravelFromANDTravelToDateOnBM" time="0.132"/>
  <testcase classname="BookingMaskTestCases.VerifyBookingModificationWithEditOccupancyTC18" name="validateBookingByEditingOccupancyWithU" time="0.122"/>
  <testcase classname="BookingMaskTestCases.VerifyBookingModificationWithTravelToDateIncrease_TC19" name="validatePriceWithTravelToDateIncrease" time="0.126"/>
  <testcase classname="BookingMaskTestCases.VerifyBookingModifyEnquiry_TC16" name="validatepriceFieldWithChangeInBookingAction" time="0.305"/>
  <testcase classname="BookingMaskTestCases.VerifyBookingforSeasonB_TC15" name="validatePriceForSeasonB" time="0.162"/>
  <testcase classname="BookingMaskTestCases.VerifyBookingInquiryWithBlankTravelFromDate_TC04" name="validateBookingInquiryWithBlankTravelFromDate" time="0.114"/>
  <testcase classname="BookingMaskTestCases.VerifyBookingInquiryWithBlankTravelToDate_TC03" name="validateBookingInquiryWithBlankTravelToDate" time="0.115"/>
  <testcase classname="BookingMaskTestCases.VerifyModifyBookingWithTravelToDateDecrease_TC20" name="validatePriceByDecreasingTravelToDate" time="0.121"/>
  <testcase classname="BookingMaskTestCases.VerifyModifyBookingByEditingBothTravelFromAndToDateTC23" name="validatePriceByEditingBothTravelFromAndToDate" time="0.112"/>
  <testcase classname="BookingMaskTestCases.VerifyTravelToDateLessThanTravelFromDate_TC08" name="validateTravelToDateLessThanTravelFromDatePopUpMessageonBM" time="0.111"/>
  <testcase classname="BookingMaskTestCases.VerifyTravelDatesOutOfContract_TC11" name="validateMessageOnBMwithDatesOutOfContract" time="0.166"/>
  <testcase classname="BookingMaskTestCases.VerifyModifyBookingToDateOutOfContractTC24" name="validateErrorMessageForOutOfContractDates" time="0.113"/>
  <testcase classname="BookingMaskTestCases.VerifyModifyBookingToInvalidRoomCodeTC26" name="validateBookingBySendingInvalidRoomcode" time="0.122"/>
  <testcase classname="BookingMaskTestCases.VerifyTravelDateEndingOutOfContract_TC12" name="validateMessageOnBMpage" time="0.113"/>
  <testcase classname="BookingMaskTestCases.VerifyModifyBookingWithActionCodeUXTC44" name="validateModifyBookingWithActionCodeUX" time="102.194"/>
  <testcase classname="BookingMaskTestCases.ValidateBookingWithoutSelectingAnyTravelTypeTC48" name="validateBookingWithoutAnyTravelType" time="0.057">
    <failure type="java.lang.AssertionError" message="TC failed as Actual message and expected message are not matching  expected [Bitte wählen Sie aus den folgenden Reisearten (NFAX, XXXXXX, TFT1, TFT2, XXXXXX, FNTR, FTV, RAL, B2B, TRAV, TEST3, TEST, , , TEST3, Duplicate, Duplicate, RAL, wer_qw, wer_qw, TT)                                                                                                                                              ] but found [Bitte wählen Sie aus den folgenden Reisearten (NFAX, XXXXXX, TFT1, TFT2, XXXXXX, FNTR, FTV, RAL, B2B, TRAV, TEST3, TEST, , , TEST3, Duplicate, Duplicate, ALL, RAL)                                                                                                                                                             ]">
      <![CDATA[java.lang.AssertionError: TC failed as Actual message and expected message are not matching  expected [Bitte wählen Sie aus den folgenden Reisearten (NFAX, XXXXXX, TFT1, TFT2, XXXXXX, FNTR, FTV, RAL, B2B, TRAV, TEST3, TEST, , , TEST3, Duplicate, Duplicate, RAL, wer_qw, wer_qw, TT)                                                                                                                                              ] but found [Bitte wählen Sie aus den folgenden Reisearten (NFAX, XXXXXX, TFT1, TFT2, XXXXXX, FNTR, FTV, RAL, B2B, TRAV, TEST3, TEST, , , TEST3, Duplicate, Duplicate, ALL, RAL)                                                                                                                                                             ]
at BookingMaskTestCases.ValidateBookingWithoutSelectingAnyTravelTypeTC48.validateBookingWithoutAnyTravelType(ValidateBookingWithoutSelectingAnyTravelTypeTC48.java:155)
at java.base/java.util.ArrayList.forEach(ArrayList.java:1511)
... Removed 32 stack frames]]>
    </failure>
  </testcase> <!-- validateBookingWithoutAnyTravelType -->
  <testcase classname="BookingMaskTestCases.VerifyBookingWithMismatchPaxAndOCCTC50" name="validateBookingWitMismatchPaxAndOCC" time="0.047">
    <failure type="java.lang.AssertionError" message="Test Case Failed as actual and expected Messages are not matching expected [error message] but found [TESTING                                                                                                                                                                                                                                                                                                                                                                                                                                                                                                                                                                                                                                                                                                                                                                                                                                                                                                                                                                                         ]">
      <![CDATA[java.lang.AssertionError: Test Case Failed as actual and expected Messages are not matching expected [error message] but found [TESTING                                                                                                                                                                                                                                                                                                                                                                                                                                                                                                                                                                                                                                                                                                                                                                                                                                                                                                                                                                                         ]
at BookingMaskTestCases.VerifyBookingWithMismatchPaxAndOCCTC50.validateBookingWitMismatchPaxAndOCC(VerifyBookingWithMismatchPaxAndOCCTC50.java:162)
at java.base/java.util.ArrayList.forEach(ArrayList.java:1511)
... Removed 32 stack frames]]>
    </failure>
  </testcase> <!-- validateBookingWitMismatchPaxAndOCC -->
  <testcase classname="BookingMaskTestCases.VerifyBookingByEditingTravelTypeTC47" name="validateBookingWithFNTRTravelType" time="0.104"/>
  <testcase classname="BookingMaskTestCases.VerifyModifyBookingWithActionCodeUAandUTC38ToTC39" name="validateModifyBookingInquiryWithUA" time="88.145">
    <failure type="org.openqa.selenium.ElementNotInteractableException" message="element not interactable
  (Session info: chrome=113.0.5672.127)
Build info: version: &amp;apos;4.8.3&amp;apos;, revision: &amp;apos;e5e76298c3&amp;apos;
System info: os.name: &amp;apos;Windows 10&amp;apos;, os.arch: &amp;apos;amd64&amp;apos;, os.version: &amp;apos;10.0&amp;apos;, java.version: &amp;apos;17.0.4.1&amp;apos;
Driver info: org.openqa.selenium.chrome.ChromeDriver
Command: [e5d3112c6913bb948ff1564b6125340c, clickElement {id=C81930A5D06BEAD8D409CB4EA7531499_element_7491}]
Capabilities {acceptInsecureCerts: false, browserName: chrome, browserVersion: 113.0.5672.127, chrome: {chromedriverVersion: 113.0.5672.63 (0e1a4471d5ae..., userDataDir: C:\Users\ROHAN~1.PAT\AppDat...}, goog:chromeOptions: {debuggerAddress: localhost:61289}, networkConnectionEnabled: false, pageLoadStrategy: normal, platformName: WINDOWS, proxy: Proxy(), se:cdp: ws://localhost:61289/devtoo..., se:cdpVersion: 113.0.5672.127, setWindowRect: true, strictFileInteractability: false, timeouts: {implicit: 0, pageLoad: 300000, script: 30000}, unhandledPromptBehavior: dismiss and notify, webauthn:extension:credBlob: true, webauthn:extension:largeBlob: true, webauthn:extension:minPinLength: true, webauthn:extension:prf: true, webauthn:virtualAuthenticators: true}
Element: [[ChromeDriver: chrome on WINDOWS (e5d3112c6913bb948ff1564b6125340c)] -&amp;gt; xpath: //a[@class=&amp;apos;btn-shadow btn btn-success&amp;apos;]]
Session ID: e5d3112c6913bb948ff1564b6125340c">
      <![CDATA[org.openqa.selenium.ElementNotInteractableException: element not interactable
  (Session info: chrome=113.0.5672.127)
Build info: version: '4.8.3', revision: 'e5e76298c3'
System info: os.name: 'Windows 10', os.arch: 'amd64', os.version: '10.0', java.version: '17.0.4.1'
Driver info: org.openqa.selenium.chrome.ChromeDriver
Command: [e5d3112c6913bb948ff1564b6125340c, clickElement {id=C81930A5D06BEAD8D409CB4EA7531499_element_7491}]
Capabilities {acceptInsecureCerts: false, browserName: chrome, browserVersion: 113.0.5672.127, chrome: {chromedriverVersion: 113.0.5672.63 (0e1a4471d5ae..., userDataDir: C:\Users\ROHAN~1.PAT\AppDat...}, goog:chromeOptions: {debuggerAddress: localhost:61289}, networkConnectionEnabled: false, pageLoadStrategy: normal, platformName: WINDOWS, proxy: Proxy(), se:cdp: ws://localhost:61289/devtoo..., se:cdpVersion: 113.0.5672.127, setWindowRect: true, strictFileInteractability: false, timeouts: {implicit: 0, pageLoad: 300000, script: 30000}, unhandledPromptBehavior: dismiss and notify, webauthn:extension:credBlob: true, webauthn:extension:largeBlob: true, webauthn:extension:minPinLength: true, webauthn:extension:prf: true, webauthn:virtualAuthenticators: true}
Element: [[ChromeDriver: chrome on WINDOWS (e5d3112c6913bb948ff1564b6125340c)] -> xpath: //a[@class='btn-shadow btn btn-success']]
Session ID: e5d3112c6913bb948ff1564b6125340c
at org.openqa.selenium.remote.codec.w3c.W3CHttpResponseCodec.createException(W3CHttpResponseCodec.java:200)
at org.openqa.selenium.remote.codec.w3c.W3CHttpResponseCodec.decode(W3CHttpResponseCodec.java:133)
at org.openqa.selenium.remote.codec.w3c.W3CHttpResponseCodec.decode(W3CHttpResponseCodec.java:53)
at org.openqa.selenium.remote.HttpCommandExecutor.execute(HttpCommandExecutor.java:193)
at org.openqa.selenium.remote.service.DriverCommandExecutor.invokeExecute(DriverCommandExecutor.java:183)
at org.openqa.selenium.remote.service.DriverCommandExecutor.execute(DriverCommandExecutor.java:158)
at org.openqa.selenium.remote.RemoteWebDriver.execute(RemoteWebDriver.java:543)
at org.openqa.selenium.remote.RemoteWebElement.execute(RemoteWebElement.java:257)
at org.openqa.selenium.remote.RemoteWebElement.click(RemoteWebElement.java:78)
at org.openqa.selenium.support.pagefactory.internal.LocatingElementHandler.invoke(LocatingElementHandler.java:52)
at jdk.proxy2/jdk.proxy2.$Proxy18.click(Unknown Source)
at POM.bookingMaskPage.clickOnViewList(bookingMaskPage.java:252)
at BookingMaskTestCases.VerifyModifyBookingWithActionCodeUAandUTC38ToTC39.validateModifyBookingInquiryWithUA(VerifyModifyBookingWithActionCodeUAandUTC38ToTC39.java:210)
at java.base/java.util.ArrayList.forEach(ArrayList.java:1511)
... Removed 35 stack frames]]>
    </failure>
  </testcase> <!-- validateModifyBookingInquiryWithUA -->
  <testcase classname="BookingMaskTestCases.VerifyModifyBookingWithActionCodeUAandUTC38ToTC39" name="validateConfirmModifyBookingWithU" time="0.0">
    <skipped/>
  </testcase> <!-- validateConfirmModifyBookingWithU -->
  <testcase classname="BookingMaskTestCases.VerifyBookingWithTravelFromAndTravelToSameDate_TC07" name="validateTravelFromAndTravelToSameDatePopUpMessageonBM" time="0.104"/>
  <testcase classname="BookingMaskTestCases.VerifyModifyBookingTC21andTC22" name="validateBookingByDecreasingDuration" time="89.626"/>
  <testcase classname="BookingMaskTestCases.VerifyModifyBookingTC21andTC22" name="validateBookingByIncreasingDuration" time="97.51">
    <failure type="org.openqa.selenium.NoSuchElementException" message="no such element: Unable to locate element: {&amp;quot;method&amp;quot;:&amp;quot;css selector&amp;quot;,&amp;quot;selector&amp;quot;:&amp;quot;#bookinglines_Price_1&amp;quot;}
  (Session info: chrome=113.0.5672.127)
For documentation on this error, please visit: https://selenium.dev/exceptions/#no_such_element
Build info: version: &amp;apos;4.8.3&amp;apos;, revision: &amp;apos;e5e76298c3&amp;apos;
System info: os.name: &amp;apos;Windows 10&amp;apos;, os.arch: &amp;apos;amd64&amp;apos;, os.version: &amp;apos;10.0&amp;apos;, java.version: &amp;apos;17.0.4.1&amp;apos;
Driver info: org.openqa.selenium.chrome.ChromeDriver
Command: [8aafdd669aa6c517277eddcdb0a18708, findElement {using=id, value=bookinglines_Price_1}]
Capabilities {acceptInsecureCerts: false, browserName: chrome, browserVersion: 113.0.5672.127, chrome: {chromedriverVersion: 113.0.5672.63 (0e1a4471d5ae..., userDataDir: C:\Users\ROHAN~1.PAT\AppDat...}, goog:chromeOptions: {debuggerAddress: localhost:61418}, networkConnectionEnabled: false, pageLoadStrategy: normal, platformName: WINDOWS, proxy: Proxy(), se:cdp: ws://localhost:61418/devtoo..., se:cdpVersion: 113.0.5672.127, setWindowRect: true, strictFileInteractability: false, timeouts: {implicit: 0, pageLoad: 300000, script: 30000}, unhandledPromptBehavior: dismiss and notify, webauthn:extension:credBlob: true, webauthn:extension:largeBlob: true, webauthn:extension:minPinLength: true, webauthn:extension:prf: true, webauthn:virtualAuthenticators: true}
Session ID: 8aafdd669aa6c517277eddcdb0a18708">
      <![CDATA[org.openqa.selenium.NoSuchElementException: no such element: Unable to locate element: {"method":"css selector","selector":"#bookinglines_Price_1"}
  (Session info: chrome=113.0.5672.127)
For documentation on this error, please visit: https://selenium.dev/exceptions/#no_such_element
Build info: version: '4.8.3', revision: 'e5e76298c3'
System info: os.name: 'Windows 10', os.arch: 'amd64', os.version: '10.0', java.version: '17.0.4.1'
Driver info: org.openqa.selenium.chrome.ChromeDriver
Command: [8aafdd669aa6c517277eddcdb0a18708, findElement {using=id, value=bookinglines_Price_1}]
Capabilities {acceptInsecureCerts: false, browserName: chrome, browserVersion: 113.0.5672.127, chrome: {chromedriverVersion: 113.0.5672.63 (0e1a4471d5ae..., userDataDir: C:\Users\ROHAN~1.PAT\AppDat...}, goog:chromeOptions: {debuggerAddress: localhost:61418}, networkConnectionEnabled: false, pageLoadStrategy: normal, platformName: WINDOWS, proxy: Proxy(), se:cdp: ws://localhost:61418/devtoo..., se:cdpVersion: 113.0.5672.127, setWindowRect: true, strictFileInteractability: false, timeouts: {implicit: 0, pageLoad: 300000, script: 30000}, unhandledPromptBehavior: dismiss and notify, webauthn:extension:credBlob: true, webauthn:extension:largeBlob: true, webauthn:extension:minPinLength: true, webauthn:extension:prf: true, webauthn:virtualAuthenticators: true}
Session ID: 8aafdd669aa6c517277eddcdb0a18708
at org.openqa.selenium.remote.codec.w3c.W3CHttpResponseCodec.createException(W3CHttpResponseCodec.java:200)
at org.openqa.selenium.remote.codec.w3c.W3CHttpResponseCodec.decode(W3CHttpResponseCodec.java:133)
at org.openqa.selenium.remote.codec.w3c.W3CHttpResponseCodec.decode(W3CHttpResponseCodec.java:53)
at org.openqa.selenium.remote.HttpCommandExecutor.execute(HttpCommandExecutor.java:193)
at org.openqa.selenium.remote.service.DriverCommandExecutor.invokeExecute(DriverCommandExecutor.java:183)
at org.openqa.selenium.remote.service.DriverCommandExecutor.execute(DriverCommandExecutor.java:158)
at org.openqa.selenium.remote.RemoteWebDriver.execute(RemoteWebDriver.java:543)
at org.openqa.selenium.remote.ElementLocation$ElementFinder$2.findElement(ElementLocation.java:162)
at org.openqa.selenium.remote.ElementLocation.findElement(ElementLocation.java:60)
at org.openqa.selenium.remote.RemoteWebDriver.findElement(RemoteWebDriver.java:352)
at org.openqa.selenium.remote.RemoteWebDriver.findElement(RemoteWebDriver.java:344)
at org.openqa.selenium.support.pagefactory.DefaultElementLocator.findElement(DefaultElementLocator.java:70)
at org.openqa.selenium.support.pagefactory.internal.LocatingElementHandler.invoke(LocatingElementHandler.java:39)
at jdk.proxy2/jdk.proxy2.$Proxy18.getAttribute(Unknown Source)
at POM.bookingMaskPage.getPriceFieldValue1(bookingMaskPage.java:475)
at BookingMaskTestCases.VerifyModifyBookingTC21andTC22.validateBookingByIncreasingDuration(VerifyModifyBookingTC21andTC22.java:317)
at java.base/java.util.ArrayList.forEach(ArrayList.java:1511)
... Removed 32 stack frames]]>
    </failure>
  </testcase> <!-- validateBookingByIncreasingDuration -->
  <testcase classname="BookingMaskTestCases.VerifyRoomOccupancyLimitTC62ToTC65" name="validateMismatchInAllFieldsErrorMsg" time="21.043"/>
  <testcase classname="BookingMaskTestCases.VerifyRoomOccupancyLimitTC62ToTC65" name="validateMismatchInNOofPaxFieldErrorMsg" time="16.997"/>
  <testcase classname="BookingMaskTestCases.VerifyRoomOccupancyLimitTC62ToTC65" name="validateMismatchInPassengerFieldErrorMsg" time="17.196"/>
  <testcase classname="BookingMaskTestCases.VerifyRoomOccupancyLimitTC62ToTC65" name="validateMismatchInOCCFieldErrorMsg" time="16.455"/>
  <testcase classname="BookingMaskTestCases.VerifyRoomOccupancyLimitTC54ToTC57" name="validateOccupancyMinLimitCross" time="23.308"/>
  <testcase classname="BookingMaskTestCases.VerifyRoomOccupancyLimitTC54ToTC57" name="validateOccupancyMaxLimitCross" time="25.016"/>
  <testcase classname="BookingMaskTestCases.VerifyRoomOccupancyLimitTC54ToTC57" name="validateOccupancyMinLimitNotSatisfied" time="15.375"/>
  <testcase classname="BookingMaskTestCases.VerifyRoomOccupancyLimitTC54ToTC57" name="validateOccupancyMaxLimitNotSatisfied" time="17.64"/>
  <testcase classname="BookingMaskTestCases.VerifyRoomOccupancyLimitTC58ToTC61" name="validateOccupancyMinLimitNotSatisfield1" time="16.889"/>
  <testcase classname="BookingMaskTestCases.VerifyRoomOccupancyLimitTC58ToTC61" name="validateOccupancyMinLimitNotSatisfield2" time="16.803"/>
  <testcase classname="BookingMaskTestCases.VerifyRoomOccupancyLimitTC58ToTC61" name="validateOccupancyMaxLimitCross" time="17.806"/>
  <testcase classname="BookingMaskTestCases.VerifyRoomOccupancyLimitTC58ToTC61" name="validateOccupancyMinLimitCross" time="18.367"/>
  <testcase classname="BookingMaskTestCases.VerifyTravelDateStartOfSeasonA_TC78" name="validateSeasonAPrice" time="0.1"/>
  <testcase classname="BookingMaskTestCases.VerifyTravelDateStartWithSeasonCandEndsOutOfanySeason_TC86" name="validateErrorMsgOnBM" time="0.046">
    <failure type="java.lang.AssertionError" message="Test Case Failed as actual &amp;amp; expected Price are not matching expected [Ungültige Reisedauer.                                                                                                                                                                                                                                                                                                                                                                                                                                                                                                                                                                                                               ] but found [Kontingent nicht mehr verfügbar.                                                                                                                                                                                                                                                                                                ]">
      <![CDATA[java.lang.AssertionError: Test Case Failed as actual & expected Price are not matching expected [Ungültige Reisedauer.                                                                                                                                                                                                                                                                                                                                                                                                                                                                                                                                                                                                               ] but found [Kontingent nicht mehr verfügbar.                                                                                                                                                                                                                                                                                                ]
at BookingMaskTestCases.VerifyTravelDateStartWithSeasonCandEndsOutOfanySeason_TC86.validateErrorMsgOnBM(VerifyTravelDateStartWithSeasonCandEndsOutOfanySeason_TC86.java:130)
at java.base/java.util.ArrayList.forEach(ArrayList.java:1511)
... Removed 32 stack frames]]>
    </failure>
  </testcase> <!-- validateErrorMsgOnBM -->
  <testcase classname="BookingMaskTestCases.VerifyTravelDateInBetweenSeasonA_TC79" name="validatePriceInBetweenSeasonA" time="0.089"/>
  <testcase classname="BookingMaskTestCases.VerifyTravelDateInBetweenSeasonB_TC81" name="validatePriceInBetweenSeasonB" time="0.1"/>
  <testcase classname="BookingMaskTestCases.VerifyTravelDateInBetweenSeasonC_TC82" name="validatePriceInBetweenSeasonC" time="0.092"/>
  <testcase classname="BookingMaskTestCases.VerifyTravelDateIncludeSeasonBandC_TC84" name="validateTravelDateBetweenBandC" time="0.1"/>
  <testcase classname="BookingMaskTestCases.VerifyTravelDateIsEndDateOfSeasonA_TC80" name="validatePriceAtEndDateOfSeasonA" time="0.108"/>
  <testcase classname="BookingMaskTestCases.VerifyTravelDateIsEndOfSeasonB_TC85" name="validatePriceForEndDayOfSeasonB" time="0.11"/>
  <testcase classname="BookingMaskTestCases.VerifyTravelDateNotInAnySeason_TC87" name="validateErrorMsgDatesOutOfSeason" time="0.057">
    <failure type="java.lang.AssertionError" message="TC Failed expected [Column &amp;apos;SeasonPrice&amp;apos; does not belong to table .                                                                                                                                                                                                                                                                                                                                                                                                                                                                                                                                                                                                       ] but found [Kontingent nicht mehr verfügbar.                                                                                                                                                                                                                                                                                                ]">
      <![CDATA[java.lang.AssertionError: TC Failed expected [Column 'SeasonPrice' does not belong to table .                                                                                                                                                                                                                                                                                                                                                                                                                                                                                                                                                                                                       ] but found [Kontingent nicht mehr verfügbar.                                                                                                                                                                                                                                                                                                ]
at BookingMaskTestCases.VerifyTravelDateNotInAnySeason_TC87.validateErrorMsgDatesOutOfSeason(VerifyTravelDateNotInAnySeason_TC87.java:130)
at java.base/java.util.ArrayList.forEach(ArrayList.java:1511)
... Removed 32 stack frames]]>
    </failure>
  </testcase> <!-- validateErrorMsgDatesOutOfSeason -->
  <testcase classname="BookingMaskTestCases.VerifyTravelDateOutofContract_TC88" name="validateMsgForOutOfContractDates" time="0.112"/>
  <testcase classname="BookingMaskTestCases.VerifySeasonAEndDateANDseasonBstartDate_TC83" name="validatePriceForSeasonAendANDSeasonBstartDate" time="0.121"/>
  <testcase classname="BookingMaskTestCases.VerifyOriginalBookingAfterModifyInquiryTC17" name="validateOriginalBookingWithUA" time="2.168"/>
  <testcase classname="BookingMaskTestCases.VerifyModifyBookingToAddAnotherRoomWithSameDateTC27" name="validateBookingAndTotalPriceofBothRooms" time="0.247"/>
  <testcase classname="BookingMaskTestCases.VerifyModifyBookingToAddAnotherRoomWithDifferentDateTC28" name="validateTotalPriceWithDifferentDates" time="0.0">
    <skipped/>
  </testcase> <!-- validateTotalPriceWithDifferentDates -->
  <testcase classname="BookingMaskTestCases.VerifyModifyBookingByChangingRoomCodeTC25" name="validatePriceByChangingRoomcode" time="0.122"/>
  <testcase classname="BookingMaskTestCases.VerifyEnteringTravelFromBeforeContract_TC13" name="validateMessageOnBMpage" time="0.056">
    <failure type="java.lang.AssertionError" message="Test case Failed as expected message and actual message are not matching expected [The requested period is outside the contract period] but found [Kontingent nicht mehr verfügbar.                                                                                                                                                                                                                                                                                                ]">
      <![CDATA[java.lang.AssertionError: Test case Failed as expected message and actual message are not matching expected [The requested period is outside the contract period] but found [Kontingent nicht mehr verfügbar.                                                                                                                                                                                                                                                                                                ]
at BookingMaskTestCases.VerifyEnteringTravelFromBeforeContract_TC13.validateMessageOnBMpage(VerifyEnteringTravelFromBeforeContract_TC13.java:150)
at java.base/java.util.ArrayList.forEach(ArrayList.java:1511)
... Removed 32 stack frames]]>
    </failure>
  </testcase> <!-- validateMessageOnBMpage -->
  <testcase classname="BookingMaskTestCases.VerifyEnteringTravelDaysNoInTravelToField_TC10" name="validatePriceField" time="0.134"/>
  <testcase classname="BookingMaskTestCases.VerifyCreateNewBookingInquiry_TC01" name="validatePriceFieldWithBookingInquiry" time="0.358"/>
  <testcase classname="BookingMaskTestCases.VerifyCreateBookingWithTwoPerson_TC33" name="validatePriceWithTwoPerson" time="0.159"/>
  <testcase classname="BookingMaskTestCases.VerifyCreateBookingForThreePersonThreeRooms_TC36" name="validatePriceForThreePersonThreeRoom" time="3.564"/>
  <testcase classname="BookingMaskTestCases.VerifyCreateBookingForThreePerson_TC35" name="validatePriceWithThreePerson" time="0.133"/>
  <testcase classname="BookingMaskTestCases.VerifyCreateBookingForOnePerson_TC32" name="validatePriceWithOnePersonField" time="0.086"/>
  <testcase classname="BookingMaskTestCases.VerifyCreateBookingForFivePerson_TC37" name="validatePriceWithFivePerson" time="0.094"/>
  <testcase classname="BookingMaskTestCases.VerifyConfirmBookingWithB_TC02" name="validateReservationNoField" time="0.026"/>
  <testcase classname="BookingMaskTestCases.VerifyBookingWithSameRoomAndDifferentDates_TC31" name="validatePriceForDifferentDates" time="0.0">
    <skipped/>
  </testcase> <!-- validatePriceForDifferentDates -->
  <testcase classname="BookingMaskTestCases.VerifyBookingCancellationAndEnquiryTC42TC43" name="validateCancellationPricesWithS" time="71.439"/>
  <testcase classname="BookingMaskTestCases.VerifyBookingCancellationAndEnquiryTC42TC43" name="validateCancellationPricesWithSA" time="71.187"/>
  <testcase classname="BookingMaskTestCases.TCC29TC130FAIL" name="validateConfirmBookingOFTwoAccommodation" time="31.601">
    <failure type="org.openqa.selenium.NoSuchElementException" message="no such element: Unable to locate element: {&amp;quot;method&amp;quot;:&amp;quot;css selector&amp;quot;,&amp;quot;selector&amp;quot;:&amp;quot;#bookinglines_Price_1&amp;quot;}
  (Session info: chrome=113.0.5672.127)
For documentation on this error, please visit: https://selenium.dev/exceptions/#no_such_element
Build info: version: &amp;apos;4.8.3&amp;apos;, revision: &amp;apos;e5e76298c3&amp;apos;
System info: os.name: &amp;apos;Windows 10&amp;apos;, os.arch: &amp;apos;amd64&amp;apos;, os.version: &amp;apos;10.0&amp;apos;, java.version: &amp;apos;17.0.4.1&amp;apos;
Driver info: org.openqa.selenium.chrome.ChromeDriver
Command: [2e851270797eea27bdf8ed98d43044b6, findElement {using=id, value=bookinglines_Price_1}]
Capabilities {acceptInsecureCerts: false, browserName: chrome, browserVersion: 113.0.5672.127, chrome: {chromedriverVersion: 113.0.5672.63 (0e1a4471d5ae..., userDataDir: C:\Users\ROHAN~1.PAT\AppDat...}, goog:chromeOptions: {debuggerAddress: localhost:63795}, networkConnectionEnabled: false, pageLoadStrategy: normal, platformName: WINDOWS, proxy: Proxy(), se:cdp: ws://localhost:63795/devtoo..., se:cdpVersion: 113.0.5672.127, setWindowRect: true, strictFileInteractability: false, timeouts: {implicit: 0, pageLoad: 300000, script: 30000}, unhandledPromptBehavior: dismiss and notify, webauthn:extension:credBlob: true, webauthn:extension:largeBlob: true, webauthn:extension:minPinLength: true, webauthn:extension:prf: true, webauthn:virtualAuthenticators: true}
Session ID: 2e851270797eea27bdf8ed98d43044b6">
      <![CDATA[org.openqa.selenium.NoSuchElementException: no such element: Unable to locate element: {"method":"css selector","selector":"#bookinglines_Price_1"}
  (Session info: chrome=113.0.5672.127)
For documentation on this error, please visit: https://selenium.dev/exceptions/#no_such_element
Build info: version: '4.8.3', revision: 'e5e76298c3'
System info: os.name: 'Windows 10', os.arch: 'amd64', os.version: '10.0', java.version: '17.0.4.1'
Driver info: org.openqa.selenium.chrome.ChromeDriver
Command: [2e851270797eea27bdf8ed98d43044b6, findElement {using=id, value=bookinglines_Price_1}]
Capabilities {acceptInsecureCerts: false, browserName: chrome, browserVersion: 113.0.5672.127, chrome: {chromedriverVersion: 113.0.5672.63 (0e1a4471d5ae..., userDataDir: C:\Users\ROHAN~1.PAT\AppDat...}, goog:chromeOptions: {debuggerAddress: localhost:63795}, networkConnectionEnabled: false, pageLoadStrategy: normal, platformName: WINDOWS, proxy: Proxy(), se:cdp: ws://localhost:63795/devtoo..., se:cdpVersion: 113.0.5672.127, setWindowRect: true, strictFileInteractability: false, timeouts: {implicit: 0, pageLoad: 300000, script: 30000}, unhandledPromptBehavior: dismiss and notify, webauthn:extension:credBlob: true, webauthn:extension:largeBlob: true, webauthn:extension:minPinLength: true, webauthn:extension:prf: true, webauthn:virtualAuthenticators: true}
Session ID: 2e851270797eea27bdf8ed98d43044b6
at org.openqa.selenium.remote.codec.w3c.W3CHttpResponseCodec.createException(W3CHttpResponseCodec.java:200)
at org.openqa.selenium.remote.codec.w3c.W3CHttpResponseCodec.decode(W3CHttpResponseCodec.java:133)
at org.openqa.selenium.remote.codec.w3c.W3CHttpResponseCodec.decode(W3CHttpResponseCodec.java:53)
at org.openqa.selenium.remote.HttpCommandExecutor.execute(HttpCommandExecutor.java:193)
at org.openqa.selenium.remote.service.DriverCommandExecutor.invokeExecute(DriverCommandExecutor.java:183)
at org.openqa.selenium.remote.service.DriverCommandExecutor.execute(DriverCommandExecutor.java:158)
at org.openqa.selenium.remote.RemoteWebDriver.execute(RemoteWebDriver.java:543)
at org.openqa.selenium.remote.ElementLocation$ElementFinder$2.findElement(ElementLocation.java:162)
at org.openqa.selenium.remote.ElementLocation.findElement(ElementLocation.java:60)
at org.openqa.selenium.remote.RemoteWebDriver.findElement(RemoteWebDriver.java:352)
at org.openqa.selenium.remote.RemoteWebDriver.findElement(RemoteWebDriver.java:344)
at org.openqa.selenium.support.pagefactory.DefaultElementLocator.findElement(DefaultElementLocator.java:70)
at org.openqa.selenium.support.pagefactory.internal.LocatingElementHandler.invoke(LocatingElementHandler.java:39)
at jdk.proxy2/jdk.proxy2.$Proxy18.getAttribute(Unknown Source)
at POM.bookingMaskPage.getPriceFieldValue1(bookingMaskPage.java:475)
at BookingMaskTestCases.TCC29TC130FAIL.validateConfirmBookingOFTwoAccommodation(TCC29TC130FAIL.java:190)
at java.base/java.util.ArrayList.forEach(ArrayList.java:1511)
... Removed 32 stack frames]]>
    </failure>
  </testcase> <!-- validateConfirmBookingOFTwoAccommodation -->
  <testcase classname="BookingMaskTestCases.TCC29TC130FAIL" name="validateConfirmBoOkingOFTwoAccommodationWithU" time="75.071">
    <failure type="org.openqa.selenium.NoSuchElementException" message="no such element: Unable to locate element: {&amp;quot;method&amp;quot;:&amp;quot;css selector&amp;quot;,&amp;quot;selector&amp;quot;:&amp;quot;#bookinglines_Price_1&amp;quot;}
  (Session info: chrome=113.0.5672.127)
For documentation on this error, please visit: https://selenium.dev/exceptions/#no_such_element
Build info: version: &amp;apos;4.8.3&amp;apos;, revision: &amp;apos;e5e76298c3&amp;apos;
System info: os.name: &amp;apos;Windows 10&amp;apos;, os.arch: &amp;apos;amd64&amp;apos;, os.version: &amp;apos;10.0&amp;apos;, java.version: &amp;apos;17.0.4.1&amp;apos;
Driver info: org.openqa.selenium.chrome.ChromeDriver
Command: [2e851270797eea27bdf8ed98d43044b6, findElement {using=id, value=bookinglines_Price_1}]
Capabilities {acceptInsecureCerts: false, browserName: chrome, browserVersion: 113.0.5672.127, chrome: {chromedriverVersion: 113.0.5672.63 (0e1a4471d5ae..., userDataDir: C:\Users\ROHAN~1.PAT\AppDat...}, goog:chromeOptions: {debuggerAddress: localhost:63795}, networkConnectionEnabled: false, pageLoadStrategy: normal, platformName: WINDOWS, proxy: Proxy(), se:cdp: ws://localhost:63795/devtoo..., se:cdpVersion: 113.0.5672.127, setWindowRect: true, strictFileInteractability: false, timeouts: {implicit: 0, pageLoad: 300000, script: 30000}, unhandledPromptBehavior: dismiss and notify, webauthn:extension:credBlob: true, webauthn:extension:largeBlob: true, webauthn:extension:minPinLength: true, webauthn:extension:prf: true, webauthn:virtualAuthenticators: true}
Session ID: 2e851270797eea27bdf8ed98d43044b6">
      <![CDATA[org.openqa.selenium.NoSuchElementException: no such element: Unable to locate element: {"method":"css selector","selector":"#bookinglines_Price_1"}
  (Session info: chrome=113.0.5672.127)
For documentation on this error, please visit: https://selenium.dev/exceptions/#no_such_element
Build info: version: '4.8.3', revision: 'e5e76298c3'
System info: os.name: 'Windows 10', os.arch: 'amd64', os.version: '10.0', java.version: '17.0.4.1'
Driver info: org.openqa.selenium.chrome.ChromeDriver
Command: [2e851270797eea27bdf8ed98d43044b6, findElement {using=id, value=bookinglines_Price_1}]
Capabilities {acceptInsecureCerts: false, browserName: chrome, browserVersion: 113.0.5672.127, chrome: {chromedriverVersion: 113.0.5672.63 (0e1a4471d5ae..., userDataDir: C:\Users\ROHAN~1.PAT\AppDat...}, goog:chromeOptions: {debuggerAddress: localhost:63795}, networkConnectionEnabled: false, pageLoadStrategy: normal, platformName: WINDOWS, proxy: Proxy(), se:cdp: ws://localhost:63795/devtoo..., se:cdpVersion: 113.0.5672.127, setWindowRect: true, strictFileInteractability: false, timeouts: {implicit: 0, pageLoad: 300000, script: 30000}, unhandledPromptBehavior: dismiss and notify, webauthn:extension:credBlob: true, webauthn:extension:largeBlob: true, webauthn:extension:minPinLength: true, webauthn:extension:prf: true, webauthn:virtualAuthenticators: true}
Session ID: 2e851270797eea27bdf8ed98d43044b6
at org.openqa.selenium.remote.codec.w3c.W3CHttpResponseCodec.createException(W3CHttpResponseCodec.java:200)
at org.openqa.selenium.remote.codec.w3c.W3CHttpResponseCodec.decode(W3CHttpResponseCodec.java:133)
at org.openqa.selenium.remote.codec.w3c.W3CHttpResponseCodec.decode(W3CHttpResponseCodec.java:53)
at org.openqa.selenium.remote.HttpCommandExecutor.execute(HttpCommandExecutor.java:193)
at org.openqa.selenium.remote.service.DriverCommandExecutor.invokeExecute(DriverCommandExecutor.java:183)
at org.openqa.selenium.remote.service.DriverCommandExecutor.execute(DriverCommandExecutor.java:158)
at org.openqa.selenium.remote.RemoteWebDriver.execute(RemoteWebDriver.java:543)
at org.openqa.selenium.remote.ElementLocation$ElementFinder$2.findElement(ElementLocation.java:162)
at org.openqa.selenium.remote.ElementLocation.findElement(ElementLocation.java:60)
at org.openqa.selenium.remote.RemoteWebDriver.findElement(RemoteWebDriver.java:352)
at org.openqa.selenium.remote.RemoteWebDriver.findElement(RemoteWebDriver.java:344)
at org.openqa.selenium.support.pagefactory.DefaultElementLocator.findElement(DefaultElementLocator.java:70)
at org.openqa.selenium.support.pagefactory.internal.LocatingElementHandler.invoke(LocatingElementHandler.java:39)
at jdk.proxy2/jdk.proxy2.$Proxy18.getAttribute(Unknown Source)
at POM.bookingMaskPage.getPriceFieldValue1(bookingMaskPage.java:475)
at BookingMaskTestCases.TCC29TC130FAIL.validateConfirmBoOkingOFTwoAccommodationWithU(TCC29TC130FAIL.java:360)
at java.base/java.util.ArrayList.forEach(ArrayList.java:1511)
... Removed 32 stack frames]]>
    </failure>
  </testcase> <!-- validateConfirmBoOkingOFTwoAccommodationWithU -->
  <testcase classname="BookingMaskTestCases.CreateBookingForTwoPersonAndTwoRoom_TC34" name="validatePriceForTwoPersonTwoRooms" time="0.293"/>
</testsuite> <!-- BM -->
