<?xml version="1.0" encoding="UTF-8"?>
<!-- Generated by org.testng.reporters.JUnitXMLReporter -->
<testsuite ignored="1" hostname="DGIT-0099" failures="17" tests="72" name="BM" time="5431.519" errors="0" timestamp="2023-07-26T18:12:07 IST">
  <testcase classname="BookingMaskTestCases.VerifyBookingWithTravelFromAndTravelToSameDate_TC07" name="@BeforeMethod loginToApp" time="30.386">
    <failure type="org.openqa.selenium.NoSuchElementException" message="Cannot locate option with text: HK001 - (TESTING)
For documentation on this error, please visit: https://www.selenium.dev/documentation/webdriver/troubleshooting/errors#no-such-element-exception
Build info: version: &amp;apos;4.10.0&amp;apos;, revision: &amp;apos;c14d967899&amp;apos;
System info: os.name: &amp;apos;Windows 10&amp;apos;, os.arch: &amp;apos;amd64&amp;apos;, os.version: &amp;apos;10.0&amp;apos;, java.version: &amp;apos;17.0.4.1&amp;apos;
Driver info: driver.version: unknown">
      <![CDATA[org.openqa.selenium.NoSuchElementException: Cannot locate option with text: HK001 - (TESTING)
For documentation on this error, please visit: https://www.selenium.dev/documentation/webdriver/troubleshooting/errors#no-such-element-exception
Build info: version: '4.10.0', revision: 'c14d967899'
System info: os.name: 'Windows 10', os.arch: 'amd64', os.version: '10.0', java.version: '17.0.4.1'
Driver info: driver.version: unknown
at org.openqa.selenium.support.ui.Select.selectByVisibleText(Select.java:153)
at utility.UtilityClass.listBoxHandlingUsingByText(UtilityClass.java:149)
at BookingMaskTestCases.VerifyBookingWithTravelFromAndTravelToSameDate_TC07.loginToApp(VerifyBookingWithTravelFromAndTravelToSameDate_TC07.java:93)
at java.base/java.util.ArrayList.forEach(ArrayList.java:1511)
... Removed 31 stack frames]]>
    </failure>
  </testcase> <!-- @BeforeMethod loginToApp -->
  <testcase classname="BookingMaskTestCases.VerifyBookingWithTravelFromAndTravelToSameDate_TC07" name="@AfterClass closeBrowser" time="0.0">
    <skipped/>
  </testcase> <!-- @AfterClass closeBrowser -->
  <testcase classname="BookingMaskTestCases.VerifyEnteringTravelFromBeforeContract_TC13" name="@AfterMethod Logout" time="1.076">
    <failure type="org.openqa.selenium.ElementClickInterceptedException" message="element click intercepted: Element &amp;lt;a data-toggle=&amp;quot;dropdown&amp;quot; aria-haspopup=&amp;quot;true&amp;quot; aria-expanded=&amp;quot;false&amp;quot; class=&amp;quot;p-0 btn&amp;quot;&amp;gt;...&amp;lt;/a&amp;gt; is not clickable at point (1214, 31). Other element would receive the click: &amp;lt;h2 class=&amp;quot;swal2-title&amp;quot; id=&amp;quot;swal2-title&amp;quot; style=&amp;quot;display: flex;&amp;quot;&amp;gt;...&amp;lt;/h2&amp;gt;
  (Session info: chrome=115.0.5790.110)
Build info: version: &amp;apos;4.10.0&amp;apos;, revision: &amp;apos;c14d967899&amp;apos;
System info: os.name: &amp;apos;Windows 10&amp;apos;, os.arch: &amp;apos;amd64&amp;apos;, os.version: &amp;apos;10.0&amp;apos;, java.version: &amp;apos;17.0.4.1&amp;apos;
Driver info: org.openqa.selenium.chrome.ChromeDriver
Command: [3824f9d39158e2e02d9b3c9ba39ec360, clickElement {id=9E320D53A023481D688B0FE484DCD53D_element_1509}]
Capabilities {acceptInsecureCerts: false, browserName: chrome, browserVersion: 115.0.5790.110, chrome: {chromedriverVersion: 114.0.5735.90 (386bc09e8f4f..., userDataDir: C:\Users\ROHAN~1.PAT\AppDat...}, goog:chromeOptions: {debuggerAddress: localhost:55565}, networkConnectionEnabled: false, pageLoadStrategy: normal, platformName: windows, proxy: Proxy(), se:cdp: ws://localhost:55565/devtoo..., se:cdpVersion: 115.0.5790.110, setWindowRect: true, strictFileInteractability: false, timeouts: {implicit: 0, pageLoad: 300000, script: 30000}, unhandledPromptBehavior: dismiss and notify, webauthn:extension:credBlob: true, webauthn:extension:largeBlob: true, webauthn:extension:minPinLength: true, webauthn:extension:prf: true, webauthn:virtualAuthenticators: true}
Element: [[ChromeDriver: chrome on windows (3824f9d39158e2e02d9b3c9ba39ec360)] -&amp;gt; xpath: //a[@data-toggle=&amp;apos;dropdown&amp;apos;]]
Session ID: 3824f9d39158e2e02d9b3c9ba39ec360">
      <![CDATA[org.openqa.selenium.ElementClickInterceptedException: element click intercepted: Element <a data-toggle="dropdown" aria-haspopup="true" aria-expanded="false" class="p-0 btn">...</a> is not clickable at point (1214, 31). Other element would receive the click: <h2 class="swal2-title" id="swal2-title" style="display: flex;">...</h2>
  (Session info: chrome=115.0.5790.110)
Build info: version: '4.10.0', revision: 'c14d967899'
System info: os.name: 'Windows 10', os.arch: 'amd64', os.version: '10.0', java.version: '17.0.4.1'
Driver info: org.openqa.selenium.chrome.ChromeDriver
Command: [3824f9d39158e2e02d9b3c9ba39ec360, clickElement {id=9E320D53A023481D688B0FE484DCD53D_element_1509}]
Capabilities {acceptInsecureCerts: false, browserName: chrome, browserVersion: 115.0.5790.110, chrome: {chromedriverVersion: 114.0.5735.90 (386bc09e8f4f..., userDataDir: C:\Users\ROHAN~1.PAT\AppDat...}, goog:chromeOptions: {debuggerAddress: localhost:55565}, networkConnectionEnabled: false, pageLoadStrategy: normal, platformName: windows, proxy: Proxy(), se:cdp: ws://localhost:55565/devtoo..., se:cdpVersion: 115.0.5790.110, setWindowRect: true, strictFileInteractability: false, timeouts: {implicit: 0, pageLoad: 300000, script: 30000}, unhandledPromptBehavior: dismiss and notify, webauthn:extension:credBlob: true, webauthn:extension:largeBlob: true, webauthn:extension:minPinLength: true, webauthn:extension:prf: true, webauthn:virtualAuthenticators: true}
Element: [[ChromeDriver: chrome on windows (3824f9d39158e2e02d9b3c9ba39ec360)] -> xpath: //a[@data-toggle='dropdown']]
Session ID: 3824f9d39158e2e02d9b3c9ba39ec360
at org.openqa.selenium.remote.codec.w3c.W3CHttpResponseCodec.createException(W3CHttpResponseCodec.java:199)
at org.openqa.selenium.remote.codec.w3c.W3CHttpResponseCodec.decode(W3CHttpResponseCodec.java:132)
at org.openqa.selenium.remote.codec.w3c.W3CHttpResponseCodec.decode(W3CHttpResponseCodec.java:51)
at org.openqa.selenium.remote.HttpCommandExecutor.execute(HttpCommandExecutor.java:191)
at org.openqa.selenium.remote.service.DriverCommandExecutor.invokeExecute(DriverCommandExecutor.java:196)
at org.openqa.selenium.remote.service.DriverCommandExecutor.execute(DriverCommandExecutor.java:171)
at org.openqa.selenium.remote.RemoteWebDriver.execute(RemoteWebDriver.java:531)
at org.openqa.selenium.remote.RemoteWebElement.execute(RemoteWebElement.java:242)
at org.openqa.selenium.remote.RemoteWebElement.click(RemoteWebElement.java:77)
at org.openqa.selenium.support.pagefactory.internal.LocatingElementHandler.invoke(LocatingElementHandler.java:51)
at jdk.proxy2/jdk.proxy2.$Proxy18.click(Unknown Source)
at POM.bookingMaskPage.ClickOnLogoutButtonOFBookingMask(bookingMaskPage.java:197)
at BookingMaskTestCases.VerifyEnteringTravelFromBeforeContract_TC13.Logout(VerifyEnteringTravelFromBeforeContract_TC13.java:156)
at java.base/java.util.ArrayList.forEach(ArrayList.java:1511)
... Removed 40 stack frames]]>
    </failure>
  </testcase> <!-- @AfterMethod Logout -->
  <testcase classname="BookingMaskTestCases.VerifyEnteringTravelFromBeforeContract_TC13" name="@AfterClass closeBrowser" time="0.0">
    <skipped/>
  </testcase> <!-- @AfterClass closeBrowser -->
  <testcase classname="BookingMaskTestCases.VerifyBookingWithSameRoomAndDifferentDates_TC31" name="@BeforeMethod loginToApp" time="113.619">
    <failure type="org.openqa.selenium.StaleElementReferenceException" message="stale element reference: stale element not found
  (Session info: chrome=115.0.5790.110)
For documentation on this error, please visit: https://www.selenium.dev/documentation/webdriver/troubleshooting/errors#stale-element-reference-exception
Build info: version: &amp;apos;4.10.0&amp;apos;, revision: &amp;apos;c14d967899&amp;apos;
System info: os.name: &amp;apos;Windows 10&amp;apos;, os.arch: &amp;apos;amd64&amp;apos;, os.version: &amp;apos;10.0&amp;apos;, java.version: &amp;apos;17.0.4.1&amp;apos;
Driver info: org.openqa.selenium.chrome.ChromeDriver
Command: [74699b9559bd0762cb2126f907611567, executeScript {script=arguments[0].click();, args=[{element-6066-11e4-a52e-4f735466cecf=7546A58198AE3A49659F294FD46386F0_element_2057}]}]
Capabilities {acceptInsecureCerts: false, browserName: chrome, browserVersion: 115.0.5790.110, chrome: {chromedriverVersion: 114.0.5735.90 (386bc09e8f4f..., userDataDir: C:\Users\ROHAN~1.PAT\AppDat...}, goog:chromeOptions: {debuggerAddress: localhost:56134}, networkConnectionEnabled: false, pageLoadStrategy: normal, platformName: windows, proxy: Proxy(), se:cdp: ws://localhost:56134/devtoo..., se:cdpVersion: 115.0.5790.110, setWindowRect: true, strictFileInteractability: false, timeouts: {implicit: 0, pageLoad: 300000, script: 30000}, unhandledPromptBehavior: dismiss and notify, webauthn:extension:credBlob: true, webauthn:extension:largeBlob: true, webauthn:extension:minPinLength: true, webauthn:extension:prf: true, webauthn:virtualAuthenticators: true}
Session ID: 74699b9559bd0762cb2126f907611567">
      <![CDATA[org.openqa.selenium.StaleElementReferenceException: stale element reference: stale element not found
  (Session info: chrome=115.0.5790.110)
For documentation on this error, please visit: https://www.selenium.dev/documentation/webdriver/troubleshooting/errors#stale-element-reference-exception
Build info: version: '4.10.0', revision: 'c14d967899'
System info: os.name: 'Windows 10', os.arch: 'amd64', os.version: '10.0', java.version: '17.0.4.1'
Driver info: org.openqa.selenium.chrome.ChromeDriver
Command: [74699b9559bd0762cb2126f907611567, executeScript {script=arguments[0].click();, args=[{element-6066-11e4-a52e-4f735466cecf=7546A58198AE3A49659F294FD46386F0_element_2057}]}]
Capabilities {acceptInsecureCerts: false, browserName: chrome, browserVersion: 115.0.5790.110, chrome: {chromedriverVersion: 114.0.5735.90 (386bc09e8f4f..., userDataDir: C:\Users\ROHAN~1.PAT\AppDat...}, goog:chromeOptions: {debuggerAddress: localhost:56134}, networkConnectionEnabled: false, pageLoadStrategy: normal, platformName: windows, proxy: Proxy(), se:cdp: ws://localhost:56134/devtoo..., se:cdpVersion: 115.0.5790.110, setWindowRect: true, strictFileInteractability: false, timeouts: {implicit: 0, pageLoad: 300000, script: 30000}, unhandledPromptBehavior: dismiss and notify, webauthn:extension:credBlob: true, webauthn:extension:largeBlob: true, webauthn:extension:minPinLength: true, webauthn:extension:prf: true, webauthn:virtualAuthenticators: true}
Session ID: 74699b9559bd0762cb2126f907611567
at org.openqa.selenium.remote.codec.w3c.W3CHttpResponseCodec.createException(W3CHttpResponseCodec.java:199)
at org.openqa.selenium.remote.codec.w3c.W3CHttpResponseCodec.decode(W3CHttpResponseCodec.java:132)
at org.openqa.selenium.remote.codec.w3c.W3CHttpResponseCodec.decode(W3CHttpResponseCodec.java:51)
at org.openqa.selenium.remote.HttpCommandExecutor.execute(HttpCommandExecutor.java:191)
at org.openqa.selenium.remote.service.DriverCommandExecutor.invokeExecute(DriverCommandExecutor.java:196)
at org.openqa.selenium.remote.service.DriverCommandExecutor.execute(DriverCommandExecutor.java:171)
at org.openqa.selenium.remote.RemoteWebDriver.execute(RemoteWebDriver.java:531)
at org.openqa.selenium.remote.RemoteWebDriver.executeScript(RemoteWebDriver.java:476)
at utility.UtilityClass.clickUsingJSE(UtilityClass.java:164)
at BookingMaskTestCases.VerifyBookingWithSameRoomAndDifferentDates_TC31.loginToApp(VerifyBookingWithSameRoomAndDifferentDates_TC31.java:195)
at java.base/java.util.ArrayList.forEach(ArrayList.java:1511)
... Removed 36 stack frames]]>
    </failure>
  </testcase> <!-- @BeforeMethod loginToApp -->
  <testcase classname="BookingMaskTestCases.VerifyBookingWithSameRoomAndDifferentDates_TC31" name="@AfterMethod Logout" time="0.0">
    <skipped/>
  </testcase> <!-- @AfterMethod Logout -->
  <testcase classname="BookingMaskTestCases.VerifyBookingWithSameRoomAndDifferentDates_TC31" name="@AfterClass closeBrowser" time="0.0">
    <skipped/>
  </testcase> <!-- @AfterClass closeBrowser -->
  <testcase classname="BookingMaskTestCases.ModifyMultisaleslineBookingWithArriDeparConditonTC153" name="@BeforeMethod loginToApp" time="37.277">
    <failure type="org.openqa.selenium.NoSuchElementException" message="Cannot locate option with text: HK001  - (TESTING)
For documentation on this error, please visit: https://www.selenium.dev/documentation/webdriver/troubleshooting/errors#no-such-element-exception
Build info: version: &amp;apos;4.10.0&amp;apos;, revision: &amp;apos;c14d967899&amp;apos;
System info: os.name: &amp;apos;Windows 10&amp;apos;, os.arch: &amp;apos;amd64&amp;apos;, os.version: &amp;apos;10.0&amp;apos;, java.version: &amp;apos;17.0.4.1&amp;apos;
Driver info: driver.version: unknown">
      <![CDATA[org.openqa.selenium.NoSuchElementException: Cannot locate option with text: HK001  - (TESTING)
For documentation on this error, please visit: https://www.selenium.dev/documentation/webdriver/troubleshooting/errors#no-such-element-exception
Build info: version: '4.10.0', revision: 'c14d967899'
System info: os.name: 'Windows 10', os.arch: 'amd64', os.version: '10.0', java.version: '17.0.4.1'
Driver info: driver.version: unknown
at org.openqa.selenium.support.ui.Select.selectByVisibleText(Select.java:153)
at utility.UtilityClass.listBoxHandlingUsingByText(UtilityClass.java:149)
at BookingMaskTestCases.ModifyMultisaleslineBookingWithArriDeparConditonTC153.loginToApp(ModifyMultisaleslineBookingWithArriDeparConditonTC153.java:86)
at java.base/java.util.ArrayList.forEach(ArrayList.java:1511)
... Removed 31 stack frames]]>
    </failure>
  </testcase> <!-- @BeforeMethod loginToApp -->
  <testcase classname="BookingMaskTestCases.ModifyMultisaleslineBookingWithArriDeparConditonTC153" name="@AfterMethod Logout" time="0.0">
    <skipped/>
  </testcase> <!-- @AfterMethod Logout -->
  <testcase classname="BookingMaskTestCases.ModifyMultisaleslineBookingWithArriDeparConditonTC153" name="@AfterClass closeBrowser" time="0.0">
    <skipped/>
  </testcase> <!-- @AfterClass closeBrowser -->
  <testcase classname="BookingMaskTestCases.VerifyBookingforSeasonA_TC14" name="validatePriceForSeasonA" time="0.19"/>
  <testcase classname="BookingMaskTestCases.VerifyBookingInquiryWithBlankTravelFromAndTravelToDate_TC05" name="validateBookingInquiryWithBlankTravelFromANDTravelToDateOnBM" time="0.146"/>
  <testcase classname="BookingMaskTestCases.VerifyBookingModificationWithEditOccupancyTC18" name="validateBookingByEditingOccupancyWithU" time="0.094"/>
  <testcase classname="BookingMaskTestCases.VerifyBookingModificationWithTravelToDateIncrease_TC19" name="validatePriceWithTravelToDateIncrease" time="0.14"/>
  <testcase classname="BookingMaskTestCases.VerifyBookingModifyEnquiry_TC16" name="validatepriceFieldWithChangeInBookingAction" time="0.233"/>
  <testcase classname="BookingMaskTestCases.VerifyBookingforSeasonB_TC15" name="validatePriceForSeasonB" time="0.131"/>
  <testcase classname="BookingMaskTestCases.VerifyBookingInquiryWithBlankTravelFromDate_TC04" name="validateBookingInquiryWithBlankTravelFromDate" time="0.114"/>
  <testcase classname="BookingMaskTestCases.VerifyBookingInquiryWithBlankTravelToDate_TC03" name="validateBookingInquiryWithBlankTravelToDate" time="0.091"/>
  <testcase classname="BookingMaskTestCases.VerifyModifyBookingByEditingBothTravelFromAndToDateTC23" name="validatePriceByEditingBothTravelFromAndToDate" time="0.173"/>
  <testcase classname="BookingMaskTestCases.VerifyTravelToDateLessThanTravelFromDate_TC08" name="validateTravelToDateLessThanTravelFromDatePopUpMessageonBM" time="0.121"/>
  <testcase classname="BookingMaskTestCases.VerifyTravelDatesOutOfContract_TC11" name="validateMessageOnBMwithDatesOutOfContract" time="0.123"/>
  <testcase classname="BookingMaskTestCases.VerifyModifyBookingToDateOutOfContractTC24" name="validateErrorMessageForOutOfContractDates" time="0.102"/>
  <testcase classname="BookingMaskTestCases.VerifyModifyBookingToInvalidRoomCodeTC26" name="validateBookingBySendingInvalidRoomcode" time="0.123"/>
  <testcase classname="BookingMaskTestCases.VerifyTravelDateEndingOutOfContract_TC12" name="validateMessageOnBMpage" time="0.122"/>
  <testcase classname="BookingMaskTestCases.VerifyModifyBookingWithActionCodeUXTC44" name="validateModifyBookingWithActionCodeUX" time="92.933"/>
  <testcase classname="BookingMaskTestCases.ValidateBookingWithoutSelectingAnyTravelTypeTC48" name="validateBookingWithoutAnyTravelType" time="0.056">
    <failure type="java.lang.AssertionError" message="TC failed as Actual message and expected message are not matching  expected [Bitte wählen Sie aus den folgenden Reisearten (NFAX, XXXXXX, TFT1, TFT2, XXXXXX, FNTR, FTV, RAL, B2B, TRAV, TEST3, TEST, , , TEST3, Duplicate, Duplicate, RAL, wer_qw, wer_qw, TT)                                                                                                                                              ] but found [Bitte wählen Sie aus den folgenden Reisearten (NFAX, XXXXXX, TFT1, TFT2, XXXXXX, FNTR, FTV, RAL, B2B, TRAV, TEST3, TEST, , , TEST3, Duplicate, Duplicate, ALL, RAL)                                                                                                                                                             ]">
      <![CDATA[java.lang.AssertionError: TC failed as Actual message and expected message are not matching  expected [Bitte wählen Sie aus den folgenden Reisearten (NFAX, XXXXXX, TFT1, TFT2, XXXXXX, FNTR, FTV, RAL, B2B, TRAV, TEST3, TEST, , , TEST3, Duplicate, Duplicate, RAL, wer_qw, wer_qw, TT)                                                                                                                                              ] but found [Bitte wählen Sie aus den folgenden Reisearten (NFAX, XXXXXX, TFT1, TFT2, XXXXXX, FNTR, FTV, RAL, B2B, TRAV, TEST3, TEST, , , TEST3, Duplicate, Duplicate, ALL, RAL)                                                                                                                                                             ]
at BookingMaskTestCases.ValidateBookingWithoutSelectingAnyTravelTypeTC48.validateBookingWithoutAnyTravelType(ValidateBookingWithoutSelectingAnyTravelTypeTC48.java:156)
at java.base/java.util.ArrayList.forEach(ArrayList.java:1511)
... Removed 32 stack frames]]>
    </failure>
  </testcase> <!-- validateBookingWithoutAnyTravelType -->
  <testcase classname="BookingMaskTestCases.VerifyBookingWithMismatchPaxAndOCCTC50" name="validateBookingWitMismatchPaxAndOCC" time="0.087"/>
  <testcase classname="BookingMaskTestCases.VerifyBookingByEditingTravelTypeTC47" name="validateBookingWithFNTRTravelType" time="0.116"/>
  <testcase classname="BookingMaskTestCases.VerifyModifyBookingWithTravelToDateDecrease_TC20" name="validatePriceByDecreasingTravelToDate" time="0.087"/>
  <testcase classname="BookingMaskTestCases.VerifyBookingWithTravelFromAndTravelToSameDate_TC07" name="validateTravelFromAndTravelToSameDatePopUpMessageonBM" time="0.0">
    <skipped/>
  </testcase> <!-- validateTravelFromAndTravelToSameDatePopUpMessageonBM -->
  <testcase classname="BookingMaskTestCases.VerifyModifyBookingTC21andTC22" name="validateBookingByIncreasingDuration" time="68.367"/>
  <testcase classname="BookingMaskTestCases.VerifyRoomOccupancyLimitTC62ToTC65" name="validateMismatchInNOofPaxFieldErrorMsg" time="16.158">
    <failure type="java.lang.AssertionError" message="TC failed as Actual message and expected message are not matching  expected [Room Occupancy is not matched.                                                                                                                                                                                                                                                                                                                                                                                                                                                                                                                                                                                                                                                                                                                                                                                                                                                                                   ] but found [Room Occupancy is not matched.                                                                                                                                                                                                                                                                                                  ]">
      <![CDATA[java.lang.AssertionError: TC failed as Actual message and expected message are not matching  expected [Room Occupancy is not matched.                                                                                                                                                                                                                                                                                                                                                                                                                                                                                                                                                                                                                                                                                                                                                                                                                                                                                   ] but found [Room Occupancy is not matched.                                                                                                                                                                                                                                                                                                  ]
at BookingMaskTestCases.VerifyRoomOccupancyLimitTC62ToTC65.validateMismatchInNOofPaxFieldErrorMsg(VerifyRoomOccupancyLimitTC62ToTC65.java:196)
at java.base/java.util.ArrayList.forEach(ArrayList.java:1511)
... Removed 32 stack frames]]>
    </failure>
  </testcase> <!-- validateMismatchInNOofPaxFieldErrorMsg -->
  <testcase classname="BookingMaskTestCases.VerifyRoomOccupancyLimitTC62ToTC65" name="validateMismatchInPassengerFieldErrorMsg" time="18.364">
    <failure type="java.lang.AssertionError" message="TC failed as Actual message and expected message are not matching  expected [Room Occupancy is not matched.                                                                                                                                                                                                                                                                                                                                                                                                                                                                                                                                                                                                                                                                                                                                                                                                                                                                                   ] but found [Room Occupancy is not matched.                                                                                                                                                                                                                                                                                                  ]">
      <![CDATA[java.lang.AssertionError: TC failed as Actual message and expected message are not matching  expected [Room Occupancy is not matched.                                                                                                                                                                                                                                                                                                                                                                                                                                                                                                                                                                                                                                                                                                                                                                                                                                                                                   ] but found [Room Occupancy is not matched.                                                                                                                                                                                                                                                                                                  ]
at BookingMaskTestCases.VerifyRoomOccupancyLimitTC62ToTC65.validateMismatchInPassengerFieldErrorMsg(VerifyRoomOccupancyLimitTC62ToTC65.java:307)
at java.base/java.util.ArrayList.forEach(ArrayList.java:1511)
... Removed 32 stack frames]]>
    </failure>
  </testcase> <!-- validateMismatchInPassengerFieldErrorMsg -->
  <testcase classname="BookingMaskTestCases.VerifyRoomOccupancyLimitTC62ToTC65" name="validateMismatchInOCCFieldErrorMsg" time="16.34">
    <failure type="java.lang.AssertionError" message="TC failed as Actual message and expected message are not matching  expected [Room Occupancy is not matched.                                                                                                                                                                                                                                                                                                                                                                                                                                                                                                                                                                                                                                                                                                                                                                                                                                                                                   ] but found [Room Occupancy is not matched.                                                                                                                                                                                                                                                                                                  ]">
      <![CDATA[java.lang.AssertionError: TC failed as Actual message and expected message are not matching  expected [Room Occupancy is not matched.                                                                                                                                                                                                                                                                                                                                                                                                                                                                                                                                                                                                                                                                                                                                                                                                                                                                                   ] but found [Room Occupancy is not matched.                                                                                                                                                                                                                                                                                                  ]
at BookingMaskTestCases.VerifyRoomOccupancyLimitTC62ToTC65.validateMismatchInOCCFieldErrorMsg(VerifyRoomOccupancyLimitTC62ToTC65.java:417)
at java.base/java.util.ArrayList.forEach(ArrayList.java:1511)
... Removed 32 stack frames]]>
    </failure>
  </testcase> <!-- validateMismatchInOCCFieldErrorMsg -->
  <testcase classname="BookingMaskTestCases.VerifyRoomOccupancyLimitTC62ToTC65" name="validateMismatchInAllFieldsErrorMsg" time="20.269"/>
  <testcase classname="BookingMaskTestCases.VerifyRoomOccupancyLimitTC54ToTC57" name="validateOccupancyMinLimitCross" time="22.536"/>
  <testcase classname="BookingMaskTestCases.VerifyRoomOccupancyLimitTC54ToTC57" name="validateOccupancyMaxLimitCross" time="23.451"/>
  <testcase classname="BookingMaskTestCases.VerifyRoomOccupancyLimitTC54ToTC57" name="validateOccupancyMinLimitNotSatisfied2" time="15.746">
    <failure type="java.lang.AssertionError" message="TC failed as Actual message and expected message are not matching  expected [Room Occupancy is not matched.                                                                                                                                                                                                                                                                                                                                                                                                                                                                                                                                                                                                                                                                                                                                                                                                                                                                                    ] but found [Room Occupancy is not matched.                                                                                                                                                                                                                                                                                                  ]">
      <![CDATA[java.lang.AssertionError: TC failed as Actual message and expected message are not matching  expected [Room Occupancy is not matched.                                                                                                                                                                                                                                                                                                                                                                                                                                                                                                                                                                                                                                                                                                                                                                                                                                                                                    ] but found [Room Occupancy is not matched.                                                                                                                                                                                                                                                                                                  ]
at BookingMaskTestCases.VerifyRoomOccupancyLimitTC54ToTC57.validateOccupancyMinLimitNotSatisfied2(VerifyRoomOccupancyLimitTC54ToTC57.java:399)
at java.base/java.util.ArrayList.forEach(ArrayList.java:1511)
... Removed 32 stack frames]]>
    </failure>
  </testcase> <!-- validateOccupancyMinLimitNotSatisfied2 -->
  <testcase classname="BookingMaskTestCases.VerifyRoomOccupancyLimitTC54ToTC57" name="validateOccupancyMaxLimitNotSatisfied" time="16.385"/>
  <testcase classname="BookingMaskTestCases.VerifyRoomOccupancyLimitTC58ToTC61" name="validateOccupancyMinLimitNotSatisfield1" time="13.314"/>
  <testcase classname="BookingMaskTestCases.VerifyRoomOccupancyLimitTC58ToTC61" name="validateOccupancyMinLimitNotSatisfield2" time="15.256">
    <failure type="java.lang.AssertionError" message="TC failed as Actual message and expected message are not matching  expected [Room Occupancy is not matched.                                                                                                                                                                                                                                                                                                                                                                                                                                                                                                                                                                                                                                                                                                                                                                                                                                                                                    ] but found [Room Occupancy is not matched.                                                                                                                                                                                                                                                                                                  ]">
      <![CDATA[java.lang.AssertionError: TC failed as Actual message and expected message are not matching  expected [Room Occupancy is not matched.                                                                                                                                                                                                                                                                                                                                                                                                                                                                                                                                                                                                                                                                                                                                                                                                                                                                                    ] but found [Room Occupancy is not matched.                                                                                                                                                                                                                                                                                                  ]
at BookingMaskTestCases.VerifyRoomOccupancyLimitTC58ToTC61.validateOccupancyMinLimitNotSatisfield2(VerifyRoomOccupancyLimitTC58ToTC61.java:291)
at java.base/java.util.ArrayList.forEach(ArrayList.java:1511)
... Removed 32 stack frames]]>
    </failure>
  </testcase> <!-- validateOccupancyMinLimitNotSatisfield2 -->
  <testcase classname="BookingMaskTestCases.VerifyRoomOccupancyLimitTC58ToTC61" name="validateOccupancyMaxLimitCross" time="16.869"/>
  <testcase classname="BookingMaskTestCases.VerifyRoomOccupancyLimitTC58ToTC61" name="validateOccupancyMinLimitCross" time="17.273"/>
  <testcase classname="BookingMaskTestCases.VerifyTravelDateStartOfSeasonA_TC78" name="validateSeasonAPrice" time="0.089"/>
  <testcase classname="BookingMaskTestCases.VerifyTravelDateStartWithSeasonCandEndsOutOfanySeason_TC86" name="validateErrorMsgOnBM" time="0.071">
    <failure type="java.lang.AssertionError" message="Test Case Failed as actual &amp;amp; expected Price are not matching expected [Ungültige Reisedauer.                                                                                                                                                                                                                                                                                                                                                                                                                                                                                                                                                                                                               ] but found [Kontingent nicht mehr verfügbar.                                                                                                                                                                                                                                                                                                ]">
      <![CDATA[java.lang.AssertionError: Test Case Failed as actual & expected Price are not matching expected [Ungültige Reisedauer.                                                                                                                                                                                                                                                                                                                                                                                                                                                                                                                                                                                                               ] but found [Kontingent nicht mehr verfügbar.                                                                                                                                                                                                                                                                                                ]
at BookingMaskTestCases.VerifyTravelDateStartWithSeasonCandEndsOutOfanySeason_TC86.validateErrorMsgOnBM(VerifyTravelDateStartWithSeasonCandEndsOutOfanySeason_TC86.java:129)
at java.base/java.util.ArrayList.forEach(ArrayList.java:1511)
... Removed 32 stack frames]]>
    </failure>
  </testcase> <!-- validateErrorMsgOnBM -->
  <testcase classname="BookingMaskTestCases.VerifyTravelDateInBetweenSeasonA_TC79" name="validatePriceInBetweenSeasonA" time="0.096"/>
  <testcase classname="BookingMaskTestCases.VerifyTravelDateInBetweenSeasonB_TC81" name="validatePriceInBetweenSeasonB" time="0.114"/>
  <testcase classname="BookingMaskTestCases.VerifyTravelDateInBetweenSeasonC_TC82" name="validatePriceInBetweenSeasonC" time="0.122"/>
  <testcase classname="BookingMaskTestCases.VerifyTravelDateIncludeSeasonBandC_TC84" name="validateTravelDateBetweenBandC" time="0.117"/>
  <testcase classname="BookingMaskTestCases.VerifyTravelDateIsEndDateOfSeasonA_TC80" name="validatePriceAtEndDateOfSeasonA" time="0.12"/>
  <testcase classname="BookingMaskTestCases.VerifyTravelDateIsEndOfSeasonB_TC85" name="validatePriceForEndDayOfSeasonB" time="0.129"/>
  <testcase classname="BookingMaskTestCases.VerifyTravelDateNotInAnySeason_TC87" name="validateErrorMsgDatesOutOfSeason" time="0.075">
    <failure type="java.lang.AssertionError" message="Test case failed as Actual and Expected message are not matching expected [Column &amp;apos;SeasonPrice&amp;apos; does not belong to table .                                                                                                                                                                                                                                                                                                                                                                                                                                                                                                                                                                                                       ] but found [Kontingent nicht mehr verfügbar.                                                                                                                                                                                                                                                                                                ]">
      <![CDATA[java.lang.AssertionError: Test case failed as Actual and Expected message are not matching expected [Column 'SeasonPrice' does not belong to table .                                                                                                                                                                                                                                                                                                                                                                                                                                                                                                                                                                                                       ] but found [Kontingent nicht mehr verfügbar.                                                                                                                                                                                                                                                                                                ]
at BookingMaskTestCases.VerifyTravelDateNotInAnySeason_TC87.validateErrorMsgDatesOutOfSeason(VerifyTravelDateNotInAnySeason_TC87.java:130)
at java.base/java.util.ArrayList.forEach(ArrayList.java:1511)
... Removed 32 stack frames]]>
    </failure>
  </testcase> <!-- validateErrorMsgDatesOutOfSeason -->
  <testcase classname="BookingMaskTestCases.VerifyTravelDateOutofContract_TC88" name="validateMsgForOutOfContractDates" time="0.107"/>
  <testcase classname="BookingMaskTestCases.VerifySeasonAEndDateANDseasonBstartDate_TC83" name="validatePriceForSeasonAendANDSeasonBstartDate" time="0.104"/>
  <testcase classname="BookingMaskTestCases.VerifyOriginalBookingAfterModifyInquiryTC17" name="validateOriginalBookingWithUA" time="0.205"/>
  <testcase classname="BookingMaskTestCases.VerifyModifyBookingWithActionCodeUAandUTC38ToTC39" name="validateModifyBookingInquiryWithUA" time="102.546"/>
  <testcase classname="BookingMaskTestCases.VerifyModifyBookingWithActionCodeUAandUTC38ToTC39" name="validateConfirmModifyBookingWithU" time="107.141"/>
  <testcase classname="BookingMaskTestCases.VerifyModifyBookingToAddAnotherRoomWithSameDateTC27" name="validateBookingAndTotalPriceofBothRooms" time="0.247"/>
  <testcase classname="BookingMaskTestCases.VerifyModifyBookingToAddAnotherRoomWithDifferentDateTC28" name="validateTotalPriceWithDifferentDates" time="0.04">
    <failure type="java.lang.AssertionError" message="Test Case Failed as actual &amp;amp; expected Price are not matching expected [4444.00] but found [266640.00]">
      <![CDATA[java.lang.AssertionError: Test Case Failed as actual & expected Price are not matching expected [4444.00] but found [266640.00]
at BookingMaskTestCases.VerifyModifyBookingToAddAnotherRoomWithDifferentDateTC28.validateTotalPriceWithDifferentDates(VerifyModifyBookingToAddAnotherRoomWithDifferentDateTC28.java:235)
at java.base/java.util.ArrayList.forEach(ArrayList.java:1511)
... Removed 32 stack frames]]>
    </failure>
  </testcase> <!-- validateTotalPriceWithDifferentDates -->
  <testcase classname="BookingMaskTestCases.VerifyModifyBookingByChangingRoomCodeTC25" name="validatePriceByChangingRoomcode" time="0.134"/>
  <testcase classname="BookingMaskTestCases.VerifyEnteringTravelFromBeforeContract_TC13" name="validateMessageOnBMpage" time="0.083">
    <failure type="java.lang.AssertionError" message="Test case Failed as expected message and actual message are not matching expected [The requested period is outside the contract period] but found [Kontingent nicht mehr verfügbar.                                                                                                                                                                                                                                                                                                ]">
      <![CDATA[java.lang.AssertionError: Test case Failed as expected message and actual message are not matching expected [The requested period is outside the contract period] but found [Kontingent nicht mehr verfügbar.                                                                                                                                                                                                                                                                                                ]
at BookingMaskTestCases.VerifyEnteringTravelFromBeforeContract_TC13.validateMessageOnBMpage(VerifyEnteringTravelFromBeforeContract_TC13.java:149)
at java.base/java.util.ArrayList.forEach(ArrayList.java:1511)
... Removed 32 stack frames]]>
    </failure>
  </testcase> <!-- validateMessageOnBMpage -->
  <testcase classname="BookingMaskTestCases.VerifyEnteringTravelDaysNoInTravelToField_TC10" name="validatePriceField" time="0.088"/>
  <testcase classname="BookingMaskTestCases.VerifyCreateNewBookingInquiry_TC01" name="validatePriceFieldWithBookingInquiry" time="0.118"/>
  <testcase classname="BookingMaskTestCases.VerifyCreateBookingWithTwoPerson_TC33" name="validatePriceWithTwoPerson" time="0.127"/>
  <testcase classname="BookingMaskTestCases.VerifyCreateBookingForThreePersonThreeRooms_TC36" name="validatePriceForThreePersonThreeRoom" time="0.998"/>
  <testcase classname="BookingMaskTestCases.VerifyCreateBookingForThreePerson_TC35" name="validatePriceWithThreePerson" time="0.113"/>
  <testcase classname="BookingMaskTestCases.VerifyCreateBookingForOnePerson_TC32" name="validatePriceWithOnePersonField" time="0.078"/>
  <testcase classname="BookingMaskTestCases.VerifyCreateBookingForFivePerson_TC37" name="validatePriceWithFivePerson" time="0.088"/>
  <testcase classname="BookingMaskTestCases.VerifyConfirmBookingWithB_TC02" name="validateReservationNoField" time="0.028"/>
  <testcase classname="BookingMaskTestCases.VerifyBookingWithSameRoomAndDifferentDates_TC31" name="validatePriceForDifferentDates" time="0.0">
    <skipped/>
  </testcase> <!-- validatePriceForDifferentDates -->
  <testcase classname="BookingMaskTestCases.VerifyBookingCancellationAndEnquiryTC42TC43" name="validateCancellationPricesWithS" time="74.851"/>
  <testcase classname="BookingMaskTestCases.VerifyBookingCancellationAndEnquiryTC42TC43" name="validateCancellationPricesWithSA" time="72.32"/>
  <testcase classname="BookingMaskTestCases.TCC29TC130FAIL" name="validateConfirmBookingOFTwoAccommodation" time="33.57">
    <failure type="org.openqa.selenium.NoSuchElementException" message="no such element: Unable to locate element: {&amp;quot;method&amp;quot;:&amp;quot;css selector&amp;quot;,&amp;quot;selector&amp;quot;:&amp;quot;#bookinglines_Price_1&amp;quot;}
  (Session info: chrome=115.0.5790.110)
For documentation on this error, please visit: https://www.selenium.dev/documentation/webdriver/troubleshooting/errors#no-such-element-exception
Build info: version: &amp;apos;4.10.0&amp;apos;, revision: &amp;apos;c14d967899&amp;apos;
System info: os.name: &amp;apos;Windows 10&amp;apos;, os.arch: &amp;apos;amd64&amp;apos;, os.version: &amp;apos;10.0&amp;apos;, java.version: &amp;apos;17.0.4.1&amp;apos;
Driver info: org.openqa.selenium.chrome.ChromeDriver
Command: [95e2855aee766aac72fc130938cd4475, findElement {using=id, value=bookinglines_Price_1}]
Capabilities {acceptInsecureCerts: false, browserName: chrome, browserVersion: 115.0.5790.110, chrome: {chromedriverVersion: 114.0.5735.90 (386bc09e8f4f..., userDataDir: C:\Users\ROHAN~1.PAT\AppDat...}, goog:chromeOptions: {debuggerAddress: localhost:56365}, networkConnectionEnabled: false, pageLoadStrategy: normal, platformName: windows, proxy: Proxy(), se:cdp: ws://localhost:56365/devtoo..., se:cdpVersion: 115.0.5790.110, setWindowRect: true, strictFileInteractability: false, timeouts: {implicit: 0, pageLoad: 300000, script: 30000}, unhandledPromptBehavior: dismiss and notify, webauthn:extension:credBlob: true, webauthn:extension:largeBlob: true, webauthn:extension:minPinLength: true, webauthn:extension:prf: true, webauthn:virtualAuthenticators: true}
Session ID: 95e2855aee766aac72fc130938cd4475">
      <![CDATA[org.openqa.selenium.NoSuchElementException: no such element: Unable to locate element: {"method":"css selector","selector":"#bookinglines_Price_1"}
  (Session info: chrome=115.0.5790.110)
For documentation on this error, please visit: https://www.selenium.dev/documentation/webdriver/troubleshooting/errors#no-such-element-exception
Build info: version: '4.10.0', revision: 'c14d967899'
System info: os.name: 'Windows 10', os.arch: 'amd64', os.version: '10.0', java.version: '17.0.4.1'
Driver info: org.openqa.selenium.chrome.ChromeDriver
Command: [95e2855aee766aac72fc130938cd4475, findElement {using=id, value=bookinglines_Price_1}]
Capabilities {acceptInsecureCerts: false, browserName: chrome, browserVersion: 115.0.5790.110, chrome: {chromedriverVersion: 114.0.5735.90 (386bc09e8f4f..., userDataDir: C:\Users\ROHAN~1.PAT\AppDat...}, goog:chromeOptions: {debuggerAddress: localhost:56365}, networkConnectionEnabled: false, pageLoadStrategy: normal, platformName: windows, proxy: Proxy(), se:cdp: ws://localhost:56365/devtoo..., se:cdpVersion: 115.0.5790.110, setWindowRect: true, strictFileInteractability: false, timeouts: {implicit: 0, pageLoad: 300000, script: 30000}, unhandledPromptBehavior: dismiss and notify, webauthn:extension:credBlob: true, webauthn:extension:largeBlob: true, webauthn:extension:minPinLength: true, webauthn:extension:prf: true, webauthn:virtualAuthenticators: true}
Session ID: 95e2855aee766aac72fc130938cd4475
at org.openqa.selenium.remote.codec.w3c.W3CHttpResponseCodec.createException(W3CHttpResponseCodec.java:199)
at org.openqa.selenium.remote.codec.w3c.W3CHttpResponseCodec.decode(W3CHttpResponseCodec.java:132)
at org.openqa.selenium.remote.codec.w3c.W3CHttpResponseCodec.decode(W3CHttpResponseCodec.java:51)
at org.openqa.selenium.remote.HttpCommandExecutor.execute(HttpCommandExecutor.java:191)
at org.openqa.selenium.remote.service.DriverCommandExecutor.invokeExecute(DriverCommandExecutor.java:196)
at org.openqa.selenium.remote.service.DriverCommandExecutor.execute(DriverCommandExecutor.java:171)
at org.openqa.selenium.remote.RemoteWebDriver.execute(RemoteWebDriver.java:531)
at org.openqa.selenium.remote.ElementLocation$ElementFinder$2.findElement(ElementLocation.java:165)
at org.openqa.selenium.remote.ElementLocation.findElement(ElementLocation.java:59)
at org.openqa.selenium.remote.RemoteWebDriver.findElement(RemoteWebDriver.java:350)
at org.openqa.selenium.remote.RemoteWebDriver.findElement(RemoteWebDriver.java:344)
at org.openqa.selenium.support.pagefactory.DefaultElementLocator.findElement(DefaultElementLocator.java:68)
at org.openqa.selenium.support.pagefactory.internal.LocatingElementHandler.invoke(LocatingElementHandler.java:38)
at jdk.proxy2/jdk.proxy2.$Proxy18.getAttribute(Unknown Source)
at POM.bookingMaskPage.getPriceFieldValue1(bookingMaskPage.java:475)
at BookingMaskTestCases.TCC29TC130FAIL.validateConfirmBookingOFTwoAccommodation(TCC29TC130FAIL.java:191)
at java.base/java.util.ArrayList.forEach(ArrayList.java:1511)
... Removed 32 stack frames]]>
    </failure>
  </testcase> <!-- validateConfirmBookingOFTwoAccommodation -->
  <testcase classname="BookingMaskTestCases.TCC29TC130FAIL" name="validateConfirmBoOkingOFTwoAccommodationWithU" time="114.057">
    <failure type="java.lang.AssertionError" message="Test Case Failed as actual &amp;amp; expected ReservationNo are not matching expected [727253859/01] but found [113955848/02]">
      <![CDATA[java.lang.AssertionError: Test Case Failed as actual & expected ReservationNo are not matching expected [727253859/01] but found [113955848/02]
at BookingMaskTestCases.TCC29TC130FAIL.validateConfirmBoOkingOFTwoAccommodationWithU(TCC29TC130FAIL.java:400)
at java.base/java.util.ArrayList.forEach(ArrayList.java:1511)
... Removed 32 stack frames]]>
    </failure>
  </testcase> <!-- validateConfirmBoOkingOFTwoAccommodationWithU -->
  <testcase classname="BookingMaskTestCases.CreateBookingForTwoPersonAndTwoRoom_TC34" name="validatePriceForTwoPersonTwoRooms" time="0.218"/>
  <testcase classname="BookingMaskTestCases.CreateMultisalesLinesBookingWithDifferentDates_TC148" name="validateBookingForThreeRoomsWithDifferentDateAndPrice" time="0.106">
    <failure type="java.lang.AssertionError" message="Test Case Failed as actual &amp;amp; expected Price are not matching expected [2220.00] but found [1110.00]">
      <![CDATA[java.lang.AssertionError: Test Case Failed as actual & expected Price are not matching expected [2220.00] but found [1110.00]
at BookingMaskTestCases.CreateMultisalesLinesBookingWithDifferentDates_TC148.validateBookingForThreeRoomsWithDifferentDateAndPrice(CreateMultisalesLinesBookingWithDifferentDates_TC148.java:265)
at java.base/java.util.ArrayList.forEach(ArrayList.java:1511)
... Removed 32 stack frames]]>
    </failure>
  </testcase> <!-- validateBookingForThreeRoomsWithDifferentDateAndPrice -->
  <testcase classname="BookingMaskTestCases.CreateMultisalesLinesBookingWithSameDates_TC147" name="validateBookingForThreeRoomsWithSameDateAndPrice" time="0.227"/>
  <testcase classname="BookingMaskTestCases.ModifyMultisaleslineBookingWithArriDeparConditonTC153" name="validateErrorMessageByEditingMultisalesLineBooking" time="0.0">
    <skipped/>
  </testcase> <!-- validateErrorMessageByEditingMultisalesLineBooking -->
  <testcase classname="BookingMaskTestCases.MultisaleslineBookingWithDiffDateAndLessthanMinStay_TC149" name="validategetmultisalesLinesBookingErrorMsgwithInValidStay" time="0.051">
    <failure type="java.lang.AssertionError" message="TC failed as Actual message and expected message are not matching  expected [Maximale Aufenthaltsdauer überschritten                                                                                                                                                                                                                                                                                         ] but found [TESTING                                                                                                                                                                                                                                                                                                                                                                                                                                                                                                                                                                                                                                                                                                                                                                                                                                                                                                                                                                                         ]">
      <![CDATA[java.lang.AssertionError: TC failed as Actual message and expected message are not matching  expected [Maximale Aufenthaltsdauer überschritten                                                                                                                                                                                                                                                                                         ] but found [TESTING                                                                                                                                                                                                                                                                                                                                                                                                                                                                                                                                                                                                                                                                                                                                                                                                                                                                                                                                                                                         ]
at BookingMaskTestCases.MultisaleslineBookingWithDiffDateAndLessthanMinStay_TC149.validategetmultisalesLinesBookingErrorMsgwithInValidStay(MultisaleslineBookingWithDiffDateAndLessthanMinStay_TC149.java:195)
at java.base/java.util.ArrayList.forEach(ArrayList.java:1511)
... Removed 32 stack frames]]>
    </failure>
  </testcase> <!-- validategetmultisalesLinesBookingErrorMsgwithInValidStay -->
  <testcase classname="BookingMaskTestCases.MultisalesLineBookingWithDifferentDatesAndMoreThanMaxStay_TC151" name="validateErrorMsgwithDifferentDatesAndMaxStay" time="0.062">
    <failure type="java.lang.AssertionError" message="TC failed as Actual message and expected message are not matching  expected [TESTING                                                                                                                                                                                                                                                                                                                                                                                                                                                                                                                                                                                                                                                                                                                                                                                                                                                                                                                                                                                         ] but found [Maximale Aufenthaltsdauer überschritten                                                                                                                                                                                                                                                                                         ]">
      <![CDATA[java.lang.AssertionError: TC failed as Actual message and expected message are not matching  expected [TESTING                                                                                                                                                                                                                                                                                                                                                                                                                                                                                                                                                                                                                                                                                                                                                                                                                                                                                                                                                                                         ] but found [Maximale Aufenthaltsdauer überschritten                                                                                                                                                                                                                                                                                         ]
at BookingMaskTestCases.MultisalesLineBookingWithDifferentDatesAndMoreThanMaxStay_TC151.validateErrorMsgwithDifferentDatesAndMaxStay(MultisalesLineBookingWithDifferentDatesAndMoreThanMaxStay_TC151.java:210)
at java.base/java.util.ArrayList.forEach(ArrayList.java:1511)
... Removed 32 stack frames]]>
    </failure>
  </testcase> <!-- validateErrorMsgwithDifferentDatesAndMaxStay -->
  <testcase classname="BookingMaskTestCases.MultisalesLineBookingWithLessthanMinStayFAIL_TC150" name="validategetmultisalesLinesBookingErrorMsgwithLessthanMinStay" time="0.055">
    <failure type="java.lang.AssertionError" message="TC failed as Actual message and expected message are not matching  expected [Mindestaufenthaltsdauer unterschritten bzw Maximale Aufenthaltsdauer überschritten                                                                                                                                                                                                                                                                                                                                                                                                                                                                                                                                                                                                                                                                                                                                      ] but found [TESTING                                                                                                                                                                                                                                                                                                                                                                                                                                                                                                                                                                                                                                                                                                                                                                                                                                                                                                                                                                                         ]">
      <![CDATA[java.lang.AssertionError: TC failed as Actual message and expected message are not matching  expected [Mindestaufenthaltsdauer unterschritten bzw Maximale Aufenthaltsdauer überschritten                                                                                                                                                                                                                                                                                                                                                                                                                                                                                                                                                                                                                                                                                                                                      ] but found [TESTING                                                                                                                                                                                                                                                                                                                                                                                                                                                                                                                                                                                                                                                                                                                                                                                                                                                                                                                                                                                         ]
at BookingMaskTestCases.MultisalesLineBookingWithLessthanMinStayFAIL_TC150.validategetmultisalesLinesBookingErrorMsgwithLessthanMinStay(MultisalesLineBookingWithLessthanMinStayFAIL_TC150.java:204)
at java.base/java.util.ArrayList.forEach(ArrayList.java:1511)
... Removed 32 stack frames]]>
    </failure>
  </testcase> <!-- validategetmultisalesLinesBookingErrorMsgwithLessthanMinStay -->
  <testcase classname="BookingMaskTestCases.MultisalesLineBookingWithMorethanMaxStayFAIL_TC152" name="validateErrorMsgwithDifferentDatesAndMoreThanMaxStay" time="0.052">
    <failure type="java.lang.AssertionError" message="TC failed as Actual message and expected message are not matching  expected [TESTING                                                                                                                                                                                                                                                                                                                                                                                                                                                                                                                                                                                                                                                                                                                                                                                                                                                                                                                                                                                         ] but found [Maximale Aufenthaltsdauer überschritten                                                                                                                                                                                                                                                                                         ]">
      <![CDATA[java.lang.AssertionError: TC failed as Actual message and expected message are not matching  expected [TESTING                                                                                                                                                                                                                                                                                                                                                                                                                                                                                                                                                                                                                                                                                                                                                                                                                                                                                                                                                                                         ] but found [Maximale Aufenthaltsdauer überschritten                                                                                                                                                                                                                                                                                         ]
at BookingMaskTestCases.MultisalesLineBookingWithMorethanMaxStayFAIL_TC152.validateErrorMsgwithDifferentDatesAndMoreThanMaxStay(MultisalesLineBookingWithMorethanMaxStayFAIL_TC152.java:213)
at java.base/java.util.ArrayList.forEach(ArrayList.java:1511)
... Removed 32 stack frames]]>
    </failure>
  </testcase> <!-- validateErrorMsgwithDifferentDatesAndMoreThanMaxStay -->
  <testcase classname="BookingMaskTestCases.VerifyModifyBookingTC21andTC22" name="validateBookingByDecreasingDuration" time="0.0">
    <ignored/>
  </testcase> <!-- validateBookingByDecreasingDuration -->
</testsuite> <!-- BM -->
