<html>
<head>
<title>TestNG:  BM1</title>
<link href="../testng.css" rel="stylesheet" type="text/css" />
<link href="../my-testng.css" rel="stylesheet" type="text/css" />

<style type="text/css">
.log { display: none;} 
.stack-trace { display: none;} 
</style>
<script type="text/javascript">
<!--
function flip(e) {
  current = e.style.display;
  if (current == 'block') {
    e.style.display = 'none';
    return 0;
  }
  else {
    e.style.display = 'block';
    return 1;
  }
}

function toggleBox(szDivId, elem, msg1, msg2)
{
  var res = -1;  if (document.getElementById) {
    res = flip(document.getElementById(szDivId));
  }
  else if (document.all) {
    // this is the way old msie versions work
    res = flip(document.all[szDivId]);
  }
  if(elem) {
    if(res == 0) elem.innerHTML = msg1; else elem.innerHTML = msg2;
  }

}

function toggleAllBoxes() {
  if (document.getElementsByTagName) {
    d = document.getElementsByTagName('div');
    for (i = 0; i < d.length; i++) {
      if (d[i].className == 'log') {
        flip(d[i]);
      }
    }
  }
}

// -->
</script>

</head>
<body>
<h2 align='center'>BM1</h2><table border='1' align="center">
<tr>
<td>Tests passed/Failed/Skipped:</td><td>32/2/2</td>
</tr><tr>
<td>Started on:</td><td>Wed May 24 14:30:10 IST 2023</td>
</tr>
<tr><td>Total time:</td><td>2708 seconds (2708528 ms)</td>
</tr><tr>
<td>Included groups:</td><td></td>
</tr><tr>
<td>Excluded groups:</td><td></td>
</tr>
</table><p/>
<small><i>(Hover the method name to see the test class name)</i></small><p/>
<table width='100%' border='1' class='invocation-failed'>
<tr><td colspan='4' align='center'><b>FAILED CONFIGURATIONS</b></td></tr>
<tr><td><b>Test method</b></td>
<td width="30%"><b>Exception</b></td>
<td width="10%"><b>Time (seconds)</b></td>
<td><b>Instance</b></td>
</tr>
<tr>
<td title='BookingMaskTestCases.ValidateBookingWithoutSelectingAnyTravelTypeTC48.loginToApp()'><b>loginToApp</b><br>Test class: BookingMaskTestCases.ValidateBookingWithoutSelectingAnyTravelTypeTC48<br/>
<a href="#Output-892000254" onClick='toggleBox("Output-892000254", this, "Show output", "Hide output");'>Show output</a>

<a href="#Output-892000254" onClick="toggleAllBoxes();">Show all outputs</a>
<div class='log' id="Output-892000254">
Valid Username Entered<br/>
Valid Password Entered<br/>
Clicked on Dashboard button<br/>
Select the Falk Tours AG from given list<br/>
Clicked on proceed button<br/>
Clicked on sales dropdown in Dashboard<br/>
Clicked on sales Booking in Dashboard<br/>
Clicked on create Button in sales Booking page<br/>
</div>
</td>
<td><div><pre>org.openqa.selenium.ElementNotInteractableException: element not interactable: Element is not currently visible and may not be manipulated
  (Session info: chrome=113.0.5672.127)
Build info: version: &apos;4.8.3&apos;, revision: &apos;e5e76298c3&apos;
System info: os.name: &apos;Windows 10&apos;, os.arch: &apos;amd64&apos;, os.version: &apos;10.0&apos;, java.version: &apos;17.0.4.1&apos;
Driver info: org.openqa.selenium.chrome.ChromeDriver
Command: [27815caa986049fa975a9e2568f39c62, clickElement {id=DDAC9723AC83DA46601A0DBCAA479084_element_1954}]
Capabilities {acceptInsecureCerts: false, browserName: chrome, browserVersion: 113.0.5672.127, chrome: {chromedriverVersion: 113.0.5672.63 (0e1a4471d5ae..., userDataDir: C:\Users\ROHAN~1.PAT\AppDat...}, goog:chromeOptions: {debuggerAddress: localhost:63074}, networkConnectionEnabled: false, pageLoadStrategy: normal, platformName: WINDOWS, proxy: Proxy(), se:cdp: ws://localhost:63074/devtoo..., se:cdpVersion: 113.0.5672.127, setWindowRect: true, strictFileInteractability: false, timeouts: {implicit: 0, pageLoad: 300000, script: 30000}, unhandledPromptBehavior: dismiss and notify, webauthn:extension:credBlob: true, webauthn:extension:largeBlob: true, webauthn:extension:minPinLength: true, webauthn:extension:prf: true, webauthn:virtualAuthenticators: true}
Element: [[[[ChromeDriver: chrome on WINDOWS (27815caa986049fa975a9e2568f39c62)] -&gt; id: SalesBookingHeaderNewModel_TravelTypeID]] -&gt; xpath: .//option[normalize-space(.) = &quot;TFT1&quot;]]
Session ID: 27815caa986049fa975a9e2568f39c62
	at org.openqa.selenium.remote.codec.w3c.W3CHttpResponseCodec.createException(W3CHttpResponseCodec.java:200)
	at org.openqa.selenium.remote.codec.w3c.W3CHttpResponseCodec.decode(W3CHttpResponseCodec.java:133)
	at org.openqa.selenium.remote.codec.w3c.W3CHttpResponseCodec.decode(W3CHttpResponseCodec.java:53)
	at org.openqa.selenium.remote.HttpCommandExecutor.execute(HttpCommandExecutor.java:193)
	at org.openqa.selenium.remote.service.DriverCommandExecutor.invokeExecute(DriverCommandExecutor.java:183)
	at org.openqa.selenium.remote.service.DriverCommandExecutor.execute(DriverCommandExecutor.java:158)
	at org.openqa.selenium.remote.RemoteWebDriver.execute(RemoteWebDriver.java:543)
	at org.openqa.selenium.remote.RemoteWebElement.execute(RemoteWebElement.java:257)
	at org.openqa.selenium.remote.RemoteWebElement.click(RemoteWebElement.java:78)
	at org.openqa.selenium.support.ui.Select.setSelected(Select.java:320)
	at org.openqa.selenium.support.ui.Select.selectByVisibleText(Select.java:119)
	at utility.UtilityClass.listBoxHandlingUsingByText(UtilityClass.java:150)
	at BookingMaskTestCases.ValidateBookingWithoutSelectingAnyTravelTypeTC48.loginToApp(ValidateBookingWithoutSelectingAnyTravelTypeTC48.java:89)
	at java.base/java.util.ArrayList.forEach(ArrayList.java:1511)
... Removed 36 stack frames</pre></div><a href='#' onClick='toggleBox("stack-trace892000254", this, "Click to show all stack frames", "Click to hide stack frames")'>Click to show all stack frames</a>
<div class='stack-trace' id='stack-trace892000254'><pre>org.openqa.selenium.ElementNotInteractableException: element not interactable: Element is not currently visible and may not be manipulated
  (Session info: chrome=113.0.5672.127)
Build info: version: &apos;4.8.3&apos;, revision: &apos;e5e76298c3&apos;
System info: os.name: &apos;Windows 10&apos;, os.arch: &apos;amd64&apos;, os.version: &apos;10.0&apos;, java.version: &apos;17.0.4.1&apos;
Driver info: org.openqa.selenium.chrome.ChromeDriver
Command: [27815caa986049fa975a9e2568f39c62, clickElement {id=DDAC9723AC83DA46601A0DBCAA479084_element_1954}]
Capabilities {acceptInsecureCerts: false, browserName: chrome, browserVersion: 113.0.5672.127, chrome: {chromedriverVersion: 113.0.5672.63 (0e1a4471d5ae..., userDataDir: C:\Users\ROHAN~1.PAT\AppDat...}, goog:chromeOptions: {debuggerAddress: localhost:63074}, networkConnectionEnabled: false, pageLoadStrategy: normal, platformName: WINDOWS, proxy: Proxy(), se:cdp: ws://localhost:63074/devtoo..., se:cdpVersion: 113.0.5672.127, setWindowRect: true, strictFileInteractability: false, timeouts: {implicit: 0, pageLoad: 300000, script: 30000}, unhandledPromptBehavior: dismiss and notify, webauthn:extension:credBlob: true, webauthn:extension:largeBlob: true, webauthn:extension:minPinLength: true, webauthn:extension:prf: true, webauthn:virtualAuthenticators: true}
Element: [[[[ChromeDriver: chrome on WINDOWS (27815caa986049fa975a9e2568f39c62)] -&gt; id: SalesBookingHeaderNewModel_TravelTypeID]] -&gt; xpath: .//option[normalize-space(.) = &quot;TFT1&quot;]]
Session ID: 27815caa986049fa975a9e2568f39c62
	at java.base/jdk.internal.reflect.NativeConstructorAccessorImpl.newInstance0(Native Method)
	at java.base/jdk.internal.reflect.NativeConstructorAccessorImpl.newInstance(NativeConstructorAccessorImpl.java:77)
	at java.base/jdk.internal.reflect.DelegatingConstructorAccessorImpl.newInstance(DelegatingConstructorAccessorImpl.java:45)
	at java.base/java.lang.reflect.Constructor.newInstanceWithCaller(Constructor.java:499)
	at java.base/java.lang.reflect.Constructor.newInstance(Constructor.java:480)
	at org.openqa.selenium.remote.codec.w3c.W3CHttpResponseCodec.createException(W3CHttpResponseCodec.java:200)
	at org.openqa.selenium.remote.codec.w3c.W3CHttpResponseCodec.decode(W3CHttpResponseCodec.java:133)
	at org.openqa.selenium.remote.codec.w3c.W3CHttpResponseCodec.decode(W3CHttpResponseCodec.java:53)
	at org.openqa.selenium.remote.HttpCommandExecutor.execute(HttpCommandExecutor.java:193)
	at org.openqa.selenium.remote.service.DriverCommandExecutor.invokeExecute(DriverCommandExecutor.java:183)
	at org.openqa.selenium.remote.service.DriverCommandExecutor.execute(DriverCommandExecutor.java:158)
	at org.openqa.selenium.remote.RemoteWebDriver.execute(RemoteWebDriver.java:543)
	at org.openqa.selenium.remote.RemoteWebElement.execute(RemoteWebElement.java:257)
	at org.openqa.selenium.remote.RemoteWebElement.click(RemoteWebElement.java:78)
	at org.openqa.selenium.support.ui.Select.setSelected(Select.java:320)
	at org.openqa.selenium.support.ui.Select.selectByVisibleText(Select.java:119)
	at utility.UtilityClass.listBoxHandlingUsingByText(UtilityClass.java:150)
	at BookingMaskTestCases.ValidateBookingWithoutSelectingAnyTravelTypeTC48.loginToApp(ValidateBookingWithoutSelectingAnyTravelTypeTC48.java:89)
	at java.base/jdk.internal.reflect.NativeMethodAccessorImpl.invoke0(Native Method)
	at java.base/jdk.internal.reflect.NativeMethodAccessorImpl.invoke(NativeMethodAccessorImpl.java:77)
	at java.base/jdk.internal.reflect.DelegatingMethodAccessorImpl.invoke(DelegatingMethodAccessorImpl.java:43)
	at java.base/java.lang.reflect.Method.invoke(Method.java:568)
	at org.testng.internal.MethodInvocationHelper.invokeMethod(MethodInvocationHelper.java:133)
	at org.testng.internal.MethodInvocationHelper.invokeMethodConsideringTimeout(MethodInvocationHelper.java:62)
	at org.testng.internal.ConfigInvoker.invokeConfigurationMethod(ConfigInvoker.java:385)
	at org.testng.internal.ConfigInvoker.invokeConfigurations(ConfigInvoker.java:321)
	at org.testng.internal.TestInvoker.runConfigMethods(TestInvoker.java:700)
	at org.testng.internal.TestInvoker.invokeMethod(TestInvoker.java:527)
	at org.testng.internal.TestInvoker.invokeTestMethod(TestInvoker.java:173)
	at org.testng.internal.MethodRunner.runInSequence(MethodRunner.java:46)
	at org.testng.internal.TestInvoker$MethodInvocationAgent.invoke(TestInvoker.java:824)
	at org.testng.internal.TestInvoker.invokeTestMethods(TestInvoker.java:146)
	at org.testng.internal.TestMethodWorker.invokeTestMethods(TestMethodWorker.java:146)
	at org.testng.internal.TestMethodWorker.run(TestMethodWorker.java:128)
	at java.base/java.util.ArrayList.forEach(ArrayList.java:1511)
	at org.testng.TestRunner.privateRun(TestRunner.java:794)
	at org.testng.TestRunner.run(TestRunner.java:596)
	at org.testng.SuiteRunner.runTest(SuiteRunner.java:377)
	at org.testng.SuiteRunner.runSequentially(SuiteRunner.java:371)
	at org.testng.SuiteRunner.privateRun(SuiteRunner.java:332)
	at org.testng.SuiteRunner.run(SuiteRunner.java:276)
	at org.testng.SuiteRunnerWorker.runSuite(SuiteRunnerWorker.java:53)
	at org.testng.SuiteRunnerWorker.run(SuiteRunnerWorker.java:96)
	at org.testng.TestNG.runSuitesSequentially(TestNG.java:1212)
	at org.testng.TestNG.runSuitesLocally(TestNG.java:1134)
	at org.testng.TestNG.runSuites(TestNG.java:1063)
	at org.testng.TestNG.run(TestNG.java:1031)
	at org.testng.remote.AbstractRemoteTestNG.run(AbstractRemoteTestNG.java:115)
	at org.testng.remote.RemoteTestNG.initAndRun(RemoteTestNG.java:251)
	at org.testng.remote.RemoteTestNG.main(RemoteTestNG.java:77)
</pre></div></td>
<td>34</td>
<td>BookingMaskTestCases.ValidateBookingWithoutSelectingAnyTravelTypeTC48@f6efaab</td></tr>
<tr>
<td title='BookingMaskTestCases.VerifyBookingInquiryWithBlankTravelFromAndTravelToDate_TC05.loginToApp()'><b>loginToApp</b><br>Test class: BookingMaskTestCases.VerifyBookingInquiryWithBlankTravelFromAndTravelToDate_TC05<br/>
<a href="#Output-1432929903" onClick='toggleBox("Output-1432929903", this, "Show output", "Hide output");'>Show output</a>

<a href="#Output-1432929903" onClick="toggleAllBoxes();">Show all outputs</a>
<div class='log' id="Output-1432929903">
Valid Username Entered<br/>
Valid Password Entered<br/>
Clicked on Dashboard button<br/>
Select the Falk Tours AG from given list<br/>
Clicked on proceed button<br/>
Clicked on sales dropdown in Dashboard<br/>
Clicked on sales Booking in Dashboard<br/>
Clicked on create Button in sales Booking page<br/>
Select TFT1 in TravelType dropdownList<br/>
</div>
</td>
<td><div><pre>org.openqa.selenium.NoSuchElementException: Cannot locate option with text: HK001 - (TESTING)
For documentation on this error, please visit: https://selenium.dev/exceptions/#no_such_element
Build info: version: &apos;4.8.3&apos;, revision: &apos;e5e76298c3&apos;
System info: os.name: &apos;Windows 10&apos;, os.arch: &apos;amd64&apos;, os.version: &apos;10.0&apos;, java.version: &apos;17.0.4.1&apos;
Driver info: driver.version: unknown
	at org.openqa.selenium.support.ui.Select.selectByVisibleText(Select.java:153)
	at utility.UtilityClass.listBoxHandlingUsingByText(UtilityClass.java:150)
	at BookingMaskTestCases.VerifyBookingInquiryWithBlankTravelFromAndTravelToDate_TC05.loginToApp(VerifyBookingInquiryWithBlankTravelFromAndTravelToDate_TC05.java:77)
	at java.base/java.util.ArrayList.forEach(ArrayList.java:1511)
... Removed 31 stack frames</pre></div><a href='#' onClick='toggleBox("stack-trace1432929903", this, "Click to show all stack frames", "Click to hide stack frames")'>Click to show all stack frames</a>
<div class='stack-trace' id='stack-trace1432929903'><pre>org.openqa.selenium.NoSuchElementException: Cannot locate option with text: HK001 - (TESTING)
For documentation on this error, please visit: https://selenium.dev/exceptions/#no_such_element
Build info: version: &apos;4.8.3&apos;, revision: &apos;e5e76298c3&apos;
System info: os.name: &apos;Windows 10&apos;, os.arch: &apos;amd64&apos;, os.version: &apos;10.0&apos;, java.version: &apos;17.0.4.1&apos;
Driver info: driver.version: unknown
	at org.openqa.selenium.support.ui.Select.selectByVisibleText(Select.java:153)
	at utility.UtilityClass.listBoxHandlingUsingByText(UtilityClass.java:150)
	at BookingMaskTestCases.VerifyBookingInquiryWithBlankTravelFromAndTravelToDate_TC05.loginToApp(VerifyBookingInquiryWithBlankTravelFromAndTravelToDate_TC05.java:77)
	at java.base/jdk.internal.reflect.NativeMethodAccessorImpl.invoke0(Native Method)
	at java.base/jdk.internal.reflect.NativeMethodAccessorImpl.invoke(NativeMethodAccessorImpl.java:77)
	at java.base/jdk.internal.reflect.DelegatingMethodAccessorImpl.invoke(DelegatingMethodAccessorImpl.java:43)
	at java.base/java.lang.reflect.Method.invoke(Method.java:568)
	at org.testng.internal.MethodInvocationHelper.invokeMethod(MethodInvocationHelper.java:133)
	at org.testng.internal.MethodInvocationHelper.invokeMethodConsideringTimeout(MethodInvocationHelper.java:62)
	at org.testng.internal.ConfigInvoker.invokeConfigurationMethod(ConfigInvoker.java:385)
	at org.testng.internal.ConfigInvoker.invokeConfigurations(ConfigInvoker.java:321)
	at org.testng.internal.TestInvoker.runConfigMethods(TestInvoker.java:700)
	at org.testng.internal.TestInvoker.invokeMethod(TestInvoker.java:527)
	at org.testng.internal.TestInvoker.invokeTestMethod(TestInvoker.java:173)
	at org.testng.internal.MethodRunner.runInSequence(MethodRunner.java:46)
	at org.testng.internal.TestInvoker$MethodInvocationAgent.invoke(TestInvoker.java:824)
	at org.testng.internal.TestInvoker.invokeTestMethods(TestInvoker.java:146)
	at org.testng.internal.TestMethodWorker.invokeTestMethods(TestMethodWorker.java:146)
	at org.testng.internal.TestMethodWorker.run(TestMethodWorker.java:128)
	at java.base/java.util.ArrayList.forEach(ArrayList.java:1511)
	at org.testng.TestRunner.privateRun(TestRunner.java:794)
	at org.testng.TestRunner.run(TestRunner.java:596)
	at org.testng.SuiteRunner.runTest(SuiteRunner.java:377)
	at org.testng.SuiteRunner.runSequentially(SuiteRunner.java:371)
	at org.testng.SuiteRunner.privateRun(SuiteRunner.java:332)
	at org.testng.SuiteRunner.run(SuiteRunner.java:276)
	at org.testng.SuiteRunnerWorker.runSuite(SuiteRunnerWorker.java:53)
	at org.testng.SuiteRunnerWorker.run(SuiteRunnerWorker.java:96)
	at org.testng.TestNG.runSuitesSequentially(TestNG.java:1212)
	at org.testng.TestNG.runSuitesLocally(TestNG.java:1134)
	at org.testng.TestNG.runSuites(TestNG.java:1063)
	at org.testng.TestNG.run(TestNG.java:1031)
	at org.testng.remote.AbstractRemoteTestNG.run(AbstractRemoteTestNG.java:115)
	at org.testng.remote.RemoteTestNG.initAndRun(RemoteTestNG.java:251)
	at org.testng.remote.RemoteTestNG.main(RemoteTestNG.java:77)
</pre></div></td>
<td>32</td>
<td>BookingMaskTestCases.VerifyBookingInquiryWithBlankTravelFromAndTravelToDate_TC05@1a482e36</td></tr>
</table><p>
<table width='100%' border='1' class='invocation-skipped'>
<tr><td colspan='4' align='center'><b>SKIPPED CONFIGURATIONS</b></td></tr>
<tr><td><b>Test method</b></td>
<td width="30%"><b>Exception</b></td>
<td width="10%"><b>Time (seconds)</b></td>
<td><b>Instance</b></td>
</tr>
<tr>
<td title='BookingMaskTestCases.ValidateBookingWithoutSelectingAnyTravelTypeTC48.Logout()'><b>Logout</b><br>Test class: BookingMaskTestCases.ValidateBookingWithoutSelectingAnyTravelTypeTC48</td>
<td></td>
<td>-1684920188</td>
<td>BookingMaskTestCases.ValidateBookingWithoutSelectingAnyTravelTypeTC48@f6efaab</td></tr>
<tr>
<td title='BookingMaskTestCases.ValidateBookingWithoutSelectingAnyTravelTypeTC48.closeBrowser()'><b>closeBrowser</b><br>Test class: BookingMaskTestCases.ValidateBookingWithoutSelectingAnyTravelTypeTC48</td>
<td></td>
<td>-1684920188</td>
<td>BookingMaskTestCases.ValidateBookingWithoutSelectingAnyTravelTypeTC48@f6efaab</td></tr>
<tr>
<td title='BookingMaskTestCases.VerifyBookingInquiryWithBlankTravelFromAndTravelToDate_TC05.closeBrowser()'><b>closeBrowser</b><br>Test class: BookingMaskTestCases.VerifyBookingInquiryWithBlankTravelFromAndTravelToDate_TC05</td>
<td></td>
<td>-1684918902</td>
<td>BookingMaskTestCases.VerifyBookingInquiryWithBlankTravelFromAndTravelToDate_TC05@1a482e36</td></tr>
</table><p>
<table width='100%' border='1' class='invocation-failed'>
<tr><td colspan='4' align='center'><b>FAILED TESTS</b></td></tr>
<tr><td><b>Test method</b></td>
<td width="30%"><b>Exception</b></td>
<td width="10%"><b>Time (seconds)</b></td>
<td><b>Instance</b></td>
</tr>
<tr>
<td title='BookingMaskTestCases.VerifyModifyBookingWithActionCodeUXTC44.validateModifyBookingWithActionCodeUX()'><b>validateModifyBookingWithActionCodeUX</b><br>Test class: BookingMaskTestCases.VerifyModifyBookingWithActionCodeUXTC44<br/>
<a href="#Output-1631296473" onClick='toggleBox("Output-1631296473", this, "Show output", "Hide output");'>Show output</a>

<a href="#Output-1631296473" onClick="toggleAllBoxes();">Show all outputs</a>
<div class='log' id="Output-1631296473">
Select TFT1 in TravelType dropdownList<br/>
Selected HK001 - (TESTING) from dropdown list<br/>
Select Falk Tours AG in CompanyID dropdownList<br/>
Send number of passenger<br/>
Send correct KOS in input field<br/>
Send correct ProductCode in input field<br/>
Send roomcode in input field<br/>
Send correct boardName<br/>
Send Occupancy<br/>
Send bookinglines <br/>
Send Travel from date for Season-G<br/>
Send Travel To date for Season-G<br/>
Send Number of passenger<br/>
Click on sendBookingButton after U action code<br/>
Clicked on ViewList<br/>
Clicked on sendTBMcode to verify booking is done or not<br/>
Clicked on Booking listButton<br/>
Send TBM code<br/>
Clicked on Booking listButton<br/>
Clicked on edit booking1<br/>
Change Booking action yo UA<br/>
Send Modified Travel To date<br/>
Click on sendBookingButton after U action code<br/>
</div>
</td>
<td><div><pre>org.openqa.selenium.ElementNotInteractableException: element not interactable
  (Session info: chrome=113.0.5672.127)
Build info: version: &apos;4.8.3&apos;, revision: &apos;e5e76298c3&apos;
System info: os.name: &apos;Windows 10&apos;, os.arch: &apos;amd64&apos;, os.version: &apos;10.0&apos;, java.version: &apos;17.0.4.1&apos;
Driver info: org.openqa.selenium.chrome.ChromeDriver
Command: [dcca602eabb1be006f2e7844fe5532c4, clearElement {id=0926A6F5DB16B4C8D004AAC5964ED22B_element_7588}]
Capabilities {acceptInsecureCerts: false, browserName: chrome, browserVersion: 113.0.5672.127, chrome: {chromedriverVersion: 113.0.5672.63 (0e1a4471d5ae..., userDataDir: C:\Users\ROHAN~1.PAT\AppDat...}, goog:chromeOptions: {debuggerAddress: localhost:62962}, networkConnectionEnabled: false, pageLoadStrategy: normal, platformName: WINDOWS, proxy: Proxy(), se:cdp: ws://localhost:62962/devtoo..., se:cdpVersion: 113.0.5672.127, setWindowRect: true, strictFileInteractability: false, timeouts: {implicit: 0, pageLoad: 300000, script: 30000}, unhandledPromptBehavior: dismiss and notify, webauthn:extension:credBlob: true, webauthn:extension:largeBlob: true, webauthn:extension:minPinLength: true, webauthn:extension:prf: true, webauthn:virtualAuthenticators: true}
Element: [[ChromeDriver: chrome on WINDOWS (dcca602eabb1be006f2e7844fe5532c4)] -&gt; id: SalesBookingHeaderNewModel_BookingAction]
Session ID: dcca602eabb1be006f2e7844fe5532c4
	at org.openqa.selenium.remote.codec.w3c.W3CHttpResponseCodec.createException(W3CHttpResponseCodec.java:200)
	at org.openqa.selenium.remote.codec.w3c.W3CHttpResponseCodec.decode(W3CHttpResponseCodec.java:133)
	at org.openqa.selenium.remote.codec.w3c.W3CHttpResponseCodec.decode(W3CHttpResponseCodec.java:53)
	at org.openqa.selenium.remote.HttpCommandExecutor.execute(HttpCommandExecutor.java:193)
	at org.openqa.selenium.remote.service.DriverCommandExecutor.invokeExecute(DriverCommandExecutor.java:183)
	at org.openqa.selenium.remote.service.DriverCommandExecutor.execute(DriverCommandExecutor.java:158)
	at org.openqa.selenium.remote.RemoteWebDriver.execute(RemoteWebDriver.java:543)
	at org.openqa.selenium.remote.RemoteWebElement.execute(RemoteWebElement.java:257)
	at org.openqa.selenium.remote.RemoteWebElement.clear(RemoteWebElement.java:132)
	at org.openqa.selenium.support.pagefactory.internal.LocatingElementHandler.invoke(LocatingElementHandler.java:52)
	at jdk.proxy2/jdk.proxy2.$Proxy18.clear(Unknown Source)
	at POM.bookingMaskPage.ClearbookingActionfield(bookingMaskPage.java:296)
	at BookingMaskTestCases.VerifyModifyBookingWithActionCodeUXTC44.validateModifyBookingWithActionCodeUX(VerifyModifyBookingWithActionCodeUXTC44.java:205)
	at java.base/java.util.ArrayList.forEach(ArrayList.java:1511)
... Removed 35 stack frames</pre></div><a href='#' onClick='toggleBox("stack-trace1631296473", this, "Click to show all stack frames", "Click to hide stack frames")'>Click to show all stack frames</a>
<div class='stack-trace' id='stack-trace1631296473'><pre>org.openqa.selenium.ElementNotInteractableException: element not interactable
  (Session info: chrome=113.0.5672.127)
Build info: version: &apos;4.8.3&apos;, revision: &apos;e5e76298c3&apos;
System info: os.name: &apos;Windows 10&apos;, os.arch: &apos;amd64&apos;, os.version: &apos;10.0&apos;, java.version: &apos;17.0.4.1&apos;
Driver info: org.openqa.selenium.chrome.ChromeDriver
Command: [dcca602eabb1be006f2e7844fe5532c4, clearElement {id=0926A6F5DB16B4C8D004AAC5964ED22B_element_7588}]
Capabilities {acceptInsecureCerts: false, browserName: chrome, browserVersion: 113.0.5672.127, chrome: {chromedriverVersion: 113.0.5672.63 (0e1a4471d5ae..., userDataDir: C:\Users\ROHAN~1.PAT\AppDat...}, goog:chromeOptions: {debuggerAddress: localhost:62962}, networkConnectionEnabled: false, pageLoadStrategy: normal, platformName: WINDOWS, proxy: Proxy(), se:cdp: ws://localhost:62962/devtoo..., se:cdpVersion: 113.0.5672.127, setWindowRect: true, strictFileInteractability: false, timeouts: {implicit: 0, pageLoad: 300000, script: 30000}, unhandledPromptBehavior: dismiss and notify, webauthn:extension:credBlob: true, webauthn:extension:largeBlob: true, webauthn:extension:minPinLength: true, webauthn:extension:prf: true, webauthn:virtualAuthenticators: true}
Element: [[ChromeDriver: chrome on WINDOWS (dcca602eabb1be006f2e7844fe5532c4)] -&gt; id: SalesBookingHeaderNewModel_BookingAction]
Session ID: dcca602eabb1be006f2e7844fe5532c4
	at java.base/jdk.internal.reflect.NativeConstructorAccessorImpl.newInstance0(Native Method)
	at java.base/jdk.internal.reflect.NativeConstructorAccessorImpl.newInstance(NativeConstructorAccessorImpl.java:77)
	at java.base/jdk.internal.reflect.DelegatingConstructorAccessorImpl.newInstance(DelegatingConstructorAccessorImpl.java:45)
	at java.base/java.lang.reflect.Constructor.newInstanceWithCaller(Constructor.java:499)
	at java.base/java.lang.reflect.Constructor.newInstance(Constructor.java:480)
	at org.openqa.selenium.remote.codec.w3c.W3CHttpResponseCodec.createException(W3CHttpResponseCodec.java:200)
	at org.openqa.selenium.remote.codec.w3c.W3CHttpResponseCodec.decode(W3CHttpResponseCodec.java:133)
	at org.openqa.selenium.remote.codec.w3c.W3CHttpResponseCodec.decode(W3CHttpResponseCodec.java:53)
	at org.openqa.selenium.remote.HttpCommandExecutor.execute(HttpCommandExecutor.java:193)
	at org.openqa.selenium.remote.service.DriverCommandExecutor.invokeExecute(DriverCommandExecutor.java:183)
	at org.openqa.selenium.remote.service.DriverCommandExecutor.execute(DriverCommandExecutor.java:158)
	at org.openqa.selenium.remote.RemoteWebDriver.execute(RemoteWebDriver.java:543)
	at org.openqa.selenium.remote.RemoteWebElement.execute(RemoteWebElement.java:257)
	at org.openqa.selenium.remote.RemoteWebElement.clear(RemoteWebElement.java:132)
	at jdk.internal.reflect.GeneratedMethodAccessor7.invoke(Unknown Source)
	at java.base/jdk.internal.reflect.DelegatingMethodAccessorImpl.invoke(DelegatingMethodAccessorImpl.java:43)
	at java.base/java.lang.reflect.Method.invoke(Method.java:568)
	at org.openqa.selenium.support.pagefactory.internal.LocatingElementHandler.invoke(LocatingElementHandler.java:52)
	at jdk.proxy2/jdk.proxy2.$Proxy18.clear(Unknown Source)
	at POM.bookingMaskPage.ClearbookingActionfield(bookingMaskPage.java:296)
	at BookingMaskTestCases.VerifyModifyBookingWithActionCodeUXTC44.validateModifyBookingWithActionCodeUX(VerifyModifyBookingWithActionCodeUXTC44.java:205)
	at java.base/jdk.internal.reflect.NativeMethodAccessorImpl.invoke0(Native Method)
	at java.base/jdk.internal.reflect.NativeMethodAccessorImpl.invoke(NativeMethodAccessorImpl.java:77)
	at java.base/jdk.internal.reflect.DelegatingMethodAccessorImpl.invoke(DelegatingMethodAccessorImpl.java:43)
	at java.base/java.lang.reflect.Method.invoke(Method.java:568)
	at org.testng.internal.MethodInvocationHelper.invokeMethod(MethodInvocationHelper.java:133)
	at org.testng.internal.TestInvoker.invokeMethod(TestInvoker.java:598)
	at org.testng.internal.TestInvoker.invokeTestMethod(TestInvoker.java:173)
	at org.testng.internal.MethodRunner.runInSequence(MethodRunner.java:46)
	at org.testng.internal.TestInvoker$MethodInvocationAgent.invoke(TestInvoker.java:824)
	at org.testng.internal.TestInvoker.invokeTestMethods(TestInvoker.java:146)
	at org.testng.internal.TestMethodWorker.invokeTestMethods(TestMethodWorker.java:146)
	at org.testng.internal.TestMethodWorker.run(TestMethodWorker.java:128)
	at java.base/java.util.ArrayList.forEach(ArrayList.java:1511)
	at org.testng.TestRunner.privateRun(TestRunner.java:794)
	at org.testng.TestRunner.run(TestRunner.java:596)
	at org.testng.SuiteRunner.runTest(SuiteRunner.java:377)
	at org.testng.SuiteRunner.runSequentially(SuiteRunner.java:371)
	at org.testng.SuiteRunner.privateRun(SuiteRunner.java:332)
	at org.testng.SuiteRunner.run(SuiteRunner.java:276)
	at org.testng.SuiteRunnerWorker.runSuite(SuiteRunnerWorker.java:53)
	at org.testng.SuiteRunnerWorker.run(SuiteRunnerWorker.java:96)
	at org.testng.TestNG.runSuitesSequentially(TestNG.java:1212)
	at org.testng.TestNG.runSuitesLocally(TestNG.java:1134)
	at org.testng.TestNG.runSuites(TestNG.java:1063)
	at org.testng.TestNG.run(TestNG.java:1031)
	at org.testng.remote.AbstractRemoteTestNG.run(AbstractRemoteTestNG.java:115)
	at org.testng.remote.RemoteTestNG.initAndRun(RemoteTestNG.java:251)
	at org.testng.remote.RemoteTestNG.main(RemoteTestNG.java:77)
</pre></div></td>
<td>82</td>
<td>BookingMaskTestCases.VerifyModifyBookingWithActionCodeUXTC44@74f0ea28</td></tr>
<tr>
<td title='BookingMaskTestCases.VerifyBookingWithMismatchPaxAndOCCTC50.validateBookingWitMismatchPaxAndOCC()'><b>validateBookingWitMismatchPaxAndOCC</b><br>Test class: BookingMaskTestCases.VerifyBookingWithMismatchPaxAndOCCTC50</td>
<td><div><pre>java.lang.AssertionError: Test Case Failed as actual and expected Messages are not matching expected [error message] but found [TESTING                                                                                                                                                                                                                                                                                                                                                                                                                                                                                                                                                                                                                                                                                                                                                                                                                                                                                                                                                                                         ]
	at BookingMaskTestCases.VerifyBookingWithMismatchPaxAndOCCTC50.validateBookingWitMismatchPaxAndOCC(VerifyBookingWithMismatchPaxAndOCCTC50.java:162)
	at java.base/java.util.ArrayList.forEach(ArrayList.java:1511)
... Removed 32 stack frames</pre></div><a href='#' onClick='toggleBox("stack-trace1646456423", this, "Click to show all stack frames", "Click to hide stack frames")'>Click to show all stack frames</a>
<div class='stack-trace' id='stack-trace1646456423'><pre>java.lang.AssertionError: Test Case Failed as actual and expected Messages are not matching expected [error message] but found [TESTING                                                                                                                                                                                                                                                                                                                                                                                                                                                                                                                                                                                                                                                                                                                                                                                                                                                                                                                                                                                         ]
	at org.testng.Assert.fail(Assert.java:99)
	at org.testng.Assert.failNotEquals(Assert.java:1037)
	at org.testng.Assert.assertEqualsImpl(Assert.java:140)
	at org.testng.Assert.assertEquals(Assert.java:122)
	at org.testng.Assert.assertEquals(Assert.java:629)
	at BookingMaskTestCases.VerifyBookingWithMismatchPaxAndOCCTC50.validateBookingWitMismatchPaxAndOCC(VerifyBookingWithMismatchPaxAndOCCTC50.java:162)
	at java.base/jdk.internal.reflect.NativeMethodAccessorImpl.invoke0(Native Method)
	at java.base/jdk.internal.reflect.NativeMethodAccessorImpl.invoke(NativeMethodAccessorImpl.java:77)
	at java.base/jdk.internal.reflect.DelegatingMethodAccessorImpl.invoke(DelegatingMethodAccessorImpl.java:43)
	at java.base/java.lang.reflect.Method.invoke(Method.java:568)
	at org.testng.internal.MethodInvocationHelper.invokeMethod(MethodInvocationHelper.java:133)
	at org.testng.internal.TestInvoker.invokeMethod(TestInvoker.java:598)
	at org.testng.internal.TestInvoker.invokeTestMethod(TestInvoker.java:173)
	at org.testng.internal.MethodRunner.runInSequence(MethodRunner.java:46)
	at org.testng.internal.TestInvoker$MethodInvocationAgent.invoke(TestInvoker.java:824)
	at org.testng.internal.TestInvoker.invokeTestMethods(TestInvoker.java:146)
	at org.testng.internal.TestMethodWorker.invokeTestMethods(TestMethodWorker.java:146)
	at org.testng.internal.TestMethodWorker.run(TestMethodWorker.java:128)
	at java.base/java.util.ArrayList.forEach(ArrayList.java:1511)
	at org.testng.TestRunner.privateRun(TestRunner.java:794)
	at org.testng.TestRunner.run(TestRunner.java:596)
	at org.testng.SuiteRunner.runTest(SuiteRunner.java:377)
	at org.testng.SuiteRunner.runSequentially(SuiteRunner.java:371)
	at org.testng.SuiteRunner.privateRun(SuiteRunner.java:332)
	at org.testng.SuiteRunner.run(SuiteRunner.java:276)
	at org.testng.SuiteRunnerWorker.runSuite(SuiteRunnerWorker.java:53)
	at org.testng.SuiteRunnerWorker.run(SuiteRunnerWorker.java:96)
	at org.testng.TestNG.runSuitesSequentially(TestNG.java:1212)
	at org.testng.TestNG.runSuitesLocally(TestNG.java:1134)
	at org.testng.TestNG.runSuites(TestNG.java:1063)
	at org.testng.TestNG.run(TestNG.java:1031)
	at org.testng.remote.AbstractRemoteTestNG.run(AbstractRemoteTestNG.java:115)
	at org.testng.remote.RemoteTestNG.initAndRun(RemoteTestNG.java:251)
	at org.testng.remote.RemoteTestNG.main(RemoteTestNG.java:77)
</pre></div></td>
<td>0</td>
<td>BookingMaskTestCases.VerifyBookingWithMismatchPaxAndOCCTC50@3c19aaa5</td></tr>
</table><p>
<table width='100%' border='1' class='invocation-passed'>
<tr><td colspan='4' align='center'><b>PASSED TESTS</b></td></tr>
<tr><td><b>Test method</b></td>
<td width="30%"><b>Exception</b></td>
<td width="10%"><b>Time (seconds)</b></td>
<td><b>Instance</b></td>
</tr>
<tr>
<td title='BookingMaskTestCases.VerifyBookingModificationWithTravelToDateIncrease_TC19.validatePriceWithTravelToDateIncrease()'><b>validatePriceWithTravelToDateIncrease</b><br>Test class: BookingMaskTestCases.VerifyBookingModificationWithTravelToDateIncrease_TC19<br/>
<a href="#Output-1147731368" onClick='toggleBox("Output-1147731368", this, "Show output", "Hide output");'>Show output</a>

<a href="#Output-1147731368" onClick="toggleAllBoxes();">Show all outputs</a>
<div class='log' id="Output-1147731368">
Validating Actual Price with increased travel to date  266640.00 and Expected Price with increase in date is 266640.00<br/>
</div>
</td>
<td></td>
<td>0</td>
<td>BookingMaskTestCases.VerifyBookingModificationWithTravelToDateIncrease_TC19@5b8dfcc1</td></tr>
<tr>
<td title='BookingMaskTestCases.VerifyBookingByEditingTravelTypeTC47.validateBookingWithFNTRTravelType()'><b>validateBookingWithFNTRTravelType</b><br>Test class: BookingMaskTestCases.VerifyBookingByEditingTravelTypeTC47<br/>
<a href="#Output-38411467" onClick='toggleBox("Output-38411467", this, "Show output", "Hide output");'>Show output</a>

<a href="#Output-38411467" onClick="toggleAllBoxes();">Show all outputs</a>
<div class='log' id="Output-38411467">
Validating Actual message Bitte pr端fen Sie den angegebenen Leistungscode.                                                                                                                                                                                                                                                                                  and Expected message Bitte pr端fen Sie den angegebenen Leistungscode.                                                                                                                                                                                                                                                                                 <br/>
</div>
</td>
<td></td>
<td>0</td>
<td>BookingMaskTestCases.VerifyBookingByEditingTravelTypeTC47@3349e9bb</td></tr>
<tr>
<td title='BookingMaskTestCases.VerifyBookingInquiryWithBlankTravelToDate_TC03.validateBookingInquiryWithBlankTravelToDate()'><b>validateBookingInquiryWithBlankTravelToDate</b><br>Test class: BookingMaskTestCases.VerifyBookingInquiryWithBlankTravelToDate_TC03<br/>
<a href="#Output-788790720" onClick='toggleBox("Output-788790720", this, "Show output", "Hide output");'>Show output</a>

<a href="#Output-788790720" onClick="toggleAllBoxes();">Show all outputs</a>
<div class='log' id="Output-788790720">
Validating actual Error message Travel From and Travel To date not proper. and Expected Error Message Travel From and Travel To date not proper.<br/>
</div>
</td>
<td></td>
<td>0</td>
<td>BookingMaskTestCases.VerifyBookingInquiryWithBlankTravelToDate_TC03@4f83df68</td></tr>
<tr>
<td title='BookingMaskTestCases.VerifyRoomOccupancyLimitTC54ToTC57.validateOccupancyMaxLimitNotSatisfied()'><b>validateOccupancyMaxLimitNotSatisfied</b><br>Test class: BookingMaskTestCases.VerifyRoomOccupancyLimitTC54ToTC57<br/>
<a href="#Output-1286210473" onClick='toggleBox("Output-1286210473", this, "Show output", "Hide output");'>Show output</a>

<a href="#Output-1286210473" onClick="toggleAllBoxes();">Show all outputs</a>
<div class='log' id="Output-1286210473">
Select TFT1 in TravelType dropdownList<br/>
Selected HK001 - (TESTING) from dropdown list<br/>
Selected room 808 from dropdown<br/>
Select Falk Tours AG in CompanyID dropdownList<br/>
Send number of passenger<br/>
Send correct KOS in input field<br/>
Send correct ProductCode in input field<br/>
Send roomcode in input field<br/>
Send correct boardName<br/>
Send Occupancy<br/>
Send bookinglines <br/>
Send Travel from date<br/>
Send Travel To date<br/>
Send Number of passenger<br/>
click on sendBookingButton <br/>
Validating Actual message Room occupancy is incorrect.                                                                                                                                                                                                                                                                                                     and Expected message Room occupancy is incorrect.                                                                                                                                                                                                                                                                                                    <br/>
</div>
</td>
<td></td>
<td>15</td>
<td>BookingMaskTestCases.VerifyRoomOccupancyLimitTC54ToTC57@2a3b5b47</td></tr>
<tr>
<td title='BookingMaskTestCases.VerifyRoomOccupancyLimitTC58ToTC61.validateOccupancyMinLimitCross()'><b>validateOccupancyMinLimitCross</b><br>Test class: BookingMaskTestCases.VerifyRoomOccupancyLimitTC58ToTC61<br/>
<a href="#Output-1985136401" onClick='toggleBox("Output-1985136401", this, "Show output", "Hide output");'>Show output</a>

<a href="#Output-1985136401" onClick="toggleAllBoxes();">Show all outputs</a>
<div class='log' id="Output-1985136401">
Select TFT1 in TravelType dropdownList<br/>
Selected HK001 - (TESTING) from dropdown list<br/>
Selected room 808 from dropdown<br/>
Select Falk Tours AG in CompanyID dropdownList<br/>
Send Booking Action<br/>
Send number of passenger<br/>
Send correct KOS in input field<br/>
Send correct ProductCode in input field<br/>
Send roomcode in input field<br/>
Send correct boardName<br/>
Send Occupancy<br/>
Send bookinglines <br/>
Send Travel from date<br/>
Send Travel To date<br/>
Send Number of passenger<br/>
Click on SendBookingButton <br/>
Validating Actual message Room occupancy is incorrect.                                                                                                                                                                                                                                                                                                     and Expected message Room occupancy is incorrect.                                                                                                                                                                                                                                                                                                    <br/>
</div>
</td>
<td></td>
<td>16</td>
<td>BookingMaskTestCases.VerifyRoomOccupancyLimitTC58ToTC61@55b699ef</td></tr>
<tr>
<td title='BookingMaskTestCases.VerifyModifyBookingByEditingBothTravelFromAndToDateTC23.validatePriceByEditingBothTravelFromAndToDate()'><b>validatePriceByEditingBothTravelFromAndToDate</b><br>Test class: BookingMaskTestCases.VerifyModifyBookingByEditingBothTravelFromAndToDateTC23<br/>
<a href="#Output-1891803206" onClick='toggleBox("Output-1891803206", this, "Show output", "Hide output");'>Show output</a>

<a href="#Output-1891803206" onClick="toggleAllBoxes();">Show all outputs</a>
<div class='log' id="Output-1891803206">
Validating Actual price with changing travel date is 1776.00 and Expected Price with changing travel date is 1776.00<br/>
</div>
</td>
<td></td>
<td>0</td>
<td>BookingMaskTestCases.VerifyModifyBookingByEditingBothTravelFromAndToDateTC23@7d8995e</td></tr>
<tr>
<td title='BookingMaskTestCases.VerifyRoomOccupancyLimitTC62ToTC65.validateMismatchInNOofPaxFieldErrorMsg()'><b>validateMismatchInNOofPaxFieldErrorMsg</b><br>Test class: BookingMaskTestCases.VerifyRoomOccupancyLimitTC62ToTC65<br/>
<a href="#Output-2023078608" onClick='toggleBox("Output-2023078608", this, "Show output", "Hide output");'>Show output</a>

<a href="#Output-2023078608" onClick="toggleAllBoxes();">Show all outputs</a>
<div class='log' id="Output-2023078608">
Select TFT1 in TravelType dropdownList<br/>
Selected HK001 - (TESTING) from dropdown list<br/>
Selected room 808 from dropdown<br/>
Select Falk Tours AG in CompanyID dropdownList<br/>
Send Booking Action<br/>
Send number of passenger<br/>
Send correct KOS in input field<br/>
Send correct ProductCode in input field<br/>
Send roomcode in input field<br/>
Send correct boardName<br/>
Send Occupancy<br/>
Send bookinglines <br/>
Send Travel from date<br/>
Send Travel To date<br/>
Send Number of passenger<br/>
Click on sendBookingButton<br/>
Validating Actual message  and Expected message Room Occupancy is not matched.                                                                                                                                                                                                                                                                                                                                                                                                                                                                                                                                                                                                                                                                                                                                                                                                                                                                                   <br/>
</div>
</td>
<td></td>
<td>18</td>
<td>BookingMaskTestCases.VerifyRoomOccupancyLimitTC62ToTC65@351d00c0</td></tr>
<tr>
<td title='BookingMaskTestCases.VerifyModifyBookingTC21andTC22.validateBookingByDecreasingDuration()'><b>validateBookingByDecreasingDuration</b><br>Test class: BookingMaskTestCases.VerifyModifyBookingTC21andTC22<br/>
<a href="#Output-214704074" onClick='toggleBox("Output-214704074", this, "Show output", "Hide output");'>Show output</a>

<a href="#Output-214704074" onClick="toggleAllBoxes();">Show all outputs</a>
<div class='log' id="Output-214704074">
Select TFT1 in TravelType dropdownList<br/>
Selected HK001 - (TESTING) from dropdown list<br/>
Send Booking Action<br/>
Select Falk Tours AG in CompanyID dropdownList<br/>
Send number of passenger<br/>
Send correct KOS in input field<br/>
Send correct ProductCode in input field<br/>
Send roomcode in input field<br/>
Send correct boardName<br/>
Send Occupancy<br/>
Send bookinglines <br/>
Send Travel from date<br/>
Send Travel To date<br/>
Send Number of passenger<br/>
Click on SendBookingButton<br/>
Clicked on ViewList<br/>
Clicked on SendTBMcode to verify booking is done or not<br/>
Clicked on Booking listButton<br/>
Send TBM code<br/>
Clicked on Booking listButton<br/>
Clicked on edit booking1<br/>
Change Booking action to U<br/>
Send Modifified Travel from date<br/>
Click on sendBookingButton after U action code<br/>
Clicked on ViewList<br/>
Clicked on SendTBMcode to verify booking is done or not<br/>
Clicked on Booking listButton<br/>
Validating Actual price 17776.00 and Expected Price 17776.00<br/>
Validating Actual ReservationNo 731379765/02 and Expected ReservationNo is 731379765/02<br/>
</div>
</td>
<td></td>
<td>77</td>
<td>BookingMaskTestCases.VerifyModifyBookingTC21andTC22@49e53c76</td></tr>
<tr>
<td title='BookingMaskTestCases.VerifyRoomOccupancyLimitTC62ToTC65.validateMismatchInPassengerFieldErrorMsg()'><b>validateMismatchInPassengerFieldErrorMsg</b><br>Test class: BookingMaskTestCases.VerifyRoomOccupancyLimitTC62ToTC65<br/>
<a href="#Output-1449286889" onClick='toggleBox("Output-1449286889", this, "Show output", "Hide output");'>Show output</a>

<a href="#Output-1449286889" onClick="toggleAllBoxes();">Show all outputs</a>
<div class='log' id="Output-1449286889">
Select TFT1 in TravelType dropdownList<br/>
Selected HK001 - (TESTING) from dropdown list<br/>
Selected room 808 from dropdown<br/>
Select Falk Tours AG in CompanyID dropdownList<br/>
Send Booking action<br/>
Send number of passenger<br/>
Send correct KOS in input field<br/>
Send correct ProductCode in input field<br/>
Send roomcode in input field<br/>
Send correct boardName<br/>
Send Occupancy<br/>
Send bookinglines <br/>
Send Travel from date<br/>
Send Travel To date<br/>
Send Number of passenger<br/>
Click on sendBookingButton <br/>
Validating Actual message Room Occupancy is not matched.                                                                                                                                                                                                                                                                                                   and Expected message Room Occupancy is not matched.                                                                                                                                                                                                                                                                                                                                                                                                                                                                                                                                                                                                                                                                                                                                                                                                                                                                                   <br/>
</div>
</td>
<td></td>
<td>14</td>
<td>BookingMaskTestCases.VerifyRoomOccupancyLimitTC62ToTC65@351d00c0</td></tr>
<tr>
<td title='BookingMaskTestCases.VerifyModifyBookingToInvalidRoomCodeTC26.validateBookingBySendingInvalidRoomcode()'><b>validateBookingBySendingInvalidRoomcode</b><br>Test class: BookingMaskTestCases.VerifyModifyBookingToInvalidRoomCodeTC26<br/>
<a href="#Output-807072084" onClick='toggleBox("Output-807072084", this, "Show output", "Hide output");'>Show output</a>

<a href="#Output-807072084" onClick="toggleAllBoxes();">Show all outputs</a>
<div class='log' id="Output-807072084">
Validating Actual message Bitte pr端fen Sie den angegebenen Zimmerscode..                                                                                                                                                                                                                                                                                   and Expected message Bitte pr端fen Sie den angegebenen Zimmerscode..                                                                                                                                                                                                                                                                                  <br/>
</div>
</td>
<td></td>
<td>0</td>
<td>BookingMaskTestCases.VerifyModifyBookingToInvalidRoomCodeTC26@6aeb35e6</td></tr>
<tr>
<td title='BookingMaskTestCases.VerifyRoomOccupancyLimitTC62ToTC65.validateMismatchInAllFieldsErrorMsg()'><b>validateMismatchInAllFieldsErrorMsg</b><br>Test class: BookingMaskTestCases.VerifyRoomOccupancyLimitTC62ToTC65<br/>
<a href="#Output-825114080" onClick='toggleBox("Output-825114080", this, "Show output", "Hide output");'>Show output</a>

<a href="#Output-825114080" onClick="toggleAllBoxes();">Show all outputs</a>
<div class='log' id="Output-825114080">
Select TFT1 in TravelType dropdownList<br/>
Selected HK001 - (TESTING) from dropdown list<br/>
Selected room 808 from dropdown<br/>
Select Falk Tours AG in CompanyID dropdownList<br/>
Send Action code<br/>
Send number of passenger<br/>
Send correct KOS in input field<br/>
Send correct ProductCode in input field<br/>
Send roomcode in input field<br/>
Send correct boardName<br/>
Send Occupancy<br/>
Send bookinglines <br/>
Send Travel from date<br/>
Send Travel To date<br/>
Send Number of passenger<br/>
Click on sendBookingButton<br/>
Validating Actual message Room occupancy is incorrect.                                                                                                                                                                                                                                                                                                     and Expected message Room occupancy is incorrect.                                                                                                                                                                                                                                                                                                    <br/>
</div>
</td>
<td></td>
<td>21</td>
<td>BookingMaskTestCases.VerifyRoomOccupancyLimitTC62ToTC65@351d00c0</td></tr>
<tr>
<td title='BookingMaskTestCases.VerifyBookingInquiryWithBlankTravelFromDate_TC04.validateBookingInquiryWithBlankTravelFromDate()'><b>validateBookingInquiryWithBlankTravelFromDate</b><br>Test class: BookingMaskTestCases.VerifyBookingInquiryWithBlankTravelFromDate_TC04<br/>
<a href="#Output-213662707" onClick='toggleBox("Output-213662707", this, "Show output", "Hide output");'>Show output</a>

<a href="#Output-213662707" onClick="toggleAllBoxes();">Show all outputs</a>
<div class='log' id="Output-213662707">
Validating actual Error message Travel From and Travel To date not proper. and Expected Error Message Travel From and Travel To date not proper.<br/>
</div>
</td>
<td></td>
<td>0</td>
<td>BookingMaskTestCases.VerifyBookingInquiryWithBlankTravelFromDate_TC04@35e2d654</td></tr>
<tr>
<td title='BookingMaskTestCases.VerifyModifyBookingWithTravelToDateDecrease_TC20.validatePriceByDecreasingTravelToDate()'><b>validatePriceByDecreasingTravelToDate</b><br>Test class: BookingMaskTestCases.VerifyModifyBookingWithTravelToDateDecrease_TC20<br/>
<a href="#Output-1044221548" onClick='toggleBox("Output-1044221548", this, "Show output", "Hide output");'>Show output</a>

<a href="#Output-1044221548" onClick="toggleAllBoxes();">Show all outputs</a>
<div class='log' id="Output-1044221548">
Validating Actual price 8888.00 and Expected Price 8888.00<br/>
</div>
</td>
<td></td>
<td>0</td>
<td>BookingMaskTestCases.VerifyModifyBookingWithTravelToDateDecrease_TC20@6cf0e0ba</td></tr>
<tr>
<td title='BookingMaskTestCases.VerifyRoomOccupancyLimitTC58ToTC61.validateOccupancyMinLimitNotSatisfield2()'><b>validateOccupancyMinLimitNotSatisfield2</b><br>Test class: BookingMaskTestCases.VerifyRoomOccupancyLimitTC58ToTC61<br/>
<a href="#Output-1741332187" onClick='toggleBox("Output-1741332187", this, "Show output", "Hide output");'>Show output</a>

<a href="#Output-1741332187" onClick="toggleAllBoxes();">Show all outputs</a>
<div class='log' id="Output-1741332187">
Select TFT1 in TravelType dropdownList<br/>
Selected HK001 - (TESTING) from dropdown list<br/>
Selected room 808 from dropdown<br/>
Select Falk Tours AG in CompanyID dropdownList<br/>
Send Booking action<br/>
Send number of passenger<br/>
Send correct KOS in input field<br/>
Send correct ProductCode in input field<br/>
Send roomcode in input field<br/>
Send correct boardName<br/>
Send Occupancy<br/>
Send bookinglines <br/>
Send Travel from date<br/>
Send Travel To date<br/>
Send Number of passenger<br/>
Click on sendBookingButton <br/>
Validating Actual message Room Occupancy is not matched.                                                                                                                                                                                                                                                                                                   and Expected message Room Occupancy is not matched.                                                                                                                                                                                                                                                                                                                                                                                                                                                                                                                                                                                                                                                                                                                                                                                                                                                                                    <br/>
</div>
</td>
<td></td>
<td>15</td>
<td>BookingMaskTestCases.VerifyRoomOccupancyLimitTC58ToTC61@55b699ef</td></tr>
<tr>
<td title='BookingMaskTestCases.VerifyRoomOccupancyLimitTC58ToTC61.validateOccupancyMinLimitNotSatisfield1()'><b>validateOccupancyMinLimitNotSatisfield1</b><br>Test class: BookingMaskTestCases.VerifyRoomOccupancyLimitTC58ToTC61<br/>
<a href="#Output-1104315585" onClick='toggleBox("Output-1104315585", this, "Show output", "Hide output");'>Show output</a>

<a href="#Output-1104315585" onClick="toggleAllBoxes();">Show all outputs</a>
<div class='log' id="Output-1104315585">
Select TFT1 in TravelType dropdownList<br/>
Selected HK001 - (TESTING) from dropdown list<br/>
Selected room 808 from dropdown<br/>
Select Falk Tours AG in CompanyID dropdownList<br/>
Send Booking action<br/>
Send number of passenger<br/>
Send correct KOS in input field<br/>
Send correct ProductCode in input field<br/>
Send roomcode in input field<br/>
Send correct boardName<br/>
Send Occupancy<br/>
Send bookinglines <br/>
Send Travel from date<br/>
Send Travel To date<br/>
Send Number of passenger<br/>
Click on sendBookingButton <br/>
Validating Actual message Room occupancy is incorrect.                                                                                                                                                                                                                                                                                                     and Expected message Room occupancy is incorrect.                                                                                                                                                                                                                                                                                                    <br/>
</div>
</td>
<td></td>
<td>14</td>
<td>BookingMaskTestCases.VerifyRoomOccupancyLimitTC58ToTC61@55b699ef</td></tr>
<tr>
<td title='BookingMaskTestCases.VerifyBookingforSeasonB_TC15.validatePriceForSeasonB()'><b>validatePriceForSeasonB</b><br>Test class: BookingMaskTestCases.VerifyBookingforSeasonB_TC15<br/>
<a href="#Output-747595226" onClick='toggleBox("Output-747595226", this, "Show output", "Hide output");'>Show output</a>

<a href="#Output-747595226" onClick="toggleAllBoxes();">Show all outputs</a>
<div class='log' id="Output-747595226">
Validating Actual price for Season-B 24864.00 and Expected Price for Season-B 24864.00<br/>
</div>
</td>
<td></td>
<td>0</td>
<td>BookingMaskTestCases.VerifyBookingforSeasonB_TC15@747ddf94</td></tr>
<tr>
<td title='BookingMaskTestCases.VerifyModifyBookingWithActionCodeUAandUTC38ToTC39.validateConfirmModifyBookingWithU()'><b>validateConfirmModifyBookingWithU</b><br>Test class: BookingMaskTestCases.VerifyModifyBookingWithActionCodeUAandUTC38ToTC39<br/>
<a href="#Output-618188173" onClick='toggleBox("Output-618188173", this, "Show output", "Hide output");'>Show output</a>

<a href="#Output-618188173" onClick="toggleAllBoxes();">Show all outputs</a>
<div class='log' id="Output-618188173">
Select TFT1 in TravelType dropdownList<br/>
Selected HK001 - (TESTING) from dropdown list<br/>
Select Falk Tours AG in CompanyID dropdownList<br/>
Send number of passenger<br/>
Send correct KOS in input field<br/>
Send correct ProductCode in input field<br/>
Send roomcode in input field<br/>
Send correct boardName<br/>
Send Occupancy<br/>
Send bookinglines <br/>
Send Travel from date for Season-G<br/>
Send Travel To date for Season-G<br/>
Send Number of passenger<br/>
Click on sendBookingButton after U action code<br/>
Clicked on ViewList<br/>
Clicked on sendTBMcode to verify booking is done or not<br/>
Clicked on Booking listButton<br/>
Send TBM code<br/>
Clicked on Booking listButton<br/>
Clicked on edit booking1<br/>
Change Booking action yo UA<br/>
Send Modified Travel To date<br/>
Click on sendBookingButton after U action code<br/>
Clicked on ViewList<br/>
Clicked on sendTBMcode to verify booking is done or not<br/>
Clicked on Booking listButton<br/>
Send TBM code<br/>
Clicked on Booking listButton<br/>
Validating Expected ReservationNo 114466872/02 and Actual ReservationNo is 114466872/02<br/>
Validating Actual price 4000.00 and Expected Price 4000.00<br/>
</div>
</td>
<td></td>
<td>107</td>
<td>BookingMaskTestCases.VerifyModifyBookingWithActionCodeUAandUTC38ToTC39@409bf450</td></tr>
<tr>
<td title='BookingMaskTestCases.VerifyBookingWithTravelFromAndTravelToSameDate_TC07.validateTravelFromAndTravelToSameDatePopUpMessageonBM()'><b>validateTravelFromAndTravelToSameDatePopUpMessageonBM</b><br>Test class: BookingMaskTestCases.VerifyBookingWithTravelFromAndTravelToSameDate_TC07<br/>
<a href="#Output-373756945" onClick='toggleBox("Output-373756945", this, "Show output", "Hide output");'>Show output</a>

<a href="#Output-373756945" onClick="toggleAllBoxes();">Show all outputs</a>
<div class='log' id="Output-373756945">
Validating Actual Message Travel From should be less than Travel To date. and Expected Message Travel From should be less than Travel To date.<br/>
</div>
</td>
<td></td>
<td>0</td>
<td>BookingMaskTestCases.VerifyBookingWithTravelFromAndTravelToSameDate_TC07@38d8f54a</td></tr>
<tr>
<td title='BookingMaskTestCases.VerifyModifyBookingWithActionCodeUAandUTC38ToTC39.validateModifyBookingInquiryWithUA()'><b>validateModifyBookingInquiryWithUA</b><br>Test class: BookingMaskTestCases.VerifyModifyBookingWithActionCodeUAandUTC38ToTC39<br/>
<a href="#Output-1494272626" onClick='toggleBox("Output-1494272626", this, "Show output", "Hide output");'>Show output</a>

<a href="#Output-1494272626" onClick="toggleAllBoxes();">Show all outputs</a>
<div class='log' id="Output-1494272626">
Select TFT1 in TravelType dropdownList<br/>
Selected HK001 - (TESTING) from dropdown list<br/>
Select Falk Tours AG in CompanyID dropdownList<br/>
Send number of passenger<br/>
Send correct KOS in input field<br/>
Send correct ProductCode in input field<br/>
Send roomcode in input field<br/>
Send correct boardName<br/>
Send Occupancy<br/>
Send bookinglines <br/>
Send Travel from date for Season-G<br/>
Send Travel To date for Season-G<br/>
Send Number of passenger<br/>
Click on sendBookingButton after U action code<br/>
Clicked on ViewList<br/>
Clicked on sendTBMcode to verify booking is done or not<br/>
Clicked on Booking listButton<br/>
Send TBM code<br/>
Clicked on Booking listButton<br/>
Clicked on edit booking1<br/>
Change Booking action yo UA<br/>
Send Modified Travel To date<br/>
Click on sendBookingButton after U action code<br/>
Clicked on ViewList<br/>
Clicked on sendTBMcode to verify booking is done or not<br/>
Clicked on Booking listButton<br/>
Send TBM code<br/>
Clicked on Booking listButton<br/>
Validating Expected ReservationNo 218733151/01 and Actual ReservationNo is 218733151/01<br/>
Validating Actual price 4000.00 and Expected Price 4000.00<br/>
</div>
</td>
<td></td>
<td>102</td>
<td>BookingMaskTestCases.VerifyModifyBookingWithActionCodeUAandUTC38ToTC39@409bf450</td></tr>
<tr>
<td title='BookingMaskTestCases.VerifyModifyBookingTC21andTC22.validateBookingByIncreasingDuration()'><b>validateBookingByIncreasingDuration</b><br>Test class: BookingMaskTestCases.VerifyModifyBookingTC21andTC22<br/>
<a href="#Output-563547954" onClick='toggleBox("Output-563547954", this, "Show output", "Hide output");'>Show output</a>

<a href="#Output-563547954" onClick="toggleAllBoxes();">Show all outputs</a>
<div class='log' id="Output-563547954">
Select TFT1 in TravelType dropdownList<br/>
Selected HK001 - (TESTING) from dropdown list<br/>
Send Booking Action<br/>
Select Falk Tours AG in CompanyID dropdownList<br/>
Send number of passenger<br/>
Send correct KOS in input field<br/>
Send correct ProductCode in input field<br/>
Send roomcode in input field<br/>
Send correct boardName<br/>
Send Occupancy<br/>
Send bookinglines <br/>
Send Travel from date From Season-B<br/>
Send Travel To date From Season-B<br/>
Send Number of passenger<br/>
Click on SendBookingButton<br/>
Clicked on ViewList<br/>
Clicked on SendTBMcode to verify booking is done or not<br/>
Clicked on Booking listButton<br/>
Send TBM code<br/>
Clicked on Booking listButton<br/>
Clicked on edit booking1<br/>
Send Modifified Travel From date<br/>
Click on sendBookingButton after U action code<br/>
Clicked on ViewList<br/>
Clicked on SendTBMcode to verify booking is done or not<br/>
Clicked on Booking listButton<br/>
Validating Actual price 8888.00 and Expected Price 8888.00<br/>
Validating Actual ReservationNo 776787232/02 and Expected ReservationNo is 776787232/02<br/>
</div>
</td>
<td></td>
<td>78</td>
<td>BookingMaskTestCases.VerifyModifyBookingTC21andTC22@49e53c76</td></tr>
<tr>
<td title='BookingMaskTestCases.VerifyRoomOccupancyLimitTC62ToTC65.validateMismatchInOCCFieldErrorMsg()'><b>validateMismatchInOCCFieldErrorMsg</b><br>Test class: BookingMaskTestCases.VerifyRoomOccupancyLimitTC62ToTC65<br/>
<a href="#Output-710535999" onClick='toggleBox("Output-710535999", this, "Show output", "Hide output");'>Show output</a>

<a href="#Output-710535999" onClick="toggleAllBoxes();">Show all outputs</a>
<div class='log' id="Output-710535999">
Select TFT1 in TravelType dropdownList<br/>
Selected HK001 - (TESTING) from dropdown list<br/>
Selected room 808 from dropdown<br/>
Select Falk Tours AG in CompanyID dropdownList<br/>
Send Booking action<br/>
Send number of passenger<br/>
Send correct KOS in input field<br/>
Send correct ProductCode in input field<br/>
Send roomcode in input field<br/>
Send correct boardName<br/>
Send Occupancy<br/>
Send bookinglines <br/>
Send Travel from date<br/>
Send Travel To date<br/>
Send Number of passenger<br/>
Click on sendBookingButton<br/>
Validating Actual message  and Expected message Room Occupancy is not matched.                                                                                                                                                                                                                                                                                                                                                                                                                                                                                                                                                                                                                                                                                                                                                                                                                                                                                   <br/>
</div>
</td>
<td></td>
<td>17</td>
<td>BookingMaskTestCases.VerifyRoomOccupancyLimitTC62ToTC65@351d00c0</td></tr>
<tr>
<td title='BookingMaskTestCases.VerifyTravelDateEndingOutOfContract_TC12.validateMessageOnBMpage()'><b>validateMessageOnBMpage</b><br>Test class: BookingMaskTestCases.VerifyTravelDateEndingOutOfContract_TC12<br/>
<a href="#Output-407168355" onClick='toggleBox("Output-407168355", this, "Show output", "Hide output");'>Show output</a>

<a href="#Output-407168355" onClick="toggleAllBoxes();">Show all outputs</a>
<div class='log' id="Output-407168355">
Validating Actual message is Kontingent nicht mehr verf端gbar.                                                                                                                                                                                                                                                                                                 and Expected message is Kontingent nicht mehr verf端gbar.                                                                                                                                                                                                                                                                                                                                                                                                                                                                                                                                                                                       <br/>
</div>
</td>
<td></td>
<td>0</td>
<td>BookingMaskTestCases.VerifyTravelDateEndingOutOfContract_TC12@1283bb96</td></tr>
<tr>
<td title='BookingMaskTestCases.VerifyBookingModificationWithEditOccupancyTC18.validateBookingByEditingOccupancyWithU()'><b>validateBookingByEditingOccupancyWithU</b><br>Test class: BookingMaskTestCases.VerifyBookingModificationWithEditOccupancyTC18<br/>
<a href="#Output-302207211" onClick='toggleBox("Output-302207211", this, "Show output", "Hide output");'>Show output</a>

<a href="#Output-302207211" onClick="toggleAllBoxes();">Show all outputs</a>
<div class='log' id="Output-302207211">
Validating Actual ReservationNo 452182813/02 and Expected ReservationNo is 452182813/02<br/>
Validating Actual price 533280.00 and Expected Price 533280.00<br/>
</div>
</td>
<td></td>
<td>0</td>
<td>BookingMaskTestCases.VerifyBookingModificationWithEditOccupancyTC18@72967906</td></tr>
<tr>
<td title='BookingMaskTestCases.VerifyBookingModifyEnquiry_TC16.validatepriceFieldWithChangeInBookingAction()'><b>validatepriceFieldWithChangeInBookingAction</b><br>Test class: BookingMaskTestCases.VerifyBookingModifyEnquiry_TC16<br/>
<a href="#Output-1738496497" onClick='toggleBox("Output-1738496497", this, "Show output", "Hide output");'>Show output</a>

<a href="#Output-1738496497" onClick="toggleAllBoxes();">Show all outputs</a>
<div class='log' id="Output-1738496497">
Validating Actual price for Season-G  533280.00 and Expected Price for Season-G with UA action code is 533280.00<br/>
</div>
</td>
<td></td>
<td>0</td>
<td>BookingMaskTestCases.VerifyBookingModifyEnquiry_TC16@2f9f7dcf</td></tr>
<tr>
<td title='BookingMaskTestCases.VerifyRoomOccupancyLimitTC54ToTC57.validateOccupancyMinLimitCross()'><b>validateOccupancyMinLimitCross</b><br>Test class: BookingMaskTestCases.VerifyRoomOccupancyLimitTC54ToTC57<br/>
<a href="#Output-754387545" onClick='toggleBox("Output-754387545", this, "Show output", "Hide output");'>Show output</a>

<a href="#Output-754387545" onClick="toggleAllBoxes();">Show all outputs</a>
<div class='log' id="Output-754387545">
Select TFT1 in TravelType dropdownList<br/>
Selected HK001 - (TESTING) from dropdown list<br/>
Selected room 808 from dropdown<br/>
Select Falk Tours AG in CompanyID dropdownList<br/>
Send Booking action<br/>
Send number of passenger<br/>
Send correct KOS in input field<br/>
Send correct ProductCode in input field<br/>
Send roomcode in input field<br/>
Send correct boardName<br/>
Send Occupancy<br/>
Send bookinglines <br/>
Send Travel from date<br/>
Send Travel To date<br/>
Select Number of passenger<br/>
click on sendBookingButton<br/>
Validating Actual message Room occupancy is incorrect.                                                                                                                                                                                                                                                                                                     and Expected message Room occupancy is incorrect.                                                                                                                                                                                                                                                                                                    <br/>
</div>
</td>
<td></td>
<td>21</td>
<td>BookingMaskTestCases.VerifyRoomOccupancyLimitTC54ToTC57@2a3b5b47</td></tr>
<tr>
<td title='BookingMaskTestCases.VerifyRoomOccupancyLimitTC54ToTC57.validateOccupancyMaxLimitCross()'><b>validateOccupancyMaxLimitCross</b><br>Test class: BookingMaskTestCases.VerifyRoomOccupancyLimitTC54ToTC57<br/>
<a href="#Output-1010575630" onClick='toggleBox("Output-1010575630", this, "Show output", "Hide output");'>Show output</a>

<a href="#Output-1010575630" onClick="toggleAllBoxes();">Show all outputs</a>
<div class='log' id="Output-1010575630">
Select TFT1 in TravelType dropdownList<br/>
Selected HK001 - (TESTING) from dropdown list<br/>
Selected room 808 from dropdown<br/>
Select Falk Tours AG in CompanyID dropdownList<br/>
Send number of passenger<br/>
Send correct KOS in input field<br/>
Send correct ProductCode in input field<br/>
Send roomcode in input field<br/>
Send correct boardName<br/>
Send Occupancy<br/>
Send bookinglines <br/>
Send Travel from date<br/>
Send Travel To date<br/>
Send Number of passenger<br/>
click on sendBookingButton<br/>
Validating Actual message Room occupancy is incorrect.                                                                                                                                                                                                                                                                                                     and Expected message Room occupancy is incorrect.                                                                                                                                                                                                                                                                                                    <br/>
</div>
</td>
<td></td>
<td>22</td>
<td>BookingMaskTestCases.VerifyRoomOccupancyLimitTC54ToTC57@2a3b5b47</td></tr>
<tr>
<td title='BookingMaskTestCases.VerifyRoomOccupancyLimitTC58ToTC61.validateOccupancyMaxLimitCross()'><b>validateOccupancyMaxLimitCross</b><br>Test class: BookingMaskTestCases.VerifyRoomOccupancyLimitTC58ToTC61<br/>
<a href="#Output-1138834067" onClick='toggleBox("Output-1138834067", this, "Show output", "Hide output");'>Show output</a>

<a href="#Output-1138834067" onClick="toggleAllBoxes();">Show all outputs</a>
<div class='log' id="Output-1138834067">
Select TFT1 in TravelType dropdownList<br/>
Selected HK001 - (TESTING) from dropdown list<br/>
Selected room 808 from dropdown<br/>
Select Falk Tours AG in CompanyID dropdownList<br/>
Send number of passenger<br/>
Send correct KOS in input field<br/>
Send correct ProductCode in input field<br/>
Send roomcode in input field<br/>
Send correct boardName<br/>
Send Occupancy<br/>
Send bookinglines <br/>
Send Travel from date<br/>
Send Travel To date<br/>
Send Number of passenger<br/>
Click on sendBookingButton <br/>
Validating Actual message Room occupancy is incorrect.                                                                                                                                                                                                                                                                                                     and Expected message Room occupancy is incorrect.                                                                                                                                                                                                                                                                                                    <br/>
</div>
</td>
<td></td>
<td>20</td>
<td>BookingMaskTestCases.VerifyRoomOccupancyLimitTC58ToTC61@55b699ef</td></tr>
<tr>
<td title='BookingMaskTestCases.VerifyModifyBookingToDateOutOfContractTC24.validateErrorMessageForOutOfContractDates()'><b>validateErrorMessageForOutOfContractDates</b><br>Test class: BookingMaskTestCases.VerifyModifyBookingToDateOutOfContractTC24<br/>
<a href="#Output-845446622" onClick='toggleBox("Output-845446622", this, "Show output", "Hide output");'>Show output</a>

<a href="#Output-845446622" onClick="toggleAllBoxes();">Show all outputs</a>
<div class='log' id="Output-845446622">
Validating Actual message Kontingent nicht mehr verf端gbar.                                                                                                                                                                                                                                                                                                 and Expected message Kontingent nicht mehr verf端gbar.                                                                                                                                                                                                                                                                                                <br/>
</div>
</td>
<td></td>
<td>0</td>
<td>BookingMaskTestCases.VerifyModifyBookingToDateOutOfContractTC24@293a5bf6</td></tr>
<tr>
<td title='BookingMaskTestCases.VerifyRoomOccupancyLimitTC54ToTC57.validateOccupancyMinLimitNotSatisfied()'><b>validateOccupancyMinLimitNotSatisfied</b><br>Test class: BookingMaskTestCases.VerifyRoomOccupancyLimitTC54ToTC57<br/>
<a href="#Output-1391209046" onClick='toggleBox("Output-1391209046", this, "Show output", "Hide output");'>Show output</a>

<a href="#Output-1391209046" onClick="toggleAllBoxes();">Show all outputs</a>
<div class='log' id="Output-1391209046">
Select TFT1 in TravelType dropdownList<br/>
Selected HK001 - (TESTING) from dropdown list<br/>
Selected room 808 from dropdown<br/>
Select Falk Tours AG in CompanyID dropdownList<br/>
Send number of passenger<br/>
Send correct KOS in input field<br/>
Send correct ProductCode in input field<br/>
Send roomcode in input field<br/>
Send correct boardName<br/>
Send Occupancy<br/>
Send bookinglines <br/>
Send Travel from date<br/>
Send Travel To date<br/>
Send Number of passenger<br/>
click on sendBookingButton<br/>
Validating Actual message Room Occupancy is not matched.                                                                                                                                                                                                                                                                                                   and Expected message Room Occupancy is not matched.                                                                                                                                                                                                                                                                                                                                                                                                                                                                                                                                                                                                                                                                                                                                                                                                                                                                                    <br/>
</div>
</td>
<td></td>
<td>13</td>
<td>BookingMaskTestCases.VerifyRoomOccupancyLimitTC54ToTC57@2a3b5b47</td></tr>
<tr>
<td title='BookingMaskTestCases.VerifyTravelToDateLessThanTravelFromDate_TC08.validateTravelToDateLessThanTravelFromDatePopUpMessageonBM()'><b>validateTravelToDateLessThanTravelFromDatePopUpMessageonBM</b><br>Test class: BookingMaskTestCases.VerifyTravelToDateLessThanTravelFromDate_TC08<br/>
<a href="#Output-1107028160" onClick='toggleBox("Output-1107028160", this, "Show output", "Hide output");'>Show output</a>

<a href="#Output-1107028160" onClick="toggleAllBoxes();">Show all outputs</a>
<div class='log' id="Output-1107028160">
Validating Actual Message Travel From should be less than Travel To date. and Expected Message Travel From should be less than Travel To date.<br/>
</div>
</td>
<td></td>
<td>0</td>
<td>BookingMaskTestCases.VerifyTravelToDateLessThanTravelFromDate_TC08@130d63be</td></tr>
<tr>
<td title='BookingMaskTestCases.VerifyTravelDatesOutOfContract_TC11.validateMessageOnBMwithDatesOutOfContract()'><b>validateMessageOnBMwithDatesOutOfContract</b><br>Test class: BookingMaskTestCases.VerifyTravelDatesOutOfContract_TC11<br/>
<a href="#Output-343670983" onClick='toggleBox("Output-343670983", this, "Show output", "Hide output");'>Show output</a>

<a href="#Output-343670983" onClick="toggleAllBoxes();">Show all outputs</a>
<div class='log' id="Output-343670983">
Validating Actual message Kontingent nicht mehr verf端gbar.                                                                                                                                                                                                                                                                                                 and Expected message Kontingent nicht mehr verf端gbar.                                                                                                                                                                                                                                                                                                                                                                                                                                                                                                                                                                                       <br/>
</div>
</td>
<td></td>
<td>0</td>
<td>BookingMaskTestCases.VerifyTravelDatesOutOfContract_TC11@42a48628</td></tr>
<tr>
<td title='BookingMaskTestCases.VerifyBookingforSeasonA_TC14.validatePriceForSeasonA()'><b>validatePriceForSeasonA</b><br>Test class: BookingMaskTestCases.VerifyBookingforSeasonA_TC14<br/>
<a href="#Output-166710672" onClick='toggleBox("Output-166710672", this, "Show output", "Hide output");'>Show output</a>

<a href="#Output-166710672" onClick="toggleAllBoxes();">Show all outputs</a>
<div class='log' id="Output-166710672">
Validating Actual price 13320.00 and Expected Price 13320.00<br/>
</div>
</td>
<td></td>
<td>0</td>
<td>BookingMaskTestCases.VerifyBookingforSeasonA_TC14@223191a6</td></tr>
</table><p>
<table width='100%' border='1' class='invocation-skipped'>
<tr><td colspan='4' align='center'><b>SKIPPED TESTS</b></td></tr>
<tr><td><b>Test method</b></td>
<td width="30%"><b>Exception</b></td>
<td width="10%"><b>Time (seconds)</b></td>
<td><b>Instance</b></td>
</tr>
<tr>
<td title='BookingMaskTestCases.VerifyBookingInquiryWithBlankTravelFromAndTravelToDate_TC05.validateBookingInquiryWithBlankTravelFromANDTravelToDateOnBM()'><b>validateBookingInquiryWithBlankTravelFromANDTravelToDateOnBM</b><br>Test class: BookingMaskTestCases.VerifyBookingInquiryWithBlankTravelFromAndTravelToDate_TC05</td>
<td><div><pre>org.openqa.selenium.NoSuchElementException: Cannot locate option with text: HK001 - (TESTING)
For documentation on this error, please visit: https://selenium.dev/exceptions/#no_such_element
Build info: version: &apos;4.8.3&apos;, revision: &apos;e5e76298c3&apos;
System info: os.name: &apos;Windows 10&apos;, os.arch: &apos;amd64&apos;, os.version: &apos;10.0&apos;, java.version: &apos;17.0.4.1&apos;
Driver info: driver.version: unknown
	at org.openqa.selenium.support.ui.Select.selectByVisibleText(Select.java:153)
	at utility.UtilityClass.listBoxHandlingUsingByText(UtilityClass.java:150)
	at BookingMaskTestCases.VerifyBookingInquiryWithBlankTravelFromAndTravelToDate_TC05.loginToApp(VerifyBookingInquiryWithBlankTravelFromAndTravelToDate_TC05.java:77)
	at java.base/java.util.ArrayList.forEach(ArrayList.java:1511)
... Removed 31 stack frames</pre></div><a href='#' onClick='toggleBox("stack-trace500096147", this, "Click to show all stack frames", "Click to hide stack frames")'>Click to show all stack frames</a>
<div class='stack-trace' id='stack-trace500096147'><pre>org.openqa.selenium.NoSuchElementException: Cannot locate option with text: HK001 - (TESTING)
For documentation on this error, please visit: https://selenium.dev/exceptions/#no_such_element
Build info: version: &apos;4.8.3&apos;, revision: &apos;e5e76298c3&apos;
System info: os.name: &apos;Windows 10&apos;, os.arch: &apos;amd64&apos;, os.version: &apos;10.0&apos;, java.version: &apos;17.0.4.1&apos;
Driver info: driver.version: unknown
	at org.openqa.selenium.support.ui.Select.selectByVisibleText(Select.java:153)
	at utility.UtilityClass.listBoxHandlingUsingByText(UtilityClass.java:150)
	at BookingMaskTestCases.VerifyBookingInquiryWithBlankTravelFromAndTravelToDate_TC05.loginToApp(VerifyBookingInquiryWithBlankTravelFromAndTravelToDate_TC05.java:77)
	at java.base/jdk.internal.reflect.NativeMethodAccessorImpl.invoke0(Native Method)
	at java.base/jdk.internal.reflect.NativeMethodAccessorImpl.invoke(NativeMethodAccessorImpl.java:77)
	at java.base/jdk.internal.reflect.DelegatingMethodAccessorImpl.invoke(DelegatingMethodAccessorImpl.java:43)
	at java.base/java.lang.reflect.Method.invoke(Method.java:568)
	at org.testng.internal.MethodInvocationHelper.invokeMethod(MethodInvocationHelper.java:133)
	at org.testng.internal.MethodInvocationHelper.invokeMethodConsideringTimeout(MethodInvocationHelper.java:62)
	at org.testng.internal.ConfigInvoker.invokeConfigurationMethod(ConfigInvoker.java:385)
	at org.testng.internal.ConfigInvoker.invokeConfigurations(ConfigInvoker.java:321)
	at org.testng.internal.TestInvoker.runConfigMethods(TestInvoker.java:700)
	at org.testng.internal.TestInvoker.invokeMethod(TestInvoker.java:527)
	at org.testng.internal.TestInvoker.invokeTestMethod(TestInvoker.java:173)
	at org.testng.internal.MethodRunner.runInSequence(MethodRunner.java:46)
	at org.testng.internal.TestInvoker$MethodInvocationAgent.invoke(TestInvoker.java:824)
	at org.testng.internal.TestInvoker.invokeTestMethods(TestInvoker.java:146)
	at org.testng.internal.TestMethodWorker.invokeTestMethods(TestMethodWorker.java:146)
	at org.testng.internal.TestMethodWorker.run(TestMethodWorker.java:128)
	at java.base/java.util.ArrayList.forEach(ArrayList.java:1511)
	at org.testng.TestRunner.privateRun(TestRunner.java:794)
	at org.testng.TestRunner.run(TestRunner.java:596)
	at org.testng.SuiteRunner.runTest(SuiteRunner.java:377)
	at org.testng.SuiteRunner.runSequentially(SuiteRunner.java:371)
	at org.testng.SuiteRunner.privateRun(SuiteRunner.java:332)
	at org.testng.SuiteRunner.run(SuiteRunner.java:276)
	at org.testng.SuiteRunnerWorker.runSuite(SuiteRunnerWorker.java:53)
	at org.testng.SuiteRunnerWorker.run(SuiteRunnerWorker.java:96)
	at org.testng.TestNG.runSuitesSequentially(TestNG.java:1212)
	at org.testng.TestNG.runSuitesLocally(TestNG.java:1134)
	at org.testng.TestNG.runSuites(TestNG.java:1063)
	at org.testng.TestNG.run(TestNG.java:1031)
	at org.testng.remote.AbstractRemoteTestNG.run(AbstractRemoteTestNG.java:115)
	at org.testng.remote.RemoteTestNG.initAndRun(RemoteTestNG.java:251)
	at org.testng.remote.RemoteTestNG.main(RemoteTestNG.java:77)
</pre></div></td>
<td>0</td>
<td>BookingMaskTestCases.VerifyBookingInquiryWithBlankTravelFromAndTravelToDate_TC05@1a482e36</td></tr>
<tr>
<td title='BookingMaskTestCases.ValidateBookingWithoutSelectingAnyTravelTypeTC48.validateBookingWithoutAnyTravelType()'><b>validateBookingWithoutAnyTravelType</b><br>Test class: BookingMaskTestCases.ValidateBookingWithoutSelectingAnyTravelTypeTC48</td>
<td><div><pre>org.openqa.selenium.ElementNotInteractableException: element not interactable: Element is not currently visible and may not be manipulated
  (Session info: chrome=113.0.5672.127)
Build info: version: &apos;4.8.3&apos;, revision: &apos;e5e76298c3&apos;
System info: os.name: &apos;Windows 10&apos;, os.arch: &apos;amd64&apos;, os.version: &apos;10.0&apos;, java.version: &apos;17.0.4.1&apos;
Driver info: org.openqa.selenium.chrome.ChromeDriver
Command: [27815caa986049fa975a9e2568f39c62, clickElement {id=DDAC9723AC83DA46601A0DBCAA479084_element_1954}]
Capabilities {acceptInsecureCerts: false, browserName: chrome, browserVersion: 113.0.5672.127, chrome: {chromedriverVersion: 113.0.5672.63 (0e1a4471d5ae..., userDataDir: C:\Users\ROHAN~1.PAT\AppDat...}, goog:chromeOptions: {debuggerAddress: localhost:63074}, networkConnectionEnabled: false, pageLoadStrategy: normal, platformName: WINDOWS, proxy: Proxy(), se:cdp: ws://localhost:63074/devtoo..., se:cdpVersion: 113.0.5672.127, setWindowRect: true, strictFileInteractability: false, timeouts: {implicit: 0, pageLoad: 300000, script: 30000}, unhandledPromptBehavior: dismiss and notify, webauthn:extension:credBlob: true, webauthn:extension:largeBlob: true, webauthn:extension:minPinLength: true, webauthn:extension:prf: true, webauthn:virtualAuthenticators: true}
Element: [[[[ChromeDriver: chrome on WINDOWS (27815caa986049fa975a9e2568f39c62)] -&gt; id: SalesBookingHeaderNewModel_TravelTypeID]] -&gt; xpath: .//option[normalize-space(.) = &quot;TFT1&quot;]]
Session ID: 27815caa986049fa975a9e2568f39c62
	at org.openqa.selenium.remote.codec.w3c.W3CHttpResponseCodec.createException(W3CHttpResponseCodec.java:200)
	at org.openqa.selenium.remote.codec.w3c.W3CHttpResponseCodec.decode(W3CHttpResponseCodec.java:133)
	at org.openqa.selenium.remote.codec.w3c.W3CHttpResponseCodec.decode(W3CHttpResponseCodec.java:53)
	at org.openqa.selenium.remote.HttpCommandExecutor.execute(HttpCommandExecutor.java:193)
	at org.openqa.selenium.remote.service.DriverCommandExecutor.invokeExecute(DriverCommandExecutor.java:183)
	at org.openqa.selenium.remote.service.DriverCommandExecutor.execute(DriverCommandExecutor.java:158)
	at org.openqa.selenium.remote.RemoteWebDriver.execute(RemoteWebDriver.java:543)
	at org.openqa.selenium.remote.RemoteWebElement.execute(RemoteWebElement.java:257)
	at org.openqa.selenium.remote.RemoteWebElement.click(RemoteWebElement.java:78)
	at org.openqa.selenium.support.ui.Select.setSelected(Select.java:320)
	at org.openqa.selenium.support.ui.Select.selectByVisibleText(Select.java:119)
	at utility.UtilityClass.listBoxHandlingUsingByText(UtilityClass.java:150)
	at BookingMaskTestCases.ValidateBookingWithoutSelectingAnyTravelTypeTC48.loginToApp(ValidateBookingWithoutSelectingAnyTravelTypeTC48.java:89)
	at java.base/java.util.ArrayList.forEach(ArrayList.java:1511)
... Removed 36 stack frames</pre></div><a href='#' onClick='toggleBox("stack-trace1870188678", this, "Click to show all stack frames", "Click to hide stack frames")'>Click to show all stack frames</a>
<div class='stack-trace' id='stack-trace1870188678'><pre>org.openqa.selenium.ElementNotInteractableException: element not interactable: Element is not currently visible and may not be manipulated
  (Session info: chrome=113.0.5672.127)
Build info: version: &apos;4.8.3&apos;, revision: &apos;e5e76298c3&apos;
System info: os.name: &apos;Windows 10&apos;, os.arch: &apos;amd64&apos;, os.version: &apos;10.0&apos;, java.version: &apos;17.0.4.1&apos;
Driver info: org.openqa.selenium.chrome.ChromeDriver
Command: [27815caa986049fa975a9e2568f39c62, clickElement {id=DDAC9723AC83DA46601A0DBCAA479084_element_1954}]
Capabilities {acceptInsecureCerts: false, browserName: chrome, browserVersion: 113.0.5672.127, chrome: {chromedriverVersion: 113.0.5672.63 (0e1a4471d5ae..., userDataDir: C:\Users\ROHAN~1.PAT\AppDat...}, goog:chromeOptions: {debuggerAddress: localhost:63074}, networkConnectionEnabled: false, pageLoadStrategy: normal, platformName: WINDOWS, proxy: Proxy(), se:cdp: ws://localhost:63074/devtoo..., se:cdpVersion: 113.0.5672.127, setWindowRect: true, strictFileInteractability: false, timeouts: {implicit: 0, pageLoad: 300000, script: 30000}, unhandledPromptBehavior: dismiss and notify, webauthn:extension:credBlob: true, webauthn:extension:largeBlob: true, webauthn:extension:minPinLength: true, webauthn:extension:prf: true, webauthn:virtualAuthenticators: true}
Element: [[[[ChromeDriver: chrome on WINDOWS (27815caa986049fa975a9e2568f39c62)] -&gt; id: SalesBookingHeaderNewModel_TravelTypeID]] -&gt; xpath: .//option[normalize-space(.) = &quot;TFT1&quot;]]
Session ID: 27815caa986049fa975a9e2568f39c62
	at java.base/jdk.internal.reflect.NativeConstructorAccessorImpl.newInstance0(Native Method)
	at java.base/jdk.internal.reflect.NativeConstructorAccessorImpl.newInstance(NativeConstructorAccessorImpl.java:77)
	at java.base/jdk.internal.reflect.DelegatingConstructorAccessorImpl.newInstance(DelegatingConstructorAccessorImpl.java:45)
	at java.base/java.lang.reflect.Constructor.newInstanceWithCaller(Constructor.java:499)
	at java.base/java.lang.reflect.Constructor.newInstance(Constructor.java:480)
	at org.openqa.selenium.remote.codec.w3c.W3CHttpResponseCodec.createException(W3CHttpResponseCodec.java:200)
	at org.openqa.selenium.remote.codec.w3c.W3CHttpResponseCodec.decode(W3CHttpResponseCodec.java:133)
	at org.openqa.selenium.remote.codec.w3c.W3CHttpResponseCodec.decode(W3CHttpResponseCodec.java:53)
	at org.openqa.selenium.remote.HttpCommandExecutor.execute(HttpCommandExecutor.java:193)
	at org.openqa.selenium.remote.service.DriverCommandExecutor.invokeExecute(DriverCommandExecutor.java:183)
	at org.openqa.selenium.remote.service.DriverCommandExecutor.execute(DriverCommandExecutor.java:158)
	at org.openqa.selenium.remote.RemoteWebDriver.execute(RemoteWebDriver.java:543)
	at org.openqa.selenium.remote.RemoteWebElement.execute(RemoteWebElement.java:257)
	at org.openqa.selenium.remote.RemoteWebElement.click(RemoteWebElement.java:78)
	at org.openqa.selenium.support.ui.Select.setSelected(Select.java:320)
	at org.openqa.selenium.support.ui.Select.selectByVisibleText(Select.java:119)
	at utility.UtilityClass.listBoxHandlingUsingByText(UtilityClass.java:150)
	at BookingMaskTestCases.ValidateBookingWithoutSelectingAnyTravelTypeTC48.loginToApp(ValidateBookingWithoutSelectingAnyTravelTypeTC48.java:89)
	at java.base/jdk.internal.reflect.NativeMethodAccessorImpl.invoke0(Native Method)
	at java.base/jdk.internal.reflect.NativeMethodAccessorImpl.invoke(NativeMethodAccessorImpl.java:77)
	at java.base/jdk.internal.reflect.DelegatingMethodAccessorImpl.invoke(DelegatingMethodAccessorImpl.java:43)
	at java.base/java.lang.reflect.Method.invoke(Method.java:568)
	at org.testng.internal.MethodInvocationHelper.invokeMethod(MethodInvocationHelper.java:133)
	at org.testng.internal.MethodInvocationHelper.invokeMethodConsideringTimeout(MethodInvocationHelper.java:62)
	at org.testng.internal.ConfigInvoker.invokeConfigurationMethod(ConfigInvoker.java:385)
	at org.testng.internal.ConfigInvoker.invokeConfigurations(ConfigInvoker.java:321)
	at org.testng.internal.TestInvoker.runConfigMethods(TestInvoker.java:700)
	at org.testng.internal.TestInvoker.invokeMethod(TestInvoker.java:527)
	at org.testng.internal.TestInvoker.invokeTestMethod(TestInvoker.java:173)
	at org.testng.internal.MethodRunner.runInSequence(MethodRunner.java:46)
	at org.testng.internal.TestInvoker$MethodInvocationAgent.invoke(TestInvoker.java:824)
	at org.testng.internal.TestInvoker.invokeTestMethods(TestInvoker.java:146)
	at org.testng.internal.TestMethodWorker.invokeTestMethods(TestMethodWorker.java:146)
	at org.testng.internal.TestMethodWorker.run(TestMethodWorker.java:128)
	at java.base/java.util.ArrayList.forEach(ArrayList.java:1511)
	at org.testng.TestRunner.privateRun(TestRunner.java:794)
	at org.testng.TestRunner.run(TestRunner.java:596)
	at org.testng.SuiteRunner.runTest(SuiteRunner.java:377)
	at org.testng.SuiteRunner.runSequentially(SuiteRunner.java:371)
	at org.testng.SuiteRunner.privateRun(SuiteRunner.java:332)
	at org.testng.SuiteRunner.run(SuiteRunner.java:276)
	at org.testng.SuiteRunnerWorker.runSuite(SuiteRunnerWorker.java:53)
	at org.testng.SuiteRunnerWorker.run(SuiteRunnerWorker.java:96)
	at org.testng.TestNG.runSuitesSequentially(TestNG.java:1212)
	at org.testng.TestNG.runSuitesLocally(TestNG.java:1134)
	at org.testng.TestNG.runSuites(TestNG.java:1063)
	at org.testng.TestNG.run(TestNG.java:1031)
	at org.testng.remote.AbstractRemoteTestNG.run(AbstractRemoteTestNG.java:115)
	at org.testng.remote.RemoteTestNG.initAndRun(RemoteTestNG.java:251)
	at org.testng.remote.RemoteTestNG.main(RemoteTestNG.java:77)
</pre></div></td>
<td>0</td>
<td>BookingMaskTestCases.ValidateBookingWithoutSelectingAnyTravelTypeTC48@f6efaab</td></tr>
</table><p>
</body>
</html>