<?xml version="1.0" encoding="UTF-8"?>
<!-- Generated by org.testng.reporters.JUnitXMLReporter -->
<testsuite ignored="0" hostname="DGIT-0099" failures="0" tests="12" name="Test" time="1057.503" errors="0" timestamp="2023-02-20T17:24:48 IST">
  <testcase classname="BookingMaskTestCases.verifyRoomOccupancyLimitTC74ToTC77" name="validateOccupancyLimitCombinationBooking" time="63.697"/>
  <testcase classname="BookingMaskTestCases.verifyRoomOccupancyLimitTC74ToTC77" name="validateOccupancyLimitCrossMaxAdults" time="24.034"/>
  <testcase classname="BookingMaskTestCases.verifyRoomOccupancyLimitTC74ToTC77" name="validateOccupancyLimitCrossMaxPersons" time="30.354"/>
  <testcase classname="BookingMaskTestCases.verifyRoomOccupancyLimitTC74ToTC77" name="validateOccupancyLimitForMinPersonWithOneChild" time="58.979"/>
  <testcase classname="BookingMaskTestCases.verifyRoomOccupancyLimitTC66ToTC69" name="validateBookingWithMaxPersonLimit" time="63.88"/>
  <testcase classname="BookingMaskTestCases.verifyRoomOccupancyLimitTC66ToTC69" name="validateBookingWithMinPersonLimit" time="53.522"/>
  <testcase classname="BookingMaskTestCases.verifyRoomOccupancyLimitTC66ToTC69" name="validateOccupancyLimitCombinationBooking" time="55.498"/>
  <testcase classname="BookingMaskTestCases.verifyRoomOccupancyLimitTC66ToTC69" name="validateOccupancyLimitForMaxChildrenBooking" time="60.253"/>
  <testcase classname="BookingMaskTestCases.verifyRoomOccupancyLimitTC70ToTC73" name="validateOccupancyForMinChildrenBooking" time="56.603"/>
  <testcase classname="BookingMaskTestCases.verifyRoomOccupancyLimitTC70ToTC73" name="validateLimitOccupancyCombinationBooking" time="66.129"/>
  <testcase classname="BookingMaskTestCases.verifyRoomOccupancyLimitTC70ToTC73" name="validateLimitOccupancyCombinationBookings" time="59.75"/>
  <testcase classname="BookingMaskTestCases.verifyRoomOccupancyLimitTC70ToTC73" name="validateLimitOccupancyForMaxAdults" time="56.356"/>
</testsuite> <!-- Test -->
