<?xml version="1.0" encoding="UTF-8"?>
<!-- Generated by org.testng.reporters.JUnitXMLReporter -->
<testsuite ignored="0" hostname="DGIT-0099" failures="1" tests="12" name="Test" time="676.867" errors="0" timestamp="2023-02-15T12:50:06 IST">
  <testcase classname="BookingMaskTC.verifyRoomOccupancyLimitTC54ToTC57" name="validateOccupancyMinLimitCross" time="28.022"/>
  <testcase classname="BookingMaskTC.verifyRoomOccupancyLimitTC54ToTC57" name="validateOccupancyMaxLimitCross" time="32.041"/>
  <testcase classname="BookingMaskTC.verifyRoomOccupancyLimitTC54ToTC57" name="validateOccupancyMinLimitNotSatisfied" time="19.763"/>
  <testcase classname="BookingMaskTC.verifyRoomOccupancyLimitTC54ToTC57" name="validateOccupancyMaxLimitNotSatisfied" time="23.537"/>
  <testcase classname="BookingMaskTC.verifyRoomOccupancyLimitTC62ToTC65" name="validateMismatchInNOofPaxFieldErrorMsg" time="21.901"/>
  <testcase classname="BookingMaskTC.verifyRoomOccupancyLimitTC62ToTC65" name="validateMismatchInPassengerFieldErrorMsg" time="21.889"/>
  <testcase classname="BookingMaskTC.verifyRoomOccupancyLimitTC62ToTC65" name="validateMismatchInOCCFieldErrorMsg" time="21.85"/>
  <testcase classname="BookingMaskTC.verifyRoomOccupancyLimitTC62ToTC65" name="validateMismatchInAllFieldsErrorMsg" time="25.988"/>
  <testcase classname="BookingMaskTC.verifyRoomOccupancyLimitTC58ToTC61" name="validateOccupancyMinLimitNotSatisfield1" time="16.913"/>
  <testcase classname="BookingMaskTC.verifyRoomOccupancyLimitTC58ToTC61" name="validateOccupancyMinLimitNotSatisfield2" time="21.703"/>
  <testcase classname="BookingMaskTC.verifyRoomOccupancyLimitTC58ToTC61" name="validateOccupancyMaxLimitCross" time="23.818"/>
  <testcase classname="BookingMaskTC.verifyRoomOccupancyLimitTC58ToTC61" name="validateOccupancyMinLimitCross" time="18.12">
    <failure type="java.lang.AssertionError" message="TC failed as Actual message and expected message are not matching  expected [Room occupancy is incorrect.                                                                                                                                                                                                                                                                                                    ] but found []">
      <![CDATA[java.lang.AssertionError: TC failed as Actual message and expected message are not matching  expected [Room occupancy is incorrect.                                                                                                                                                                                                                                                                                                    ] but found []
at BookingMaskTC.verifyRoomOccupancyLimitTC58ToTC61.validateOccupancyMinLimitCross(verifyRoomOccupancyLimitTC58ToTC61.java:494)
at java.base/java.util.ArrayList.forEach(ArrayList.java:1511)
... Removed 32 stack frames]]>
    </failure>
  </testcase> <!-- validateOccupancyMinLimitCross -->
</testsuite> <!-- Test -->
