<?xml version="1.0" encoding="UTF-8"?>
<!-- Generated by org.testng.reporters.JUnitXMLReporter -->
<testsuite ignored="0" hostname="DGIT-0099" failures="0" tests="12" name="Test" time="672.03" errors="0" timestamp="2023-02-09T17:31:40 IST">
  <testcase classname="BookingMaskTC.verifyRoomOccupancyLimitTC54ToTC57" name="validateOccupancyMinLimitCross" time="27.126"/>
  <testcase classname="BookingMaskTC.verifyRoomOccupancyLimitTC54ToTC57" name="validateOccupancyMaxLimitCross" time="31.699"/>
  <testcase classname="BookingMaskTC.verifyRoomOccupancyLimitTC54ToTC57" name="validateOccupancyMinLimitNotSatisfied" time="19.534"/>
  <testcase classname="BookingMaskTC.verifyRoomOccupancyLimitTC54ToTC57" name="validateOccupancyMaxLimitNotSatisfied" time="23.544"/>
  <testcase classname="BookingMaskTC.verifyRoomOccupancyLimitTC62ToTC65" name="validateOccupancyMinLimitNotSatisfied1" time="21.685"/>
  <testcase classname="BookingMaskTC.verifyRoomOccupancyLimitTC62ToTC65" name="validateOccupancyMinLimitNotSatisfied2" time="21.732"/>
  <testcase classname="BookingMaskTC.verifyRoomOccupancyLimitTC62ToTC65" name="validateOccupancyMaxLimitCross" time="21.776"/>
  <testcase classname="BookingMaskTC.verifyRoomOccupancyLimitTC62ToTC65" name="validateOccupancyMinLimitCross" time="25.852"/>
  <testcase classname="BookingMaskTC.verifyRoomOccupancyLimitTC58ToTC61" name="validateOccupancyMinLimitNotSatisfield1" time="16.703"/>
  <testcase classname="BookingMaskTC.verifyRoomOccupancyLimitTC58ToTC61" name="validateOccupancyMinLimitNotSatisfield2" time="21.933"/>
  <testcase classname="BookingMaskTC.verifyRoomOccupancyLimitTC58ToTC61" name="validateOccupancyMaxLimitCross" time="24.235"/>
  <testcase classname="BookingMaskTC.verifyRoomOccupancyLimitTC58ToTC61" name="validateOccupancyMinLimitCross" time="17.092"/>
</testsuite> <!-- Test -->
