<?xml version="1.0" encoding="UTF-8"?>
<!-- Generated by org.testng.reporters.JUnitXMLReporter -->
<testsuite ignored="0" hostname="DGIT-0099" failures="0" tests="13" name="Test" time="136.313" errors="0" timestamp="2022-11-05T16:43:01 IST">
  <testcase classname="LoginPageTC.LoginValidation_TC01" name="ValidUserNameAndValidPasswordTest" time="0.657"/>
  <testcase classname="LoginPageTC.DashboardValidation_TC02" name="ValidUserNameAndValidPasswordEnterToDashboardPageTest" time="0.343"/>
  <testcase classname="LoginPageTC.ValidateErrorMsgOnPassword_TC03" name="CheckIncorrectCredentialsOnPasswordFieldTest" time="0.464"/>
  <testcase classname="LoginPageTC.ValidateErrorMsgOnUserName_TC04" name="CheckIncorrectCredentialsOnUserNameFieldTest" time="0.477"/>
  <testcase classname="LoginPageTC.RecoveryPasswordClickValidation_TC08" name="ClickOnRecoveryPasswordLinkTest" time="0.224"/>
  <testcase classname="LoginPageTC.RecoverPasswordAndBackToLoginVaidation_TC09" name="RecoverPasswordAndGoBackToLoginTest" time="0.093"/>
  <testcase classname="LoginPageTC.LoginPageRefreshValidation_TC10" name="ValidUserNamePasswordAndRefreshpageTest" time="0.047"/>
  <testcase classname="LoginPageTC.RecoverPasswordRefreshValidation_TC14" name="ValidUserNameEnterAndRefreshPageTest" time="0.071"/>
  <testcase classname="LoginPageTC.LoginPageTextValidation_TC17" name="ValidateCopyrightTextOnLoginPageTest" time="0.091"/>
  <testcase classname="LoginPageTC.LoginPageTextValidationTC_18" name="ValidateWelcomeBackTextOnLoginPageTest" time="0.119"/>
  <testcase classname="LoginPageTC.ValidateRecoverPwdLinkTC_20" name="VerifyRecoverPwdIsLinkTest" time="0.095"/>
  <testcase classname="LoginPageTC.RecoveryPasswordPageTextValidation_TC23" name="ValidateWelcomeTextOnRecoveryPageTest" time="0.277"/>
  <testcase classname="LoginPageTC.recoveryPasswordPageValidation_TC24" name="ValidateCopyrightTextOnRecoveryPasswordTest" time="0.075"/>
</testsuite> <!-- Test -->
