<?xml version="1.0" encoding="UTF-8"?>
<!-- Generated by org.testng.reporters.JUnitXMLReporter -->
<testsuite ignored="0" hostname="DGIT-0099" failures="0" tests="13" name="Test" time="94.899" errors="0" timestamp="2023-06-30T17:28:59 IST">
  <testcase classname="LoginPageTestCases.LoginPageTextValidation_TC17" name="ValidateCopyrightTextOnLoginPageTest" time="1.612"/>
  <testcase classname="LoginPageTestCases.RecoveryPasswordPageTextValidation_TC23" name="ValidateWelcomeTextOnRecoveryPageTest" time="0.961"/>
  <testcase classname="LoginPageTestCases.RecoverPasswordAndBackToLoginVaidation_TC09" name="RecoverPasswordAndGoBackToLoginTest" time="0.382"/>
  <testcase classname="LoginPageTestCases.LoginPageRefreshValidation_TC10" name="ValidUserNamePasswordAndRefreshpageTest" time="0.235"/>
  <testcase classname="LoginPageTestCases.LoginValidation_TC01" name="ValidUserNameAndValidPasswordTest" time="0.171"/>
  <testcase classname="LoginPageTestCases.ValidateErrorMsgOnUserName_TC04" name="CheckIncorrectCredentialsOnUserNameFieldTest" time="0.501"/>
  <testcase classname="LoginPageTestCases.RecoveryPasswordClickValidation_TC08" name="ClickOnRecoveryPasswordLinkTest" time="0.154"/>
  <testcase classname="LoginPageTestCases.ValidateErrorMsgOnPassword_TC03" name="CheckIncorrectCredentialsOnPasswordFieldTest" time="0.465"/>
  <testcase classname="LoginPageTestCases.DashboardValidation_TC02" name="ValidUserNameAndValidPasswordEnterToDashboardPageTest" time="0.129"/>
  <testcase classname="LoginPageTestCases.RecoverPasswordRefreshValidation_TC14" name="ValidUserNameEnterAndRefreshPageTest" time="0.119"/>
  <testcase classname="LoginPageTestCases.LoginPageTextValidationTC_18" name="ValidateWelcomeBackTextOnLoginPageTest" time="0.143"/>
  <testcase classname="LoginPageTestCases.recoveryPasswordPageValidation_TC24" name="ValidateCopyrightTextOnRecoveryPasswordTest" time="0.14"/>
  <testcase classname="LoginPageTestCases.ValidateRecoverPwdLinkTC_20" name="VerifyRecoverPwdIsLinkTest" time="0.155"/>
</testsuite> <!-- Test -->
