<?xml version="1.0" encoding="UTF-8"?>
<!-- Generated by org.testng.reporters.JUnitXMLReporter -->
<testsuite ignored="3" hostname="DGIT-0099" failures="24" tests="51" name="Test" time="2979.685" errors="0" timestamp="2023-07-26T15:41:07 IST">
  <testcase classname="BookingMaskTestCases.VerifyBookingForMinStayForFirstAndSecondMonthTC131ToTC132" name="validateBookingForFirstMonthWithMinStay" time="62.772"/>
  <testcase classname="BookingMaskTestCases.VerifyBookingForMinStayForFirstAndSecondMonthTC131ToTC132" name="validateBookingForSecondMonthWithMinStay" time="22.772"/>
  <testcase classname="BookingMaskTestCases.VerifyBookingForFirstMonthToSecondMonthWithArriDeptConditionTC133ToTC134" name="validateBookingForMinStayFromFirstMonthToSecondMonth" time="56.714"/>
  <testcase classname="BookingMaskTestCases.VerifyBookingForFirstMonthToSecondMonthWithArriDeptConditionTC133ToTC134" name="validateBookingForBothFirstMonthAndSecondMonthDuration" time="22.579"/>
  <testcase classname="BookingMaskTestCases.VerifyModifyBookingWithMinMaxStayDurationTC140ToTC142" name="validateBookingToLessthanMinStay" time="25.197"/>
  <testcase classname="BookingMaskTestCases.VerifyModifyBookingWithMinMaxStayDurationTC140ToTC142" name="validateBookingToMorethanMaxStay" time="22.454"/>
  <testcase classname="BookingMaskTestCases.VerifyModifyBookingWithMinMaxStayDurationTC140ToTC142" name="validateBookingWithVaildStay" time="83.696">
    <failure type="org.openqa.selenium.NoSuchElementException" message="no such element: Unable to locate element: {&amp;quot;method&amp;quot;:&amp;quot;css selector&amp;quot;,&amp;quot;selector&amp;quot;:&amp;quot;#bookinglines_Price_1&amp;quot;}
  (Session info: chrome=115.0.5790.110)
For documentation on this error, please visit: https://www.selenium.dev/documentation/webdriver/troubleshooting/errors#no-such-element-exception
Build info: version: &amp;apos;4.10.0&amp;apos;, revision: &amp;apos;c14d967899&amp;apos;
System info: os.name: &amp;apos;Windows 10&amp;apos;, os.arch: &amp;apos;amd64&amp;apos;, os.version: &amp;apos;10.0&amp;apos;, java.version: &amp;apos;17.0.4.1&amp;apos;
Driver info: org.openqa.selenium.chrome.ChromeDriver
Command: [25144db585c8cfaa10b0e520e7e6a60e, findElement {using=id, value=bookinglines_Price_1}]
Capabilities {acceptInsecureCerts: false, browserName: chrome, browserVersion: 115.0.5790.110, chrome: {chromedriverVersion: 114.0.5735.90 (386bc09e8f4f..., userDataDir: C:\Users\ROHAN~1.PAT\AppDat...}, goog:chromeOptions: {debuggerAddress: localhost:50313}, networkConnectionEnabled: false, pageLoadStrategy: normal, platformName: windows, proxy: Proxy(), se:cdp: ws://localhost:50313/devtoo..., se:cdpVersion: 115.0.5790.110, setWindowRect: true, strictFileInteractability: false, timeouts: {implicit: 0, pageLoad: 300000, script: 30000}, unhandledPromptBehavior: dismiss and notify, webauthn:extension:credBlob: true, webauthn:extension:largeBlob: true, webauthn:extension:minPinLength: true, webauthn:extension:prf: true, webauthn:virtualAuthenticators: true}
Session ID: 25144db585c8cfaa10b0e520e7e6a60e">
      <![CDATA[org.openqa.selenium.NoSuchElementException: no such element: Unable to locate element: {"method":"css selector","selector":"#bookinglines_Price_1"}
  (Session info: chrome=115.0.5790.110)
For documentation on this error, please visit: https://www.selenium.dev/documentation/webdriver/troubleshooting/errors#no-such-element-exception
Build info: version: '4.10.0', revision: 'c14d967899'
System info: os.name: 'Windows 10', os.arch: 'amd64', os.version: '10.0', java.version: '17.0.4.1'
Driver info: org.openqa.selenium.chrome.ChromeDriver
Command: [25144db585c8cfaa10b0e520e7e6a60e, findElement {using=id, value=bookinglines_Price_1}]
Capabilities {acceptInsecureCerts: false, browserName: chrome, browserVersion: 115.0.5790.110, chrome: {chromedriverVersion: 114.0.5735.90 (386bc09e8f4f..., userDataDir: C:\Users\ROHAN~1.PAT\AppDat...}, goog:chromeOptions: {debuggerAddress: localhost:50313}, networkConnectionEnabled: false, pageLoadStrategy: normal, platformName: windows, proxy: Proxy(), se:cdp: ws://localhost:50313/devtoo..., se:cdpVersion: 115.0.5790.110, setWindowRect: true, strictFileInteractability: false, timeouts: {implicit: 0, pageLoad: 300000, script: 30000}, unhandledPromptBehavior: dismiss and notify, webauthn:extension:credBlob: true, webauthn:extension:largeBlob: true, webauthn:extension:minPinLength: true, webauthn:extension:prf: true, webauthn:virtualAuthenticators: true}
Session ID: 25144db585c8cfaa10b0e520e7e6a60e
at org.openqa.selenium.remote.codec.w3c.W3CHttpResponseCodec.createException(W3CHttpResponseCodec.java:199)
at org.openqa.selenium.remote.codec.w3c.W3CHttpResponseCodec.decode(W3CHttpResponseCodec.java:132)
at org.openqa.selenium.remote.codec.w3c.W3CHttpResponseCodec.decode(W3CHttpResponseCodec.java:51)
at org.openqa.selenium.remote.HttpCommandExecutor.execute(HttpCommandExecutor.java:191)
at org.openqa.selenium.remote.service.DriverCommandExecutor.invokeExecute(DriverCommandExecutor.java:196)
at org.openqa.selenium.remote.service.DriverCommandExecutor.execute(DriverCommandExecutor.java:171)
at org.openqa.selenium.remote.RemoteWebDriver.execute(RemoteWebDriver.java:531)
at org.openqa.selenium.remote.ElementLocation$ElementFinder$2.findElement(ElementLocation.java:165)
at org.openqa.selenium.remote.ElementLocation.findElement(ElementLocation.java:59)
at org.openqa.selenium.remote.RemoteWebDriver.findElement(RemoteWebDriver.java:350)
at org.openqa.selenium.remote.RemoteWebDriver.findElement(RemoteWebDriver.java:344)
at org.openqa.selenium.support.pagefactory.DefaultElementLocator.findElement(DefaultElementLocator.java:68)
at org.openqa.selenium.support.pagefactory.internal.LocatingElementHandler.invoke(LocatingElementHandler.java:38)
at jdk.proxy2/jdk.proxy2.$Proxy18.getAttribute(Unknown Source)
at POM.bookingUpdatePage.getPriceFieldValue1(bookingUpdatePage.java:63)
at BookingMaskTestCases.VerifyModifyBookingWithMinMaxStayDurationTC140ToTC142.validateBookingWithVaildStay(VerifyModifyBookingWithMinMaxStayDurationTC140ToTC142.java:380)
at java.base/java.util.ArrayList.forEach(ArrayList.java:1511)
... Removed 32 stack frames]]>
    </failure>
  </testcase> <!-- validateBookingWithVaildStay -->
  <testcase classname="BookingMaskTestCases.VerifyBookingWithArriDateSetMonTueWedAndDepaDateThuFriSatTC135ToTC139" name="validateBookingWithMinStayForCorrectArriDeptDaysWithB" time="53.71"/>
  <testcase classname="BookingMaskTestCases.VerifyBookingWithArriDateSetMonTueWedAndDepaDateThuFriSatTC135ToTC139" name="validateBookingWithMaxStayForCorrectArriDeptDaysWithB" time="62.336"/>
  <testcase classname="BookingMaskTestCases.VerifyBookingWithArriDateSetMonTueWedAndDepaDateThuFriSatTC135ToTC139" name="validateBookingToCrossMaxStayForCorrectArriDeptDaysWithB" time="18.18"/>
  <testcase classname="BookingMaskTestCases.VerifyBookingWithArriDateSetMonTueWedAndDepaDateThuFriSatTC135ToTC139" name="validateBookingWithOutofArrivalDayWithB" time="20.222"/>
  <testcase classname="BookingMaskTestCases.VerifyBookingWithArriDateSetMonTueWedAndDepaDateThuFriSatTC135ToTC139" name="validateBookingWithStayLimitCrossedAndIncorrectArriDeptWithB" time="20.277"/>
  <testcase classname="BookingMaskTestCases.VerifyBookingsForMaxAndMinStayDurationWithActionCodeB_TC126ToTC130" name="validateBookingAndPriceForMinStayWithB" time="58.233">
    <failure type="java.lang.AssertionError" message="Test Case Failed as actual &amp;amp; expected ReservationNo are not matching expected [121528488/01] but found [562897986/01]">
      <![CDATA[java.lang.AssertionError: Test Case Failed as actual & expected ReservationNo are not matching expected [121528488/01] but found [562897986/01]
at BookingMaskTestCases.VerifyBookingsForMaxAndMinStayDurationWithActionCodeB_TC126ToTC130.validateBookingAndPriceForMinStayWithB(VerifyBookingsForMaxAndMinStayDurationWithActionCodeB_TC126ToTC130.java:183)
at java.base/java.util.ArrayList.forEach(ArrayList.java:1511)
... Removed 32 stack frames]]>
    </failure>
  </testcase> <!-- validateBookingAndPriceForMinStayWithB -->
  <testcase classname="BookingMaskTestCases.VerifyBookingsForMaxAndMinStayDurationWithActionCodeB_TC126ToTC130" name="validateBookingAndPriceForMaxStayWithB" time="54.713"/>
  <testcase classname="BookingMaskTestCases.VerifyBookingsForMaxAndMinStayDurationWithActionCodeB_TC126ToTC130" name="validateBookingAndPriceBetweenMinAndMaxStayWithB" time="19.963"/>
  <testcase classname="BookingMaskTestCases.VerifyBookingsForMaxAndMinStayDurationWithActionCodeB_TC126ToTC130" name="validteErrorMessageForBelowMinStayWithB" time="19.261"/>
  <testcase classname="BookingMaskTestCases.VerifyBookingsForMaxAndMinStayDurationWithActionCodeB_TC126ToTC130" name="validateErrorMessageForAboveMaxStayWithB" time="20.055"/>
  <testcase classname="BookingMaskTestCases.VerifyTravelDatesConditionSetMonAndTues_TC102ToTC104" name="validatePriceForMonNightOnlyWeekdaySetMonAndTues" time="14.308"/>
  <testcase classname="BookingMaskTestCases.VerifyTravelDatesConditionSetMonAndTues_TC102ToTC104" name="validatePriceForTuesNightOnlyWeekdaySetMonAndTues" time="14.258"/>
  <testcase classname="BookingMaskTestCases.VerifyTravelDatesConditionSetMonAndTues_TC102ToTC104" name="validatePriceForMonToWedWeekdaySetMonAndTues" time="14.655"/>
  <testcase classname="BookingMaskTestCases.VerifyTravelDateConditionSetMonAndTues_TC105ToTC107" name="validateErrorMsgBySendingTravelDateMonToThurWeekdaySetMonToTue" time="12.922">
    <failure type="java.lang.AssertionError" message="TC failed as Actual message and expected message are not matching  expected [Invalid Travel Duration-no price information in the net contract.                                                                                                                                                                                                                                                               ] but found [Kontingent nicht mehr verfügbar.                                                                                                                                                                                                                                                                                                ]">
      <![CDATA[java.lang.AssertionError: TC failed as Actual message and expected message are not matching  expected [Invalid Travel Duration-no price information in the net contract.                                                                                                                                                                                                                                                               ] but found [Kontingent nicht mehr verfügbar.                                                                                                                                                                                                                                                                                                ]
at BookingMaskTestCases.VerifyTravelDateConditionSetMonAndTues_TC105ToTC107.validateErrorMsgBySendingTravelDateMonToThurWeekdaySetMonToTue(VerifyTravelDateConditionSetMonAndTues_TC105ToTC107.java:131)
at java.base/java.util.ArrayList.forEach(ArrayList.java:1511)
... Removed 32 stack frames]]>
    </failure>
  </testcase> <!-- validateErrorMsgBySendingTravelDateMonToThurWeekdaySetMonToTue -->
  <testcase classname="BookingMaskTestCases.VerifyTravelDateConditionSetMonAndTues_TC105ToTC107" name="validateErrorMsgBySendingTravelDateSunToTueWeekdaySetMonToTue" time="13.883">
    <failure type="java.lang.AssertionError" message="TC failed as Actual message and expected message are not matching  expected [Invalid Travel Duration-no price information in the net contract.                                                                                                                                                                                                                                                               ] but found [Kontingent nicht mehr verfügbar.                                                                                                                                                                                                                                                                                                ]">
      <![CDATA[java.lang.AssertionError: TC failed as Actual message and expected message are not matching  expected [Invalid Travel Duration-no price information in the net contract.                                                                                                                                                                                                                                                               ] but found [Kontingent nicht mehr verfügbar.                                                                                                                                                                                                                                                                                                ]
at BookingMaskTestCases.VerifyTravelDateConditionSetMonAndTues_TC105ToTC107.validateErrorMsgBySendingTravelDateSunToTueWeekdaySetMonToTue(VerifyTravelDateConditionSetMonAndTues_TC105ToTC107.java:197)
at java.base/java.util.ArrayList.forEach(ArrayList.java:1511)
... Removed 32 stack frames]]>
    </failure>
  </testcase> <!-- validateErrorMsgBySendingTravelDateSunToTueWeekdaySetMonToTue -->
  <testcase classname="BookingMaskTestCases.VerifyTravelDateConditionSetMonAndTues_TC105ToTC107" name="validateErrorMsgBySendingTravelDateThursToFridWeekdaySetMonToTue" time="14.212">
    <failure type="java.lang.AssertionError" message="TC failed as Actual message and expected message are not matching  expected [Invalid Travel Duration-no price information in the net contract.                                                                                                                                                                                                                                                               ] but found [Kontingent nicht mehr verfügbar.                                                                                                                                                                                                                                                                                                ]">
      <![CDATA[java.lang.AssertionError: TC failed as Actual message and expected message are not matching  expected [Invalid Travel Duration-no price information in the net contract.                                                                                                                                                                                                                                                               ] but found [Kontingent nicht mehr verfügbar.                                                                                                                                                                                                                                                                                                ]
at BookingMaskTestCases.VerifyTravelDateConditionSetMonAndTues_TC105ToTC107.validateErrorMsgBySendingTravelDateThursToFridWeekdaySetMonToTue(VerifyTravelDateConditionSetMonAndTues_TC105ToTC107.java:263)
at java.base/java.util.ArrayList.forEach(ArrayList.java:1511)
... Removed 32 stack frames]]>
    </failure>
  </testcase> <!-- validateErrorMsgBySendingTravelDateThursToFridWeekdaySetMonToTue -->
  <testcase classname="BookingMaskTestCases.VerifyTravelDateConditionSetWeekdaysMonAndWed_TC93ToTC97" name="validatePriceForTravelDateIsMondayWeekdaySetMonAndWed" time="14.624"/>
  <testcase classname="BookingMaskTestCases.VerifyTravelDateConditionSetWeekdaysMonAndWed_TC93ToTC97" name="validatePriceForTravelDateIsWedWeekdaySetMonAndWed" time="14.131"/>
  <testcase classname="BookingMaskTestCases.VerifyTravelDateConditionSetWeekdaysMonAndWed_TC93ToTC97" name="validateErrorMsgBySendingTravelDateMonToWedWeekdaySetMonAndWed" time="13.87">
    <failure type="java.lang.AssertionError" message="TC failed as Actual message and expected message are not matching  expected [Invalid Travel Duration-no price information in the net contract.                                                                                                                                                                                                                                                               ] but found [Kontingent nicht mehr verfügbar.                                                                                                                                                                                                                                                                                                ]">
      <![CDATA[java.lang.AssertionError: TC failed as Actual message and expected message are not matching  expected [Invalid Travel Duration-no price information in the net contract.                                                                                                                                                                                                                                                               ] but found [Kontingent nicht mehr verfügbar.                                                                                                                                                                                                                                                                                                ]
at BookingMaskTestCases.VerifyTravelDateConditionSetWeekdaysMonAndWed_TC93ToTC97.validateErrorMsgBySendingTravelDateMonToWedWeekdaySetMonAndWed(VerifyTravelDateConditionSetWeekdaysMonAndWed_TC93ToTC97.java:265)
at java.base/java.util.ArrayList.forEach(ArrayList.java:1511)
... Removed 32 stack frames]]>
    </failure>
  </testcase> <!-- validateErrorMsgBySendingTravelDateMonToWedWeekdaySetMonAndWed -->
  <testcase classname="BookingMaskTestCases.VerifyTravelDateConditionSetWeekdaysMonAndWed_TC93ToTC97" name="validateErrorMsgBySendingTravelDateSunToMonWeekdaySetMonAndWed" time="14.305">
    <failure type="java.lang.AssertionError" message="TC failed as Actual message and expected message are not matching  expected [Invalid Travel Duration-no price information in the net contract.                                                                                                                                                                                                                                                               ] but found [Kontingent nicht mehr verfügbar.                                                                                                                                                                                                                                                                                                ]">
      <![CDATA[java.lang.AssertionError: TC failed as Actual message and expected message are not matching  expected [Invalid Travel Duration-no price information in the net contract.                                                                                                                                                                                                                                                               ] but found [Kontingent nicht mehr verfügbar.                                                                                                                                                                                                                                                                                                ]
at BookingMaskTestCases.VerifyTravelDateConditionSetWeekdaysMonAndWed_TC93ToTC97.validateErrorMsgBySendingTravelDateSunToMonWeekdaySetMonAndWed(VerifyTravelDateConditionSetWeekdaysMonAndWed_TC93ToTC97.java:331)
at java.base/java.util.ArrayList.forEach(ArrayList.java:1511)
... Removed 32 stack frames]]>
    </failure>
  </testcase> <!-- validateErrorMsgBySendingTravelDateSunToMonWeekdaySetMonAndWed -->
  <testcase classname="BookingMaskTestCases.VerifyTravelDateConditionSetWeekdaysMonAndWed_TC93ToTC97" name="validateErrorMsgBySendingTravelDateTuesToWedWeekdaySetMonAndWed" time="14.476">
    <failure type="java.lang.AssertionError" message="TC failed as Actual message and expected message are not matching  expected [Invalid Travel Duration-no price information in the net contract.                                                                                                                                                                                                                                                               ] but found [Kontingent nicht mehr verfügbar.                                                                                                                                                                                                                                                                                                ]">
      <![CDATA[java.lang.AssertionError: TC failed as Actual message and expected message are not matching  expected [Invalid Travel Duration-no price information in the net contract.                                                                                                                                                                                                                                                               ] but found [Kontingent nicht mehr verfügbar.                                                                                                                                                                                                                                                                                                ]
at BookingMaskTestCases.VerifyTravelDateConditionSetWeekdaysMonAndWed_TC93ToTC97.validateErrorMsgBySendingTravelDateTuesToWedWeekdaySetMonAndWed(VerifyTravelDateConditionSetWeekdaysMonAndWed_TC93ToTC97.java:398)
at java.base/java.util.ArrayList.forEach(ArrayList.java:1511)
... Removed 32 stack frames]]>
    </failure>
  </testcase> <!-- validateErrorMsgBySendingTravelDateTuesToWedWeekdaySetMonAndWed -->
  <testcase classname="BookingMaskTestCases.VerifyTravelDatesConditionSetMonTuesWedAndThursWithActionCodeB_TC118ToTC121" name="validateErrorMsgBySendingTravelDateMonToFriWeekdaySetMonTuesWedAndThursWithB" time="15.47">
    <failure type="java.lang.AssertionError" message="TC failed as Actual message and expected message are not matching  expected [Kontingent nicht mehr verfügbar.                                                                                                                                                                                                                                                                                                ] but found [Invalid Travel Duration-no price information in the net contract.                                                                                                                                                                                                                                                               ]">
      <![CDATA[java.lang.AssertionError: TC failed as Actual message and expected message are not matching  expected [Kontingent nicht mehr verfügbar.                                                                                                                                                                                                                                                                                                ] but found [Invalid Travel Duration-no price information in the net contract.                                                                                                                                                                                                                                                               ]
at BookingMaskTestCases.VerifyTravelDatesConditionSetMonTuesWedAndThursWithActionCodeB_TC118ToTC121.validateErrorMsgBySendingTravelDateMonToFriWeekdaySetMonTuesWedAndThursWithB(VerifyTravelDatesConditionSetMonTuesWedAndThursWithActionCodeB_TC118ToTC121.java:157)
at java.base/java.util.ArrayList.forEach(ArrayList.java:1511)
... Removed 32 stack frames]]>
    </failure>
  </testcase> <!-- validateErrorMsgBySendingTravelDateMonToFriWeekdaySetMonTuesWedAndThursWithB -->
  <testcase classname="BookingMaskTestCases.VerifyTravelDatesConditionSetMonTuesWedAndThursWithActionCodeB_TC118ToTC121" name="validateBookingBySendingTravelDateMonToWedWeekdaySetMonTuesWedAndThursWithB" time="55.64"/>
  <testcase classname="BookingMaskTestCases.VerifyTravelDatesConditionSetMonTuesWedAndThursWithActionCodeB_TC118ToTC121" name="validateErrorMsgBySendingTravelDateSunToMonWeekdaySetMonTuesWedAndThursWithB" time="20.323">
    <failure type="java.lang.AssertionError" message="TC failed as Actual message and expected message are not matching  expected [Kontingent nicht mehr verfügbar.                                                                                                                                                                                                                                                                                                ] but found [Invalid Travel Duration-no price information in the net contract.                                                                                                                                                                                                                                                               ]">
      <![CDATA[java.lang.AssertionError: TC failed as Actual message and expected message are not matching  expected [Kontingent nicht mehr verfügbar.                                                                                                                                                                                                                                                                                                ] but found [Invalid Travel Duration-no price information in the net contract.                                                                                                                                                                                                                                                               ]
at BookingMaskTestCases.VerifyTravelDatesConditionSetMonTuesWedAndThursWithActionCodeB_TC118ToTC121.validateErrorMsgBySendingTravelDateSunToMonWeekdaySetMonTuesWedAndThursWithB(VerifyTravelDatesConditionSetMonTuesWedAndThursWithActionCodeB_TC118ToTC121.java:353)
at java.base/java.util.ArrayList.forEach(ArrayList.java:1511)
... Removed 32 stack frames]]>
    </failure>
  </testcase> <!-- validateErrorMsgBySendingTravelDateSunToMonWeekdaySetMonTuesWedAndThursWithB -->
  <testcase classname="BookingMaskTestCases.VerifyTravelDatesConditionSetMonTuesWedAndThursWithActionCodeB_TC118ToTC121" name="validateErrorMsgBySendingTravelDateSunToTuedWeekdaySetMonTueWedAndThursWithB" time="20.972">
    <failure type="java.lang.AssertionError" message="TC failed as Actual message and expected message are not matching  expected [Kontingent nicht mehr verfügbar.                                                                                                                                                                                                                                                                                                ] but found [Invalid Travel Duration-no price information in the net contract.                                                                                                                                                                                                                                                               ]">
      <![CDATA[java.lang.AssertionError: TC failed as Actual message and expected message are not matching  expected [Kontingent nicht mehr verfügbar.                                                                                                                                                                                                                                                                                                ] but found [Invalid Travel Duration-no price information in the net contract.                                                                                                                                                                                                                                                               ]
at BookingMaskTestCases.VerifyTravelDatesConditionSetMonTuesWedAndThursWithActionCodeB_TC118ToTC121.validateErrorMsgBySendingTravelDateSunToTuedWeekdaySetMonTueWedAndThursWithB(VerifyTravelDatesConditionSetMonTuesWedAndThursWithActionCodeB_TC118ToTC121.java:437)
at java.base/java.util.ArrayList.forEach(ArrayList.java:1511)
... Removed 32 stack frames]]>
    </failure>
  </testcase> <!-- validateErrorMsgBySendingTravelDateSunToTuedWeekdaySetMonTueWedAndThursWithB -->
  <testcase classname="BookingMaskTestCases.VerifyTravelDatesConditionSetMonWedFridAndSunWithActionCodeB_TC122ToTC125" name="validateBookingBySendingTravelDateMonToTuesWeekdaySetMonWedFriAndSunWithB" time="55.005"/>
  <testcase classname="BookingMaskTestCases.VerifyTravelDatesConditionSetMonWedFridAndSunWithActionCodeB_TC122ToTC125" name="validateErrorMsgBySendingTravelDateMonToWedWeekdaySetMonWedFriAndSunWithB" time="19.864">
    <failure type="java.lang.AssertionError" message="TC failed as Actual message and expected message are not matching  expected [Kontingent nicht mehr verfügbar.                                                                                                                                                                                                                                                                                                ] but found [Invalid Travel Duration-no price information in the net contract.                                                                                                                                                                                                                                                               ]">
      <![CDATA[java.lang.AssertionError: TC failed as Actual message and expected message are not matching  expected [Kontingent nicht mehr verfügbar.                                                                                                                                                                                                                                                                                                ] but found [Invalid Travel Duration-no price information in the net contract.                                                                                                                                                                                                                                                               ]
at BookingMaskTestCases.VerifyTravelDatesConditionSetMonWedFridAndSunWithActionCodeB_TC122ToTC125.validateErrorMsgBySendingTravelDateMonToWedWeekdaySetMonWedFriAndSunWithB(VerifyTravelDatesConditionSetMonWedFridAndSunWithActionCodeB_TC122ToTC125.java:272)
at java.base/java.util.ArrayList.forEach(ArrayList.java:1511)
... Removed 32 stack frames]]>
    </failure>
  </testcase> <!-- validateErrorMsgBySendingTravelDateMonToWedWeekdaySetMonWedFriAndSunWithB -->
  <testcase classname="BookingMaskTestCases.VerifyTravelDatesConditionSetMonWedFridAndSunWithActionCodeB_TC122ToTC125" name="validateErrorMsgBySendingTravelDateMonToNextMonSetMonWedFriAndSunWithB" time="19.641">
    <failure type="java.lang.AssertionError" message="TC failed as Actual message and expected message are not matching  expected [Kontingent nicht mehr verfügbar.                                                                                                                                                                                                                                                                                                ] but found [Invalid Travel Duration-no price information in the net contract.                                                                                                                                                                                                                                                               ]">
      <![CDATA[java.lang.AssertionError: TC failed as Actual message and expected message are not matching  expected [Kontingent nicht mehr verfügbar.                                                                                                                                                                                                                                                                                                ] but found [Invalid Travel Duration-no price information in the net contract.                                                                                                                                                                                                                                                               ]
at BookingMaskTestCases.VerifyTravelDatesConditionSetMonWedFridAndSunWithActionCodeB_TC122ToTC125.validateErrorMsgBySendingTravelDateMonToNextMonSetMonWedFriAndSunWithB(VerifyTravelDatesConditionSetMonWedFridAndSunWithActionCodeB_TC122ToTC125.java:354)
at java.base/java.util.ArrayList.forEach(ArrayList.java:1511)
... Removed 32 stack frames]]>
    </failure>
  </testcase> <!-- validateErrorMsgBySendingTravelDateMonToNextMonSetMonWedFriAndSunWithB -->
  <testcase classname="BookingMaskTestCases.VerifyTravelDatesConditionSetMonWedFridAndSunWithActionCodeB_TC122ToTC125" name="validateErrorMsgBySendingTravelDateSatToMonWeekdaySetMonWedFriAndSunWithB" time="19.893">
    <failure type="java.lang.AssertionError" message="TC failed as Actual message and expected message are not matching  expected [Kontingent nicht mehr verfügbar.                                                                                                                                                                                                                                                                                                ] but found [Invalid Travel Duration-no price information in the net contract.                                                                                                                                                                                                                                                               ]">
      <![CDATA[java.lang.AssertionError: TC failed as Actual message and expected message are not matching  expected [Kontingent nicht mehr verfügbar.                                                                                                                                                                                                                                                                                                ] but found [Invalid Travel Duration-no price information in the net contract.                                                                                                                                                                                                                                                               ]
at BookingMaskTestCases.VerifyTravelDatesConditionSetMonWedFridAndSunWithActionCodeB_TC122ToTC125.validateErrorMsgBySendingTravelDateSatToMonWeekdaySetMonWedFriAndSunWithB(VerifyTravelDatesConditionSetMonWedFridAndSunWithActionCodeB_TC122ToTC125.java:437)
at java.base/java.util.ArrayList.forEach(ArrayList.java:1511)
... Removed 32 stack frames]]>
    </failure>
  </testcase> <!-- validateErrorMsgBySendingTravelDateSatToMonWeekdaySetMonWedFriAndSunWithB -->
  <testcase classname="BookingMaskTestCases.VerifyBookingConditionSetTC113ToTC117" name="validatePriceBySendingTravelDateMonToTuesWeekdaySetMonTuesAndWed" time="14.989"/>
  <testcase classname="BookingMaskTestCases.VerifyBookingConditionSetTC113ToTC117" name="validatePriceBySendingTravelDateMonTuesAndWedWeekdaySetMonTuesAndWed" time="15.381"/>
  <testcase classname="BookingMaskTestCases.VerifyBookingConditionSetTC113ToTC117" name="validateErrorMsgBySendingTravelDateSunToMonWeekdaySetMonTuesAndWed" time="14.292">
    <failure type="java.lang.AssertionError" message="TC failed as Actual message and expected message are not matching  expected [Invalid Travel Duration-no price information in the net contract.                                                                                                                                                                                                                                                               ] but found [Kontingent nicht mehr verfügbar.                                                                                                                                                                                                                                                                                                ]">
      <![CDATA[java.lang.AssertionError: TC failed as Actual message and expected message are not matching  expected [Invalid Travel Duration-no price information in the net contract.                                                                                                                                                                                                                                                               ] but found [Kontingent nicht mehr verfügbar.                                                                                                                                                                                                                                                                                                ]
at BookingMaskTestCases.VerifyBookingConditionSetTC113ToTC117.validateErrorMsgBySendingTravelDateSunToMonWeekdaySetMonTuesAndWed(VerifyBookingConditionSetTC113ToTC117.java:272)
at java.base/java.util.ArrayList.forEach(ArrayList.java:1511)
... Removed 32 stack frames]]>
    </failure>
  </testcase> <!-- validateErrorMsgBySendingTravelDateSunToMonWeekdaySetMonTuesAndWed -->
  <testcase classname="BookingMaskTestCases.VerifyBookingConditionSetTC113ToTC117" name="validateErrorMsgBySendingTravelDateWedToThursWeekdaySetMonTuesAndWed" time="15.224">
    <failure type="java.lang.AssertionError" message="TC failed as Actual message and expected message are not matching  expected [Invalid Travel Duration-no price information in the net contract.                                                                                                                                                                                                                                                               ] but found [Kontingent nicht mehr verfügbar.                                                                                                                                                                                                                                                                                                ]">
      <![CDATA[java.lang.AssertionError: TC failed as Actual message and expected message are not matching  expected [Invalid Travel Duration-no price information in the net contract.                                                                                                                                                                                                                                                               ] but found [Kontingent nicht mehr verfügbar.                                                                                                                                                                                                                                                                                                ]
at BookingMaskTestCases.VerifyBookingConditionSetTC113ToTC117.validateErrorMsgBySendingTravelDateWedToThursWeekdaySetMonTuesAndWed(VerifyBookingConditionSetTC113ToTC117.java:339)
at java.base/java.util.ArrayList.forEach(ArrayList.java:1511)
... Removed 32 stack frames]]>
    </failure>
  </testcase> <!-- validateErrorMsgBySendingTravelDateWedToThursWeekdaySetMonTuesAndWed -->
  <testcase classname="BookingMaskTestCases.VerifyBookingConditionSetTC113ToTC117" name="validateErrorMsgBySendingTravelDateThursToFridWeekdaySetMonTuesAndWed" time="14.377">
    <failure type="java.lang.AssertionError" message="TC failed as Actual message and expected message are not matching  expected [Invalid Travel Duration-no price information in the net contract.                                                                                                                                                                                                                                                               ] but found [Kontingent nicht mehr verfügbar.                                                                                                                                                                                                                                                                                                ]">
      <![CDATA[java.lang.AssertionError: TC failed as Actual message and expected message are not matching  expected [Invalid Travel Duration-no price information in the net contract.                                                                                                                                                                                                                                                               ] but found [Kontingent nicht mehr verfügbar.                                                                                                                                                                                                                                                                                                ]
at BookingMaskTestCases.VerifyBookingConditionSetTC113ToTC117.validateErrorMsgBySendingTravelDateThursToFridWeekdaySetMonTuesAndWed(VerifyBookingConditionSetTC113ToTC117.java:407)
at java.base/java.util.ArrayList.forEach(ArrayList.java:1511)
... Removed 32 stack frames]]>
    </failure>
  </testcase> <!-- validateErrorMsgBySendingTravelDateThursToFridWeekdaySetMonTuesAndWed -->
  <testcase classname="BookingMaskTestCases.VerifyBookingConditionSetMonWedAndFridTC108ToTC112" name="validatePriceForTravelDateIsMonToTuesWeekdaySetMonWedAndFrid" time="13.189"/>
  <testcase classname="BookingMaskTestCases.VerifyBookingConditionSetMonWedAndFridTC108ToTC112" name="validateErrorMsgBySendingTravelDateMonToWedWeekdaySetMonWedAndFrid" time="12.93">
    <failure type="java.lang.AssertionError" message="TC failed as Actual message and expected message are not matching  expected [Invalid Travel Duration-no price information in the net contract.                                                                                                                                                                                                                                                               ] but found [Kontingent nicht mehr verfügbar.                                                                                                                                                                                                                                                                                                ]">
      <![CDATA[java.lang.AssertionError: TC failed as Actual message and expected message are not matching  expected [Invalid Travel Duration-no price information in the net contract.                                                                                                                                                                                                                                                               ] but found [Kontingent nicht mehr verfügbar.                                                                                                                                                                                                                                                                                                ]
at BookingMaskTestCases.VerifyBookingConditionSetMonWedAndFridTC108ToTC112.validateErrorMsgBySendingTravelDateMonToWedWeekdaySetMonWedAndFrid(VerifyBookingConditionSetMonWedAndFridTC108ToTC112.java:201)
at java.base/java.util.ArrayList.forEach(ArrayList.java:1511)
... Removed 32 stack frames]]>
    </failure>
  </testcase> <!-- validateErrorMsgBySendingTravelDateMonToWedWeekdaySetMonWedAndFrid -->
  <testcase classname="BookingMaskTestCases.VerifyBookingConditionSetMonWedAndFridTC108ToTC112" name="validateErrorMsgBySendingTravelDateMonToThursWeekdaySetWedAndFri" time="12.987">
    <failure type="java.lang.AssertionError" message="TC failed as Actual message and expected message are not matching  expected [Invalid Travel Duration-no price information in the net contract.                                                                                                                                                                                                                                                               ] but found [Kontingent nicht mehr verfügbar.                                                                                                                                                                                                                                                                                                ]">
      <![CDATA[java.lang.AssertionError: TC failed as Actual message and expected message are not matching  expected [Invalid Travel Duration-no price information in the net contract.                                                                                                                                                                                                                                                               ] but found [Kontingent nicht mehr verfügbar.                                                                                                                                                                                                                                                                                                ]
at BookingMaskTestCases.VerifyBookingConditionSetMonWedAndFridTC108ToTC112.validateErrorMsgBySendingTravelDateMonToThursWeekdaySetWedAndFri(VerifyBookingConditionSetMonWedAndFridTC108ToTC112.java:268)
at java.base/java.util.ArrayList.forEach(ArrayList.java:1511)
... Removed 32 stack frames]]>
    </failure>
  </testcase> <!-- validateErrorMsgBySendingTravelDateMonToThursWeekdaySetWedAndFri -->
  <testcase classname="BookingMaskTestCases.VerifyBookingConditionSetMonWedAndFridTC108ToTC112" name="validateErrorMsgBySendingTravelDateMonToSatWeekdaySetMonWedAndFrid" time="13.196">
    <failure type="java.lang.AssertionError" message="TC failed as Actual message and expected message are not matching  expected [Invalid Travel Duration-no price information in the net contract.                                                                                                                                                                                                                                                               ] but found [Kontingent nicht mehr verfügbar.                                                                                                                                                                                                                                                                                                ]">
      <![CDATA[java.lang.AssertionError: TC failed as Actual message and expected message are not matching  expected [Invalid Travel Duration-no price information in the net contract.                                                                                                                                                                                                                                                               ] but found [Kontingent nicht mehr verfügbar.                                                                                                                                                                                                                                                                                                ]
at BookingMaskTestCases.VerifyBookingConditionSetMonWedAndFridTC108ToTC112.validateErrorMsgBySendingTravelDateMonToSatWeekdaySetMonWedAndFrid(VerifyBookingConditionSetMonWedAndFridTC108ToTC112.java:335)
at java.base/java.util.ArrayList.forEach(ArrayList.java:1511)
... Removed 32 stack frames]]>
    </failure>
  </testcase> <!-- validateErrorMsgBySendingTravelDateMonToSatWeekdaySetMonWedAndFrid -->
  <testcase classname="BookingMaskTestCases.VerifyBookingConditionSetMonWedAndFridTC108ToTC112" name="validateErrorMsgBySendingTravelDateSatToSunWeekdaySetMonWedAndFrid" time="13.189">
    <failure type="java.lang.AssertionError" message="TC failed as Actual message and expected message are not matching  expected [Invalid Travel Duration-no price information in the net contract.                                                                                                                                                                                                                                                               ] but found [Kontingent nicht mehr verfügbar.                                                                                                                                                                                                                                                                                                ]">
      <![CDATA[java.lang.AssertionError: TC failed as Actual message and expected message are not matching  expected [Invalid Travel Duration-no price information in the net contract.                                                                                                                                                                                                                                                               ] but found [Kontingent nicht mehr verfügbar.                                                                                                                                                                                                                                                                                                ]
at BookingMaskTestCases.VerifyBookingConditionSetMonWedAndFridTC108ToTC112.validateErrorMsgBySendingTravelDateSatToSunWeekdaySetMonWedAndFrid(VerifyBookingConditionSetMonWedAndFridTC108ToTC112.java:401)
at java.base/java.util.ArrayList.forEach(ArrayList.java:1511)
... Removed 32 stack frames]]>
    </failure>
  </testcase> <!-- validateErrorMsgBySendingTravelDateSatToSunWeekdaySetMonWedAndFrid -->
  <testcase classname="BookingMaskTestCases.VerifyTravelDateConditionSetAllWeekDay_TC89ToTC92" name="validatePriceForTwoWeekdayAndOneWeekend" time="14.413"/>
  <testcase classname="BookingMaskTestCases.VerifyTravelDateConditionSetMonday_TC98ToTC101" name="validatePriceForTravelDateIsMonWeekdaySetMon" time="14.072"/>
  <testcase classname="BookingMaskTestCases.VerifyTravelDateConditionSetMonday_TC98ToTC101" name="validateErrorMsgBySendingTravelDateSunToMonWeekdaySetMon" time="13.917">
    <failure type="java.lang.AssertionError" message="TC failed as Actual message and expected message are not matching  expected [Invalid Travel Duration-no price information in the net contract.                                                                                                                                                                                                                                                               ] but found [Kontingent nicht mehr verfügbar.                                                                                                                                                                                                                                                                                                ]">
      <![CDATA[java.lang.AssertionError: TC failed as Actual message and expected message are not matching  expected [Invalid Travel Duration-no price information in the net contract.                                                                                                                                                                                                                                                               ] but found [Kontingent nicht mehr verfügbar.                                                                                                                                                                                                                                                                                                ]
at BookingMaskTestCases.VerifyTravelDateConditionSetMonday_TC98ToTC101.validateErrorMsgBySendingTravelDateSunToMonWeekdaySetMon(VerifyTravelDateConditionSetMonday_TC98ToTC101.java:202)
at java.base/java.util.ArrayList.forEach(ArrayList.java:1511)
... Removed 32 stack frames]]>
    </failure>
  </testcase> <!-- validateErrorMsgBySendingTravelDateSunToMonWeekdaySetMon -->
  <testcase classname="BookingMaskTestCases.VerifyTravelDateConditionSetMonday_TC98ToTC101" name="validateErrorMsgBySendingTravelDateSunToTuesWeekdaySetMon" time="13.859">
    <failure type="java.lang.AssertionError" message="TC failed as Actual message and expected message are not matching  expected [Invalid Travel Duration-no price information in the net contract.                                                                                                                                                                                                                                                               ] but found [Kontingent nicht mehr verfügbar.                                                                                                                                                                                                                                                                                                ]">
      <![CDATA[java.lang.AssertionError: TC failed as Actual message and expected message are not matching  expected [Invalid Travel Duration-no price information in the net contract.                                                                                                                                                                                                                                                               ] but found [Kontingent nicht mehr verfügbar.                                                                                                                                                                                                                                                                                                ]
at BookingMaskTestCases.VerifyTravelDateConditionSetMonday_TC98ToTC101.validateErrorMsgBySendingTravelDateSunToTuesWeekdaySetMon(VerifyTravelDateConditionSetMonday_TC98ToTC101.java:270)
at java.base/java.util.ArrayList.forEach(ArrayList.java:1511)
... Removed 32 stack frames]]>
    </failure>
  </testcase> <!-- validateErrorMsgBySendingTravelDateSunToTuesWeekdaySetMon -->
  <testcase classname="BookingMaskTestCases.VerifyTravelDateConditionSetMonday_TC98ToTC101" name="validateErrorMsgBySendingTravelDateNotMondayWeekdaySetMon" time="14.006">
    <failure type="java.lang.AssertionError" message="TC failed as Actual message and expected message are not matching  expected [Invalid Travel Duration-no price information in the net contract.                                                                                                                                                                                                                                                               ] but found [Kontingent nicht mehr verfügbar.                                                                                                                                                                                                                                                                                                ]">
      <![CDATA[java.lang.AssertionError: TC failed as Actual message and expected message are not matching  expected [Invalid Travel Duration-no price information in the net contract.                                                                                                                                                                                                                                                               ] but found [Kontingent nicht mehr verfügbar.                                                                                                                                                                                                                                                                                                ]
at BookingMaskTestCases.VerifyTravelDateConditionSetMonday_TC98ToTC101.validateErrorMsgBySendingTravelDateNotMondayWeekdaySetMon(VerifyTravelDateConditionSetMonday_TC98ToTC101.java:338)
at java.base/java.util.ArrayList.forEach(ArrayList.java:1511)
... Removed 32 stack frames]]>
    </failure>
  </testcase> <!-- validateErrorMsgBySendingTravelDateNotMondayWeekdaySetMon -->
  <testcase classname="BookingMaskTestCases.VerifyTravelDateConditionSetAllWeekDay_TC89ToTC92" name="validatePriceForBothWeekdaysAndWeekend" time="0.0">
    <ignored/>
  </testcase> <!-- validatePriceForBothWeekdaysAndWeekend -->
  <testcase classname="BookingMaskTestCases.VerifyTravelDateConditionSetAllWeekDay_TC89ToTC92" name="validatePriceForWeekDay" time="0.0">
    <ignored/>
  </testcase> <!-- validatePriceForWeekDay -->
  <testcase classname="BookingMaskTestCases.VerifyTravelDateConditionSetAllWeekDay_TC89ToTC92" name="validatePriceForWeekend" time="0.0">
    <ignored/>
  </testcase> <!-- validatePriceForWeekend -->
</testsuite> <!-- Test -->
