<?xml version="1.0" encoding="UTF-8"?>
<!-- Generated by org.testng.reporters.JUnitXMLReporter -->
<testsuite ignored="0" hostname="DGIT-0099" failures="0" tests="12" name="Test" time="1044.085" errors="0" timestamp="2023-03-01T15:50:48 IST">
  <testcase classname="BookingMaskTestCases.verifyRoomOccupancyLimitTC74ToTC77" name="validateOccupancyLimitCombinationBooking" time="62.725"/>
  <testcase classname="BookingMaskTestCases.verifyRoomOccupancyLimitTC74ToTC77" name="validateOccupancyLimitCrossMaxAdults" time="24.171"/>
  <testcase classname="BookingMaskTestCases.verifyRoomOccupancyLimitTC74ToTC77" name="validateOccupancyLimitCrossMaxPersons" time="30.923"/>
  <testcase classname="BookingMaskTestCases.verifyRoomOccupancyLimitTC74ToTC77" name="validateOccupancyLimitForMinPersonWithOneChild" time="54.509"/>
  <testcase classname="BookingMaskTestCases.verifyRoomOccupancyLimitTC66ToTC69" name="validateBookingWithMaxPersonLimit" time="63.922"/>
  <testcase classname="BookingMaskTestCases.verifyRoomOccupancyLimitTC66ToTC69" name="validateBookingWithMinPersonLimit" time="54.026"/>
  <testcase classname="BookingMaskTestCases.verifyRoomOccupancyLimitTC66ToTC69" name="validateOccupancyLimitCombinationBooking" time="58.07"/>
  <testcase classname="BookingMaskTestCases.verifyRoomOccupancyLimitTC66ToTC69" name="validateOccupancyLimitForMaxChildrenBooking" time="60.823"/>
  <testcase classname="BookingMaskTestCases.verifyRoomOccupancyLimitTC70ToTC73" name="validateOccupancyForMinChildrenBooking" time="55.979"/>
  <testcase classname="BookingMaskTestCases.verifyRoomOccupancyLimitTC70ToTC73" name="validateLimitOccupancyCombinationBooking" time="59.704"/>
  <testcase classname="BookingMaskTestCases.verifyRoomOccupancyLimitTC70ToTC73" name="validateLimitOccupancyCombinationBookings" time="60.562"/>
  <testcase classname="BookingMaskTestCases.verifyRoomOccupancyLimitTC70ToTC73" name="validateLimitOccupancyForMaxAdults" time="59.236"/>
</testsuite> <!-- Test -->
