<?xml version="1.0" encoding="UTF-8"?>
<!-- Generated by org.testng.reporters.JUnitXMLReporter -->
<testsuite ignored="0" hostname="DGIT-0099" failures="1" tests="1" name="Test" time="0.03" errors="0" timestamp="2023-07-04T15:14:30 IST">
  <testcase classname="LoginPageTestCases.ValidateErrorMsgOnUserName_TC04" name="CheckIncorrectCredentialsOnUserNameFieldTest" time="0.005">
    <failure type="java.lang.NullPointerException" message="Cannot invoke &amp;quot;POM.loginPage.getCredentialsInvalidTextOnUserNameField()&amp;quot; because &amp;quot;this.login&amp;quot; is null">
      <![CDATA[java.lang.NullPointerException: Cannot invoke "POM.loginPage.getCredentialsInvalidTextOnUserNameField()" because "this.login" is null
at LoginPageTestCases.ValidateErrorMsgOnUserName_TC04.CheckIncorrectCredentialsOnUserNameFieldTest(ValidateErrorMsgOnUserName_TC04.java:50)
at java.base/java.util.ArrayList.forEach(ArrayList.java:1511)
... Removed 27 stack frames]]>
    </failure>
  </testcase> <!-- CheckIncorrectCredentialsOnUserNameFieldTest -->
</testsuite> <!-- Test -->
