<?xml version="1.0" encoding="UTF-8"?>
<!-- Generated by org.testng.reporters.JUnitXMLReporter -->
<testsuite ignored="0" hostname="DGIT-0099" failures="0" tests="12" name="Test" time="623.35" errors="0" timestamp="2023-05-26T18:24:44 IST">
  <testcase classname="SalesBookingListTestCases.VerifySalesbookinglistpageheadingandbreadcrumbsTC1" name="ValidateSalesBookingListHeadingAndBreadcrumbs" time="0.248"/>
  <testcase classname="SalesBookingListTestCases.VerifyBookingStatusAfterBookingCancellationTC44" name="ValidateBookingStatus" time="0.049"/>
  <testcase classname="SalesBookingListTestCases.VerifyBookinglinkinbreadcrumbsTC06AndTC07" name="validateSalesbookinglinkinBreadcrumbs" time="5.46"/>
  <testcase classname="SalesBookingListTestCases.VerifyBookinglinkinbreadcrumbsTC06AndTC07" name="validateDashboardlinkinBreadcrumbs" time="5.176"/>
  <testcase classname="SalesBookingListTestCases.VerifyCreateBookingformpageheadingandbreadcrumbsTC05" name="ValidateBookingMaskHeadingAndBreadcrumbs" time="0.158"/>
  <testcase classname="SalesBookingListTestCases.VerifyBookingInquiryTC08" name="validateBookingAndSalesBookingList" time="0.56"/>
  <testcase classname="SalesBookingListTestCases.VerifyBookingTC09AndTC10" name="ValidateBooking1" time="49.331"/>
  <testcase classname="SalesBookingListTestCases.VerifyBookingTC09AndTC10" name="ValidateBooking2" time="47.963"/>
  <testcase classname="SalesBookingListTestCases.VerifyClickOnBreadcrumbLinkTC02" name="ValidateBreadcrumbLink" time="0.156"/>
  <testcase classname="SalesBookingListTestCases.VerifyEditIconForBookingTC29" name="ValidateEditIconAndBookingData" time="52.348"/>
  <testcase classname="SalesBookingListTestCases.VerifyInfoIconForBookingTC30" name="ValidateInfoIcon" time="0.607"/>
  <testcase classname="SalesBookingListTestCases.VerifyCreateBookingButtonTC4" name="ValidateCreateBookingButton" time="0.228"/>
</testsuite> <!-- Test -->
