<?xml version="1.0" encoding="UTF-8"?>
<!-- Generated by org.testng.reporters.JUnitXMLReporter -->
<testsuite ignored="3" hostname="DGIT-0099" failures="23" tests="51" name="Test" time="2917.646" errors="0" timestamp="2023-07-18T10:55:24 IST">
  <testcase classname="BookingMaskTestCases.VerifyBookingForMinStayForFirstAndSecondMonthTC131ToTC132" name="validateBookingForFirstMonthWithMinStay" time="60.687"/>
  <testcase classname="BookingMaskTestCases.VerifyBookingForMinStayForFirstAndSecondMonthTC131ToTC132" name="validateBookingForSecondMonthWithMinStay" time="22.122"/>
  <testcase classname="BookingMaskTestCases.VerifyBookingForFirstMonthToSecondMonthWithArriDeptConditionTC133ToTC134" name="validateBookingForMinStayFromFirstMonthToSecondMonth" time="57.416"/>
  <testcase classname="BookingMaskTestCases.VerifyBookingForFirstMonthToSecondMonthWithArriDeptConditionTC133ToTC134" name="validateBookingForBothFirstMonthAndSecondMonthDuration" time="20.374"/>
  <testcase classname="BookingMaskTestCases.VerifyModifyBookingWithMinMaxStayDurationTC140ToTC142" name="validateBookingToLessthanMinStay" time="24.047"/>
  <testcase classname="BookingMaskTestCases.VerifyModifyBookingWithMinMaxStayDurationTC140ToTC142" name="validateBookingToMorethanMaxStay" time="21.876"/>
  <testcase classname="BookingMaskTestCases.VerifyModifyBookingWithMinMaxStayDurationTC140ToTC142" name="validateBookingWithVaildStay" time="89.255"/>
  <testcase classname="BookingMaskTestCases.VerifyBookingWithArriDateSetMonTueWedAndDepaDateThuFriSatTC135ToTC139" name="validateBookingWithMinStayForCorrectArriDeptDaysWithB" time="52.54"/>
  <testcase classname="BookingMaskTestCases.VerifyBookingWithArriDateSetMonTueWedAndDepaDateThuFriSatTC135ToTC139" name="validateBookingWithMaxStayForCorrectArriDeptDaysWithB" time="5.244">
    <failure type="org.openqa.selenium.NoSuchElementException" message="Cannot locate option with text: HK001 - (TESTING)
For documentation on this error, please visit: https://www.selenium.dev/documentation/webdriver/troubleshooting/errors#no-such-element-exception
Build info: version: &amp;apos;4.10.0&amp;apos;, revision: &amp;apos;c14d967899&amp;apos;
System info: os.name: &amp;apos;Windows 10&amp;apos;, os.arch: &amp;apos;amd64&amp;apos;, os.version: &amp;apos;10.0&amp;apos;, java.version: &amp;apos;17.0.4.1&amp;apos;
Driver info: driver.version: unknown">
      <![CDATA[org.openqa.selenium.NoSuchElementException: Cannot locate option with text: HK001 - (TESTING)
For documentation on this error, please visit: https://www.selenium.dev/documentation/webdriver/troubleshooting/errors#no-such-element-exception
Build info: version: '4.10.0', revision: 'c14d967899'
System info: os.name: 'Windows 10', os.arch: 'amd64', os.version: '10.0', java.version: '17.0.4.1'
Driver info: driver.version: unknown
at org.openqa.selenium.support.ui.Select.selectByVisibleText(Select.java:153)
at utility.UtilityClass.listBoxHandlingUsingByText(UtilityClass.java:149)
at BookingMaskTestCases.VerifyBookingWithArriDateSetMonTueWedAndDepaDateThuFriSatTC135ToTC139.validateBookingWithMaxStayForCorrectArriDeptDaysWithB(VerifyBookingWithArriDateSetMonTueWedAndDepaDateThuFriSatTC135ToTC139.java:203)
at java.base/java.util.ArrayList.forEach(ArrayList.java:1511)
... Removed 27 stack frames]]>
    </failure>
  </testcase> <!-- validateBookingWithMaxStayForCorrectArriDeptDaysWithB -->
  <testcase classname="BookingMaskTestCases.VerifyBookingWithArriDateSetMonTueWedAndDepaDateThuFriSatTC135ToTC139" name="validateBookingToCrossMaxStayForCorrectArriDeptDaysWithB" time="16.633"/>
  <testcase classname="BookingMaskTestCases.VerifyBookingWithArriDateSetMonTueWedAndDepaDateThuFriSatTC135ToTC139" name="validateBookingWithOutofArrivalDayWithB" time="19.129"/>
  <testcase classname="BookingMaskTestCases.VerifyBookingWithArriDateSetMonTueWedAndDepaDateThuFriSatTC135ToTC139" name="validateBookingWithStayLimitCrossedAndIncorrectArriDeptWithB" time="19.699"/>
  <testcase classname="BookingMaskTestCases.VerifyBookingsForMaxAndMinStayDurationWithActionCodeB_TC126ToTC130" name="validateBookingAndPriceForMinStayWithB" time="56.178"/>
  <testcase classname="BookingMaskTestCases.VerifyBookingsForMaxAndMinStayDurationWithActionCodeB_TC126ToTC130" name="validateBookingAndPriceForMaxStayWithB" time="52.395"/>
  <testcase classname="BookingMaskTestCases.VerifyBookingsForMaxAndMinStayDurationWithActionCodeB_TC126ToTC130" name="validateBookingAndPriceBetweenMinAndMaxStayWithB" time="20.483"/>
  <testcase classname="BookingMaskTestCases.VerifyBookingsForMaxAndMinStayDurationWithActionCodeB_TC126ToTC130" name="validteErrorMessageForBelowMinStayWithB" time="18.943"/>
  <testcase classname="BookingMaskTestCases.VerifyBookingsForMaxAndMinStayDurationWithActionCodeB_TC126ToTC130" name="validateErrorMessageForAboveMaxStayWithB" time="18.72"/>
  <testcase classname="BookingMaskTestCases.VerifyTravelDatesConditionSetMonAndTues_TC102ToTC104" name="validatePriceForMonNightOnlyWeekdaySetMonAndTues" time="14.423"/>
  <testcase classname="BookingMaskTestCases.VerifyTravelDatesConditionSetMonAndTues_TC102ToTC104" name="validatePriceForTuesNightOnlyWeekdaySetMonAndTues" time="14.321"/>
  <testcase classname="BookingMaskTestCases.VerifyTravelDatesConditionSetMonAndTues_TC102ToTC104" name="validatePriceForMonToWedWeekdaySetMonAndTues" time="14.474"/>
  <testcase classname="BookingMaskTestCases.VerifyTravelDateConditionSetMonAndTues_TC105ToTC107" name="validateErrorMsgBySendingTravelDateMonToThurWeekdaySetMonToTue" time="14.441">
    <failure type="java.lang.AssertionError" message="TC failed as Actual message and expected message are not matching  expected [Invalid Travel Duration-no price information in the net contract.                                                                                                                                                                                                                                                               ] but found [Kontingent nicht mehr verfügbar.                                                                                                                                                                                                                                                                                                ]">
      <![CDATA[java.lang.AssertionError: TC failed as Actual message and expected message are not matching  expected [Invalid Travel Duration-no price information in the net contract.                                                                                                                                                                                                                                                               ] but found [Kontingent nicht mehr verfügbar.                                                                                                                                                                                                                                                                                                ]
at BookingMaskTestCases.VerifyTravelDateConditionSetMonAndTues_TC105ToTC107.validateErrorMsgBySendingTravelDateMonToThurWeekdaySetMonToTue(VerifyTravelDateConditionSetMonAndTues_TC105ToTC107.java:131)
at java.base/java.util.ArrayList.forEach(ArrayList.java:1511)
... Removed 32 stack frames]]>
    </failure>
  </testcase> <!-- validateErrorMsgBySendingTravelDateMonToThurWeekdaySetMonToTue -->
  <testcase classname="BookingMaskTestCases.VerifyTravelDateConditionSetMonAndTues_TC105ToTC107" name="validateErrorMsgBySendingTravelDateSunToTueWeekdaySetMonToTue" time="14.091">
    <failure type="java.lang.AssertionError" message="TC failed as Actual message and expected message are not matching  expected [Invalid Travel Duration-no price information in the net contract.                                                                                                                                                                                                                                                               ] but found [Kontingent nicht mehr verfügbar.                                                                                                                                                                                                                                                                                                ]">
      <![CDATA[java.lang.AssertionError: TC failed as Actual message and expected message are not matching  expected [Invalid Travel Duration-no price information in the net contract.                                                                                                                                                                                                                                                               ] but found [Kontingent nicht mehr verfügbar.                                                                                                                                                                                                                                                                                                ]
at BookingMaskTestCases.VerifyTravelDateConditionSetMonAndTues_TC105ToTC107.validateErrorMsgBySendingTravelDateSunToTueWeekdaySetMonToTue(VerifyTravelDateConditionSetMonAndTues_TC105ToTC107.java:197)
at java.base/java.util.ArrayList.forEach(ArrayList.java:1511)
... Removed 32 stack frames]]>
    </failure>
  </testcase> <!-- validateErrorMsgBySendingTravelDateSunToTueWeekdaySetMonToTue -->
  <testcase classname="BookingMaskTestCases.VerifyTravelDateConditionSetMonAndTues_TC105ToTC107" name="validateErrorMsgBySendingTravelDateThursToFridWeekdaySetMonToTue" time="14.022">
    <failure type="java.lang.AssertionError" message="TC failed as Actual message and expected message are not matching  expected [Invalid Travel Duration-no price information in the net contract.                                                                                                                                                                                                                                                               ] but found [Kontingent nicht mehr verfügbar.                                                                                                                                                                                                                                                                                                ]">
      <![CDATA[java.lang.AssertionError: TC failed as Actual message and expected message are not matching  expected [Invalid Travel Duration-no price information in the net contract.                                                                                                                                                                                                                                                               ] but found [Kontingent nicht mehr verfügbar.                                                                                                                                                                                                                                                                                                ]
at BookingMaskTestCases.VerifyTravelDateConditionSetMonAndTues_TC105ToTC107.validateErrorMsgBySendingTravelDateThursToFridWeekdaySetMonToTue(VerifyTravelDateConditionSetMonAndTues_TC105ToTC107.java:263)
at java.base/java.util.ArrayList.forEach(ArrayList.java:1511)
... Removed 32 stack frames]]>
    </failure>
  </testcase> <!-- validateErrorMsgBySendingTravelDateThursToFridWeekdaySetMonToTue -->
  <testcase classname="BookingMaskTestCases.VerifyTravelDateConditionSetWeekdaysMonAndWed_TC93ToTC97" name="validatePriceForTravelDateIsMondayWeekdaySetMonAndWed" time="14.702"/>
  <testcase classname="BookingMaskTestCases.VerifyTravelDateConditionSetWeekdaysMonAndWed_TC93ToTC97" name="validatePriceForTravelDateIsWedWeekdaySetMonAndWed" time="14.051"/>
  <testcase classname="BookingMaskTestCases.VerifyTravelDateConditionSetWeekdaysMonAndWed_TC93ToTC97" name="validateErrorMsgBySendingTravelDateMonToWedWeekdaySetMonAndWed" time="13.815">
    <failure type="java.lang.AssertionError" message="TC failed as Actual message and expected message are not matching  expected [Invalid Travel Duration-no price information in the net contract.                                                                                                                                                                                                                                                               ] but found [Kontingent nicht mehr verfügbar.                                                                                                                                                                                                                                                                                                ]">
      <![CDATA[java.lang.AssertionError: TC failed as Actual message and expected message are not matching  expected [Invalid Travel Duration-no price information in the net contract.                                                                                                                                                                                                                                                               ] but found [Kontingent nicht mehr verfügbar.                                                                                                                                                                                                                                                                                                ]
at BookingMaskTestCases.VerifyTravelDateConditionSetWeekdaysMonAndWed_TC93ToTC97.validateErrorMsgBySendingTravelDateMonToWedWeekdaySetMonAndWed(VerifyTravelDateConditionSetWeekdaysMonAndWed_TC93ToTC97.java:265)
at java.base/java.util.ArrayList.forEach(ArrayList.java:1511)
... Removed 32 stack frames]]>
    </failure>
  </testcase> <!-- validateErrorMsgBySendingTravelDateMonToWedWeekdaySetMonAndWed -->
  <testcase classname="BookingMaskTestCases.VerifyTravelDateConditionSetWeekdaysMonAndWed_TC93ToTC97" name="validateErrorMsgBySendingTravelDateSunToMonWeekdaySetMonAndWed" time="14.394">
    <failure type="java.lang.AssertionError" message="TC failed as Actual message and expected message are not matching  expected [Invalid Travel Duration-no price information in the net contract.                                                                                                                                                                                                                                                               ] but found [Kontingent nicht mehr verfügbar.                                                                                                                                                                                                                                                                                                ]">
      <![CDATA[java.lang.AssertionError: TC failed as Actual message and expected message are not matching  expected [Invalid Travel Duration-no price information in the net contract.                                                                                                                                                                                                                                                               ] but found [Kontingent nicht mehr verfügbar.                                                                                                                                                                                                                                                                                                ]
at BookingMaskTestCases.VerifyTravelDateConditionSetWeekdaysMonAndWed_TC93ToTC97.validateErrorMsgBySendingTravelDateSunToMonWeekdaySetMonAndWed(VerifyTravelDateConditionSetWeekdaysMonAndWed_TC93ToTC97.java:331)
at java.base/java.util.ArrayList.forEach(ArrayList.java:1511)
... Removed 32 stack frames]]>
    </failure>
  </testcase> <!-- validateErrorMsgBySendingTravelDateSunToMonWeekdaySetMonAndWed -->
  <testcase classname="BookingMaskTestCases.VerifyTravelDateConditionSetWeekdaysMonAndWed_TC93ToTC97" name="validateErrorMsgBySendingTravelDateTuesToWedWeekdaySetMonAndWed" time="14.38">
    <failure type="java.lang.AssertionError" message="TC failed as Actual message and expected message are not matching  expected [Invalid Travel Duration-no price information in the net contract.                                                                                                                                                                                                                                                               ] but found [Kontingent nicht mehr verfügbar.                                                                                                                                                                                                                                                                                                ]">
      <![CDATA[java.lang.AssertionError: TC failed as Actual message and expected message are not matching  expected [Invalid Travel Duration-no price information in the net contract.                                                                                                                                                                                                                                                               ] but found [Kontingent nicht mehr verfügbar.                                                                                                                                                                                                                                                                                                ]
at BookingMaskTestCases.VerifyTravelDateConditionSetWeekdaysMonAndWed_TC93ToTC97.validateErrorMsgBySendingTravelDateTuesToWedWeekdaySetMonAndWed(VerifyTravelDateConditionSetWeekdaysMonAndWed_TC93ToTC97.java:398)
at java.base/java.util.ArrayList.forEach(ArrayList.java:1511)
... Removed 32 stack frames]]>
    </failure>
  </testcase> <!-- validateErrorMsgBySendingTravelDateTuesToWedWeekdaySetMonAndWed -->
  <testcase classname="BookingMaskTestCases.VerifyTravelDatesConditionSetMonTuesWedAndThursWithActionCodeB_TC118ToTC121" name="validateErrorMsgBySendingTravelDateMonToFriWeekdaySetMonTuesWedAndThursWithB" time="15.485">
    <failure type="java.lang.AssertionError" message="TC failed as Actual message and expected message are not matching  expected [Kontingent nicht mehr verfügbar.                                                                                                                                                                                                                                                                                                ] but found [Invalid Travel Duration-no price information in the net contract.                                                                                                                                                                                                                                                               ]">
      <![CDATA[java.lang.AssertionError: TC failed as Actual message and expected message are not matching  expected [Kontingent nicht mehr verfügbar.                                                                                                                                                                                                                                                                                                ] but found [Invalid Travel Duration-no price information in the net contract.                                                                                                                                                                                                                                                               ]
at BookingMaskTestCases.VerifyTravelDatesConditionSetMonTuesWedAndThursWithActionCodeB_TC118ToTC121.validateErrorMsgBySendingTravelDateMonToFriWeekdaySetMonTuesWedAndThursWithB(VerifyTravelDatesConditionSetMonTuesWedAndThursWithActionCodeB_TC118ToTC121.java:157)
at java.base/java.util.ArrayList.forEach(ArrayList.java:1511)
... Removed 32 stack frames]]>
    </failure>
  </testcase> <!-- validateErrorMsgBySendingTravelDateMonToFriWeekdaySetMonTuesWedAndThursWithB -->
  <testcase classname="BookingMaskTestCases.VerifyTravelDatesConditionSetMonTuesWedAndThursWithActionCodeB_TC118ToTC121" name="validateBookingBySendingTravelDateMonToWedWeekdaySetMonTuesWedAndThursWithB" time="55.629"/>
  <testcase classname="BookingMaskTestCases.VerifyTravelDatesConditionSetMonTuesWedAndThursWithActionCodeB_TC118ToTC121" name="validateErrorMsgBySendingTravelDateSunToMonWeekdaySetMonTuesWedAndThursWithB" time="20.23">
    <failure type="java.lang.AssertionError" message="TC failed as Actual message and expected message are not matching  expected [Kontingent nicht mehr verfügbar.                                                                                                                                                                                                                                                                                                ] but found [Invalid Travel Duration-no price information in the net contract.                                                                                                                                                                                                                                                               ]">
      <![CDATA[java.lang.AssertionError: TC failed as Actual message and expected message are not matching  expected [Kontingent nicht mehr verfügbar.                                                                                                                                                                                                                                                                                                ] but found [Invalid Travel Duration-no price information in the net contract.                                                                                                                                                                                                                                                               ]
at BookingMaskTestCases.VerifyTravelDatesConditionSetMonTuesWedAndThursWithActionCodeB_TC118ToTC121.validateErrorMsgBySendingTravelDateSunToMonWeekdaySetMonTuesWedAndThursWithB(VerifyTravelDatesConditionSetMonTuesWedAndThursWithActionCodeB_TC118ToTC121.java:353)
at java.base/java.util.ArrayList.forEach(ArrayList.java:1511)
... Removed 32 stack frames]]>
    </failure>
  </testcase> <!-- validateErrorMsgBySendingTravelDateSunToMonWeekdaySetMonTuesWedAndThursWithB -->
  <testcase classname="BookingMaskTestCases.VerifyTravelDatesConditionSetMonTuesWedAndThursWithActionCodeB_TC118ToTC121" name="validateErrorMsgBySendingTravelDateSunToTuedWeekdaySetMonTueWedAndThursWithB" time="20.939">
    <failure type="java.lang.AssertionError" message="TC failed as Actual message and expected message are not matching  expected [Kontingent nicht mehr verfügbar.                                                                                                                                                                                                                                                                                                ] but found [Invalid Travel Duration-no price information in the net contract.                                                                                                                                                                                                                                                               ]">
      <![CDATA[java.lang.AssertionError: TC failed as Actual message and expected message are not matching  expected [Kontingent nicht mehr verfügbar.                                                                                                                                                                                                                                                                                                ] but found [Invalid Travel Duration-no price information in the net contract.                                                                                                                                                                                                                                                               ]
at BookingMaskTestCases.VerifyTravelDatesConditionSetMonTuesWedAndThursWithActionCodeB_TC118ToTC121.validateErrorMsgBySendingTravelDateSunToTuedWeekdaySetMonTueWedAndThursWithB(VerifyTravelDatesConditionSetMonTuesWedAndThursWithActionCodeB_TC118ToTC121.java:437)
at java.base/java.util.ArrayList.forEach(ArrayList.java:1511)
... Removed 32 stack frames]]>
    </failure>
  </testcase> <!-- validateErrorMsgBySendingTravelDateSunToTuedWeekdaySetMonTueWedAndThursWithB -->
  <testcase classname="BookingMaskTestCases.VerifyTravelDatesConditionSetMonWedFridAndSunWithActionCodeB_TC122ToTC125" name="validateBookingBySendingTravelDateMonToTuesWeekdaySetMonWedFriAndSunWithB" time="55.511"/>
  <testcase classname="BookingMaskTestCases.VerifyTravelDatesConditionSetMonWedFridAndSunWithActionCodeB_TC122ToTC125" name="validateErrorMsgBySendingTravelDateMonToWedWeekdaySetMonWedFriAndSunWithB" time="19.828">
    <failure type="java.lang.AssertionError" message="TC failed as Actual message and expected message are not matching  expected [Kontingent nicht mehr verfügbar.                                                                                                                                                                                                                                                                                                ] but found [Invalid Travel Duration-no price information in the net contract.                                                                                                                                                                                                                                                               ]">
      <![CDATA[java.lang.AssertionError: TC failed as Actual message and expected message are not matching  expected [Kontingent nicht mehr verfügbar.                                                                                                                                                                                                                                                                                                ] but found [Invalid Travel Duration-no price information in the net contract.                                                                                                                                                                                                                                                               ]
at BookingMaskTestCases.VerifyTravelDatesConditionSetMonWedFridAndSunWithActionCodeB_TC122ToTC125.validateErrorMsgBySendingTravelDateMonToWedWeekdaySetMonWedFriAndSunWithB(VerifyTravelDatesConditionSetMonWedFridAndSunWithActionCodeB_TC122ToTC125.java:272)
at java.base/java.util.ArrayList.forEach(ArrayList.java:1511)
... Removed 32 stack frames]]>
    </failure>
  </testcase> <!-- validateErrorMsgBySendingTravelDateMonToWedWeekdaySetMonWedFriAndSunWithB -->
  <testcase classname="BookingMaskTestCases.VerifyTravelDatesConditionSetMonWedFridAndSunWithActionCodeB_TC122ToTC125" name="validateErrorMsgBySendingTravelDateMonToNextMonSetMonWedFriAndSunWithB" time="20.01">
    <failure type="java.lang.AssertionError" message="TC failed as Actual message and expected message are not matching  expected [Kontingent nicht mehr verfügbar.                                                                                                                                                                                                                                                                                                ] but found [Invalid Travel Duration-no price information in the net contract.                                                                                                                                                                                                                                                               ]">
      <![CDATA[java.lang.AssertionError: TC failed as Actual message and expected message are not matching  expected [Kontingent nicht mehr verfügbar.                                                                                                                                                                                                                                                                                                ] but found [Invalid Travel Duration-no price information in the net contract.                                                                                                                                                                                                                                                               ]
at BookingMaskTestCases.VerifyTravelDatesConditionSetMonWedFridAndSunWithActionCodeB_TC122ToTC125.validateErrorMsgBySendingTravelDateMonToNextMonSetMonWedFriAndSunWithB(VerifyTravelDatesConditionSetMonWedFridAndSunWithActionCodeB_TC122ToTC125.java:354)
at java.base/java.util.ArrayList.forEach(ArrayList.java:1511)
... Removed 32 stack frames]]>
    </failure>
  </testcase> <!-- validateErrorMsgBySendingTravelDateMonToNextMonSetMonWedFriAndSunWithB -->
  <testcase classname="BookingMaskTestCases.VerifyTravelDatesConditionSetMonWedFridAndSunWithActionCodeB_TC122ToTC125" name="validateErrorMsgBySendingTravelDateSatToMonWeekdaySetMonWedFriAndSunWithB" time="19.675">
    <failure type="java.lang.AssertionError" message="TC failed as Actual message and expected message are not matching  expected [Kontingent nicht mehr verfügbar.                                                                                                                                                                                                                                                                                                ] but found [Invalid Travel Duration-no price information in the net contract.                                                                                                                                                                                                                                                               ]">
      <![CDATA[java.lang.AssertionError: TC failed as Actual message and expected message are not matching  expected [Kontingent nicht mehr verfügbar.                                                                                                                                                                                                                                                                                                ] but found [Invalid Travel Duration-no price information in the net contract.                                                                                                                                                                                                                                                               ]
at BookingMaskTestCases.VerifyTravelDatesConditionSetMonWedFridAndSunWithActionCodeB_TC122ToTC125.validateErrorMsgBySendingTravelDateSatToMonWeekdaySetMonWedFriAndSunWithB(VerifyTravelDatesConditionSetMonWedFridAndSunWithActionCodeB_TC122ToTC125.java:437)
at java.base/java.util.ArrayList.forEach(ArrayList.java:1511)
... Removed 32 stack frames]]>
    </failure>
  </testcase> <!-- validateErrorMsgBySendingTravelDateSatToMonWeekdaySetMonWedFriAndSunWithB -->
  <testcase classname="BookingMaskTestCases.VerifyBookingConditionSetTC113ToTC117" name="validatePriceBySendingTravelDateMonToTuesWeekdaySetMonTuesAndWed" time="15.09"/>
  <testcase classname="BookingMaskTestCases.VerifyBookingConditionSetTC113ToTC117" name="validatePriceBySendingTravelDateMonTuesAndWedWeekdaySetMonTuesAndWed" time="16.246"/>
  <testcase classname="BookingMaskTestCases.VerifyBookingConditionSetTC113ToTC117" name="validateErrorMsgBySendingTravelDateSunToMonWeekdaySetMonTuesAndWed" time="14.561">
    <failure type="java.lang.AssertionError" message="TC failed as Actual message and expected message are not matching  expected [Invalid Travel Duration-no price information in the net contract.                                                                                                                                                                                                                                                               ] but found [Kontingent nicht mehr verfügbar.                                                                                                                                                                                                                                                                                                ]">
      <![CDATA[java.lang.AssertionError: TC failed as Actual message and expected message are not matching  expected [Invalid Travel Duration-no price information in the net contract.                                                                                                                                                                                                                                                               ] but found [Kontingent nicht mehr verfügbar.                                                                                                                                                                                                                                                                                                ]
at BookingMaskTestCases.VerifyBookingConditionSetTC113ToTC117.validateErrorMsgBySendingTravelDateSunToMonWeekdaySetMonTuesAndWed(VerifyBookingConditionSetTC113ToTC117.java:272)
at java.base/java.util.ArrayList.forEach(ArrayList.java:1511)
... Removed 32 stack frames]]>
    </failure>
  </testcase> <!-- validateErrorMsgBySendingTravelDateSunToMonWeekdaySetMonTuesAndWed -->
  <testcase classname="BookingMaskTestCases.VerifyBookingConditionSetTC113ToTC117" name="validateErrorMsgBySendingTravelDateWedToThursWeekdaySetMonTuesAndWed" time="15.044">
    <failure type="java.lang.AssertionError" message="TC failed as Actual message and expected message are not matching  expected [Invalid Travel Duration-no price information in the net contract.                                                                                                                                                                                                                                                               ] but found [Kontingent nicht mehr verfügbar.                                                                                                                                                                                                                                                                                                ]">
      <![CDATA[java.lang.AssertionError: TC failed as Actual message and expected message are not matching  expected [Invalid Travel Duration-no price information in the net contract.                                                                                                                                                                                                                                                               ] but found [Kontingent nicht mehr verfügbar.                                                                                                                                                                                                                                                                                                ]
at BookingMaskTestCases.VerifyBookingConditionSetTC113ToTC117.validateErrorMsgBySendingTravelDateWedToThursWeekdaySetMonTuesAndWed(VerifyBookingConditionSetTC113ToTC117.java:339)
at java.base/java.util.ArrayList.forEach(ArrayList.java:1511)
... Removed 32 stack frames]]>
    </failure>
  </testcase> <!-- validateErrorMsgBySendingTravelDateWedToThursWeekdaySetMonTuesAndWed -->
  <testcase classname="BookingMaskTestCases.VerifyBookingConditionSetTC113ToTC117" name="validateErrorMsgBySendingTravelDateThursToFridWeekdaySetMonTuesAndWed" time="14.275">
    <failure type="java.lang.AssertionError" message="TC failed as Actual message and expected message are not matching  expected [Invalid Travel Duration-no price information in the net contract.                                                                                                                                                                                                                                                               ] but found [Kontingent nicht mehr verfügbar.                                                                                                                                                                                                                                                                                                ]">
      <![CDATA[java.lang.AssertionError: TC failed as Actual message and expected message are not matching  expected [Invalid Travel Duration-no price information in the net contract.                                                                                                                                                                                                                                                               ] but found [Kontingent nicht mehr verfügbar.                                                                                                                                                                                                                                                                                                ]
at BookingMaskTestCases.VerifyBookingConditionSetTC113ToTC117.validateErrorMsgBySendingTravelDateThursToFridWeekdaySetMonTuesAndWed(VerifyBookingConditionSetTC113ToTC117.java:407)
at java.base/java.util.ArrayList.forEach(ArrayList.java:1511)
... Removed 32 stack frames]]>
    </failure>
  </testcase> <!-- validateErrorMsgBySendingTravelDateThursToFridWeekdaySetMonTuesAndWed -->
  <testcase classname="BookingMaskTestCases.VerifyBookingConditionSetMonWedAndFridTC108ToTC112" name="validatePriceForTravelDateIsMonToTuesWeekdaySetMonWedAndFrid" time="13.114"/>
  <testcase classname="BookingMaskTestCases.VerifyBookingConditionSetMonWedAndFridTC108ToTC112" name="validateErrorMsgBySendingTravelDateMonToWedWeekdaySetMonWedAndFrid" time="12.677">
    <failure type="java.lang.AssertionError" message="TC failed as Actual message and expected message are not matching  expected [Invalid Travel Duration-no price information in the net contract.                                                                                                                                                                                                                                                               ] but found [Kontingent nicht mehr verfügbar.                                                                                                                                                                                                                                                                                                ]">
      <![CDATA[java.lang.AssertionError: TC failed as Actual message and expected message are not matching  expected [Invalid Travel Duration-no price information in the net contract.                                                                                                                                                                                                                                                               ] but found [Kontingent nicht mehr verfügbar.                                                                                                                                                                                                                                                                                                ]
at BookingMaskTestCases.VerifyBookingConditionSetMonWedAndFridTC108ToTC112.validateErrorMsgBySendingTravelDateMonToWedWeekdaySetMonWedAndFrid(VerifyBookingConditionSetMonWedAndFridTC108ToTC112.java:201)
at java.base/java.util.ArrayList.forEach(ArrayList.java:1511)
... Removed 32 stack frames]]>
    </failure>
  </testcase> <!-- validateErrorMsgBySendingTravelDateMonToWedWeekdaySetMonWedAndFrid -->
  <testcase classname="BookingMaskTestCases.VerifyBookingConditionSetMonWedAndFridTC108ToTC112" name="validateErrorMsgBySendingTravelDateMonToThursWeekdaySetWedAndFri" time="12.574">
    <failure type="java.lang.AssertionError" message="TC failed as Actual message and expected message are not matching  expected [Invalid Travel Duration-no price information in the net contract.                                                                                                                                                                                                                                                               ] but found [Kontingent nicht mehr verfügbar.                                                                                                                                                                                                                                                                                                ]">
      <![CDATA[java.lang.AssertionError: TC failed as Actual message and expected message are not matching  expected [Invalid Travel Duration-no price information in the net contract.                                                                                                                                                                                                                                                               ] but found [Kontingent nicht mehr verfügbar.                                                                                                                                                                                                                                                                                                ]
at BookingMaskTestCases.VerifyBookingConditionSetMonWedAndFridTC108ToTC112.validateErrorMsgBySendingTravelDateMonToThursWeekdaySetWedAndFri(VerifyBookingConditionSetMonWedAndFridTC108ToTC112.java:268)
at java.base/java.util.ArrayList.forEach(ArrayList.java:1511)
... Removed 32 stack frames]]>
    </failure>
  </testcase> <!-- validateErrorMsgBySendingTravelDateMonToThursWeekdaySetWedAndFri -->
  <testcase classname="BookingMaskTestCases.VerifyBookingConditionSetMonWedAndFridTC108ToTC112" name="validateErrorMsgBySendingTravelDateMonToSatWeekdaySetMonWedAndFrid" time="13.336">
    <failure type="java.lang.AssertionError" message="TC failed as Actual message and expected message are not matching  expected [Invalid Travel Duration-no price information in the net contract.                                                                                                                                                                                                                                                               ] but found [Kontingent nicht mehr verfügbar.                                                                                                                                                                                                                                                                                                ]">
      <![CDATA[java.lang.AssertionError: TC failed as Actual message and expected message are not matching  expected [Invalid Travel Duration-no price information in the net contract.                                                                                                                                                                                                                                                               ] but found [Kontingent nicht mehr verfügbar.                                                                                                                                                                                                                                                                                                ]
at BookingMaskTestCases.VerifyBookingConditionSetMonWedAndFridTC108ToTC112.validateErrorMsgBySendingTravelDateMonToSatWeekdaySetMonWedAndFrid(VerifyBookingConditionSetMonWedAndFridTC108ToTC112.java:335)
at java.base/java.util.ArrayList.forEach(ArrayList.java:1511)
... Removed 32 stack frames]]>
    </failure>
  </testcase> <!-- validateErrorMsgBySendingTravelDateMonToSatWeekdaySetMonWedAndFrid -->
  <testcase classname="BookingMaskTestCases.VerifyBookingConditionSetMonWedAndFridTC108ToTC112" name="validateErrorMsgBySendingTravelDateSatToSunWeekdaySetMonWedAndFrid" time="12.807">
    <failure type="java.lang.AssertionError" message="TC failed as Actual message and expected message are not matching  expected [Invalid Travel Duration-no price information in the net contract.                                                                                                                                                                                                                                                               ] but found [Kontingent nicht mehr verfügbar.                                                                                                                                                                                                                                                                                                ]">
      <![CDATA[java.lang.AssertionError: TC failed as Actual message and expected message are not matching  expected [Invalid Travel Duration-no price information in the net contract.                                                                                                                                                                                                                                                               ] but found [Kontingent nicht mehr verfügbar.                                                                                                                                                                                                                                                                                                ]
at BookingMaskTestCases.VerifyBookingConditionSetMonWedAndFridTC108ToTC112.validateErrorMsgBySendingTravelDateSatToSunWeekdaySetMonWedAndFrid(VerifyBookingConditionSetMonWedAndFridTC108ToTC112.java:401)
at java.base/java.util.ArrayList.forEach(ArrayList.java:1511)
... Removed 32 stack frames]]>
    </failure>
  </testcase> <!-- validateErrorMsgBySendingTravelDateSatToSunWeekdaySetMonWedAndFrid -->
  <testcase classname="BookingMaskTestCases.VerifyTravelDateConditionSetAllWeekDay_TC89ToTC92" name="validatePriceForTwoWeekdayAndOneWeekend" time="14.116"/>
  <testcase classname="BookingMaskTestCases.VerifyTravelDateConditionSetMonday_TC98ToTC101" name="validatePriceForTravelDateIsMonWeekdaySetMon" time="13.877"/>
  <testcase classname="BookingMaskTestCases.VerifyTravelDateConditionSetMonday_TC98ToTC101" name="validateErrorMsgBySendingTravelDateSunToMonWeekdaySetMon" time="14.077">
    <failure type="java.lang.AssertionError" message="TC failed as Actual message and expected message are not matching  expected [Invalid Travel Duration-no price information in the net contract.                                                                                                                                                                                                                                                               ] but found [Kontingent nicht mehr verfügbar.                                                                                                                                                                                                                                                                                                ]">
      <![CDATA[java.lang.AssertionError: TC failed as Actual message and expected message are not matching  expected [Invalid Travel Duration-no price information in the net contract.                                                                                                                                                                                                                                                               ] but found [Kontingent nicht mehr verfügbar.                                                                                                                                                                                                                                                                                                ]
at BookingMaskTestCases.VerifyTravelDateConditionSetMonday_TC98ToTC101.validateErrorMsgBySendingTravelDateSunToMonWeekdaySetMon(VerifyTravelDateConditionSetMonday_TC98ToTC101.java:202)
at java.base/java.util.ArrayList.forEach(ArrayList.java:1511)
... Removed 32 stack frames]]>
    </failure>
  </testcase> <!-- validateErrorMsgBySendingTravelDateSunToMonWeekdaySetMon -->
  <testcase classname="BookingMaskTestCases.VerifyTravelDateConditionSetMonday_TC98ToTC101" name="validateErrorMsgBySendingTravelDateSunToTuesWeekdaySetMon" time="13.749">
    <failure type="java.lang.AssertionError" message="TC failed as Actual message and expected message are not matching  expected [Invalid Travel Duration-no price information in the net contract.                                                                                                                                                                                                                                                               ] but found [Kontingent nicht mehr verfügbar.                                                                                                                                                                                                                                                                                                ]">
      <![CDATA[java.lang.AssertionError: TC failed as Actual message and expected message are not matching  expected [Invalid Travel Duration-no price information in the net contract.                                                                                                                                                                                                                                                               ] but found [Kontingent nicht mehr verfügbar.                                                                                                                                                                                                                                                                                                ]
at BookingMaskTestCases.VerifyTravelDateConditionSetMonday_TC98ToTC101.validateErrorMsgBySendingTravelDateSunToTuesWeekdaySetMon(VerifyTravelDateConditionSetMonday_TC98ToTC101.java:270)
at java.base/java.util.ArrayList.forEach(ArrayList.java:1511)
... Removed 32 stack frames]]>
    </failure>
  </testcase> <!-- validateErrorMsgBySendingTravelDateSunToTuesWeekdaySetMon -->
  <testcase classname="BookingMaskTestCases.VerifyTravelDateConditionSetMonday_TC98ToTC101" name="validateErrorMsgBySendingTravelDateNotMondayWeekdaySetMon" time="13.864">
    <failure type="java.lang.AssertionError" message="TC failed as Actual message and expected message are not matching  expected [Invalid Travel Duration-no price information in the net contract.                                                                                                                                                                                                                                                               ] but found [Kontingent nicht mehr verfügbar.                                                                                                                                                                                                                                                                                                ]">
      <![CDATA[java.lang.AssertionError: TC failed as Actual message and expected message are not matching  expected [Invalid Travel Duration-no price information in the net contract.                                                                                                                                                                                                                                                               ] but found [Kontingent nicht mehr verfügbar.                                                                                                                                                                                                                                                                                                ]
at BookingMaskTestCases.VerifyTravelDateConditionSetMonday_TC98ToTC101.validateErrorMsgBySendingTravelDateNotMondayWeekdaySetMon(VerifyTravelDateConditionSetMonday_TC98ToTC101.java:338)
at java.base/java.util.ArrayList.forEach(ArrayList.java:1511)
... Removed 32 stack frames]]>
    </failure>
  </testcase> <!-- validateErrorMsgBySendingTravelDateNotMondayWeekdaySetMon -->
  <testcase classname="BookingMaskTestCases.VerifyTravelDateConditionSetAllWeekDay_TC89ToTC92" name="validatePriceForBothWeekdaysAndWeekend" time="0.0">
    <ignored/>
  </testcase> <!-- validatePriceForBothWeekdaysAndWeekend -->
  <testcase classname="BookingMaskTestCases.VerifyTravelDateConditionSetAllWeekDay_TC89ToTC92" name="validatePriceForWeekDay" time="0.0">
    <ignored/>
  </testcase> <!-- validatePriceForWeekDay -->
  <testcase classname="BookingMaskTestCases.VerifyTravelDateConditionSetAllWeekDay_TC89ToTC92" name="validatePriceForWeekend" time="0.0">
    <ignored/>
  </testcase> <!-- validatePriceForWeekend -->
</testsuite> <!-- Test -->
