<?xml version="1.0" encoding="UTF-8"?>
<!-- Generated by org.testng.reporters.JUnitXMLReporter -->
<testsuite ignored="0" hostname="DGIT-0099" failures="0" tests="8" name="Test" time="352.611" errors="0" timestamp="2023-02-23T11:43:09 IST">
  <testcase classname="BookingMaskTestCases.verifyBookingInquiryWithBlankTravelFromAndTravelToDate_TC05" name="validateBookingInquiryWithBlankTravelFromANDTravelToDateOnBM" time="0.171"/>
  <testcase classname="BookingMaskTestCases.verifyBookingInquiryWithBlankTravelFromDate_TC04" name="validateBookingInquiryWithBlankTravelFromDate" time="0.087"/>
  <testcase classname="BookingMaskTestCases.verifyBookingInquiryWithBlankTravelToDate_TC03" name="validateBookingInquiryWithBlankTravelToDate" time="0.116"/>
  <testcase classname="BookingMaskTestCases.verifyTravelToDateLessThanTravelFromDate_TC08" name="validateTravelToDateLessThanTravelFromDatePopUpMessageonBM" time="0.083"/>
  <testcase classname="BookingMaskTestCases.verifyTravelDatesOutOfContract_TC11" name="validateMessageOnBMwithDatesOutOfContract" time="0.104"/>
  <testcase classname="BookingMaskTestCases.verifyTravelDateEndingOutOfContract_TC12" name="validateMessageOnBMpage" time="0.091"/>
  <testcase classname="BookingMaskTestCases.verifyEnteringTravelFromBeforeContract_TC13" name="validateMessageOnBMpage" time="0.116"/>
  <testcase classname="BookingMaskTestCases.verifyBookingWithTravelFromAndTravelToSameDate_TC07" name="validateTravelFromAndTravelToSameDatePopUpMessageonBM" time="0.105"/>
</testsuite> <!-- Test -->
