<?xml version="1.0" encoding="UTF-8"?>
<!-- Generated by org.testng.reporters.JUnitXMLReporter -->
<testsuite ignored="3" hostname="DGIT-0099" failures="2" tests="9" name="Test" time="886.977" errors="0" timestamp="2023-08-03T15:16:20 IST">
  <testcase classname="BookingMaskTestCases.VerifyRoomOccupancyLimitTC74ToTC77" name="validateOccupancyLimitCombinationBooking" time="66.64"/>
  <testcase classname="BookingMaskTestCases.VerifyRoomOccupancyLimitTC66ToTC69" name="validateBookingWithMaxPersonLimit" time="66.874"/>
  <testcase classname="BookingMaskTestCases.VerifyRoomOccupancyLimitTC66ToTC69" name="validateBookingWithMinPersonLimit" time="64.689"/>
  <testcase classname="BookingMaskTestCases.VerifyRoomOccupancyLimitTC66ToTC69" name="validateOccupancyLimitCombinationBooking" time="75.339"/>
  <testcase classname="BookingMaskTestCases.VerifyRoomOccupancyLimitTC66ToTC69" name="validateOccupancyLimitForMaxChildrenBooking" time="63.68"/>
  <testcase classname="BookingMaskTestCases.VerifyRoomOccupancyLimitTC70ToTC73" name="validateOccupancyForMinChildrenBooking" time="1.179">
    <failure type="org.openqa.selenium.ElementNotInteractableException" message="element not interactable: Element is not currently visible and may not be manipulated
  (Session info: chrome=115.0.5790.110)
Build info: version: &amp;apos;4.10.0&amp;apos;, revision: &amp;apos;c14d967899&amp;apos;
System info: os.name: &amp;apos;Windows 10&amp;apos;, os.arch: &amp;apos;amd64&amp;apos;, os.version: &amp;apos;10.0&amp;apos;, java.version: &amp;apos;17.0.4.1&amp;apos;
Driver info: org.openqa.selenium.chrome.ChromeDriver
Command: [f950f3804d8848859bc52a54a31eed76, clickElement {id=5C6AD6B9905B045C039B664A764C9C52_element_132}]
Capabilities {acceptInsecureCerts: false, browserName: chrome, browserVersion: 115.0.5790.110, chrome: {chromedriverVersion: 114.0.5735.90 (386bc09e8f4f..., userDataDir: C:\Users\ROHAN~1.PAT\AppDat...}, goog:chromeOptions: {debuggerAddress: localhost:59520}, networkConnectionEnabled: false, pageLoadStrategy: normal, platformName: windows, proxy: Proxy(), se:cdp: ws://localhost:59520/devtoo..., se:cdpVersion: 115.0.5790.110, setWindowRect: true, strictFileInteractability: false, timeouts: {implicit: 0, pageLoad: 300000, script: 30000}, unhandledPromptBehavior: dismiss and notify, webauthn:extension:credBlob: true, webauthn:extension:largeBlob: true, webauthn:extension:minPinLength: true, webauthn:extension:prf: true, webauthn:virtualAuthenticators: true}
Element: [[[[ChromeDriver: chrome on windows (f950f3804d8848859bc52a54a31eed76)] -&amp;gt; id: SalesBookingHeaderNewModel_TravelTypeID]] -&amp;gt; xpath: .//option[normalize-space(.) = &amp;quot;TFT1&amp;quot;]]
Session ID: f950f3804d8848859bc52a54a31eed76">
      <![CDATA[org.openqa.selenium.ElementNotInteractableException: element not interactable: Element is not currently visible and may not be manipulated
  (Session info: chrome=115.0.5790.110)
Build info: version: '4.10.0', revision: 'c14d967899'
System info: os.name: 'Windows 10', os.arch: 'amd64', os.version: '10.0', java.version: '17.0.4.1'
Driver info: org.openqa.selenium.chrome.ChromeDriver
Command: [f950f3804d8848859bc52a54a31eed76, clickElement {id=5C6AD6B9905B045C039B664A764C9C52_element_132}]
Capabilities {acceptInsecureCerts: false, browserName: chrome, browserVersion: 115.0.5790.110, chrome: {chromedriverVersion: 114.0.5735.90 (386bc09e8f4f..., userDataDir: C:\Users\ROHAN~1.PAT\AppDat...}, goog:chromeOptions: {debuggerAddress: localhost:59520}, networkConnectionEnabled: false, pageLoadStrategy: normal, platformName: windows, proxy: Proxy(), se:cdp: ws://localhost:59520/devtoo..., se:cdpVersion: 115.0.5790.110, setWindowRect: true, strictFileInteractability: false, timeouts: {implicit: 0, pageLoad: 300000, script: 30000}, unhandledPromptBehavior: dismiss and notify, webauthn:extension:credBlob: true, webauthn:extension:largeBlob: true, webauthn:extension:minPinLength: true, webauthn:extension:prf: true, webauthn:virtualAuthenticators: true}
Element: [[[[ChromeDriver: chrome on windows (f950f3804d8848859bc52a54a31eed76)] -> id: SalesBookingHeaderNewModel_TravelTypeID]] -> xpath: .//option[normalize-space(.) = "TFT1"]]
Session ID: f950f3804d8848859bc52a54a31eed76
at org.openqa.selenium.remote.codec.w3c.W3CHttpResponseCodec.createException(W3CHttpResponseCodec.java:199)
at org.openqa.selenium.remote.codec.w3c.W3CHttpResponseCodec.decode(W3CHttpResponseCodec.java:132)
at org.openqa.selenium.remote.codec.w3c.W3CHttpResponseCodec.decode(W3CHttpResponseCodec.java:51)
at org.openqa.selenium.remote.HttpCommandExecutor.execute(HttpCommandExecutor.java:191)
at org.openqa.selenium.remote.service.DriverCommandExecutor.invokeExecute(DriverCommandExecutor.java:196)
at org.openqa.selenium.remote.service.DriverCommandExecutor.execute(DriverCommandExecutor.java:171)
at org.openqa.selenium.remote.RemoteWebDriver.execute(RemoteWebDriver.java:531)
at org.openqa.selenium.remote.RemoteWebElement.execute(RemoteWebElement.java:242)
at org.openqa.selenium.remote.RemoteWebElement.click(RemoteWebElement.java:77)
at org.openqa.selenium.support.ui.Select.setSelected(Select.java:315)
at org.openqa.selenium.support.ui.Select.selectByVisibleText(Select.java:119)
at utility.UtilityClass.listBoxHandlingUsingByText(UtilityClass.java:149)
at BookingMaskTestCases.VerifyRoomOccupancyLimitTC70ToTC73.validateOccupancyForMinChildrenBooking(VerifyRoomOccupancyLimitTC70ToTC73.java:104)
at java.base/java.util.ArrayList.forEach(ArrayList.java:1511)
... Removed 32 stack frames]]>
    </failure>
  </testcase> <!-- validateOccupancyForMinChildrenBooking -->
  <testcase classname="BookingMaskTestCases.VerifyRoomOccupancyLimitTC70ToTC73" name="validateLimitOccupancyCombinationBooking" time="62.584"/>
  <testcase classname="BookingMaskTestCases.VerifyRoomOccupancyLimitTC70ToTC73" name="validateLimitOccupancyCombinationBookings" time="63.677"/>
  <testcase classname="BookingMaskTestCases.VerifyRoomOccupancyLimitTC70ToTC73" name="validateLimitOccupancyForMaxAdults" time="45.832">
    <failure type="org.openqa.selenium.StaleElementReferenceException" message="stale element reference: stale element not found
  (Session info: chrome=115.0.5790.110)
For documentation on this error, please visit: https://www.selenium.dev/documentation/webdriver/troubleshooting/errors#stale-element-reference-exception
Build info: version: &amp;apos;4.10.0&amp;apos;, revision: &amp;apos;c14d967899&amp;apos;
System info: os.name: &amp;apos;Windows 10&amp;apos;, os.arch: &amp;apos;amd64&amp;apos;, os.version: &amp;apos;10.0&amp;apos;, java.version: &amp;apos;17.0.4.1&amp;apos;
Driver info: org.openqa.selenium.chrome.ChromeDriver
Command: [f950f3804d8848859bc52a54a31eed76, executeScript {script=arguments[0].click();, args=[{element-6066-11e4-a52e-4f735466cecf=AB55586ADE2F7BE62284873C11CB3C8A_element_1678}]}]
Capabilities {acceptInsecureCerts: false, browserName: chrome, browserVersion: 115.0.5790.110, chrome: {chromedriverVersion: 114.0.5735.90 (386bc09e8f4f..., userDataDir: C:\Users\ROHAN~1.PAT\AppDat...}, goog:chromeOptions: {debuggerAddress: localhost:59520}, networkConnectionEnabled: false, pageLoadStrategy: normal, platformName: windows, proxy: Proxy(), se:cdp: ws://localhost:59520/devtoo..., se:cdpVersion: 115.0.5790.110, setWindowRect: true, strictFileInteractability: false, timeouts: {implicit: 0, pageLoad: 300000, script: 30000}, unhandledPromptBehavior: dismiss and notify, webauthn:extension:credBlob: true, webauthn:extension:largeBlob: true, webauthn:extension:minPinLength: true, webauthn:extension:prf: true, webauthn:virtualAuthenticators: true}
Session ID: f950f3804d8848859bc52a54a31eed76">
      <![CDATA[org.openqa.selenium.StaleElementReferenceException: stale element reference: stale element not found
  (Session info: chrome=115.0.5790.110)
For documentation on this error, please visit: https://www.selenium.dev/documentation/webdriver/troubleshooting/errors#stale-element-reference-exception
Build info: version: '4.10.0', revision: 'c14d967899'
System info: os.name: 'Windows 10', os.arch: 'amd64', os.version: '10.0', java.version: '17.0.4.1'
Driver info: org.openqa.selenium.chrome.ChromeDriver
Command: [f950f3804d8848859bc52a54a31eed76, executeScript {script=arguments[0].click();, args=[{element-6066-11e4-a52e-4f735466cecf=AB55586ADE2F7BE62284873C11CB3C8A_element_1678}]}]
Capabilities {acceptInsecureCerts: false, browserName: chrome, browserVersion: 115.0.5790.110, chrome: {chromedriverVersion: 114.0.5735.90 (386bc09e8f4f..., userDataDir: C:\Users\ROHAN~1.PAT\AppDat...}, goog:chromeOptions: {debuggerAddress: localhost:59520}, networkConnectionEnabled: false, pageLoadStrategy: normal, platformName: windows, proxy: Proxy(), se:cdp: ws://localhost:59520/devtoo..., se:cdpVersion: 115.0.5790.110, setWindowRect: true, strictFileInteractability: false, timeouts: {implicit: 0, pageLoad: 300000, script: 30000}, unhandledPromptBehavior: dismiss and notify, webauthn:extension:credBlob: true, webauthn:extension:largeBlob: true, webauthn:extension:minPinLength: true, webauthn:extension:prf: true, webauthn:virtualAuthenticators: true}
Session ID: f950f3804d8848859bc52a54a31eed76
at org.openqa.selenium.remote.codec.w3c.W3CHttpResponseCodec.createException(W3CHttpResponseCodec.java:199)
at org.openqa.selenium.remote.codec.w3c.W3CHttpResponseCodec.decode(W3CHttpResponseCodec.java:132)
at org.openqa.selenium.remote.codec.w3c.W3CHttpResponseCodec.decode(W3CHttpResponseCodec.java:51)
at org.openqa.selenium.remote.HttpCommandExecutor.execute(HttpCommandExecutor.java:191)
at org.openqa.selenium.remote.service.DriverCommandExecutor.invokeExecute(DriverCommandExecutor.java:196)
at org.openqa.selenium.remote.service.DriverCommandExecutor.execute(DriverCommandExecutor.java:171)
at org.openqa.selenium.remote.RemoteWebDriver.execute(RemoteWebDriver.java:531)
at org.openqa.selenium.remote.RemoteWebDriver.executeScript(RemoteWebDriver.java:476)
at utility.UtilityClass.clickUsingJSE(UtilityClass.java:164)
at BookingMaskTestCases.VerifyRoomOccupancyLimitTC70ToTC73.validateLimitOccupancyForMaxAdults(VerifyRoomOccupancyLimitTC70ToTC73.java:597)
at java.base/java.util.ArrayList.forEach(ArrayList.java:1511)
... Removed 32 stack frames]]>
    </failure>
  </testcase> <!-- validateLimitOccupancyForMaxAdults -->
  <testcase classname="BookingMaskTestCases.VerifyRoomOccupancyLimitTC74ToTC77" name="validateOccupancyLimitCrossMaxPersons" time="0.0">
    <ignored/>
  </testcase> <!-- validateOccupancyLimitCrossMaxPersons -->
  <testcase classname="BookingMaskTestCases.VerifyRoomOccupancyLimitTC74ToTC77" name="validateOccupancyLimitForMinPersonWithOneChild" time="0.0">
    <ignored/>
  </testcase> <!-- validateOccupancyLimitForMinPersonWithOneChild -->
  <testcase classname="BookingMaskTestCases.VerifyRoomOccupancyLimitTC74ToTC77" name="validateOccupancyLimitCrossMaxAdults" time="0.0">
    <ignored/>
  </testcase> <!-- validateOccupancyLimitCrossMaxAdults -->
</testsuite> <!-- Test -->
