<?xml version="1.0" encoding="UTF-8"?>
<!-- Generated by org.testng.reporters.JUnitXMLReporter -->
<testsuite ignored="0" hostname="DGIT-0099" failures="5" tests="12" name="Test" time="668.546" errors="0" timestamp="2023-07-24T13:08:25 IST">
  <testcase classname="BookingMaskTestCases.VerifyRoomOccupancyLimitTC54ToTC57" name="validateOccupancyMinLimitCross" time="28.859"/>
  <testcase classname="BookingMaskTestCases.VerifyRoomOccupancyLimitTC54ToTC57" name="validateOccupancyMaxLimitCross" time="24.326"/>
  <testcase classname="BookingMaskTestCases.VerifyRoomOccupancyLimitTC54ToTC57" name="validateOccupancyMinLimitNotSatisfied2" time="14.73">
    <failure type="java.lang.AssertionError" message="TC failed as Actual message and expected message are not matching  expected [Room Occupancy is not matched.                                                                                                                                                                                                                                                                                                                                                                                                                                                                                                                                                                                                                                                                                                                                                                                                                                                                                    ] but found [Room Occupancy is not matched.                                                                                                                                                                                                                                                                                                  ]">
      <![CDATA[java.lang.AssertionError: TC failed as Actual message and expected message are not matching  expected [Room Occupancy is not matched.                                                                                                                                                                                                                                                                                                                                                                                                                                                                                                                                                                                                                                                                                                                                                                                                                                                                                    ] but found [Room Occupancy is not matched.                                                                                                                                                                                                                                                                                                  ]
at BookingMaskTestCases.VerifyRoomOccupancyLimitTC54ToTC57.validateOccupancyMinLimitNotSatisfied2(VerifyRoomOccupancyLimitTC54ToTC57.java:399)
at java.base/java.util.ArrayList.forEach(ArrayList.java:1511)
... Removed 32 stack frames]]>
    </failure>
  </testcase> <!-- validateOccupancyMinLimitNotSatisfied2 -->
  <testcase classname="BookingMaskTestCases.VerifyRoomOccupancyLimitTC54ToTC57" name="validateOccupancyMaxLimitNotSatisfied" time="16.303"/>
  <testcase classname="BookingMaskTestCases.VerifyRoomOccupancyLimitTC58ToTC61" name="validateOccupancyMinLimitNotSatisfield1" time="15.61"/>
  <testcase classname="BookingMaskTestCases.VerifyRoomOccupancyLimitTC58ToTC61" name="validateOccupancyMinLimitNotSatisfield2" time="15.962">
    <failure type="java.lang.AssertionError" message="TC failed as Actual message and expected message are not matching  expected [Room Occupancy is not matched.                                                                                                                                                                                                                                                                                                                                                                                                                                                                                                                                                                                                                                                                                                                                                                                                                                                                                    ] but found [Room Occupancy is not matched.                                                                                                                                                                                                                                                                                                  ]">
      <![CDATA[java.lang.AssertionError: TC failed as Actual message and expected message are not matching  expected [Room Occupancy is not matched.                                                                                                                                                                                                                                                                                                                                                                                                                                                                                                                                                                                                                                                                                                                                                                                                                                                                                    ] but found [Room Occupancy is not matched.                                                                                                                                                                                                                                                                                                  ]
at BookingMaskTestCases.VerifyRoomOccupancyLimitTC58ToTC61.validateOccupancyMinLimitNotSatisfield2(VerifyRoomOccupancyLimitTC58ToTC61.java:291)
at java.base/java.util.ArrayList.forEach(ArrayList.java:1511)
... Removed 32 stack frames]]>
    </failure>
  </testcase> <!-- validateOccupancyMinLimitNotSatisfield2 -->
  <testcase classname="BookingMaskTestCases.VerifyRoomOccupancyLimitTC58ToTC61" name="validateOccupancyMaxLimitCross" time="16.887"/>
  <testcase classname="BookingMaskTestCases.VerifyRoomOccupancyLimitTC58ToTC61" name="validateOccupancyMinLimitCross" time="17.057"/>
  <testcase classname="BookingMaskTestCases.VerifyRoomOccupancyLimitTC62ToTC65" name="validateMismatchInNOofPaxFieldErrorMsg" time="15.597">
    <failure type="java.lang.AssertionError" message="TC failed as Actual message and expected message are not matching  expected [Room Occupancy is not matched.                                                                                                                                                                                                                                                                                                                                                                                                                                                                                                                                                                                                                                                                                                                                                                                                                                                                                   ] but found [Room Occupancy is not matched.                                                                                                                                                                                                                                                                                                  ]">
      <![CDATA[java.lang.AssertionError: TC failed as Actual message and expected message are not matching  expected [Room Occupancy is not matched.                                                                                                                                                                                                                                                                                                                                                                                                                                                                                                                                                                                                                                                                                                                                                                                                                                                                                   ] but found [Room Occupancy is not matched.                                                                                                                                                                                                                                                                                                  ]
at BookingMaskTestCases.VerifyRoomOccupancyLimitTC62ToTC65.validateMismatchInNOofPaxFieldErrorMsg(VerifyRoomOccupancyLimitTC62ToTC65.java:196)
at java.base/java.util.ArrayList.forEach(ArrayList.java:1511)
... Removed 32 stack frames]]>
    </failure>
  </testcase> <!-- validateMismatchInNOofPaxFieldErrorMsg -->
  <testcase classname="BookingMaskTestCases.VerifyRoomOccupancyLimitTC62ToTC65" name="validateMismatchInPassengerFieldErrorMsg" time="16.123">
    <failure type="java.lang.AssertionError" message="TC failed as Actual message and expected message are not matching  expected [Room Occupancy is not matched.                                                                                                                                                                                                                                                                                                                                                                                                                                                                                                                                                                                                                                                                                                                                                                                                                                                                                   ] but found [Room Occupancy is not matched.                                                                                                                                                                                                                                                                                                  ]">
      <![CDATA[java.lang.AssertionError: TC failed as Actual message and expected message are not matching  expected [Room Occupancy is not matched.                                                                                                                                                                                                                                                                                                                                                                                                                                                                                                                                                                                                                                                                                                                                                                                                                                                                                   ] but found [Room Occupancy is not matched.                                                                                                                                                                                                                                                                                                  ]
at BookingMaskTestCases.VerifyRoomOccupancyLimitTC62ToTC65.validateMismatchInPassengerFieldErrorMsg(VerifyRoomOccupancyLimitTC62ToTC65.java:307)
at java.base/java.util.ArrayList.forEach(ArrayList.java:1511)
... Removed 32 stack frames]]>
    </failure>
  </testcase> <!-- validateMismatchInPassengerFieldErrorMsg -->
  <testcase classname="BookingMaskTestCases.VerifyRoomOccupancyLimitTC62ToTC65" name="validateMismatchInOCCFieldErrorMsg" time="16.096">
    <failure type="java.lang.AssertionError" message="TC failed as Actual message and expected message are not matching  expected [Room Occupancy is not matched.                                                                                                                                                                                                                                                                                                                                                                                                                                                                                                                                                                                                                                                                                                                                                                                                                                                                                   ] but found [Room Occupancy is not matched.                                                                                                                                                                                                                                                                                                  ]">
      <![CDATA[java.lang.AssertionError: TC failed as Actual message and expected message are not matching  expected [Room Occupancy is not matched.                                                                                                                                                                                                                                                                                                                                                                                                                                                                                                                                                                                                                                                                                                                                                                                                                                                                                   ] but found [Room Occupancy is not matched.                                                                                                                                                                                                                                                                                                  ]
at BookingMaskTestCases.VerifyRoomOccupancyLimitTC62ToTC65.validateMismatchInOCCFieldErrorMsg(VerifyRoomOccupancyLimitTC62ToTC65.java:417)
at java.base/java.util.ArrayList.forEach(ArrayList.java:1511)
... Removed 32 stack frames]]>
    </failure>
  </testcase> <!-- validateMismatchInOCCFieldErrorMsg -->
  <testcase classname="BookingMaskTestCases.VerifyRoomOccupancyLimitTC62ToTC65" name="validateMismatchInAllFieldsErrorMsg" time="19.699"/>
</testsuite> <!-- Test -->
