<!DOCTYPE html PUBLIC "-//W3C//DTD XHTML 1.1//EN" "https://www.w3.org/TR/xhtml11/DTD/xhtml11.dtd">
<html xmlns="https://www.w3.org/1999/xhtml">
<head>
<meta http-equiv="content-type" content="text/html; charset=UTF-8"/>
<title>TestNG Report</title>
<style type="text/css">table {margin-bottom:10px;border-collapse:collapse;empty-cells:show}th,td {border:1px solid #009;padding:.25em .5em}th {vertical-align:bottom}td {vertical-align:top}table a {font-weight:bold}.stripe td {background-color: #E6EBF9}.num {text-align:right}.passedodd td {background-color: #3F3}.passedeven td {background-color: #0A0}.skippedodd td {background-color: #DDD}.skippedeven td {background-color: #CCC}.failedodd td,.attn {background-color: #F33}.failedeven td,.stripe .attn {background-color: #D00}.stacktrace {white-space:pre;font-family:monospace}.totop {font-size:85%;text-align:center;border-bottom:2px solid #000}.invisible {display:none}</style>
</head>
<body>
<table>
<tr><th>Test</th><th># Passed</th><th># Skipped</th><th># Retried</th><th># Failed</th><th>Time (ms)</th><th>Included Groups</th><th>Excluded Groups</th></tr>
<tr><th colspan="8">Suite</th></tr>
<tr><td><a href="#t0">BookingAllotment1</a></td><td class="num">6</td><td class="num attn">1</td><td class="num">0</td><td class="num attn">18</td><td class="num">2,101,251</td><td></td><td></td></tr>
</table>
<table id='summary'><thead><tr><th>Class</th><th>Method</th><th>Start</th><th>Time (ms)</th></tr></thead><tbody><tr><th colspan="4">Suite</th></tr></tbody><tbody id="t0"><tr><th colspan="4">BookingAllotment1 &#8212; failed (configuration methods)</th></tr><tr class="failedeven"><td rowspan="1">Booking_AllotmentTestCases.verifyLoadAllotmentForTwoSeasons_TC03</td><td><a href="#m0">loginToApp</a></td><td rowspan="1">1684305582601</td><td rowspan="1">31308</td></tr><tr><th colspan="4">BookingAllotment1 &#8212; failed</th></tr><tr class="failedeven"><td rowspan="1">Booking_AllotmentTestCases.createNewMultisalesLineBookingTC42</td><td><a href="#m1">validateMultisalesLineBookingWhenAllotIsAvailable</a></td><td rowspan="1">1684305094801</td><td rowspan="1">59397</td></tr><tr class="failedodd"><td rowspan="2">Booking_AllotmentTestCases.createNewMultisalesLineBookingWithAllotmentTC43TC44</td><td><a href="#m2">validateMultisalesLineBookingWhenNoAllotment</a></td><td rowspan="1">1684306251909</td><td rowspan="1">33804</td></tr><tr class="failedodd"><td><a href="#m3">validateMultisalesLineBookingWhenOneRoomHasAllotment</a></td><td rowspan="1">1684306301540</td><td rowspan="1">30616</td></tr><tr class="failedeven"><td rowspan="2">Booking_AllotmentTestCases.mofifyMultisalesLineBookingTC45TC46</td><td><a href="#m4">validateModifiedMultisalesBookingPrice</a></td><td rowspan="1">1684304492912</td><td rowspan="1">68372</td></tr><tr class="failedeven"><td><a href="#m5">validateMultisalesBookingAllotment</a></td><td rowspan="1">1684304576482</td><td rowspan="1">63233</td></tr><tr class="failedodd"><td rowspan="2">Booking_AllotmentTestCases.verifyAllotmentwithRoomBooking_TC07andTC09</td><td><a href="#m6">validateApplyStopSales</a></td><td rowspan="1">1684305193726</td><td rowspan="1">23413</td></tr><tr class="failedodd"><td><a href="#m7">validateIncrDecrAllotWithRoomBooking</a></td><td rowspan="1">1684305252738</td><td rowspan="1">95513</td></tr><tr class="failedeven"><td rowspan="2">Booking_AllotmentTestCases.verifyBookingAfterDeleteStopSalesTC17TC18</td><td><a href="#m8">validateAllotmentsAfterDeleteStopSales</a></td><td rowspan="1">1684305387602</td><td rowspan="1">45769</td></tr><tr class="failedeven"><td><a href="#m9">validateChangesInAllotmentAfterBooking</a></td><td rowspan="1">1684305463724</td><td rowspan="1">109544</td></tr><tr class="failedodd"><td rowspan="1">Booking_AllotmentTestCases.verifyBookingAndAllotmentTC28TC29</td><td><a href="#m10">validateBookingWithValidAllotment</a></td><td rowspan="1">1684304276459</td><td rowspan="1">71879</td></tr><tr class="failedeven"><td rowspan="3">Booking_AllotmentTestCases.verifyBookingAndAllotmentsTC49TC51TC30</td><td><a href="#m11">validateBookingAfterIncreaseInAllotment</a></td><td rowspan="1">1684305693638</td><td rowspan="1">101097</td></tr><tr class="failedeven"><td><a href="#m12">validateBookingCancellationAndAllotment</a></td><td rowspan="1">1684305809761</td><td rowspan="1">24206</td></tr><tr class="failedeven"><td><a href="#m13">validateBookingMoreThanRemainingAllotment</a></td><td rowspan="1">1684305851641</td><td rowspan="1">58008</td></tr><tr class="failedodd"><td rowspan="2">Booking_AllotmentTestCases.verifyBookingWhenSeasonAllotIsFull_TC25andTC26</td><td><a href="#m14">validateBookingInquiryWhenSeasonAllotIsFull</a></td><td rowspan="1">1684304683552</td><td rowspan="1">64058</td></tr><tr class="failedodd"><td><a href="#m15">validateConfirmBookingWhenSeasonAllotIsFull</a></td><td rowspan="1">1684304777291</td><td rowspan="1">75307</td></tr><tr class="failedeven"><td rowspan="1">Booking_AllotmentTestCases.verifyIncreaseDecreaseAllotwithNegativeValue_TC05</td><td><a href="#m16">validateIncreaseDecreaseAllotmentWithNegativeValue</a></td><td rowspan="1">1684305675273</td><td rowspan="1">133</td></tr><tr class="failedodd"><td rowspan="1">Booking_AllotmentTestCases.verifyIncreaseDecreaseAllotwithPositiveValue_TC04</td><td><a href="#m17">validateIncreaseDecreaseAllotmentWithPositiveValue</a></td><td rowspan="1">1684304911734</td><td rowspan="1">235</td></tr><tr class="failedeven"><td rowspan="1">Booking_AllotmentTestCases.verifyReleaseDaysTC19</td><td><a href="#m18">validateReleaseDays</a></td><td rowspan="1">1684306203592</td><td rowspan="1">21692</td></tr><tr><th colspan="4">BookingAllotment1 &#8212; skipped (configuration methods)</th></tr><tr class="skippedeven"><td rowspan="2">Booking_AllotmentTestCases.verifyLoadAllotmentForTwoSeasons_TC03</td><td><a href="#m19">Logout</a></td><td rowspan="1">1684305613912</td><td rowspan="1">-1684305613912</td></tr><tr class="skippedeven"><td><a href="#m20">closeBrowser</a></td><td rowspan="1">1684305613913</td><td rowspan="1">-1684305613913</td></tr><tr><th colspan="4">BookingAllotment1 &#8212; skipped</th></tr><tr class="skippedeven"><td rowspan="1">Booking_AllotmentTestCases.verifyLoadAllotmentForTwoSeasons_TC03</td><td><a href="#m21">validateAllotmentForTwoSeasonDates</a></td><td rowspan="1">1684305613911</td><td rowspan="1">0</td></tr><tr><th colspan="4">BookingAllotment1 &#8212; passed</th></tr><tr class="passedeven"><td rowspan="2">Booking_AllotmentTestCases.modifyMultisalesLineBookingTC47TC48</td><td><a href="#m22">validateMultisalesLineBookingWhenNoAllotment</a></td><td rowspan="1">1684304940117</td><td rowspan="1">55224</td></tr><tr class="passedeven"><td><a href="#m23">validateMultisalesLineBookingWhenOneRoomHasAllotment</a></td><td rowspan="1">1684305011298</td><td rowspan="1">54060</td></tr><tr class="passedodd"><td rowspan="2">Booking_AllotmentTestCases.verifyBookingAfterApplyStopSalesTC11andTC12</td><td><a href="#m24">validateBookingAfterStopSalesWithDatesInsideStopSalesDuration</a></td><td rowspan="1">1684305946807</td><td rowspan="1">60768</td></tr><tr class="passedodd"><td><a href="#m25">validateBookingAfterStopSalesWithDatesOutsideStopSalesDuration</a></td><td rowspan="1">1684306037138</td><td rowspan="1">57284</td></tr><tr class="passedeven"><td rowspan="1">Booking_AllotmentTestCases.verifyBookingAndAllotmentTC28TC29</td><td><a href="#m26">validateBookingErrorMsgWhenAllRoomsAreBooked</a></td><td rowspan="1">1684304378249</td><td rowspan="1">92555</td></tr><tr class="passedodd"><td rowspan="1">Booking_AllotmentTestCases.verifyIncreaseDecreaseAllotwithAnyValue_TC06</td><td><a href="#m27">validateIncreaseDecreaseAllotmentWithAnyValue</a></td><td rowspan="1">1684306136886</td><td rowspan="1">26378</td></tr></tbody>
</table>
<h2>BookingAllotment1</h2><h3 id="m0">Booking_AllotmentTestCases.verifyLoadAllotmentForTwoSeasons_TC03#loginToApp</h3><table class="result"><tr><th>Messages</th></tr><tr><td><div class="messages">Valid Username Entered<br/>Valid Password Entered<br/>Clicked on Dashboard button<br/>Select the Falk Tours AG from given list<br/>Clicked on proceed button<br/>Clicked on purchase option<br/>Clicked on accommodation option in list<br/>Clicked on create Accommodation<br/>Select TBM code from dropdown list<br/>Send hotel stars<br/>Select State from the listBox<br/>Select City from the listBox<br/>Send Zip code</div></td></tr><tr><th>Exception</th></tr><tr><td><div class="stacktrace">org.openqa.selenium.NoSuchWindowException: no such window: target window already closed
from unknown error: web view not found
  (Session info: chrome=113.0.5672.93)
Build info: version: &apos;4.8.3&apos;, revision: &apos;e5e76298c3&apos;
System info: os.name: &apos;Windows 10&apos;, os.arch: &apos;amd64&apos;, os.version: &apos;10.0&apos;, java.version: &apos;17.0.4.1&apos;
Driver info: org.openqa.selenium.chrome.ChromeDriver
Command: [8e8751b0f0371f8d64284f551600d714, findElement {using=id, value=AccommodationModel_LocalityModel_Street}]
Capabilities {acceptInsecureCerts: false, browserName: chrome, browserVersion: 113.0.5672.93, chrome: {chromedriverVersion: 113.0.5672.63 (0e1a4471d5ae..., userDataDir: C:\Users\ROHAN~1.PAT\AppDat...}, goog:chromeOptions: {debuggerAddress: localhost:62746}, networkConnectionEnabled: false, pageLoadStrategy: normal, platformName: WINDOWS, proxy: Proxy(), se:cdp: ws://localhost:62746/devtoo..., se:cdpVersion: 113.0.5672.93, setWindowRect: true, strictFileInteractability: false, timeouts: {implicit: 0, pageLoad: 300000, script: 30000}, unhandledPromptBehavior: dismiss and notify, webauthn:extension:credBlob: true, webauthn:extension:largeBlob: true, webauthn:extension:minPinLength: true, webauthn:extension:prf: true, webauthn:virtualAuthenticators: true}
Session ID: 8e8751b0f0371f8d64284f551600d714
	at org.openqa.selenium.remote.codec.w3c.W3CHttpResponseCodec.createException(W3CHttpResponseCodec.java:200)
	at org.openqa.selenium.remote.codec.w3c.W3CHttpResponseCodec.decode(W3CHttpResponseCodec.java:133)
	at org.openqa.selenium.remote.codec.w3c.W3CHttpResponseCodec.decode(W3CHttpResponseCodec.java:53)
	at org.openqa.selenium.remote.HttpCommandExecutor.execute(HttpCommandExecutor.java:193)
	at org.openqa.selenium.remote.service.DriverCommandExecutor.invokeExecute(DriverCommandExecutor.java:183)
	at org.openqa.selenium.remote.service.DriverCommandExecutor.execute(DriverCommandExecutor.java:158)
	at org.openqa.selenium.remote.RemoteWebDriver.execute(RemoteWebDriver.java:543)
	at org.openqa.selenium.remote.ElementLocation$ElementFinder$2.findElement(ElementLocation.java:162)
	at org.openqa.selenium.remote.ElementLocation.findElement(ElementLocation.java:60)
	at org.openqa.selenium.remote.RemoteWebDriver.findElement(RemoteWebDriver.java:352)
	at org.openqa.selenium.remote.RemoteWebDriver.findElement(RemoteWebDriver.java:344)
	at org.openqa.selenium.support.pagefactory.DefaultElementLocator.findElement(DefaultElementLocator.java:70)
	at org.openqa.selenium.support.pagefactory.internal.LocatingElementHandler.invoke(LocatingElementHandler.java:39)
	at jdk.proxy2/jdk.proxy2.$Proxy18.sendKeys(Unknown Source)
	at POM.accommodationNewPage.sendstreet(accommodationNewPage.java:196)
	at Booking_AllotmentTestCases.verifyLoadAllotmentForTwoSeasons_TC03.loginToApp(verifyLoadAllotmentForTwoSeasons_TC03.java:135)
	at java.base/java.util.ArrayList.forEach(ArrayList.java:1511)
... Removed 36 stack frames</div></td></tr></table><p class="totop"><a href="#summary">back to summary</a></p>
<h3 id="m1">Booking_AllotmentTestCases.createNewMultisalesLineBookingTC42#validateMultisalesLineBookingWhenAllotIsAvailable</h3><table class="result"><tr><th>Messages</th></tr><tr><td><div class="messages">Valid Username Entered<br/>Valid Password Entered<br/>Clicked on Dashboard button<br/>Select the Falk Tours AG from given list<br/>Clicked on proceed button<br/>Clicked on sales dropdown in Dashboard<br/>Clicked on sales Booking in Dashboard<br/>Clicked on create Button in sales Booking page<br/>Select TFT1 in TravelType dropdownList<br/>Selected HK004 - (TEST) from dropdown list<br/>Select Falk Tours AG in CompanyID dropdownList<br/>Send Booking action<br/>Send number of passengers<br/>Send correct KOS in input field<br/>Send correct ProductCode in input field<br/>Send roomcode in input field<br/>Send correct boardName<br/>Send Occupancy<br/>Send bookinglines <br/>Send Travel from date<br/>Send Travel To date<br/>Send Number of passenger<br/>Send correct KOS2 in input field<br/>Send correct ProductCode in input field<br/>Send roomcode in input field<br/>Send correct boardName<br/>Send Occupancy<br/>Send bookinglines<br/>Send Travel from date to second line<br/>Send Travel To date to second line<br/>Send Number of passenger<br/>Click on sendBookingButton</div></td></tr><tr><th>Exception</th></tr><tr><td><div class="stacktrace">org.openqa.selenium.NoSuchElementException: no such element: Unable to locate element: {&quot;method&quot;:&quot;css selector&quot;,&quot;selector&quot;:&quot;#bookinglines_Price_1&quot;}
  (Session info: chrome=113.0.5672.93)
For documentation on this error, please visit: https://selenium.dev/exceptions/#no_such_element
Build info: version: &apos;4.8.3&apos;, revision: &apos;e5e76298c3&apos;
System info: os.name: &apos;Windows 10&apos;, os.arch: &apos;amd64&apos;, os.version: &apos;10.0&apos;, java.version: &apos;17.0.4.1&apos;
Driver info: org.openqa.selenium.chrome.ChromeDriver
Command: [a22cf1e6122e5384dc591f9d6de8316b, findElement {using=id, value=bookinglines_Price_1}]
Capabilities {acceptInsecureCerts: false, browserName: chrome, browserVersion: 113.0.5672.93, chrome: {chromedriverVersion: 113.0.5672.63 (0e1a4471d5ae..., userDataDir: C:\Users\ROHAN~1.PAT\AppDat...}, goog:chromeOptions: {debuggerAddress: localhost:62230}, networkConnectionEnabled: false, pageLoadStrategy: normal, platformName: WINDOWS, proxy: Proxy(), se:cdp: ws://localhost:62230/devtoo..., se:cdpVersion: 113.0.5672.93, setWindowRect: true, strictFileInteractability: false, timeouts: {implicit: 0, pageLoad: 300000, script: 30000}, unhandledPromptBehavior: dismiss and notify, webauthn:extension:credBlob: true, webauthn:extension:largeBlob: true, webauthn:extension:minPinLength: true, webauthn:extension:prf: true, webauthn:virtualAuthenticators: true}
Session ID: a22cf1e6122e5384dc591f9d6de8316b
	at org.openqa.selenium.remote.codec.w3c.W3CHttpResponseCodec.createException(W3CHttpResponseCodec.java:200)
	at org.openqa.selenium.remote.codec.w3c.W3CHttpResponseCodec.decode(W3CHttpResponseCodec.java:133)
	at org.openqa.selenium.remote.codec.w3c.W3CHttpResponseCodec.decode(W3CHttpResponseCodec.java:53)
	at org.openqa.selenium.remote.HttpCommandExecutor.execute(HttpCommandExecutor.java:193)
	at org.openqa.selenium.remote.service.DriverCommandExecutor.invokeExecute(DriverCommandExecutor.java:183)
	at org.openqa.selenium.remote.service.DriverCommandExecutor.execute(DriverCommandExecutor.java:158)
	at org.openqa.selenium.remote.RemoteWebDriver.execute(RemoteWebDriver.java:543)
	at org.openqa.selenium.remote.ElementLocation$ElementFinder$2.findElement(ElementLocation.java:162)
	at org.openqa.selenium.remote.ElementLocation.findElement(ElementLocation.java:60)
	at org.openqa.selenium.remote.RemoteWebDriver.findElement(RemoteWebDriver.java:352)
	at org.openqa.selenium.remote.RemoteWebDriver.findElement(RemoteWebDriver.java:344)
	at org.openqa.selenium.support.pagefactory.DefaultElementLocator.findElement(DefaultElementLocator.java:70)
	at org.openqa.selenium.support.pagefactory.internal.LocatingElementHandler.invoke(LocatingElementHandler.java:39)
	at jdk.proxy2/jdk.proxy2.$Proxy18.getAttribute(Unknown Source)
	at POM.bookingMaskPage.getPriceFieldValue1(bookingMaskPage.java:475)
	at Booking_AllotmentTestCases.createNewMultisalesLineBookingTC42.validateMultisalesLineBookingWhenAllotIsAvailable(createNewMultisalesLineBookingTC42.java:186)
	at java.base/java.util.ArrayList.forEach(ArrayList.java:1511)
... Removed 32 stack frames</div></td></tr></table><p class="totop"><a href="#summary">back to summary</a></p>
<h3 id="m2">Booking_AllotmentTestCases.createNewMultisalesLineBookingWithAllotmentTC43TC44#validateMultisalesLineBookingWhenNoAllotment</h3><table class="result"><tr><th>Messages</th></tr><tr><td><div class="messages">Clicked on sales dropdown in Dashboard<br/>Clicked on sales Booking in Dashboard<br/>Clicked on create Button in sales Booking page<br/>Select TFT1 in TravelType dropdownList<br/>Selected HK004 - (TEST) from dropdown list<br/>Select Falk Tours AG in CompanyID dropdownList<br/>Send Booking action<br/>Send number of passengers<br/>Send correct KOS in input field<br/>Send correct ProductCode in input field<br/>Send roomcode in input field<br/>Send correct boardName<br/>Send Occupancy<br/>Send bookinglines <br/>Send Travel from date<br/>Send Travel To date<br/>Send Number of passenger<br/>Send correct KOS in input field<br/>Send correct ProductCode in input field<br/>Send roomcode in input field<br/>Send correct boardName<br/>Send Occupancy<br/>Send bookinglines <br/>Send Travel from date<br/>Send Travel To date <br/>Send Number of passenger<br/>Click on sendBookingButton</div></td></tr><tr><th>Exception</th></tr><tr><td><div class="stacktrace">java.lang.AssertionError: TC failed as Actual message and expected message are not matching  expected [Kontingent nicht mehr verf端gbar.                                                                                                                                                                                                                                                                                                ] but found [TEST                                                                            TEST                                                                            Bereits geleistete Zahlung: 0 EUR.                                              Gesamtreisepreis: 64000 EUR.                                                    Restzahlung: 64000 EUR.                                                                                                                                                                                                                                                                                                                                                                                                                                                                                                                                                                                                                                         ]
	at Booking_AllotmentTestCases.createNewMultisalesLineBookingWithAllotmentTC43TC44.validateMultisalesLineBookingWhenNoAllotment(createNewMultisalesLineBookingWithAllotmentTC43TC44.java:196)
	at java.base/java.util.ArrayList.forEach(ArrayList.java:1511)
... Removed 32 stack frames</div></td></tr></table><p class="totop"><a href="#summary">back to summary</a></p>
<h3 id="m3">Booking_AllotmentTestCases.createNewMultisalesLineBookingWithAllotmentTC43TC44#validateMultisalesLineBookingWhenOneRoomHasAllotment</h3><table class="result"><tr><th>Messages</th></tr><tr><td><div class="messages">Clicked on sales dropdown in Dashboard<br/>Clicked on sales Booking in Dashboard<br/>Clicked on create Button in sales Booking page<br/>Select TFT1 in TravelType dropdownList<br/>Selected HK004 - (TEST) from dropdown list<br/>Select Falk Tours AG in CompanyID dropdownList<br/>Send Booking action<br/>Send number of passengers<br/>Send correct KOS in input field<br/>Send correct ProductCode in input field<br/>Send roomcode in input field<br/>Send correct boardName<br/>Send Occupancy<br/>Send bookinglines <br/>Send Travel from date<br/>Send Travel To date<br/>Select Number of passenger<br/>Send correct KOS in input field<br/>Send correct ProductCode in input field<br/>Send roomcode in input field<br/>Send correct boardName<br/>Send Occupancy<br/>Send bookinglines <br/>Send Travel from date<br/>Send Travel To date <br/>Select Number of passenger<br/>Click on sendBookingButton</div></td></tr><tr><th>Exception</th></tr><tr><td><div class="stacktrace">java.lang.AssertionError: TC failed as Actual message and expected message are not matching  expected [Kontingent nicht mehr verf端gbar.                                                                                                                                                                                                                                                                                                ] but found [TEST                                                                            TEST                                                                            Bereits geleistete Zahlung: 0 EUR.                                              Gesamtreisepreis: 50664 EUR.                                                    Restzahlung: 50664 EUR.                                                                                                                                                                                                                                                                                                                                                                                                                                                                                                                                                                                                                                         ]
	at Booking_AllotmentTestCases.createNewMultisalesLineBookingWithAllotmentTC43TC44.validateMultisalesLineBookingWhenOneRoomHasAllotment(createNewMultisalesLineBookingWithAllotmentTC43TC44.java:324)
	at java.base/java.util.ArrayList.forEach(ArrayList.java:1511)
... Removed 32 stack frames</div></td></tr></table><p class="totop"><a href="#summary">back to summary</a></p>
<h3 id="m4">Booking_AllotmentTestCases.mofifyMultisalesLineBookingTC45TC46#validateModifiedMultisalesBookingPrice</h3><table class="result"><tr><th>Messages</th></tr><tr><td><div class="messages">Clicked on sales dropdown in Dashboard<br/>Clicked on sales Booking in Dashboard<br/>Clicked on create Button in sales Booking page<br/>Select TFT1 in TravelType dropdownList<br/>Selected HK004 - (TEST) from dropdown list<br/>Select Falk Tours AG in CompanyID dropdownList<br/>Send Booking action<br/>Send number of passengers<br/>Send correct KOS in input field<br/>Send correct ProductCode in input field<br/>Send roomcode in input field<br/>Send correct boardName<br/>Send Occupancy<br/>Send bookinglines <br/>Send Travel from date<br/>Send Travel To date<br/>Send Number of passenger<br/>Send correct KOS2 in input field<br/>Send correct ProductCode in input field<br/>Send roomcode in input field<br/>Send correct boardName<br/>Send Occupancy<br/>Send bookinglines <br/>Send Travel from date to second line<br/>Send Travel To date to second line<br/>Send Number of passenger<br/>Click on sendBookingButton<br/>Clicked on ViewList<br/>Clicked on sendTBMcode to verify booking is done or not<br/>Clicked on Booking listButton<br/>Send TBM code<br/>Clicked on Booking listButton<br/>Clicked on edit booking1<br/>Send Modified Travel from date<br/>Send Modified Travel To date</div></td></tr><tr><th>Exception</th></tr><tr><td><div class="stacktrace">org.openqa.selenium.NoSuchElementException: no such element: Unable to locate element: {&quot;method&quot;:&quot;css selector&quot;,&quot;selector&quot;:&quot;#bookingline_TravelFrom_2&quot;}
  (Session info: chrome=113.0.5672.93)
For documentation on this error, please visit: https://selenium.dev/exceptions/#no_such_element
Build info: version: &apos;4.8.3&apos;, revision: &apos;e5e76298c3&apos;
System info: os.name: &apos;Windows 10&apos;, os.arch: &apos;amd64&apos;, os.version: &apos;10.0&apos;, java.version: &apos;17.0.4.1&apos;
Driver info: org.openqa.selenium.chrome.ChromeDriver
Command: [594ea80188d072a77bb1104251df3777, findElement {using=id, value=bookingline_TravelFrom_2}]
Capabilities {acceptInsecureCerts: false, browserName: chrome, browserVersion: 113.0.5672.93, chrome: {chromedriverVersion: 113.0.5672.63 (0e1a4471d5ae..., userDataDir: C:\Users\ROHAN~1.PAT\AppDat...}, goog:chromeOptions: {debuggerAddress: localhost:61580}, networkConnectionEnabled: false, pageLoadStrategy: normal, platformName: WINDOWS, proxy: Proxy(), se:cdp: ws://localhost:61580/devtoo..., se:cdpVersion: 113.0.5672.93, setWindowRect: true, strictFileInteractability: false, timeouts: {implicit: 0, pageLoad: 300000, script: 30000}, unhandledPromptBehavior: dismiss and notify, webauthn:extension:credBlob: true, webauthn:extension:largeBlob: true, webauthn:extension:minPinLength: true, webauthn:extension:prf: true, webauthn:virtualAuthenticators: true}
Session ID: 594ea80188d072a77bb1104251df3777
	at org.openqa.selenium.remote.codec.w3c.W3CHttpResponseCodec.createException(W3CHttpResponseCodec.java:200)
	at org.openqa.selenium.remote.codec.w3c.W3CHttpResponseCodec.decode(W3CHttpResponseCodec.java:133)
	at org.openqa.selenium.remote.codec.w3c.W3CHttpResponseCodec.decode(W3CHttpResponseCodec.java:53)
	at org.openqa.selenium.remote.HttpCommandExecutor.execute(HttpCommandExecutor.java:193)
	at org.openqa.selenium.remote.service.DriverCommandExecutor.invokeExecute(DriverCommandExecutor.java:183)
	at org.openqa.selenium.remote.service.DriverCommandExecutor.execute(DriverCommandExecutor.java:158)
	at org.openqa.selenium.remote.RemoteWebDriver.execute(RemoteWebDriver.java:543)
	at org.openqa.selenium.remote.ElementLocation$ElementFinder$2.findElement(ElementLocation.java:162)
	at org.openqa.selenium.remote.ElementLocation.findElement(ElementLocation.java:60)
	at org.openqa.selenium.remote.RemoteWebDriver.findElement(RemoteWebDriver.java:352)
	at org.openqa.selenium.remote.RemoteWebDriver.findElement(RemoteWebDriver.java:344)
	at org.openqa.selenium.support.pagefactory.DefaultElementLocator.findElement(DefaultElementLocator.java:70)
	at org.openqa.selenium.support.pagefactory.internal.LocatingElementHandler.invoke(LocatingElementHandler.java:39)
	at jdk.proxy2/jdk.proxy2.$Proxy18.clear(Unknown Source)
	at POM.bookingUpdatePage.clearTravelFrom2(bookingUpdatePage.java:94)
	at Booking_AllotmentTestCases.mofifyMultisalesLineBookingTC45TC46.validateModifiedMultisalesBookingPrice(mofifyMultisalesLineBookingTC45TC46.java:226)
	at java.base/java.util.ArrayList.forEach(ArrayList.java:1511)
... Removed 32 stack frames</div></td></tr></table><p class="totop"><a href="#summary">back to summary</a></p>
<h3 id="m5">Booking_AllotmentTestCases.mofifyMultisalesLineBookingTC45TC46#validateMultisalesBookingAllotment</h3><table class="result"><tr><th>Messages</th></tr><tr><td><div class="messages">Clicked on sales dropdown in Dashboard<br/>Clicked on sales Booking in Dashboard<br/>Clicked on create Button in sales Booking page<br/>Select TFT1 in TravelType dropdownList<br/>Selected HK004 - (TEST) from dropdown list<br/>Select Falk Tours AG in CompanyID dropdownList<br/>Send Booking action<br/>Send number of passengers<br/>Send correct KOS in input field<br/>Send correct ProductCode in input field<br/>Send roomcode in input field<br/>Send correct boardName<br/>Send Occupancy<br/>Send bookinglines <br/>Send Travel from date<br/>Send Travel To date<br/>Select Number of passenger<br/>Send correct KOS in input field<br/>Send correct ProductCode in input field<br/>Send roomcode in input field<br/>Send correct boardName<br/>Send Occupancy<br/>Send bookinglines <br/>Send Travel from date for second line<br/>Send Travel To date to second line<br/>Send Number of passenger<br/>Click on sendBookingButton<br/>Clicked on ViewList<br/>Clicked on sendTBMcode to verify booking is done or not<br/>Clicked on Booking listButton<br/>Send TBM code<br/>Clicked on Booking listButton<br/>Clicked on edit booking1<br/>Send Modified Travel from date<br/>Send Modified Travel To date</div></td></tr><tr><th>Exception</th></tr><tr><td><div class="stacktrace">org.openqa.selenium.NoSuchElementException: no such element: Unable to locate element: {&quot;method&quot;:&quot;css selector&quot;,&quot;selector&quot;:&quot;#bookingline_TravelFrom_2&quot;}
  (Session info: chrome=113.0.5672.93)
For documentation on this error, please visit: https://selenium.dev/exceptions/#no_such_element
Build info: version: &apos;4.8.3&apos;, revision: &apos;e5e76298c3&apos;
System info: os.name: &apos;Windows 10&apos;, os.arch: &apos;amd64&apos;, os.version: &apos;10.0&apos;, java.version: &apos;17.0.4.1&apos;
Driver info: org.openqa.selenium.chrome.ChromeDriver
Command: [594ea80188d072a77bb1104251df3777, findElement {using=id, value=bookingline_TravelFrom_2}]
Capabilities {acceptInsecureCerts: false, browserName: chrome, browserVersion: 113.0.5672.93, chrome: {chromedriverVersion: 113.0.5672.63 (0e1a4471d5ae..., userDataDir: C:\Users\ROHAN~1.PAT\AppDat...}, goog:chromeOptions: {debuggerAddress: localhost:61580}, networkConnectionEnabled: false, pageLoadStrategy: normal, platformName: WINDOWS, proxy: Proxy(), se:cdp: ws://localhost:61580/devtoo..., se:cdpVersion: 113.0.5672.93, setWindowRect: true, strictFileInteractability: false, timeouts: {implicit: 0, pageLoad: 300000, script: 30000}, unhandledPromptBehavior: dismiss and notify, webauthn:extension:credBlob: true, webauthn:extension:largeBlob: true, webauthn:extension:minPinLength: true, webauthn:extension:prf: true, webauthn:virtualAuthenticators: true}
Session ID: 594ea80188d072a77bb1104251df3777
	at org.openqa.selenium.remote.codec.w3c.W3CHttpResponseCodec.createException(W3CHttpResponseCodec.java:200)
	at org.openqa.selenium.remote.codec.w3c.W3CHttpResponseCodec.decode(W3CHttpResponseCodec.java:133)
	at org.openqa.selenium.remote.codec.w3c.W3CHttpResponseCodec.decode(W3CHttpResponseCodec.java:53)
	at org.openqa.selenium.remote.HttpCommandExecutor.execute(HttpCommandExecutor.java:193)
	at org.openqa.selenium.remote.service.DriverCommandExecutor.invokeExecute(DriverCommandExecutor.java:183)
	at org.openqa.selenium.remote.service.DriverCommandExecutor.execute(DriverCommandExecutor.java:158)
	at org.openqa.selenium.remote.RemoteWebDriver.execute(RemoteWebDriver.java:543)
	at org.openqa.selenium.remote.ElementLocation$ElementFinder$2.findElement(ElementLocation.java:162)
	at org.openqa.selenium.remote.ElementLocation.findElement(ElementLocation.java:60)
	at org.openqa.selenium.remote.RemoteWebDriver.findElement(RemoteWebDriver.java:352)
	at org.openqa.selenium.remote.RemoteWebDriver.findElement(RemoteWebDriver.java:344)
	at org.openqa.selenium.support.pagefactory.DefaultElementLocator.findElement(DefaultElementLocator.java:70)
	at org.openqa.selenium.support.pagefactory.internal.LocatingElementHandler.invoke(LocatingElementHandler.java:39)
	at jdk.proxy2/jdk.proxy2.$Proxy18.clear(Unknown Source)
	at POM.bookingUpdatePage.clearTravelFrom2(bookingUpdatePage.java:94)
	at Booking_AllotmentTestCases.mofifyMultisalesLineBookingTC45TC46.validateMultisalesBookingAllotment(mofifyMultisalesLineBookingTC45TC46.java:393)
	at java.base/java.util.ArrayList.forEach(ArrayList.java:1511)
... Removed 32 stack frames</div></td></tr></table><p class="totop"><a href="#summary">back to summary</a></p>
<h3 id="m6">Booking_AllotmentTestCases.verifyAllotmentwithRoomBooking_TC07andTC09#validateApplyStopSales</h3><table class="result"><tr><th>Messages</th></tr><tr><td><div class="messages">Send start date of season_E on allotment page<br/>Send end date of season_E on allotment page<br/>Clicked on load allotment<br/>Clicked on Change allotment button<br/>Enter start date for room1<br/>Enter until date for room1<br/>Send start date of season_E on allotment page<br/>Send end date of season_E on allotment page<br/>Clicked on load Allotment<br/>Validating Actual initial allotment is 5 and Expected allotment for season_E is 5</div></td></tr><tr><th>Exception</th></tr><tr><td><div class="stacktrace">java.lang.AssertionError: Test Case Failed as actual and expected current allotment are not matching expected [41] but found [5]
	at Booking_AllotmentTestCases.verifyAllotmentwithRoomBooking_TC07andTC09.validateApplyStopSales(verifyAllotmentwithRoomBooking_TC07andTC09.java:378)
	at java.base/java.util.ArrayList.forEach(ArrayList.java:1511)
... Removed 32 stack frames</div></td></tr></table><p class="totop"><a href="#summary">back to summary</a></p>
<h3 id="m7">Booking_AllotmentTestCases.verifyAllotmentwithRoomBooking_TC07andTC09#validateIncrDecrAllotWithRoomBooking</h3><table class="result"><tr><th>Messages</th></tr><tr><td><div class="messages">Send start date of season_B on allotment page<br/>Send end date of season_B on allotment page<br/>Clicked on load allotment<br/>Clicked on Change allotment button<br/>Clicked on confirm button<br/>Clicked on Ok popup<br/>Clicked on close button<br/>Clicked on sales dropdown in Dashboard<br/>Clicked on sales Booking in Dashboard<br/>Clicked on create Button in sales Booking page<br/>Select TFT1 in TravelType dropdownList<br/>Selected HK004 - (TEST) from dropdown list<br/>Select Falk Tours AG in CompanyID dropdownList<br/>Send Booking action<br/>Send number of passenger<br/>Send correct KOS in input field<br/>Send correct ProductCode in input field<br/>Send roomcode in input field<br/>Send correct boardName<br/>Send Occupancy<br/>Send bookinglines <br/>Send Travel from date for season-A<br/>Send Travel To date for season-A<br/>Send Number of passenger<br/>Click on sendBookingButton<br/>Clicked on dashboardLink<br/>Clicked on purchase option<br/>Clicked on accommodation option in list<br/>Clicked on Allotment <br/>Send start date of season_B on allotment page<br/>Send end date of season_B on allotment page<br/>Validating Actual initial allotment is 20 and Expected allotment for season_B is 20<br/>Validating Actual current allotment is 9 and Expected allotment for season_B is 9</div></td></tr><tr><th>Exception</th></tr><tr><td><div class="stacktrace">java.lang.AssertionError: Test Case Failed as actual &amp; expected sold allotment number are not matching expected [9] but found [1]
	at Booking_AllotmentTestCases.verifyAllotmentwithRoomBooking_TC07andTC09.validateIncrDecrAllotWithRoomBooking(verifyAllotmentwithRoomBooking_TC07andTC09.java:306)
	at java.base/java.util.ArrayList.forEach(ArrayList.java:1511)
... Removed 32 stack frames</div></td></tr></table><p class="totop"><a href="#summary">back to summary</a></p>
<h3 id="m8">Booking_AllotmentTestCases.verifyBookingAfterDeleteStopSalesTC17TC18#validateAllotmentsAfterDeleteStopSales</h3><table class="result"><tr><th>Messages</th></tr><tr><td><div class="messages">Send start date of season_E on allotment page<br/>Send end date of season_E on allotment page<br/>Clicked on load allotment<br/>Clicked on Change allotment button<br/>Enter start date for room1<br/>Enter until date for room1<br/>Clicked on Change allotment button<br/>Enter start date for room1<br/>Enter until date for room1<br/>Validating Actual initial allotment is 5 and Expected allotment for season_E is 5</div></td></tr><tr><th>Exception</th></tr><tr><td><div class="stacktrace">java.lang.AssertionError: Test Case Failed as actual and expected current allotment are not matching expected [43] but found [5]
	at Booking_AllotmentTestCases.verifyBookingAfterDeleteStopSalesTC17TC18.validateAllotmentsAfterDeleteStopSales(verifyBookingAfterDeleteStopSalesTC17TC18.java:224)
	at java.base/java.util.ArrayList.forEach(ArrayList.java:1511)
... Removed 32 stack frames</div></td></tr></table><p class="totop"><a href="#summary">back to summary</a></p>
<h3 id="m9">Booking_AllotmentTestCases.verifyBookingAfterDeleteStopSalesTC17TC18#validateChangesInAllotmentAfterBooking</h3><table class="result"><tr><th>Messages</th></tr><tr><td><div class="messages">Send start date of season_E on allotment page<br/>Send end date of season_E on allotment page<br/>Clicked on load allotment<br/>Clicked on Change allotment button<br/>Enter start date for room1<br/>Enter until date for room1<br/>Clicked on Change allotment button<br/>Enter start date for room1<br/>Enter until date for room1<br/>Clicked on dashboardLink<br/>Clicked on sales dropdown in Dashboard<br/>Clicked on sales Booking in Dashboard<br/>Clicked on create Button in sales Booking page<br/>Select TFT1 in TravelType dropdownList<br/>Selected HK004 - (TEST) from dropdown list<br/>Select Falk Tours AG in CompanyID dropdownList<br/>Send Booking action<br/>Send number of passenger<br/>Send correct KOS in input field<br/>Send correct ProductCode in input field<br/>Send roomcode in input field<br/>Send correct boardName<br/>Send Occupancy<br/>Send bookinglines <br/>Send Travel from date for season-E<br/>Send Travel To date for season-E<br/>Send Number of passenger<br/>Click on sendBookingButton<br/>Clicked on dashboardLink<br/>Clicked on purchase option<br/>Clicked on accommodation option in list<br/>Clicked on Allotment <br/>Send start date of season_E on allotment page<br/>Send end date of season_E on allotment page<br/>Clicked on load allotment<br/>Validating Actual price for season-E is 3556.00 and Expected price for season-E is 3556.00<br/>Validating Actual initial allotment is 5 and Expected allotment for season_E is 5</div></td></tr><tr><th>Exception</th></tr><tr><td><div class="stacktrace">java.lang.AssertionError: Test Case Failed as actual and expected current allotment are not matching expected [43] but found [5]
	at Booking_AllotmentTestCases.verifyBookingAfterDeleteStopSalesTC17TC18.validateChangesInAllotmentAfterBooking(verifyBookingAfterDeleteStopSalesTC17TC18.java:454)
	at java.base/java.util.ArrayList.forEach(ArrayList.java:1511)
... Removed 32 stack frames</div></td></tr></table><p class="totop"><a href="#summary">back to summary</a></p>
<h3 id="m10">Booking_AllotmentTestCases.verifyBookingAndAllotmentTC28TC29#validateBookingWithValidAllotment</h3><table class="result"><tr><th>Messages</th></tr><tr><td><div class="messages">Send start date of season_G on allotment page<br/>Send end date of season_G on allotment page<br/>Clicked on load allotment<br/>Clicked on dashboardLink<br/>Clicked on sales dropdown in Dashboard<br/>Clicked on sales Booking in Dashboard<br/>Clicked on create Button in sales Booking page<br/>Select TFT1 in TravelType dropdownList<br/>Selected HK004 - (TEST) from dropdown list<br/>Select Falk Tours AG in CompanyID dropdownList<br/>Send Booking action<br/>Send number of passenger<br/>Send correct KOS in input field<br/>Send correct ProductCode in input field<br/>Send roomcode in input field<br/>Send correct boardName<br/>Send Occupancy<br/>Send bookinglines <br/>Send Travel from date for season-E<br/>Send Travel To date for season-E<br/>Send Number of passenger<br/>Click on sendBookingButton<br/>Clicked on dashboardLink<br/>Clicked on purchase option<br/>Clicked on accommodation option in list<br/>Clicked on Allotment <br/>Send start date of season_G on allotment page<br/>Send end date of season_G on allotment page<br/>Clicked on load allotment</div></td></tr><tr><th>Exception</th></tr><tr><td><div class="stacktrace">java.lang.AssertionError: TC failed as Actual allotment and expected allotment are not matching  expected [3112.00] but found [4444.00]
	at Booking_AllotmentTestCases.verifyBookingAndAllotmentTC28TC29.validateBookingWithValidAllotment(verifyBookingAndAllotmentTC28TC29.java:248)
	at java.base/java.util.ArrayList.forEach(ArrayList.java:1511)
... Removed 32 stack frames</div></td></tr></table><p class="totop"><a href="#summary">back to summary</a></p>
<h3 id="m11">Booking_AllotmentTestCases.verifyBookingAndAllotmentsTC49TC51TC30#validateBookingAfterIncreaseInAllotment</h3><table class="result"><tr><th>Messages</th></tr><tr><td><div class="messages">Clicked on sales dropdown in Dashboard<br/>Clicked on sales Booking in Dashboard<br/>Clicked on create Button in sales Booking page<br/>Select TFT1 in TravelType dropdownList<br/>Selected HK004 - (TEST) from dropdown list<br/>Select Falk Tours AG in CompanyID dropdownList<br/>Send Booking action<br/>Send number of passengers<br/>Send correct KOS in input field<br/>Send correct ProductCode in input field<br/>Send roomcode in input field<br/>Send correct boardName<br/>Send Occupancy<br/>Send bookinglines <br/>Send Travel from date<br/>Send Travel To date<br/>Select Number of passenger<br/>Send correct KOS2 in input field<br/>Send correct ProductCode in input field<br/>Send roomcode in input field<br/>Send correct boardName<br/>Send Occupancy<br/>Send bookinglines<br/>Send Travel from date for second line<br/>Send Travel To date for second line<br/>Send Number of passenger<br/>Click on sendBookingButton<br/>Clicked on dashboardLink<br/>Clicked on purchase option<br/>Clicked on accommodation option in list<br/>Clicked on Allotment <br/>Clicked on Change allotment button<br/>Clicked on confirm button<br/>Clicked on Ok popup<br/>Clicked on close button<br/>Select TFT1 in TravelType dropdownList<br/>Selected HK004 - (TEST) from dropdown list<br/>Select Falk Tours AG in CompanyID dropdownList<br/>Send Booking action<br/>Send number of passengers<br/>Send correct KOS in input field<br/>Send correct ProductCode in input field<br/>Send roomcode in input field<br/>Send correct boardName<br/>Send Occupancy<br/>Send bookinglines <br/>Send Travel from date<br/>Send Travel To date<br/>Select Number of passenger<br/>Send correct KOS in input field<br/>Send correct ProductCode in input field<br/>Send roomcode in input field<br/>Send correct boardName<br/>Send Occupancy<br/>Send bookinglines<br/>Send Travel from date <br/>Send Travel To date<br/>Send Number of passenger<br/>Click on sendBookingButton<br/>Validating Actual price for room1 is 7112.00 and Expected Price for room1 is 7112.00</div></td></tr><tr><th>Exception</th></tr><tr><td><div class="stacktrace">java.lang.AssertionError: Test Case Failed as actual &amp; expected Price are not matching expected [2224.00] but found [6668.00]
	at Booking_AllotmentTestCases.verifyBookingAndAllotmentsTC49TC51TC30.validateBookingAfterIncreaseInAllotment(verifyBookingAndAllotmentsTC49TC51TC30.java:571)
	at java.base/java.util.ArrayList.forEach(ArrayList.java:1511)
... Removed 32 stack frames</div></td></tr></table><p class="totop"><a href="#summary">back to summary</a></p>
<h3 id="m12">Booking_AllotmentTestCases.verifyBookingAndAllotmentsTC49TC51TC30#validateBookingCancellationAndAllotment</h3><table class="result"><tr><th>Messages</th></tr><tr><td><div class="messages">Clicked on sales dropdown in Dashboard<br/>Clicked on sales Booking in Dashboard<br/>Clicked on create Button in sales Booking page<br/>Select TFT1 in TravelType dropdownList</div></td></tr><tr><th>Exception</th></tr><tr><td><div class="stacktrace">org.openqa.selenium.NoSuchElementException: Cannot locate option with text: HK004 - (TEST)
For documentation on this error, please visit: https://selenium.dev/exceptions/#no_such_element
Build info: version: &apos;4.8.3&apos;, revision: &apos;e5e76298c3&apos;
System info: os.name: &apos;Windows 10&apos;, os.arch: &apos;amd64&apos;, os.version: &apos;10.0&apos;, java.version: &apos;17.0.4.1&apos;
Driver info: driver.version: unknown
	at org.openqa.selenium.support.ui.Select.selectByVisibleText(Select.java:153)
	at utility.UtilityClass.listBoxHandlingUsingByText(UtilityClass.java:150)
	at Booking_AllotmentTestCases.verifyBookingAndAllotmentsTC49TC51TC30.validateBookingCancellationAndAllotment(verifyBookingAndAllotmentsTC49TC51TC30.java:94)
	at java.base/java.util.ArrayList.forEach(ArrayList.java:1511)
... Removed 27 stack frames</div></td></tr></table><p class="totop"><a href="#summary">back to summary</a></p>
<h3 id="m13">Booking_AllotmentTestCases.verifyBookingAndAllotmentsTC49TC51TC30#validateBookingMoreThanRemainingAllotment</h3><table class="result"><tr><th>Messages</th></tr><tr><td><div class="messages">Clicked on sales dropdown in Dashboard<br/>Clicked on sales Booking in Dashboard<br/>Clicked on create Button in sales Booking page<br/>Select TFT1 in TravelType dropdownList<br/>Selected HK004 - (TEST) from dropdown list<br/>Select Falk Tours AG in CompanyID dropdownList<br/>Send Booking action<br/>Send number of passengers<br/>Send correct KOS in input field<br/>Send correct ProductCode in input field<br/>Send roomcode in input field<br/>Send correct boardName<br/>Send Occupancy<br/>Send bookinglines <br/>Send Travel from date<br/>Send Travel To date<br/>Select Number of passenger<br/>Send correct KOS2 in input field<br/>Send correct ProductCode2 for salesline1 in input field<br/>Send roomcode in input field<br/>Send correct boardName<br/>Send Occupancy<br/>Send bookinglines<br/>Send Travel from date for second line <br/>Send Travel To date for second line<br/>Send Number of passenger for second line<br/>Click on sendBookingButton<br/>Clicked on dashboardLink<br/>Clicked on purchase option<br/>Clicked on accommodation option in list<br/>Clicked on Allotment <br/>Send start date on allotment page<br/>Send end date on allotment page<br/>Clicked on load allotment</div></td></tr><tr><th>Exception</th></tr><tr><td><div class="stacktrace">java.lang.AssertionError: TC failed as Actual message and expected prices are not matching  expected [Kontingent nicht mehr verf端gbar.                                                                                                                                                                                                                                                                                                ] but found [TEST                                                                            TEST                                                                            Bereits geleistete Zahlung: 0 EUR.                                              Gesamtreisepreis: 5332 EUR.                                                     Restzahlung: 5332 EUR.                                                                                                                                                                                                                                                                                                                                                                                                                                                                                                                                                                                                                                          ]
	at Booking_AllotmentTestCases.verifyBookingAndAllotmentsTC49TC51TC30.validateBookingMoreThanRemainingAllotment(verifyBookingAndAllotmentsTC49TC51TC30.java:723)
	at java.base/java.util.ArrayList.forEach(ArrayList.java:1511)
... Removed 32 stack frames</div></td></tr></table><p class="totop"><a href="#summary">back to summary</a></p>
<h3 id="m14">Booking_AllotmentTestCases.verifyBookingWhenSeasonAllotIsFull_TC25andTC26#validateBookingInquiryWhenSeasonAllotIsFull</h3><table class="result"><tr><th>Messages</th></tr><tr><td><div class="messages">Send start date of season_F on allotment page<br/>Send end date of season_F on allotment page<br/>Clicked on load allotment<br/>Clicked on dashboardLink<br/>Clicked on sales dropdown in Dashboard<br/>Clicked on sales Booking in Dashboard<br/>Clicked on create Button in sales Booking page<br/>Select TFT1 in TravelType dropdownList<br/>Selected HK004 - (TEST) from dropdown list<br/>Select Falk Tours AG in CompanyID dropdownList<br/>Send Booking action<br/>Send number of passenger<br/>Send correct KOS in input field<br/>Send correct ProductCode in input field<br/>Send roomcode in input field<br/>Send correct boardName<br/>Send Occupancy<br/>Send bookinglines <br/>Send Travel from date for season-H<br/>Send Travel To date for season-H<br/>Send Number of passenger<br/>Clicked on sendbookingButton<br/>Clicked on dashboardLink<br/>Clicked on purchase option<br/>Clicked on accommodation option in list<br/>Clicked on Allotment <br/>Send start date of season_H on allotment page<br/>Send end date of season_H on allotment page<br/>Clicked on load allotment</div></td></tr><tr><th>Exception</th></tr><tr><td><div class="stacktrace">java.lang.AssertionError: TC failed as Actual message and expected message are not matching  expected [Kontingent nicht mehr verf端gbar.                                                                                                                                                                                                                                                                                                ] but found [TEST                                                                                                                                                                                                                                                                                                                                                                                                                                                                                                                                                                                                                                                                                                                                                                                                                                                                                                                                                                                            ]
	at Booking_AllotmentTestCases.verifyBookingWhenSeasonAllotIsFull_TC25andTC26.validateBookingInquiryWhenSeasonAllotIsFull(verifyBookingWhenSeasonAllotIsFull_TC25andTC26.java:229)
	at java.base/java.util.ArrayList.forEach(ArrayList.java:1511)
... Removed 32 stack frames</div></td></tr></table><p class="totop"><a href="#summary">back to summary</a></p>
<h3 id="m15">Booking_AllotmentTestCases.verifyBookingWhenSeasonAllotIsFull_TC25andTC26#validateConfirmBookingWhenSeasonAllotIsFull</h3><table class="result"><tr><th>Messages</th></tr><tr><td><div class="messages">Send start date of season_F on allotment page<br/>Send end date of season_F on allotment page<br/>Clicked on load allotment<br/>Clicked on dashboardLink<br/>Clicked on sales dropdown in Dashboard<br/>Clicked on sales Booking in Dashboard<br/>Clicked on create Button in sales Booking page<br/>Select TFT1 in TravelType dropdownList<br/>Selected HK004 - (TEST) from dropdown list<br/>Select Falk Tours AG in CompanyID dropdownList<br/>Send Booking action<br/>Send number of passenger<br/>Send correct KOS in input field<br/>Send correct ProductCode in input field<br/>Send roomcode in input field<br/>Send correct boardName<br/>Send Occupancy<br/>Send bookinglines <br/>Send Travel from date for season-H<br/>Send Travel To date for season-H<br/>Send Number of passenger<br/>Click on sendBookingButton<br/>Clicked on dashboardLink<br/>Clicked on purchase option<br/>Clicked on accommodation option in list<br/>Clicked on Allotment <br/>Send start date of season_H on allotment page<br/>Send end date of season_H on allotment page<br/>Clicked on load allotment</div></td></tr><tr><th>Exception</th></tr><tr><td><div class="stacktrace">java.lang.AssertionError: TC failed as Actual message and expected message are not matching  expected [Kontingent nicht mehr verf端gbar.                                                                                                                                                                                                                                                                                                ] but found [TEST                                                                            Bereits geleistete Zahlung: 0 EUR.                                              Gesamtreisepreis: 293280 EUR.                                                   Restzahlung: 293280 EUR.                                                                                                                                                                                                                                                                                                                                                                                                                                                                                                                                                                                                                                                                                                                        ]
	at Booking_AllotmentTestCases.verifyBookingWhenSeasonAllotIsFull_TC25andTC26.validateConfirmBookingWhenSeasonAllotIsFull(verifyBookingWhenSeasonAllotIsFull_TC25andTC26.java:374)
	at java.base/java.util.ArrayList.forEach(ArrayList.java:1511)
... Removed 32 stack frames</div></td></tr></table><p class="totop"><a href="#summary">back to summary</a></p>
<h3 id="m16">Booking_AllotmentTestCases.verifyIncreaseDecreaseAllotwithNegativeValue_TC05#validateIncreaseDecreaseAllotmentWithNegativeValue</h3><table class="result"><tr><th>Messages</th></tr><tr><td><div class="messages">Validating Actual initial allotment is 20 and Expected allotment for season_B is 20</div></td></tr><tr><th>Exception</th></tr><tr><td><div class="stacktrace">java.lang.AssertionError: Test Case Failed as actual &amp; expected allotment number are not matching for season_A expected [15] but found [4]
	at Booking_AllotmentTestCases.verifyIncreaseDecreaseAllotwithNegativeValue_TC05.validateIncreaseDecreaseAllotmentWithNegativeValue(verifyIncreaseDecreaseAllotwithNegativeValue_TC05.java:180)
	at java.base/java.util.ArrayList.forEach(ArrayList.java:1511)
... Removed 32 stack frames</div></td></tr></table><p class="totop"><a href="#summary">back to summary</a></p>
<h3 id="m17">Booking_AllotmentTestCases.verifyIncreaseDecreaseAllotwithPositiveValue_TC04#validateIncreaseDecreaseAllotmentWithPositiveValue</h3><table class="result"><tr><th>Messages</th></tr><tr><td><div class="messages">Validating Actual initial allotment is 10 and Expected initial allotment is 10</div></td></tr><tr><th>Exception</th></tr><tr><td><div class="stacktrace">java.lang.AssertionError: Test Case Failed as actual and expected current allotment are not matching expected [35] but found [15]
	at Booking_AllotmentTestCases.verifyIncreaseDecreaseAllotwithPositiveValue_TC04.validateIncreaseDecreaseAllotmentWithPositiveValue(verifyIncreaseDecreaseAllotwithPositiveValue_TC04.java:179)
	at java.base/java.util.ArrayList.forEach(ArrayList.java:1511)
... Removed 32 stack frames</div></td></tr></table><p class="totop"><a href="#summary">back to summary</a></p>
<h3 id="m18">Booking_AllotmentTestCases.verifyReleaseDaysTC19#validateReleaseDays</h3><table class="result"><tr><th>Messages</th></tr><tr><td><div class="messages">Send start date of season_F on allotment page<br/>Send end date of season_F on allotment page<br/>Clicked on load allotment<br/>Clicked on Change allotment button<br/>Enter start date for room1<br/>Enter until date for room1<br/>Send start date of season_E on allotment page<br/>Send end date of season_E on allotment page<br/>Validating Actual initial allotment is 6 and Expected allotment for season_F is 6<br/>Validating Actual current allotment is 6 and Expected allotment for season_F is 6<br/>Validating Actual current allotment is 0 and Expected allotment for season_F is 0<br/>Validating Actual remaining allotment is 6 and Expected allotment for season_F is 6</div></td></tr><tr><th>Exception</th></tr><tr><td><div class="stacktrace">java.lang.AssertionError: Test Case Failed as actual &amp; expected remaining allotment are not matching expected [12] but found [0]
	at Booking_AllotmentTestCases.verifyReleaseDaysTC19.validateReleaseDays(verifyReleaseDaysTC19.java:204)
	at java.base/java.util.ArrayList.forEach(ArrayList.java:1511)
... Removed 32 stack frames</div></td></tr></table><p class="totop"><a href="#summary">back to summary</a></p>
<h3 id="m19">Booking_AllotmentTestCases.verifyLoadAllotmentForTwoSeasons_TC03#Logout</h3><table class="result"><tr><th class="invisible"/></tr></table><p class="totop"><a href="#summary">back to summary</a></p>
<h3 id="m20">Booking_AllotmentTestCases.verifyLoadAllotmentForTwoSeasons_TC03#closeBrowser</h3><table class="result"><tr><th class="invisible"/></tr></table><p class="totop"><a href="#summary">back to summary</a></p>
<h3 id="m21">Booking_AllotmentTestCases.verifyLoadAllotmentForTwoSeasons_TC03#validateAllotmentForTwoSeasonDates</h3><table class="result"><tr><th>Exception</th></tr><tr><td><div class="stacktrace">org.openqa.selenium.NoSuchWindowException: no such window: target window already closed
from unknown error: web view not found
  (Session info: chrome=113.0.5672.93)
Build info: version: &apos;4.8.3&apos;, revision: &apos;e5e76298c3&apos;
System info: os.name: &apos;Windows 10&apos;, os.arch: &apos;amd64&apos;, os.version: &apos;10.0&apos;, java.version: &apos;17.0.4.1&apos;
Driver info: org.openqa.selenium.chrome.ChromeDriver
Command: [8e8751b0f0371f8d64284f551600d714, findElement {using=id, value=AccommodationModel_LocalityModel_Street}]
Capabilities {acceptInsecureCerts: false, browserName: chrome, browserVersion: 113.0.5672.93, chrome: {chromedriverVersion: 113.0.5672.63 (0e1a4471d5ae..., userDataDir: C:\Users\ROHAN~1.PAT\AppDat...}, goog:chromeOptions: {debuggerAddress: localhost:62746}, networkConnectionEnabled: false, pageLoadStrategy: normal, platformName: WINDOWS, proxy: Proxy(), se:cdp: ws://localhost:62746/devtoo..., se:cdpVersion: 113.0.5672.93, setWindowRect: true, strictFileInteractability: false, timeouts: {implicit: 0, pageLoad: 300000, script: 30000}, unhandledPromptBehavior: dismiss and notify, webauthn:extension:credBlob: true, webauthn:extension:largeBlob: true, webauthn:extension:minPinLength: true, webauthn:extension:prf: true, webauthn:virtualAuthenticators: true}
Session ID: 8e8751b0f0371f8d64284f551600d714
	at org.openqa.selenium.remote.codec.w3c.W3CHttpResponseCodec.createException(W3CHttpResponseCodec.java:200)
	at org.openqa.selenium.remote.codec.w3c.W3CHttpResponseCodec.decode(W3CHttpResponseCodec.java:133)
	at org.openqa.selenium.remote.codec.w3c.W3CHttpResponseCodec.decode(W3CHttpResponseCodec.java:53)
	at org.openqa.selenium.remote.HttpCommandExecutor.execute(HttpCommandExecutor.java:193)
	at org.openqa.selenium.remote.service.DriverCommandExecutor.invokeExecute(DriverCommandExecutor.java:183)
	at org.openqa.selenium.remote.service.DriverCommandExecutor.execute(DriverCommandExecutor.java:158)
	at org.openqa.selenium.remote.RemoteWebDriver.execute(RemoteWebDriver.java:543)
	at org.openqa.selenium.remote.ElementLocation$ElementFinder$2.findElement(ElementLocation.java:162)
	at org.openqa.selenium.remote.ElementLocation.findElement(ElementLocation.java:60)
	at org.openqa.selenium.remote.RemoteWebDriver.findElement(RemoteWebDriver.java:352)
	at org.openqa.selenium.remote.RemoteWebDriver.findElement(RemoteWebDriver.java:344)
	at org.openqa.selenium.support.pagefactory.DefaultElementLocator.findElement(DefaultElementLocator.java:70)
	at org.openqa.selenium.support.pagefactory.internal.LocatingElementHandler.invoke(LocatingElementHandler.java:39)
	at jdk.proxy2/jdk.proxy2.$Proxy18.sendKeys(Unknown Source)
	at POM.accommodationNewPage.sendstreet(accommodationNewPage.java:196)
	at Booking_AllotmentTestCases.verifyLoadAllotmentForTwoSeasons_TC03.loginToApp(verifyLoadAllotmentForTwoSeasons_TC03.java:135)
	at java.base/java.util.ArrayList.forEach(ArrayList.java:1511)
... Removed 36 stack frames</div></td></tr></table><p class="totop"><a href="#summary">back to summary</a></p>
<h3 id="m22">Booking_AllotmentTestCases.modifyMultisalesLineBookingTC47TC48#validateMultisalesLineBookingWhenNoAllotment</h3><table class="result"><tr><th>Messages</th></tr><tr><td><div class="messages">Clicked on sales dropdown in Dashboard<br/>Clicked on sales Booking in Dashboard<br/>Clicked on create Button in sales Booking page<br/>Select TFT1 in TravelType dropdownList<br/>Selected HK004 - (TEST) from dropdown list<br/>Select Falk Tours AG in CompanyID dropdownList<br/>Send Booking action<br/>Send number of passengers<br/>Send correct KOS in input field<br/>Send correct ProductCode in input field<br/>Send roomcode in input field<br/>Send correct boardName<br/>Send Occupancy<br/>Send bookinglines <br/>Send Travel from date<br/>Send Travel To date<br/>Send Number of passenger<br/>Send correct KOS in input field<br/>Send correct ProductCode in input field<br/>Send roomcode in input field<br/>Send correct boardName<br/>Send Occupancy<br/>Send bookinglines <br/>Send Travel from date<br/>Send Travel To date <br/>Send Number of passenger<br/>Click on sendBookingButton<br/>Clicked on ViewList<br/>Clicked on sendTBMcode to verify booking is done or not<br/>Clicked on Booking listButton<br/>Send TBM code<br/>Clicked on Booking listButton<br/>Clicked on edit booking1<br/>Send Modified Travel from date<br/>Send Modified Travel To date<br/>Send Modified Travel from date<br/>Send Modified Travel To date<br/>Click on sendBookingButton<br/>Validating Actual Message for season-E is Kontingent nicht mehr verf端gbar.                                                                                                                                                                                                                                                                                                 and Expected Message for season-E is Kontingent nicht mehr verf端gbar.                                                                                                                                                                                                                                                                                                </div></td></tr></table><p class="totop"><a href="#summary">back to summary</a></p>
<h3 id="m23">Booking_AllotmentTestCases.modifyMultisalesLineBookingTC47TC48#validateMultisalesLineBookingWhenOneRoomHasAllotment</h3><table class="result"><tr><th>Messages</th></tr><tr><td><div class="messages">Clicked on sales dropdown in Dashboard<br/>Clicked on sales Booking in Dashboard<br/>Clicked on create Button in sales Booking page<br/>Select TFT1 in TravelType dropdownList<br/>Selected HK004 - (TEST) from dropdown list<br/>Select Falk Tours AG in CompanyID dropdownList<br/>Send Booking action<br/>Send number of passengers<br/>Send correct KOS in input field<br/>Send correct ProductCode in input field<br/>Send roomcode in input field<br/>Send correct boardName<br/>Send Occupancy<br/>Send bookinglines <br/>Send Travel from date<br/>Send Travel To date<br/>Send Number of passenger<br/>Send correct KOS in input field<br/>Send correct ProductCode in input field<br/>Send roomcode in input field<br/>Send correct boardName<br/>Send Occupancy<br/>Send bookinglines <br/>Send Travel from date<br/>Send Travel To date <br/>Send Number of passenger<br/>Click on sendBookingButton<br/>Clicked on ViewList<br/>Clicked on sendTBMcode to verify booking is done or not<br/>Clicked on Booking listButton<br/>Send TBM code<br/>Clicked on Booking listButton<br/>Clicked on edit booking1<br/>Send Modified Travel from date<br/>Send Modified Travel To date<br/>Send Modified Travel from date<br/>Send Modified Travel To date<br/>Click on sendBookingButton<br/>Validating Actual Message for season-E is Kontingent nicht mehr verf端gbar.                                                                                                                                                                                                                                                                                                 and Expected Message for season-E is Kontingent nicht mehr verf端gbar.                                                                                                                                                                                                                                                                                                </div></td></tr></table><p class="totop"><a href="#summary">back to summary</a></p>
<h3 id="m24">Booking_AllotmentTestCases.verifyBookingAfterApplyStopSalesTC11andTC12#validateBookingAfterStopSalesWithDatesInsideStopSalesDuration</h3><table class="result"><tr><th>Messages</th></tr><tr><td><div class="messages">Send start date of season_E on allotment page<br/>Send end date of season_E on allotment page<br/>Clicked on load allotment<br/>Clicked on Change allotment button<br/>Enter start date for room1<br/>Enter until date for room1<br/>Clicked on dashboardLink<br/>Clicked on sales dropdown in Dashboard<br/>Clicked on sales Booking in Dashboard<br/>Clicked on create Button in sales Booking page<br/>Select TFT1 in TravelType dropdownList<br/>Selected HK004 - (TEST) from dropdown list<br/>Select Falk Tours AG in CompanyID dropdownList<br/>Send Booking action<br/>Send number of passenger<br/>Send correct KOS in input field<br/>Send correct ProductCode in input field<br/>Send roomcode in input field<br/>Send correct boardName<br/>Send Occupancy<br/>Send bookinglines <br/>Send Travel from date for season-E<br/>Send Travel To date for season-E<br/>Send Number of passenger<br/>Clicked on sendbookingButton<br/>Validating Actual message Kontingent nicht mehr verf端gbar.                                                                                                                                                                                                                                                                                                 and Expected message Kontingent nicht mehr verf端gbar.                                                                                                                                                                                                                                                                                                                                                                                                                                                                                                                                                                                       </div></td></tr></table><p class="totop"><a href="#summary">back to summary</a></p>
<h3 id="m25">Booking_AllotmentTestCases.verifyBookingAfterApplyStopSalesTC11andTC12#validateBookingAfterStopSalesWithDatesOutsideStopSalesDuration</h3><table class="result"><tr><th>Messages</th></tr><tr><td><div class="messages">Send start date of season_E on allotment page<br/>Send end date of season_E on allotment page<br/>Clicked on load allotment<br/>Clicked on Change allotment button<br/>Enter start date for room1<br/>Enter until date for room1<br/>Clicked on dashboardLink<br/>Clicked on sales dropdown in Dashboard<br/>Clicked on sales Booking in Dashboard<br/>Clicked on create Button in sales Booking page<br/>Select TFT1 in TravelType dropdownList<br/>Selected HK004 - (TEST) from dropdown list<br/>Select Falk Tours AG in CompanyID dropdownList<br/>Send Booking action<br/>Send number of passenger<br/>Send correct KOS in input field<br/>Send correct ProductCode in input field<br/>Send roomcode in input field<br/>Send correct boardName<br/>Send Occupancy<br/>Send bookinglines <br/>Send Travel from date for season-E<br/>Send Travel To date for season-E<br/>Send Number of passenger<br/>Clicked on sendbookingButton<br/>Validating Actual price for season-E is 3556.00 and Expected price for season-E is 3556.00</div></td></tr></table><p class="totop"><a href="#summary">back to summary</a></p>
<h3 id="m26">Booking_AllotmentTestCases.verifyBookingAndAllotmentTC28TC29#validateBookingErrorMsgWhenAllRoomsAreBooked</h3><table class="result"><tr><th>Messages</th></tr><tr><td><div class="messages">Send start date of season_E on allotment page<br/>Send end date of season_E on allotment page<br/>Clicked on load allotment<br/>Clicked on Change allotment button<br/>Enter start date for room1<br/>Enter until date for room1<br/>Clicked on dashboardLink<br/>Clicked on sales dropdown in Dashboard<br/>Clicked on sales Booking in Dashboard<br/>Clicked on create Button in sales Booking page<br/>Select TFT1 in TravelType dropdownList<br/>Selected HK004 - (TEST) from dropdown list<br/>Select Falk Tours AG in CompanyID dropdownList<br/>Send Booking action<br/>Send number of passenger<br/>Send correct KOS in input field<br/>Send correct ProductCode in input field<br/>Send roomcode in input field<br/>Send correct boardName<br/>Send Occupancy<br/>Send bookinglines <br/>Send Travel from date for season-E<br/>Send Travel To date for season-E<br/>Send Number of passenger<br/>Click on sendBookingButton<br/>Clicked on dashboardLink<br/>Clicked on purchase option<br/>Clicked on accommodation option in list<br/>Clicked on Allotment <br/>Send start date of season_E on allotment page<br/>Send end date of season_E on allotment page<br/>Clicked on load allotment<br/>Validating Actual Message for season-E is Kontingent nicht mehr verf端gbar.                                                                                                                                                                                                                                                                                                 and Expected Message for season-E is Kontingent nicht mehr verf端gbar.                                                                                                                                                                                                                                                                                                </div></td></tr></table><p class="totop"><a href="#summary">back to summary</a></p>
<h3 id="m27">Booking_AllotmentTestCases.verifyIncreaseDecreaseAllotwithAnyValue_TC06#validateIncreaseDecreaseAllotmentWithAnyValue</h3><table class="result"><tr><th>Messages</th></tr><tr><td><div class="messages">Send start date of season_B on allotment page<br/>Send end date of season_B on allotment page<br/>Clicked on load allotment<br/>Clicked on Change allotment button<br/>Clicked on confirm button<br/>Clicked on Ok popup<br/>Clicked on close button<br/>Validating Actual initial allotment is 3 and Expected allotment for season_C is 3<br/>Validating Actual current allotment is 11 and Expected allotment for season_C is 11<br/>Validating Actual remaining allotment is 11 and Expected allotment for season_C is 11</div></td></tr></table><p class="totop"><a href="#summary">back to summary</a></p>
</body>
</html>
