<?xml version="1.0" encoding="UTF-8"?>
<testng-results ignored="0" total="1" passed="1" failed="0" skipped="0">
  <reporter-output>
    <line>
      <![CDATA[Browser Launch ]]>
    </line>
    <line>
      <![CDATA[Valid Username Entered]]>
    </line>
    <line>
      <![CDATA[Valid Password Entered]]>
    </line>
    <line>
      <![CDATA[Clicked on Dashboard button]]>
    </line>
    <line>
      <![CDATA[Select the Falk Tours AG from given list]]>
    </line>
    <line>
      <![CDATA[Clicked on proceed button]]>
    </line>
    <line>
      <![CDATA[Clicked on sales dropdown in Dashboard]]>
    </line>
    <line>
      <![CDATA[Clicked on sales Booking in Dashboard]]>
    </line>
    <line>
      <![CDATA[Clicked on create Button in sales Booking page]]>
    </line>
    <line>
      <![CDATA[Select TFT1 in TravelType dropdownList]]>
    </line>
    <line>
      <![CDATA[Select Falk Tours AG in CompanyID dropdownList]]>
    </line>
    <line>
      <![CDATA[Send Booking action]]>
    </line>
    <line>
      <![CDATA[Send number of passenger]]>
    </line>
    <line>
      <![CDATA[Send correct KOS in input field]]>
    </line>
    <line>
      <![CDATA[Send correct ProductCode in input field]]>
    </line>
    <line>
      <![CDATA[Send roomcode in input field]]>
    </line>
    <line>
      <![CDATA[Send correct boardName]]>
    </line>
    <line>
      <![CDATA[Send Occupancy]]>
    </line>
    <line>
      <![CDATA[Send bookinglines ]]>
    </line>
    <line>
      <![CDATA[Send Travel from date]]>
    </line>
    <line>
      <![CDATA[Send Travel To date]]>
    </line>
    <line>
      <![CDATA[Send Number of passenger]]>
    </line>
    <line>
      <![CDATA[Click on sendBookingButton]]>
    </line>
    <line>
      <![CDATA[Clicked on ViewList]]>
    </line>
    <line>
      <![CDATA[Clicked on sendTBMcode to verify booking is done or not]]>
    </line>
    <line>
      <![CDATA[Clicked on Booking listButton]]>
    </line>
    <line>
      <![CDATA[Send TBM code]]>
    </line>
    <line>
      <![CDATA[Clicked on Booking listButton]]>
    </line>
    <line>
      <![CDATA[Clicked on edit booking1]]>
    </line>
    <line>
      <![CDATA[Change booking action to UA]]>
    </line>
    <line>
      <![CDATA[Change No.of pax]]>
    </line>
    <line>
      <![CDATA[Change the occupancy]]>
    </line>
    <line>
      <![CDATA[Send number of passenger]]>
    </line>
    <line>
      <![CDATA[Validating Actual price for Season-G  533280.00 and Expected Price for Season-G with UA action code is 533280.00]]>
    </line>
    <line>
      <![CDATA[Clicking on Logout Button in Booking Mask page]]>
    </line>
    <line>
      <![CDATA[Logout from Booking Mask Page]]>
    </line>
    <line>
      <![CDATA[Closing Browser]]>
    </line>
  </reporter-output>
  <suite started-at="2023-06-28T15:16:20 IST" name="Default suite" finished-at="2023-06-28T15:18:30 IST" duration-ms="129930">
    <groups>
    </groups>
    <test started-at="2023-06-28T15:16:20 IST" name="Default test" finished-at="2023-06-28T15:18:30 IST" duration-ms="129930">
      <class name="BookingMaskTestCases.VerifyBookingModifyEnquiry_TC16">
        <test-method is-config="true" signature="launchBrowser()[pri:0, instance:BookingMaskTestCases.VerifyBookingModifyEnquiry_TC16@4fb61f4a]" started-at="2023-06-28T15:16:20 IST" name="launchBrowser" finished-at="2023-06-28T15:16:26 IST" duration-ms="5920" status="PASS">
          <reporter-output>
            <line>
              <![CDATA[Browser Launch ]]>
            </line>
          </reporter-output>
        </test-method> <!-- launchBrowser -->
        <test-method is-config="true" signature="loginToApp()[pri:0, instance:BookingMaskTestCases.VerifyBookingModifyEnquiry_TC16@4fb61f4a]" started-at="2023-06-28T15:16:26 IST" name="loginToApp" finished-at="2023-06-28T15:18:25 IST" duration-ms="119003" status="PASS">
          <reporter-output>
            <line>
              <![CDATA[Valid Username Entered]]>
            </line>
            <line>
              <![CDATA[Valid Password Entered]]>
            </line>
            <line>
              <![CDATA[Clicked on Dashboard button]]>
            </line>
            <line>
              <![CDATA[Select the Falk Tours AG from given list]]>
            </line>
            <line>
              <![CDATA[Clicked on proceed button]]>
            </line>
            <line>
              <![CDATA[Clicked on sales dropdown in Dashboard]]>
            </line>
            <line>
              <![CDATA[Clicked on sales Booking in Dashboard]]>
            </line>
            <line>
              <![CDATA[Clicked on create Button in sales Booking page]]>
            </line>
            <line>
              <![CDATA[Select TFT1 in TravelType dropdownList]]>
            </line>
            <line>
              <![CDATA[Select Falk Tours AG in CompanyID dropdownList]]>
            </line>
            <line>
              <![CDATA[Send Booking action]]>
            </line>
            <line>
              <![CDATA[Send number of passenger]]>
            </line>
            <line>
              <![CDATA[Send correct KOS in input field]]>
            </line>
            <line>
              <![CDATA[Send correct ProductCode in input field]]>
            </line>
            <line>
              <![CDATA[Send roomcode in input field]]>
            </line>
            <line>
              <![CDATA[Send correct boardName]]>
            </line>
            <line>
              <![CDATA[Send Occupancy]]>
            </line>
            <line>
              <![CDATA[Send bookinglines ]]>
            </line>
            <line>
              <![CDATA[Send Travel from date]]>
            </line>
            <line>
              <![CDATA[Send Travel To date]]>
            </line>
            <line>
              <![CDATA[Send Number of passenger]]>
            </line>
            <line>
              <![CDATA[Click on sendBookingButton]]>
            </line>
            <line>
              <![CDATA[Clicked on ViewList]]>
            </line>
            <line>
              <![CDATA[Clicked on sendTBMcode to verify booking is done or not]]>
            </line>
            <line>
              <![CDATA[Clicked on Booking listButton]]>
            </line>
            <line>
              <![CDATA[Send TBM code]]>
            </line>
            <line>
              <![CDATA[Clicked on Booking listButton]]>
            </line>
            <line>
              <![CDATA[Clicked on edit booking1]]>
            </line>
            <line>
              <![CDATA[Change booking action to UA]]>
            </line>
            <line>
              <![CDATA[Change No.of pax]]>
            </line>
            <line>
              <![CDATA[Change the occupancy]]>
            </line>
            <line>
              <![CDATA[Send number of passenger]]>
            </line>
          </reporter-output>
        </test-method> <!-- loginToApp -->
        <test-method signature="validatepriceFieldWithChangeInBookingAction()[pri:0, instance:BookingMaskTestCases.VerifyBookingModifyEnquiry_TC16@4fb61f4a]" started-at="2023-06-28T15:18:25 IST" name="validatepriceFieldWithChangeInBookingAction" finished-at="2023-06-28T15:18:25 IST" duration-ms="490" status="PASS">
          <reporter-output>
            <line>
              <![CDATA[Validating Actual price for Season-G  533280.00 and Expected Price for Season-G with UA action code is 533280.00]]>
            </line>
          </reporter-output>
        </test-method> <!-- validatepriceFieldWithChangeInBookingAction -->
        <test-method is-config="true" signature="Logout()[pri:0, instance:BookingMaskTestCases.VerifyBookingModifyEnquiry_TC16@4fb61f4a]" started-at="2023-06-28T15:18:25 IST" name="Logout" finished-at="2023-06-28T15:18:29 IST" duration-ms="4262" status="PASS">
          <reporter-output>
            <line>
              <![CDATA[Clicking on Logout Button in Booking Mask page]]>
            </line>
            <line>
              <![CDATA[Logout from Booking Mask Page]]>
            </line>
          </reporter-output>
        </test-method> <!-- Logout -->
        <test-method is-config="true" signature="closeBrowser()[pri:0, instance:BookingMaskTestCases.VerifyBookingModifyEnquiry_TC16@4fb61f4a]" started-at="2023-06-28T15:18:29 IST" name="closeBrowser" finished-at="2023-06-28T15:18:30 IST" duration-ms="209" status="PASS">
          <reporter-output>
            <line>
              <![CDATA[Closing Browser]]>
            </line>
          </reporter-output>
        </test-method> <!-- closeBrowser -->
      </class> <!-- BookingMaskTestCases.VerifyBookingModifyEnquiry_TC16 -->
    </test> <!-- Default test -->
  </suite> <!-- Default suite -->
</testng-results>
