<?xml version="1.0" encoding="UTF-8"?>
<testng-results ignored="1" total="2" passed="1" failed="0" skipped="0">
  <reporter-output>
    <line>
      <![CDATA[Browser Launch ]]>
    </line>
    <line>
      <![CDATA[Valid Username Entered]]>
    </line>
    <line>
      <![CDATA[Valid Password Entered]]>
    </line>
    <line>
      <![CDATA[Clicked on Dashboard button]]>
    </line>
    <line>
      <![CDATA[Select the Falk Tours AG from given list]]>
    </line>
    <line>
      <![CDATA[Clicked on proceed button]]>
    </line>
    <line>
      <![CDATA[Clicked on purchase option]]>
    </line>
    <line>
      <![CDATA[Clicked on accommodation option in list]]>
    </line>
    <line>
      <![CDATA[Clicked on Allotment ]]>
    </line>
    <line>
      <![CDATA[Send start date of season_E on allotment page]]>
    </line>
    <line>
      <![CDATA[Send end date of season_E on allotment page]]>
    </line>
    <line>
      <![CDATA[Clicked on load allotment]]>
    </line>
    <line>
      <![CDATA[Clicked on Change allotment button]]>
    </line>
    <line>
      <![CDATA[Enter start date for room1]]>
    </line>
    <line>
      <![CDATA[Enter until date for room1]]>
    </line>
    <line>
      <![CDATA[Send start date of season_E on allotment page]]>
    </line>
    <line>
      <![CDATA[Send end date of season_E on allotment page]]>
    </line>
    <line>
      <![CDATA[Clicked on load Allotment]]>
    </line>
    <line>
      <![CDATA[Validating Actual initial allotment is 5 and Expected allotment for season_E is 5]]>
    </line>
    <line>
      <![CDATA[Validating Actual current allotment is 10 and Expected allotment for season_E is 10]]>
    </line>
    <line>
      <![CDATA[Validating Actual remaining allotment is 7 and Expected allotment for season_E is 7]]>
    </line>
    <line>
      <![CDATA[Validating Actual Stop sale text is STOP and Expected stop sales text for season_E is STOP]]>
    </line>
    <line>
      <![CDATA[Validating Actual sold allotment is 10 and Expected allotment for season_E is 10]]>
    </line>
    <line>
      <![CDATA[Clicking on Logout Button]]>
    </line>
    <line>
      <![CDATA[Logout from allotment]]>
    </line>
    <line>
      <![CDATA[Closing Browser]]>
    </line>
  </reporter-output>
  <suite started-at="2023-05-24T16:57:26 IST" name="Default suite" finished-at="2023-05-24T16:58:39 IST" duration-ms="73081">
    <groups>
    </groups>
    <test started-at="2023-05-24T16:57:26 IST" name="Default test" finished-at="2023-05-24T16:58:39 IST" duration-ms="73081">
      <class name="Booking_AllotmentTestCases.verifyAllotmentwithRoomBooking_TC07andTC09">
        <test-method is-config="true" signature="launchBrowser()[pri:0, instance:Booking_AllotmentTestCases.verifyAllotmentwithRoomBooking_TC07andTC09@4fb0f2b9]" started-at="2023-05-24T16:57:26 IST" name="launchBrowser" finished-at="2023-05-24T16:57:32 IST" duration-ms="5799" status="PASS">
          <reporter-output>
            <line>
              <![CDATA[Browser Launch ]]>
            </line>
          </reporter-output>
        </test-method> <!-- launchBrowser -->
        <test-method is-config="true" signature="loginToApp()[pri:0, instance:Booking_AllotmentTestCases.verifyAllotmentwithRoomBooking_TC07andTC09@4fb0f2b9]" started-at="2023-05-24T16:57:32 IST" name="loginToApp" finished-at="2023-05-24T16:58:09 IST" duration-ms="36499" status="PASS">
          <reporter-output>
            <line>
              <![CDATA[Valid Username Entered]]>
            </line>
            <line>
              <![CDATA[Valid Password Entered]]>
            </line>
            <line>
              <![CDATA[Clicked on Dashboard button]]>
            </line>
            <line>
              <![CDATA[Select the Falk Tours AG from given list]]>
            </line>
            <line>
              <![CDATA[Clicked on proceed button]]>
            </line>
            <line>
              <![CDATA[Clicked on purchase option]]>
            </line>
            <line>
              <![CDATA[Clicked on accommodation option in list]]>
            </line>
            <line>
              <![CDATA[Clicked on Allotment ]]>
            </line>
          </reporter-output>
        </test-method> <!-- loginToApp -->
        <test-method signature="validateApplyStopSales()[pri:1, instance:Booking_AllotmentTestCases.verifyAllotmentwithRoomBooking_TC07andTC09@4fb0f2b9]" started-at="2023-05-24T16:58:09 IST" name="validateApplyStopSales" finished-at="2023-05-24T16:58:34 IST" duration-ms="25746" status="PASS">
          <reporter-output>
            <line>
              <![CDATA[Send start date of season_E on allotment page]]>
            </line>
            <line>
              <![CDATA[Send end date of season_E on allotment page]]>
            </line>
            <line>
              <![CDATA[Clicked on load allotment]]>
            </line>
            <line>
              <![CDATA[Clicked on Change allotment button]]>
            </line>
            <line>
              <![CDATA[Enter start date for room1]]>
            </line>
            <line>
              <![CDATA[Enter until date for room1]]>
            </line>
            <line>
              <![CDATA[Send start date of season_E on allotment page]]>
            </line>
            <line>
              <![CDATA[Send end date of season_E on allotment page]]>
            </line>
            <line>
              <![CDATA[Clicked on load Allotment]]>
            </line>
            <line>
              <![CDATA[Validating Actual initial allotment is 5 and Expected allotment for season_E is 5]]>
            </line>
            <line>
              <![CDATA[Validating Actual current allotment is 10 and Expected allotment for season_E is 10]]>
            </line>
            <line>
              <![CDATA[Validating Actual remaining allotment is 7 and Expected allotment for season_E is 7]]>
            </line>
            <line>
              <![CDATA[Validating Actual Stop sale text is STOP and Expected stop sales text for season_E is STOP]]>
            </line>
            <line>
              <![CDATA[Validating Actual sold allotment is 10 and Expected allotment for season_E is 10]]>
            </line>
          </reporter-output>
        </test-method> <!-- validateApplyStopSales -->
        <test-method is-config="true" signature="Logout()[pri:0, instance:Booking_AllotmentTestCases.verifyAllotmentwithRoomBooking_TC07andTC09@4fb0f2b9]" started-at="2023-05-24T16:58:35 IST" name="Logout" finished-at="2023-05-24T16:58:39 IST" duration-ms="4859" status="PASS">
          <reporter-output>
            <line>
              <![CDATA[Clicking on Logout Button]]>
            </line>
            <line>
              <![CDATA[Logout from allotment]]>
            </line>
          </reporter-output>
        </test-method> <!-- Logout -->
        <test-method is-config="true" signature="closeBrowser()[pri:0, instance:Booking_AllotmentTestCases.verifyAllotmentwithRoomBooking_TC07andTC09@4fb0f2b9]" started-at="2023-05-24T16:58:39 IST" name="closeBrowser" finished-at="2023-05-24T16:58:39 IST" duration-ms="129" status="PASS">
          <reporter-output>
            <line>
              <![CDATA[Closing Browser]]>
            </line>
          </reporter-output>
        </test-method> <!-- closeBrowser -->
      </class> <!-- Booking_AllotmentTestCases.verifyAllotmentwithRoomBooking_TC07andTC09 -->
    </test> <!-- Default test -->
  </suite> <!-- Default suite -->
</testng-results>
