<?xml version="1.0" encoding="UTF-8"?>
<!-- Generated by org.testng.reporters.JUnitReportReporter -->
<testsuite hostname="DGIT-0099" failures="0" tests="2" name="Booking_AllotmentTestCases.TC_25" time="205.882" errors="0" timestamp="2023-04-14T16:31:58 IST" skipped="0">
  <testcase classname="Booking_AllotmentTestCases.TC_25" name="validateReleaseDays" time="101.470"/>
  <system-out>
    <![CDATA[Send start date of season_F on allotment page
Send end date of season_F on allotment page
Clicked on load allotment
Clicked on dashboardLink
Clicked on sales dropdown in Dashboard
Clicked on sales Booking in Dashboard
Clicked on create Button in sales Booking page
Select TFT1 in TravelType dropdownList
Selected HK004 - (TEST) from dropdown list
Select Falk Tours AG in CompanyID dropdownList
Send Booking action
Send number of passenger
Send correct KOS in input field
Send correct ProductCode in input field
Send roomcode in input field
Send correct boardName
Send Occupancy
Send bookinglines 
Send Travel from date for season-H
Send Travel To date for season-H
Select Number of passenger
Clicked on sendbookingButton
Clicked on dashboardLink
Clicked on purchase option
Clicked on accommodation option in list
Clicked on Allotment 
Send start date of season_A on allotment page
Send end date of season_A on allotment page
Clicked on load allotment
Validating Actual message Kontingent nicht mehr verfügbar.                                                                                                                                                                                                                                                                                                 and Expected message Kontingent nicht mehr verfügbar.                                                                                                                                                                                                                                                                                                
Validating Actual initial allotment is 8 and Expected allotment for season_F is 8
Validating Actual current allotment is 8 and Expected allotment for season_F is 8
Validating Actual sold allotment is 8 and Expected allotment for season_F is 8
Validating Actual remaining allotment is 0 and Expected allotment for season_F is 0]]>
  </system-out>
  <testcase classname="Booking_AllotmentTestCases.TC_25" name="validateReleaseDayss" time="104.412"/>
  <system-out>
    <![CDATA[Send start date of season_F on allotment page
Send end date of season_F on allotment page
Clicked on load allotment
Clicked on dashboardLink
Clicked on sales dropdown in Dashboard
Clicked on sales Booking in Dashboard
Clicked on create Button in sales Booking page
Select TFT1 in TravelType dropdownList
Selected HK004 - (TEST) from dropdown list
Select Falk Tours AG in CompanyID dropdownList
Send Booking action
Send number of passenger
Send correct KOS in input field
Send correct ProductCode in input field
Send roomcode in input field
Send correct boardName
Send Occupancy
Send bookinglines 
Send Travel from date for season-H
Send Travel To date for season-H
Select Number of passenger
Click on sendBookingButton
Clicked on dashboardLink
Clicked on purchase option
Clicked on accommodation option in list
Clicked on Allotment 
Send start date of season_A on allotment page
Send end date of season_A on allotment page
Clicked on load allotment
Validating Actual message Kontingent nicht mehr verfügbar.                                                                                                                                                                                                                                                                                                 and Expected message Kontingent nicht mehr verfügbar.                                                                                                                                                                                                                                                                                                
Validating Actual initial allotment is 8 and Expected allotment for season_H is 8
Validating Actual current allotment is 8 and Expected allotment for season_H is 8
Validating Actual sold allotment is 8 and Expected allotment for season_H is 8
Validating Actual remaining allotment is 0 and Expected allotment for season_H is 0]]>
  </system-out>
</testsuite> <!-- Booking_AllotmentTestCases.TC_25 -->
